# lattice-scale --inv-acoustic-scale=17 "ark:gunzip -c /home/paul/UPM/pytorch-kaldi/exp/UPM_RNN_mfcc_base_3_layers/decode_PL_only_out_dnn2/lat.*.gz|" ark:- | lattice-add-penalty --word-ins-penalty=0.5 ark:- ark:- | lattice-best-path --word-symbol-table=/home/paul/upm_exp/baseline_mfcc/data/lang/words.txt ark:- ark,t:- | utils/int2sym.pl -f 2- /home/paul/upm_exp/baseline_mfcc/data/lang/words.txt | local/wer_hyp_filter > /home/paul/UPM/pytorch-kaldi/exp/UPM_RNN_mfcc_base_3_layers/decode_PL_only_out_dnn2/scoring_kaldi/penalty_0.5/17.txt 
# Started at Mon Apr 20 22:24:25 BST 2020
#
lattice-scale --inv-acoustic-scale=17 'ark:gunzip -c /home/paul/UPM/pytorch-kaldi/exp/UPM_RNN_mfcc_base_3_layers/decode_PL_only_out_dnn2/lat.*.gz|' ark:- 
lattice-best-path --word-symbol-table=/home/paul/upm_exp/baseline_mfcc/data/lang/words.txt ark:- ark,t:- 
lattice-add-penalty --word-ins-penalty=0.5 ark:- ark:- 
LOG (lattice-best-path[5.5]:main():lattice-best-path.cc:99) For utterance PL072_117, best cost 46.129 + -41.1864 = 4.94267 over 175 frames.
PL072_117 sil a t a z n O v E m i sil 
LOG (lattice-best-path[5.5]:main():lattice-best-path.cc:99) For utterance PL084_59, best cost 58.0067 + -60.282 = -2.27532 over 225 frames.
PL084_59 sil s w a b a t o r o g i k a sil 
LOG (lattice-best-path[5.5]:main():lattice-best-path.cc:99) For utterance PL038_90, best cost 62.2666 + -52.0011 = 10.2655 over 238 frames.
PL038_90 sil b E_~ ts O s a t a n k a m a t sil 
LOG (lattice-best-path[5.5]:main():lattice-best-path.cc:99) For utterance PL039_104, best cost 76.1318 + -61.8778 = 14.254 over 250 frames.
PL039_104 sil m a v a k t o s a i x n a z i s k a sil 
LOG (lattice-best-path[5.5]:main():lattice-best-path.cc:99) For utterance PL084_41, best cost 73.4731 + -64.2962 = 9.17689 over 263 frames.
PL084_41 sil p O z a s t a w a t E k O n t r a s sil 
LOG (lattice-best-path[5.5]:main():lattice-best-path.cc:99) For utterance PL072_15, best cost 105.277 + -67.4906 = 37.786 over 275 frames.
PL072_15 sil S E d i s p o n i z a p a tS E_~ ts_j O_~ S tS E s k r a m sil 
LOG (lattice-best-path[5.5]:main():lattice-best-path.cc:99) For utterance PL072_98, best cost 109.959 + -78.1328 = 31.8264 over 275 frames.
PL072_98 sil tS E s k a z a S k a z e n a t O rZ E t a m O rZ E b 1 ts_j sil 
LOG (lattice-best-path[5.5]:main():lattice-best-path.cc:99) For utterance PL038_5, best cost 52.982 + -61.5976 = -8.61555 over 281 frames.
PL038_5 sil j a k p r a ts O v a ts_j sil 
LOG (lattice-best-path[5.5]:main():lattice-best-path.cc:99) For utterance PL036_69, best cost 87.9612 + -79.1146 = 8.84666 over 300 frames.
PL036_69 sil p o l i s u d O S_j E_~ p o s u j b a n d E sil 
LOG (lattice-best-path[5.5]:main():lattice-best-path.cc:99) For utterance PL036_95, best cost 88.9803 + -73.1738 = 15.8065 over 300 frames.
PL036_95 sil b a ts O v a rZ n a j s t a n a s l a k ts E sil 
LOG (lattice-best-path[5.5]:main():lattice-best-path.cc:99) For utterance PL036_91, best cost 99.9435 + -87.9306 = 12.0129 over 338 frames.
PL036_91 sil p o s k a n a p O n a n i s a n k a v o s p o k O n sil 
LOG (lattice-best-path[5.5]:main():lattice-best-path.cc:99) For utterance PL039_40, best cost 144.942 + -100.409 = 44.5328 over 356 frames.
PL039_40 sil tS E z i n s k o Z a f 9 r o r i k i n a S E p O v i S u r O S_j ts_j O_~ z a ts_j sil 
LOG (lattice-best-path[5.5]:main():lattice-best-path.cc:99) For utterance PL072_87, best cost 51.9377 + -51.6471 = 0.290672 over 225 frames.
PL072_87 sil s a b a t O l g i k a sil 
LOG (lattice-best-path[5.5]:main():lattice-best-path.cc:99) For utterance PL084_76, best cost 44.7995 + -44.5596 = 0.239887 over 225 frames.
PL084_76 sil tS i t a g rZ E m a sil 
LOG (lattice-best-path[5.5]:main():lattice-best-path.cc:99) For utterance PL039_82, best cost 78.4246 + -66.4811 = 11.9435 over 238 frames.
PL039_82 sil a k O S_j i S k i b u f i S p a n i sil 
LOG (lattice-best-path[5.5]:main():lattice-best-path.cc:99) For utterance PL039_52, best cost 68.2317 + -68.6446 = -0.412872 over 250 frames.
PL039_52 sil t a p o S 1 x n a s E v i S k a sil 
LOG (lattice-best-path[5.5]:main():lattice-best-path.cc:99) For utterance PL036_57, best cost 85.4859 + -74.2617 = 11.2243 over 281 frames.
PL036_57 sil i tS 1 S_j i E s k a n s E f E n ts j a m i sil 
LOG (lattice-best-path[5.5]:main():lattice-best-path.cc:99) For utterance PL040_44, best cost 121.648 + -79.4979 = 42.1503 over 281 frames.
PL040_44 sil k a l i p i 4 e n E t f i r dz_j E v i s a f r O z u ts k i sil 
LOG (lattice-best-path[5.5]:main():lattice-best-path.cc:99) For utterance PL036_22, best cost 31.0048 + -35.8616 = -4.85677 over 169 frames.
PL036_22 sil n i z a S a sil 
LOG (lattice-best-path[5.5]:main():lattice-best-path.cc:99) For utterance PL036_40, best cost 100.695 + -62.5341 = 38.1607 over 238 frames.
PL036_40 sil g a n a k s a tS m O v t o n a t v a p s a n a sil 
LOG (lattice-best-path[5.5]:main():lattice-best-path.cc:99) For utterance PL084_74, best cost 70.8536 + -63.1835 = 7.67017 over 244 frames.
PL084_74 sil S E s E p O v i n i z a r a b 1 ts_j sil 
LOG (lattice-best-path[5.5]:main():lattice-best-path.cc:99) For utterance PL037_6, best cost 70.1317 + -72.6035 = -2.47176 over 275 frames.
PL037_6 sil a n E z m i E n s t 1 rZ 1 tS n a sil 
LOG (lattice-best-path[5.5]:main():lattice-best-path.cc:99) For utterance PL040_69, best cost 96.5203 + -69.3773 = 27.143 over 275 frames.
PL040_69 sil i k o b o s k a s k a 4 u S E n a b u Z u x a sil 
LOG (lattice-best-path[5.5]:main():lattice-best-path.cc:99) For utterance PL084_85, best cost 83.5861 + -69.6637 = 13.9223 over 275 frames.
PL084_85 sil t r a s m O rZ a d u rZ E z a r a b 1 ts_j sil 
LOG (lattice-best-path[5.5]:main():lattice-best-path.cc:99) For utterance PL072_11, best cost 83.8749 + -67.6246 = 16.2504 over 281 frames.
PL072_11 sil t r a s E s a p r v a S a J u tS n a n a sil 
LOG (lattice-best-path[5.5]:main():lattice-best-path.cc:99) For utterance PL040_51, best cost 99.7861 + -76.7949 = 22.9912 over 288 frames.
PL040_51 sil m o g o t o tS 1 tS E d i n i p r o k r a t o S E sil 
LOG (lattice-best-path[5.5]:main():lattice-best-path.cc:99) For utterance PL084_6, best cost 96.269 + -87.3832 = 8.88582 over 288 frames.
PL084_6 sil b r t a l i z a ts j a s t a j S a f a k t E m sil 
LOG (lattice-best-path[5.5]:main():lattice-best-path.cc:99) For utterance PL038_54, best cost 60.3393 + -62.1319 = -1.7926 over 294 frames.
PL038_54 sil v S E s O t E m e dZ a l sil 
LOG (lattice-best-path[5.5]:main():lattice-best-path.cc:99) For utterance PL036_37, best cost 120.035 + -84.6447 = 35.3905 over 306 frames.
PL036_37 sil p S a t k u z a s a dz_j E v i t n a s l E k i o k r i: N k a sil 
LOG (lattice-best-path[5.5]:main():lattice-best-path.cc:99) For utterance PL036_59, best cost 147.059 + -99.3792 = 47.6802 over 331 frames.
PL036_59 sil v ts O b E S E s a m a s o v n i j a k i x p O p S E n i p i k o n O v 1 sil 
LOG (lattice-best-path[5.5]:main():lattice-best-path.cc:99) For utterance PL037_60, best cost 137.305 + -91.7354 = 45.5694 over 331 frames.
PL037_60 sil s k m i n i u S t a m i t a n i l i tS n i t r u n t u z n a l i S 
LOG (lattice-best-path[5.5]:main():lattice-best-path.cc:99) For utterance PL040_71, best cost 118.66 + -232714 = -232595 over 338 frames.
PL040_71 sil t o tS a S E t r E S_j ts_j i t O v O v 1 v a S E d o tS E v i sil 
LOG (lattice-best-path[5.5]:main():lattice-best-path.cc:99) For utterance PL090_65, best cost 107.166 + -93.5213 = 13.6449 over 350 frames.
PL090_65 sil o n i a s t a i p S E p O d O b n a m p r o b r a n sil 
LOG (lattice-best-path[5.5]:main():lattice-best-path.cc:99) For utterance PL039_50, best cost 140.533 + -108.8 = 31.7327 over 363 frames.
PL039_50 sil k a Z d O S_j r O d a k v a ts 1 m a S u i x p S E l s u v tS u v sil 
LOG (lattice-best-path[5.5]:main():lattice-best-path.cc:99) For utterance PL041_87, best cost 159.547 + -110.864 = 48.6839 over 363 frames.
PL041_87 sil z a p E v n a b E n a n t a ts E k t u rZ E z a ts O b a d v a rZ E t E d a ts i z E sil 
LOG (lattice-best-path[5.5]:main():lattice-best-path.cc:99) For utterance PL084_98, best cost 111.995 + -99.9123 = 12.0824 over 363 frames.
PL084_98 sil t a n s O_~ p i n i O_~ dz E b a z a n a p O t S a b n a sil 
LOG (lattice-best-path[5.5]:main():lattice-best-path.cc:99) For utterance PL012_7, best cost 110.899 + -85.4158 = 25.4832 over 369 frames.
PL012_7 sil i n a k r a n b a z O n i m i z a r a v a n O S_j v tS E sil 
LOG (lattice-best-path[5.5]:main():lattice-best-path.cc:99) For utterance PL038_7, best cost 67.9719 + -77.27 = -9.29805 over 369 frames.
PL038_7 sil t o b E_~ dz_j E m a j p r a n t n a sil 
LOG (lattice-best-path[5.5]:main():lattice-best-path.cc:99) For utterance PL038_81, best cost 70.7151 + -78.6397 = -7.9246 over 375 frames.
PL038_81 sil b a d a n i s n i v E k a z a v a sil 
LOG (lattice-best-path[5.5]:main():lattice-best-path.cc:99) For utterance PL012_28, best cost 130.226 + -111.649 = 18.5775 over 381 frames.
PL012_28 sil v tS O r E s a m o b r O n o p o S u j E rZ 1 m i x a l s k i sil 
LOG (lattice-best-path[5.5]:main():lattice-best-path.cc:99) For utterance PL040_56, best cost 152.91 + -112.681 = 40.2286 over 413 frames.
PL040_56 sil a p o t u p S E s a v E l i n i k i s p E ts i S E s a j O_~ ts O n a k t u r u sil 
LOG (lattice-best-path[5.5]:main():lattice-best-path.cc:99) For utterance PL041_16, best cost 195.82 + -125.51 = 70.3102 over 413 frames.
PL041_16 sil a b a s o v a t a u rZ O_~ d a j O_~ ts E g O d i t a m i s a z a r a z a p O t f r s E n i x p r a k t s sil 
LOG (lattice-best-path[5.5]:main():lattice-best-path.cc:99) For utterance PL030_48, best cost 100.402 + -107.002 = -6.59991 over 419 frames.
PL030_48 sil t o n i o t p O v i dZ a l E i n i ya t 1 tS n a sil 
LOG (lattice-best-path[5.5]:main():lattice-best-path.cc:99) For utterance PL077_28, best cost 188.28 + -117.198 = 71.0817 over 425 frames.
PL077_28 sil E k s E t i tS 1 s E k O k o d v i S 1 ts_j O_~ ts O s u s o s o: m o d O v a n h a b u z a b i n o sil 
LOG (lattice-best-path[5.5]:main():lattice-best-path.cc:99) For utterance PL072_26, best cost 148.706 + -103.055 = 45.6508 over 438 frames.
PL072_26 sil S_j i s p O d O v a n S E m i S E m O rZ E g O p o s t a l s a ts a l s E z a sil 
LOG (lattice-best-path[5.5]:main():lattice-best-path.cc:99) For utterance PL090_51, best cost 135.951 + -124.699 = 11.2518 over 438 frames.
PL090_51 sil j a k i s p o s u p f O r o n a j s t o: n i a u r O p a i s k a sil 
LOG (lattice-best-path[5.5]:main():lattice-best-path.cc:99) For utterance PL012_9, best cost 154.004 + -125.065 = 28.9391 over 450 frames.
PL012_9 sil d n i t i r o g O z i n d O r a ts a p r a z a n t a v a d i m i r a p o t i n a sil 
LOG (lattice-best-path[5.5]:main():lattice-best-path.cc:99) For utterance PL039_42, best cost 166.154 + -129.524 = 36.6305 over 450 frames.
PL039_42 sil v r S t o n i tS O n a t u rZ E n O v E b o r i: s m i n s k o S E m a n a n E p S E sil 
LOG (lattice-best-path[5.5]:main():lattice-best-path.cc:99) For utterance PL036_4, best cost 149.82 + -124.388 = 25.4324 over 463 frames.
PL036_4 sil p O d a m s p o s t o m a tS i s t o t u S E f O v 1 s p o tS n i p o i ts i sil 
LOG (lattice-best-path[5.5]:main():lattice-best-path.cc:99) For utterance PL041_100, best cost 171.377 + -130.375 = 41.0022 over 488 frames.
PL041_100 sil v n i o s a k t a b 7 r s E s o: m i n i b a p S 1 tS m o g A: t 1 m p a m i n t a ts_j sil 
LOG (lattice-best-path[5.5]:main():lattice-best-path.cc:99) For utterance PL072_44, best cost 157.764 + -127.759 = 30.0045 over 488 frames.
PL072_44 sil n a p i S E n i f r a n t u v a t o d_z\ u v i t o v a n o b i r O s u k i n t a sil 
LOG (lattice-best-path[5.5]:main():lattice-best-path.cc:99) For utterance PL038_66, best cost 155.154 + -135.932 = 19.2215 over 513 frames.
PL038_66 sil r O dz_j E n a i m a rZ a m O v i l a rZ E t r u n O S_j ts_j O_~ z n o d o g a b 1 ts_j sil 
LOG (lattice-best-path[5.5]:main():lattice-best-path.cc:99) For utterance PL040_85, best cost 235.11 + -145.692 = 89.418 over 513 frames.
PL040_85 sil n a r a z b a k o t r a p o tS i v a k s m O v a dZ o k i t f 9 r g a n o r o t k z m a r u v 1 b i g u m i ts_j O_~ ts u sil 
LOG (lattice-best-path[5.5]:main():lattice-best-path.cc:99) For utterance PL038_63, best cost 145.403 + -127.427 = 17.9758 over 519 frames.
PL038_63 sil p O rZ E s p O v o d a m a rZ a k t o r u b i z a g a n d a d a k l i S k a sil 
LOG (lattice-best-path[5.5]:main():lattice-best-path.cc:99) For utterance PL063_87, best cost 175.471 + -147.011 = 28.4605 over 519 frames.
PL063_87 sil d a S E l E l i s t i m a z m a l E S_j E_~ p r a z d a n t a l E x a n d a d u k a S E n k a sil 
LOG (lattice-best-path[5.5]:main():lattice-best-path.cc:99) For utterance PL036_38, best cost 89.3484 + -67.7061 = 21.6423 over 206 frames.
PL036_38 sil z a tS a j p S E S k i v a tS n i S k a n i sil 
LOG (lattice-best-path[5.5]:main():lattice-best-path.cc:99) For utterance PL072_89, best cost 95.273 + -59.0088 = 36.2642 over 213 frames.
PL072_89 sil rZ 1 ts_j rZ E t k u z a 4 a S a s t a m e d a a sil 
LOG (lattice-best-path[5.5]:main():lattice-best-path.cc:99) For utterance PL039_41, best cost 70.7977 + -63.1738 = 7.62389 over 219 frames.
PL039_41 sil t O v O_~ p i v E p o s t o l a t sil 
LOG (lattice-best-path[5.5]:main():lattice-best-path.cc:99) For utterance PL036_42, best cost 103.576 + -64.6193 = 38.9567 over 225 frames.
PL036_42 sil e d n a s k o l t r f l A: s o: f i n d v i S a sil 
LOG (lattice-best-path[5.5]:main():lattice-best-path.cc:99) For utterance PL072_69, best cost 69.4112 + -52.7261 = 16.685 over 244 frames.
PL072_69 sil u z a s t a w a t E k a n t r E s sil 
LOG (lattice-best-path[5.5]:main():lattice-best-path.cc:99) For utterance PL030_28, best cost 61.8223 + -60.3253 = 1.49704 over 269 frames.
PL030_28 sil r a d E n i o t x O dz O_~ sil 
LOG (lattice-best-path[5.5]:main():lattice-best-path.cc:99) For utterance PL036_29, best cost 110.006 + -81.2883 = 28.7182 over 275 frames.
PL036_29 sil t E m r a z a m tS E S k o r a j u sil p O ts j a n t a sil 
LOG (lattice-best-path[5.5]:main():lattice-best-path.cc:99) For utterance PL036_97, best cost 55.6842 + -40.7307 = 14.9535 over 175 frames.
PL036_97 sil o n S i s p r a v dz_j i sil 
LOG (lattice-best-path[5.5]:main():lattice-best-path.cc:99) For utterance PL072_24, best cost 78.3136 + -50.9453 = 27.3683 over 194 frames.
PL072_24 sil 9 z a b a n a t a S k O v r g O S_j ts_j sil 
LOG (lattice-best-path[5.5]:main():lattice-best-path.cc:99) For utterance PL041_7, best cost 88.8836 + -64.766 = 24.1176 over 219 frames.
PL041_7 sil p O s a v i s t v i S k a w O v a S a b 
LOG (lattice-best-path[5.5]:main():lattice-best-path.cc:99) For utterance PL072_102, best cost 72.4719 + -60.3569 = 12.1149 over 225 frames.
PL072_102 sil tS E s i p O v i n i z a r a m i ts_j sil 
LOG (lattice-best-path[5.5]:main():lattice-best-path.cc:99) For utterance PL036_56, best cost 64.5646 + -57.9824 = 6.58223 over 244 frames.
PL036_56 sil s u S 1 k o j d a b rZ 1 ts_j sil 
LOG (lattice-best-path[5.5]:main():lattice-best-path.cc:99) For utterance PL038_21, best cost 73.9715 + -70.9461 = 3.02538 over 256 frames.
PL038_21 sil p r a t o tS E dz_j E t y S 1 tS a w a sil 
LOG (lattice-best-path[5.5]:main():lattice-best-path.cc:99) For utterance PL039_105, best cost 100.18 + -68.0255 = 32.1541 over 256 frames.
PL039_105 sil tS 1 v a r t o tS a s O_~ rZ E v a ts_j ts_j E r a S a sil 
LOG (lattice-best-path[5.5]:main():lattice-best-path.cc:99) For utterance PL039_38, best cost 71.0278 + -60.5035 = 10.5242 over 256 frames.
PL039_38 sil a l t o r t E t 1 ts_j O_~ v a J u sil 
LOG (lattice-best-path[5.5]:main():lattice-best-path.cc:99) For utterance PL038_4, best cost 40.8801 + -60.4234 = -19.5433 over 294 frames.
PL038_4 sil j a k t u rZ 1 ts_j sil 
LOG (lattice-best-path[5.5]:main():lattice-best-path.cc:99) For utterance PL041_41, best cost 131.924 + -79.6728 = 52.2516 over 294 frames.
PL041_41 sil tS a S a j r O v o s o: n i a t n i m i E s p S E s t a m s t a m sil 
LOG (lattice-best-path[5.5]:main():lattice-best-path.cc:99) For utterance PL072_126, best cost 115.672 + -84.8871 = 30.7848 over 294 frames.
PL072_126 sil tS E g a k i tS n a g a n i s t a n i p S E k a t m i r a k u sil 
LOG (lattice-best-path[5.5]:main():lattice-best-path.cc:99) For utterance PL046_93, best cost 93.7845 + -88.2957 = 5.48885 over 306 frames.
PL046_93 sil z d a n a n a t E n t E m a ts a m p O dz_j E l a n sil 
LOG (lattice-best-path[5.5]:main():lattice-best-path.cc:99) For utterance PL084_20, best cost 94.2709 + -83.597 = 10.6739 over 306 frames.
PL084_20 sil r a f l a k s E p S 1 x O dz_j E p O S E s k i sil 
LOG (lattice-best-path[5.5]:main():lattice-best-path.cc:99) For utterance PL040_73, best cost 125.37 + -97.6419 = 27.7284 over 325 frames.
PL040_73 sil k O b i t a n i z g i O S_j n o p a r a ts i v a d r O v i tS E sil 
LOG (lattice-best-path[5.5]:main():lattice-best-path.cc:99) For utterance PL036_32, best cost 129.322 + -90.3605 = 38.9619 over 331 frames.
PL036_32 sil z a n g a rZ E v a n a p r g a n u a n t a t a rZ O l s t a S m sil 
LOG (lattice-best-path[5.5]:main():lattice-best-path.cc:99) For utterance PL077_8, best cost 118.326 + -91.0163 = 27.3094 over 381 frames.
PL077_8 sil n a s n a rZ O_~ ts O n i p i n z b o t o n i E s s M l i sil 
LOG (lattice-best-path[5.5]:main():lattice-best-path.cc:99) For utterance PL030_11, best cost 100.383 + -100.438 = -0.0547867 over 400 frames.
PL030_11 sil n a v E t 1 v r O dz_j i n a j u tS E p r E m i r a sil 
LOG (lattice-best-path[5.5]:main():lattice-best-path.cc:99) For utterance PL030_87, best cost 89.2381 + -88.1055 = 1.13258 over 400 frames.
PL030_87 sil t o n O v o k o n f i k t 1 x i r a dZ i sil 
LOG (lattice-best-path[5.5]:main():lattice-best-path.cc:99) For utterance PL084_70, best cost 118.415 + -108.275 = 10.1402 over 406 frames.
PL084_70 sil S E s k a z a S k a z E n a t O rZ E t a k m a rZ E b E ts_j sil 
LOG (lattice-best-path[5.5]:main():lattice-best-path.cc:99) For utterance PL036_18, best cost 148.387 + -124.645 = 23.7425 over 413 frames.
PL036_18 sil v l a n d a n a t o Z d O v a dz O_~ ts a ts O n i d a ts i n i v a k s a r O v sil 
LOG (lattice-best-path[5.5]:main():lattice-best-path.cc:99) For utterance PL039_107, best cost 157.491 + -120.475 = 37.0162 over 413 frames.
PL039_107 sil p S 1 tS E S_j E_~ dz_j E k a S t E z n a s u p o ya t a z a t o t u k e d E S_j r A: j u sil 
LOG (lattice-best-path[5.5]:main():lattice-best-path.cc:99) For utterance PL039_32, best cost 173.153 + -115.013 = 58.1404 over 413 frames.
PL039_32 sil v O S_j E_~ s t o s t i m i l u tS n i k t u rZ 1 v O v tS a s p O S_j E d a l j a t O r t a t sil 
LOG (lattice-best-path[5.5]:main():lattice-best-path.cc:99) For utterance PL038_17, best cost 94.4227 + -101.293 = -6.8703 over 438 frames.
PL038_17 sil z a j o S E o d a m O v n o p r O b o t o sil 
LOG (lattice-best-path[5.5]:main():lattice-best-path.cc:99) For utterance PL040_65, best cost 161.194 + -128.901 = 32.2934 over 438 frames.
PL040_65 sil j E n a d a t 1 tS 1 S_j m e dZ i ts k a d u J\ e b E d u S t o ts E l a k a r s k i sil 
LOG (lattice-best-path[5.5]:main():lattice-best-path.cc:99) For utterance PL040_79, best cost 186.412 + -134.855 = 51.5571 over 444 frames.
PL040_79 sil i s t e: n a m a r t u rZ E v r S E m o g O m u v i z b E z o b a f O g O S_j v a k a p i s k a sil 
LOG (lattice-best-path[5.5]:main():lattice-best-path.cc:99) For utterance PL030_58, best cost 62.483 + -94.4261 = -31.9431 over 463 frames.
PL030_58 sil s a k r a t a S v r a ts a sil 
LOG (lattice-best-path[5.5]:main():lattice-best-path.cc:99) For utterance PL040_80, best cost 133.715 + -119.558 = 14.1571 over 463 frames.
PL040_80 sil i m O v i k a i z n a j a t a g o d o t u n o t k i S k i t a n i sil 
LOG (lattice-best-path[5.5]:main():lattice-best-path.cc:99) For utterance PL041_61, best cost 195.759 + -143.001 = 52.7583 over 475 frames.
PL041_61 sil p O k a z u rZ 1 ts i m a t r E u v O v i S E m a ts E n a rZ E z a ts_j v i 4 m i s u p r a m i: N A: m i sil 
LOG (lattice-best-path[5.5]:main():lattice-best-path.cc:99) For utterance PL090_47, best cost 114.869 + -125.524 = -10.6551 over 475 frames.
PL090_47 sil j a k i E s t O rZ O_~ dz O m a u n i a u r O p a i s k a sil 
LOG (lattice-best-path[5.5]:main():lattice-best-path.cc:99) For utterance PL097_20, best cost 134.33 + -107.503 = 26.827 over 475 frames.
PL097_20 sil i s t a k e g O S_j i E s t a w a 9 z a b E_~ rZ O rZ E b i o n k i n sil 
LOG (lattice-best-path[5.5]:main():lattice-best-path.cc:99) For utterance PL040_87, best cost 88.162 + -108.27 = -20.1079 over 488 frames.
PL040_87 sil b u b E t a k o r o n E d o v s p r a v i sil 
LOG (lattice-best-path[5.5]:main():lattice-best-path.cc:99) For utterance PL046_35, best cost 70.0228 + -99.1429 = -29.1201 over 488 frames.
PL046_35 sil p a l E tS n a p r a z a d a n t a sil 
LOG (lattice-best-path[5.5]:main():lattice-best-path.cc:99) For utterance PL038_3, best cost 93.4195 + -111.459 = -18.0391 over 494 frames.
PL038_3 sil d a k a n s a rZ 1 tS a z a p o n o t E g O d a sil 
LOG (lattice-best-path[5.5]:main():lattice-best-path.cc:99) For utterance PL040_41, best cost 180.817 + -137.727 = 43.0899 over 494 frames.
PL040_41 sil j rZ E i t E s p o s t a n O v i rZ E n i b E n i S E n i m i k i r O v o p O rZ O_~ b a r t a sil 
LOG (lattice-best-path[5.5]:main():lattice-best-path.cc:99) For utterance PL041_27, best cost 251.192 + -146.258 = 104.934 over 500 frames.
PL041_27 sil a ts a ts i a l a r m O v a l i b a tS E rZ E n a l j S_j ts_j u m e S 1 m a v i E l a k u p S E s a rZ a u k r dz_j E S u S E n i p O d a sil 
LOG (lattice-best-path[5.5]:main():lattice-best-path.cc:99) For utterance PL072_101, best cost 219.44 + -133.199 = 86.2409 over 506 frames.
PL072_101 sil v a k o b E_~ dz_j E w a ts i b u z e tS E n i p O n i b i v i a k a k r E s i d u rZ 1 p o t E s a n i b a ts O g a t sil 
LOG (lattice-best-path[5.5]:main():lattice-best-path.cc:99) For utterance PL038_77, best cost 112.928 + -112.176 = 0.751251 over 513 frames.
PL038_77 sil m a w a j a k o S O p S E s i o n a p o tS E z r o r a sil 
LOG (lattice-best-path[5.5]:main():lattice-best-path.cc:99) For utterance PL036_44, best cost 180.234 + -143.932 = 36.3012 over 519 frames.
PL036_44 sil v S tS E s u tS t r l a t i v O v k a s k i n a n a m i s E p O ts j a t a m i t_s\ e s t a v a sil 
LOG (lattice-best-path[5.5]:main():lattice-best-path.cc:99) For utterance PL041_88, best cost 237.389 + -167.925 = 69.4635 over 544 frames.
PL041_88 sil f E d a p O z a s t a n i i m i n d i d u a n a d v a n i S a b a s a m O rZ a n a v a g O k O l a d i m a t v A: v tS a g a sil 
LOG (lattice-best-path[5.5]:main():lattice-best-path.cc:99) For utterance PL038_89, best cost 143.635 + -133.877 = 9.75797 over 550 frames.
PL038_89 sil j e t O r i a j s t a k a tS E s w a v a m i o p r o b l a m a s o b u sil 
LOG (lattice-best-path[5.5]:main():lattice-best-path.cc:99) For utterance PL039_92, best cost 225.099 + -149.161 = 75.9381 over 556 frames.
PL039_92 sil n a ts_j dz_j E S_j ts_j i S a n 1 x p r a v 1 dz_j E s t O S_j i t 1 ts_j O_~ ts 1 S_j p i n a r O d u j u S tS E_~ ts_j E p o s t a p O v a n i sil 
LOG (lattice-best-path[5.5]:main():lattice-best-path.cc:99) For utterance PL040_45, best cost 195.474 + -158.27 = 37.2037 over 563 frames.
PL040_45 sil a p i n s n O v a tS n a t u J\ e p o S E g O r O k u p a n O v a n a s u t r g o k u t O v a k a sil 
LOG (lattice-best-path[5.5]:main():lattice-best-path.cc:99) For utterance PL063_8, best cost 207.129 + -154.107 = 53.0216 over 569 frames.
PL063_8 sil s t r a k o j O r u j u v O S_j i z i k a rZ E v O b r o n i p r u r a l i z g o b a d e: r E t o n i tS n a sil 
LOG (lattice-best-path[5.5]:main():lattice-best-path.cc:99) For utterance PL084_34, best cost 210.65 + -168.491 = 42.1585 over 569 frames.
PL084_34 sil a b E n i g i n a l i k O l E n i p O l i ts j a n ts i k a n i tS n a j a s t i S tS E l a p S E r a s p O z n a n i sil 
LOG (lattice-best-path[5.5]:main():lattice-best-path.cc:99) For utterance PL084_27, best cost 217.737 + -166.934 = 50.8029 over 575 frames.
PL084_27 sil v s l a n i n a s m a d a r E n k i b u w a v t o r a n E v a rZ n E S E t E m a t a n a g O v p o i ts j a n t o sil 
LOG (lattice-best-path[5.5]:main():lattice-best-path.cc:99) For utterance PL041_67, best cost 232.312 + -175.424 = 56.8882 over 581 frames.
PL041_67 sil n a j O_~ ts E u r a z O v i O_~ rZ 1 ts_j O_~ ts O p O rZ E n a m i s p O v o d O v a n a m i n i o m e: n o t p a l a n i m p a t a t sil 
LOG (lattice-best-path[5.5]:main():lattice-best-path.cc:99) For utterance PL040_23, best cost 232.094 + -174.96 = 57.1347 over 594 frames.
PL040_23 sil p i z a S E s i k o n i k a t u v i k a j n d a tS n a p O p a r t i l a s p o n a n E g O k o t E x p S E z v i t O S_j ts_j sil 
LOG (lattice-best-path[5.5]:main():lattice-best-path.cc:99) For utterance PL072_79, best cost 223.596 + -166.409 = 57.1871 over 594 frames.
PL072_79 sil s a d i s k i p i E_~ dz 1 x n a s j O_~ t E rZ O r E z d E s a n o s a m b i n a d a n E m i a k a j d o n a tS a v a sil 
LOG (lattice-best-path[5.5]:main():lattice-best-path.cc:99) For utterance PL084_22, best cost 204.383 + -168.252 = 36.1306 over 594 frames.
PL084_22 sil n a t a v n a p S E ts i ya t E S E p r u S a n i t E m t a S a s t a w a m u v i d a l u S rZ a x i k sil 
LOG (lattice-best-path[5.5]:main():lattice-best-path.cc:99) For utterance PL072_90, best cost 194.404 + -151.291 = 43.1136 over 600 frames.
PL072_90 sil p r m a t i ts i tS E tS a u rZ E p i b i tS E S_j ts_j O v a n M S E t i n i tS n i v a l a n i g o d n m sil 
LOG (lattice-best-path[5.5]:main():lattice-best-path.cc:99) For utterance PL072_116, best cost 74.6152 + -51.5416 = 23.0737 over 175 frames.
PL072_116 sil t o s o n a k t a r E p i n i O_~ z a sil 
LOG (lattice-best-path[5.5]:main():lattice-best-path.cc:99) For utterance PL036_41, best cost 62.5707 + -54.8228 = 7.74791 over 200 frames.
PL036_41 sil z O rZ O d a t S E S a w a sil 
LOG (lattice-best-path[5.5]:main():lattice-best-path.cc:99) For utterance PL039_85, best cost 68.6628 + -52.7055 = 15.9573 over 206 frames.
PL039_85 sil n i m i a n s a t E v 1 b o r u sil 
LOG (lattice-best-path[5.5]:main():lattice-best-path.cc:99) For utterance PL039_56, best cost 83.6826 + -72.4025 = 11.2802 over 250 frames.
PL039_56 sil t E m h a n i S E z a S k u tS O p a n a sil 
LOG (lattice-best-path[5.5]:main():lattice-best-path.cc:99) For utterance PL072_124, best cost 109.495 + -75.8929 = 33.6017 over 256 frames.
PL072_124 sil tS E rZ E j O_~ S_j i n i k i k O p a r a k i s p i x a tS E sil 
LOG (lattice-best-path[5.5]:main():lattice-best-path.cc:99) For utterance PL041_102, best cost 98.881 + -76.9994 = 21.8816 over 269 frames.
PL041_102 sil p S E tS n i m a b i n a n i x n i g o s a v a ts i sil 
LOG (lattice-best-path[5.5]:main():lattice-best-path.cc:99) For utterance PL041_18, best cost 107.997 + -77.4827 = 30.5144 over 281 frames.
PL041_18 sil n a b i S 1 tS a S e b a S E z m i s p o t k a ts i sil 
LOG (lattice-best-path[5.5]:main():lattice-best-path.cc:99) For utterance PL084_11, best cost 93.369 + -79.721 = 13.6481 over 288 frames.
PL084_11 sil n i tS a S a s k a n s a n k v E n ts j a v i sil 
LOG (lattice-best-path[5.5]:main():lattice-best-path.cc:99) For utterance PL038_20, best cost 78.0246 + -72.2326 = 5.792 over 294 frames.
PL038_20 sil r a l e b o s k A: r a n a b o s t x sil 
LOG (lattice-best-path[5.5]:main():lattice-best-path.cc:99) For utterance PL040_17, best cost 84.3205 + -76.4908 = 7.8297 over 300 frames.
PL040_17 sil p i o t r a n a p o: n i v E m o d i tS E sil 
LOG (lattice-best-path[5.5]:main():lattice-best-path.cc:99) For utterance PL038_62, best cost 97.1675 + -74.7846 = 22.383 over 306 frames.
PL038_62 sil z a s a n a r a S E l a tS E g a t a z r O b i r sil 
LOG (lattice-best-path[5.5]:main():lattice-best-path.cc:99) For utterance PL072_82, best cost 105.319 + -82.4322 = 22.8871 over 313 frames.
PL072_82 sil a t E p r a t s p r O g r a s a m i r a k i tS E tS E sil 
LOG (lattice-best-path[5.5]:main():lattice-best-path.cc:99) For utterance PL084_37, best cost 82.4368 + -93.0194 = -10.5826 over 325 frames.
PL084_37 sil t a d a u S a ts E v i tS z b i s k a sil 
LOG (lattice-best-path[5.5]:main():lattice-best-path.cc:99) For utterance PL038_45, best cost 101.962 + -83.1247 = 18.8375 over 331 frames.
PL038_45 sil n a m u j tS E k n a b rZ E k z b i S O l a sil 
LOG (lattice-best-path[5.5]:main():lattice-best-path.cc:99) For utterance PL038_52, best cost 91.3989 + -76.0991 = 15.2998 over 338 frames.
PL038_52 sil r b a n i k n i o p O v i n a t a p E t a n i sil 
LOG (lattice-best-path[5.5]:main():lattice-best-path.cc:99) For utterance PL072_73, best cost 126.41 + -95.8217 = 30.5881 over 344 frames.
PL072_73 sil p O z a t E t o s u j a i k a n a j a ts E v i d E g O m O k i m sil 
LOG (lattice-best-path[5.5]:main():lattice-best-path.cc:99) For utterance PL084_40, best cost 99.843 + -89.8873 = 9.95576 over 350 frames.
PL084_40 sil t r a s r m a n t E z a z n i k n o S a n dZ a sil 
LOG (lattice-best-path[5.5]:main():lattice-best-path.cc:99) For utterance PL012_15, best cost 96.5011 + -85.6001 = 10.901 over 356 frames.
PL012_15 sil n i m a k O d r O l i n a t E k m i o s o: m a n sil 
LOG (lattice-best-path[5.5]:main():lattice-best-path.cc:99) For utterance PL036_30, best cost 120.69 + -84.4218 = 36.2679 over 356 frames.
PL036_30 sil i sil d a b a v E z i S E n i n t a k o tS E s a f u s n u sil 
LOG (lattice-best-path[5.5]:main():lattice-best-path.cc:99) For utterance PL039_19, best cost 140.371 + -100.65 = 39.7203 over 369 frames.
PL039_19 sil tS E S p o s u k O m i t E t O b a t a s k i g O z a p o t o s t O v a sil 
LOG (lattice-best-path[5.5]:main():lattice-best-path.cc:99) For utterance PL039_87, best cost 143.081 + -96.8963 = 46.1852 over 369 frames.
PL039_87 sil d E n t E g O n i s r O b i x a b a p r a tS i l s k r a S b i n i b u sil 
LOG (lattice-best-path[5.5]:main():lattice-best-path.cc:99) For utterance PL072_8, best cost 183.089 + -117.05 = 66.0398 over 374 frames.
PL072_8 sil s o v a k O f a t O v a n i m a s p o n E g O z b i x t r a f i O rZ 1 S_j i a tS 1 z g O d u sil 
LOG (lattice-best-path[5.5]:main():lattice-best-path.cc:99) For utterance PL040_66, best cost 139.164 + -113.084 = 26.08 over 375 frames.
PL040_66 sil v t a S E p r o d o l a k a z a s t o s O v a l t E s a s k i tS E_~ ts_j E sil 
LOG (lattice-best-path[5.5]:main():lattice-best-path.cc:99) For utterance PL072_13, best cost 171.728 + -107.045 = 64.6831 over 394 frames.
PL072_13 sil n a s t a k u m O rZ n a p o s t a ts_j d o p O rZ E g O dz_j E tS n d u S t r a s o S E t a n a sil 
LOG (lattice-best-path[5.5]:main():lattice-best-path.cc:99) For utterance PL038_16, best cost 90.9613 + -85.9727 = 4.98856 over 406 frames.
PL038_16 sil z 1 x a l i z o tS O v r e n i E rZ E k i sil 
LOG (lattice-best-path[5.5]:main():lattice-best-path.cc:99) For utterance PL036_21, best cost 147.286 + -122.847 = 24.4392 over 419 frames.
PL036_21 sil s a v a m i tS E s a v s k i Z E tS i k a m a n t 1 x g o v n i p r i ts i sil 
LOG (lattice-best-path[5.5]:main():lattice-best-path.cc:99) For utterance PL038_49, best cost 106.33 + -109.765 = -3.43478 over 419 frames.
PL038_49 sil p a n i m a r j a m a o tS 1 tS E v o n o d u w a s sil 
LOG (lattice-best-path[5.5]:main():lattice-best-path.cc:99) For utterance PL038_74, best cost 101.086 + -97.3455 = 3.74054 over 419 frames.
PL038_74 sil n i m o g a z n a l E z n s p o n a n E_~ dz E k a sil 
LOG (lattice-best-path[5.5]:main():lattice-best-path.cc:99) For utterance PL084_97, best cost 130.378 + -118.128 = 12.2507 over 419 frames.
PL084_97 sil p S E g a p i S n a v k a n i s t a n i n i p S E g a p i r a k u sil 
LOG (lattice-best-path[5.5]:main():lattice-best-path.cc:99) For utterance PL084_1, best cost 146.662 + -125.461 = 21.2005 over 431 frames.
PL084_1 sil p S E S a k t i p O l i ts j a n t n i s t a n a v 1 ts_j O_~ t a m o g r o Z i sil 
LOG (lattice-best-path[5.5]:main():lattice-best-path.cc:99) For utterance PL038_80, best cost 62.7456 + -87.0663 = -24.3207 over 444 frames.
PL038_80 sil v 1 s v A: n d a l a k a rZ E sil 
LOG (lattice-best-path[5.5]:main():lattice-best-path.cc:99) For utterance PL038_43, best cost 122.37 + -106.806 = 15.5647 over 450 frames.
PL038_43 sil a l E z u s t E S a l k i p E l j a g a ts_j O_~ g r O tS w a sil 
LOG (lattice-best-path[5.5]:main():lattice-best-path.cc:99) For utterance PL072_112, best cost 181.21 + -119.551 = 61.6592 over 450 frames.
PL072_112 sil z a r b E n i g o t a m tS a S_j ts_j a n E l E g a n s k o p a t a l o g r a tS E n i tS n a r m a sil 
LOG (lattice-best-path[5.5]:main():lattice-best-path.cc:99) For utterance PL072_113, best cost 163.854 + -106.14 = 57.7147 over 456 frames.
PL072_113 sil v a s u x a n i S O dz_j a z b r a k a k o s o: m i S E v i o t v a d E n t r E s sil 
LOG (lattice-best-path[5.5]:main():lattice-best-path.cc:99) For utterance PL030_82, best cost 113.758 + -113.398 = 0.360229 over 475 frames.
PL030_82 sil v s a v S 1 m i w 1 m E v i ts O v E p o b l o n d E sil 
LOG (lattice-best-path[5.5]:main():lattice-best-path.cc:99) For utterance PL040_78, best cost 171.125 + -137.139 = 33.9868 over 494 frames.
PL040_78 sil t o s o k p S E s a j p r O k r a t a p r O v a dz O_~ ts p r O S_j E tS n o r o t k O v sil 
LOG (lattice-best-path[5.5]:main():lattice-best-path.cc:99) For utterance PL038_31, best cost 95.8506 + -112.071 = -16.22 over 500 frames.
PL038_31 sil r a l e b o s k a sil t O ts O S_j i o r u S a sil 
LOG (lattice-best-path[5.5]:main():lattice-best-path.cc:99) For utterance PL038_48, best cost 43.5197 + -33.1382 = 10.3815 over 119 frames.
PL038_48 sil n i o d a w S_j ts_j O_~ sil 
LOG (lattice-best-path[5.5]:main():lattice-best-path.cc:99) For utterance PL039_20, best cost 33.1448 + -36.6547 = -3.5099 over 156 frames.
PL039_20 sil z a tS a g O sil 
LOG (lattice-best-path[5.5]:main():lattice-best-path.cc:99) For utterance PL072_104, best cost 50.8989 + -44.5672 = 6.33167 over 188 frames.
PL072_104 sil v tS i t a g rZ E m E sil 
LOG (lattice-best-path[5.5]:main():lattice-best-path.cc:99) For utterance PL040_27, best cost 82.9468 + -58.2712 = 24.6756 over 206 frames.
PL040_27 sil t a f 9 s E z O f a n i n t r a s u v sil 
LOG (lattice-best-path[5.5]:main():lattice-best-path.cc:99) For utterance PL041_63, best cost 81.9942 + -63.2776 = 18.7166 over 219 frames.
PL041_63 sil b a k a z b a dZ e t v a k i k a m i n t sil 
LOG (lattice-best-path[5.5]:main():lattice-best-path.cc:99) For utterance PL097_104, best cost 31.4249 + -45.9728 = -14.5479 over 231 frames.
PL097_104 sil i s t o p a sil 
LOG (lattice-best-path[5.5]:main():lattice-best-path.cc:99) For utterance PL039_66, best cost 85.6137 + -62.7289 = 22.8847 over 238 frames.
PL039_66 sil j e p a n o tS E n a p S e k u s t r a ts i sil 
LOG (lattice-best-path[5.5]:main():lattice-best-path.cc:99) For utterance PL072_127, best cost 98.3023 + -63.7245 = 34.5778 over 238 frames.
PL072_127 sil t a n s O_~ p i n i O_~ ts E b a z a n a p O S E b i sil 
LOG (lattice-best-path[5.5]:main():lattice-best-path.cc:99) For utterance PL072_94, best cost 68.1598 + -52.9225 = 15.2373 over 238 frames.
PL072_94 sil r O k i k o t a m s u n d a n a sil 
LOG (lattice-best-path[5.5]:main():lattice-best-path.cc:99) For utterance PL072_68, best cost 97.1047 + -79.1458 = 17.9589 over 275 frames.
PL072_68 sil t r a s r m a n t E z n i z n i k n O S_j E_~ ts_j E sil 
LOG (lattice-best-path[5.5]:main():lattice-best-path.cc:99) For utterance PL063_60, best cost 71.2282 + -77.8363 = -6.60814 over 281 frames.
PL063_60 sil t a k a b 1 w a i E g O f O l a sil 
LOG (lattice-best-path[5.5]:main():lattice-best-path.cc:99) For utterance PL036_36, best cost 104.283 + -76.8456 = 27.4379 over 288 frames.
PL036_36 sil n i k i ya t r O i p O l s E tS E v a rZ 1 dz_j E v i sil 
LOG (lattice-best-path[5.5]:main():lattice-best-path.cc:99) For utterance PL039_106, best cost 44.1683 + -35.3606 = 8.80776 over 113 frames.
PL039_106 sil s p E v n O S_j ts_j O_~ sil 
LOG (lattice-best-path[5.5]:main():lattice-best-path.cc:99) For utterance PL039_28, best cost 22.2442 + -29.1954 = -6.95121 over 125 frames.
PL039_28 sil m a m a sil 
LOG (lattice-best-path[5.5]:main():lattice-best-path.cc:99) For utterance PL037_32, best cost 56.0812 + -43.1834 = 12.8978 over 169 frames.
PL037_32 sil a l i t r v\ i m S E s sil 
LOG (lattice-best-path[5.5]:main():lattice-best-path.cc:99) For utterance PL084_88, best cost 48.2155 + -50.2118 = -1.99627 over 194 frames.
PL084_88 sil a ts a z n O v E m i sil 
LOG (lattice-best-path[5.5]:main():lattice-best-path.cc:99) For utterance PL041_57, best cost 61.7587 + -44.5042 = 17.2545 over 200 frames.
PL041_57 sil r u x m a m E n i d e: r k sil 
LOG (lattice-best-path[5.5]:main():lattice-best-path.cc:99) For utterance PL041_98, best cost 85.9126 + -56.1656 = 29.747 over 206 frames.
PL041_98 sil k a 4 a p a n a S u j a n a t a b o r s a sil 
LOG (lattice-best-path[5.5]:main():lattice-best-path.cc:99) For utterance PL036_87, best cost 51.1151 + -51.1765 = -0.0614357 over 225 frames.
PL036_87 sil tS E t a S E z m i o sil 
LOG (lattice-best-path[5.5]:main():lattice-best-path.cc:99) For utterance PL039_75, best cost 73.0706 + -62.0811 = 10.9895 over 238 frames.
PL039_75 sil p O tS 1 S_j ts_j z a p o t E s k a n a n sil 
LOG (lattice-best-path[5.5]:main():lattice-best-path.cc:99) For utterance PL039_108, best cost 88.6862 + -72.6142 = 16.072 over 250 frames.
PL039_108 sil p S E d a S E s k i m o r a n i a n i t o k a sil 
LOG (lattice-best-path[5.5]:main():lattice-best-path.cc:99) For utterance PL040_67, best cost 100.277 + -80.7724 = 19.5044 over 269 frames.
PL040_67 sil p S o k a z i p S 1 tS e k O v i tS E l j i t a sil 
LOG (lattice-best-path[5.5]:main():lattice-best-path.cc:99) For utterance PL039_4, best cost 103.811 + -85.2567 = 18.5546 over 275 frames.
PL039_4 sil p o r a ts_j i w a n d 1 s t o m p i o d O S_j ts_j O_~ d u sil 
LOG (lattice-best-path[5.5]:main():lattice-best-path.cc:99) For utterance PL041_34, best cost 118.977 + -79.9976 = 38.9792 over 275 frames.
PL041_34 sil i: s E S tS E r a m p r a b l a m t a s a p a tS i z a l a k i sil 
LOG (lattice-best-path[5.5]:main():lattice-best-path.cc:99) For utterance PL090_83, best cost 47.8824 + -61.463 = -13.5806 over 281 frames.
PL090_83 sil t a n i E p r a v a d a sil 
LOG (lattice-best-path[5.5]:main():lattice-best-path.cc:99) For utterance PL040_68, best cost 75.7627 + -67.3937 = 8.369 over 288 frames.
PL040_68 sil s p r a v o n a j a v i n S t a l sil 
LOG (lattice-best-path[5.5]:main():lattice-best-path.cc:99) For utterance PL084_12, best cost 86.3448 + -83.0949 = 3.24983 over 300 frames.
PL084_12 sil m a rZ O_~ i E_~ ts_j O_~ k a r i r b o s u v sil 
LOG (lattice-best-path[5.5]:main():lattice-best-path.cc:99) For utterance PL097_97, best cost 80.0908 + -78.2022 = 1.88856 over 313 frames.
PL097_97 sil i s t o p O b a j k O m a n d o j a n sil 
LOG (lattice-best-path[5.5]:main():lattice-best-path.cc:99) For utterance PL072_52, best cost 128.728 + -100.955 = 27.7736 over 319 frames.
PL072_52 sil p S t o k O v a n i v E s a k i z a b u d O v i s p r a k t 1 tS n a sil 
LOG (lattice-best-path[5.5]:main():lattice-best-path.cc:99) For utterance PL039_59, best cost 125.839 + -90.8596 = 34.9792 over 331 frames.
PL039_59 sil v O dz_j E ts_j O_~ p O z n a j O_~ z a tS n a j u s o: m i S a tS E s u sil 
LOG (lattice-best-path[5.5]:main():lattice-best-path.cc:99) For utterance PL084_7, best cost 103.667 + -88.5549 = 15.1122 over 331 frames.
PL084_7 sil m i s t r a z b i t E k a n g o s E m u j a n O v a sil 
LOG (lattice-best-path[5.5]:main():lattice-best-path.cc:99) For utterance PL072_125, best cost 170.74 + -105.273 = 65.4666 over 336 frames.
PL072_125 sil f i v E n o t p O v a d a n a t E p E t a n i a rZ 1 b n i p S 1 ts_j m o r p a S t v i sil 
LOG (lattice-best-path[5.5]:main():lattice-best-path.cc:99) For utterance PL039_45, best cost 126.787 + -94.8669 = 31.9202 over 344 frames.
PL039_45 sil v i s E S m a k r a i n k a p i t a l i s u p a n f O v a g o sil 
LOG (lattice-best-path[5.5]:main():lattice-best-path.cc:99) For utterance PL030_25, best cost 82.379 + -96.1995 = -13.8205 over 363 frames.
PL030_25 sil v s a rZ O_~ t u m i s k i m p a r t i sil 
LOG (lattice-best-path[5.5]:main():lattice-best-path.cc:99) For utterance PL039_57, best cost 18.8439 + -24.0712 = -5.22732 over 119 frames.
PL039_57 sil n i E sil 
LOG (lattice-best-path[5.5]:main():lattice-best-path.cc:99) For utterance PL072_114, best cost 85.798 + -59.3949 = 26.4032 over 188 frames.
PL072_114 sil t r a s n a tS n a d O rZ a z a r O v i ts_j sil 
LOG (lattice-best-path[5.5]:main():lattice-best-path.cc:99) For utterance PL039_83, best cost 66.4654 + -52.3899 = 14.0755 over 194 frames.
PL039_83 sil r s p r a v O d r O tS a n o sil 
LOG (lattice-best-path[5.5]:main():lattice-best-path.cc:99) For utterance PL072_103, best cost 89.1696 + -57.3213 = 31.8484 over 250 frames.
PL072_103 sil n a v i ts i tS i t u rZ E s o: m r k a n a n sil 
LOG (lattice-best-path[5.5]:main():lattice-best-path.cc:99) For utterance PL072_46, best cost 111.371 + -71.3765 = 39.9948 over 281 frames.
PL072_46 sil a m i t v n i tS n i p S t o n a n i d a v n i r d E r sil 
LOG (lattice-best-path[5.5]:main():lattice-best-path.cc:99) For utterance PL077_5, best cost 119.966 + -83.1911 = 36.7749 over 281 frames.
PL077_5 sil n i n s m a j o j a n E p E k a b a v O_~ ts O dz_j i z r O v sil 
LOG (lattice-best-path[5.5]:main():lattice-best-path.cc:99) For utterance PL038_82, best cost 88.6022 + -75.3789 = 13.2233 over 288 frames.
PL038_82 sil a l o n a d a l a j O ts E s p O m i n a w a sil 
LOG (lattice-best-path[5.5]:main():lattice-best-path.cc:99) For utterance PL072_37, best cost 97.4052 + -80.1704 = 17.2349 over 294 frames.
PL072_37 sil s a w S_j ts_j p S k r e d v s p a d O v E d a x sil 
LOG (lattice-best-path[5.5]:main():lattice-best-path.cc:99) For utterance PL038_47, best cost 76.3103 + -76.4634 = -0.153053 over 300 frames.
PL038_47 sil p o b O v a l i x r a n i m O v a ts_j sil 
LOG (lattice-best-path[5.5]:main():lattice-best-path.cc:99) For utterance PL041_54, best cost 131.149 + -87.3626 = 43.7869 over 306 frames.
PL041_54 sil a s t E m e: n a rZ E z a p a l i tS l a n i S E p k O d a l i ts_j O_~ sil 
LOG (lattice-best-path[5.5]:main():lattice-best-path.cc:99) For utterance PL039_95, best cost 107.297 + -90.4391 = 16.8574 over 313 frames.
PL039_95 sil n i s t a t E n i p S E g O t O v a n o i x a l E p i sil 
LOG (lattice-best-path[5.5]:main():lattice-best-path.cc:99) For utterance PL040_94, best cost 114.961 + -99.9059 = 15.0548 over 319 frames.
PL040_94 sil p O z a t E m sil 9 s` p a t a f i s a s k a k o j O_~ ts a sil 
LOG (lattice-best-path[5.5]:main():lattice-best-path.cc:99) For utterance PL040_72, best cost 129.631 + -89.2696 = 40.3616 over 331 frames.
PL040_72 sil d o s u d u z a p a n i k O n i S y z a b i k i r u J\ y tS n a sil 
LOG (lattice-best-path[5.5]:main():lattice-best-path.cc:99) For utterance PL038_96, best cost 81.7295 + -82.8518 = -1.12236 over 381 frames.
PL038_96 sil n i b u m a sil j O_~ s o j O p r a t sil 
LOG (lattice-best-path[5.5]:main():lattice-best-path.cc:99) For utterance PL090_16, best cost 36.585 + -70.2496 = -33.6645 over 388 frames.
PL090_16 sil l a tS a g o sil 
LOG (lattice-best-path[5.5]:main():lattice-best-path.cc:99) For utterance PL097_2, best cost 80.3922 + -82.5318 = -2.13967 over 388 frames.
PL097_2 sil s t a r t a t r n o v n s a z o r E sil 
LOG (lattice-best-path[5.5]:main():lattice-best-path.cc:99) For utterance PL072_123, best cost 190.129 + -115.304 = 74.8255 over 400 frames.
PL072_123 sil i S E d n E f i m E g o d O v a n E d u rZ 1 m i S E tS E n i a m i z a x r a t E t E g r 1 ts_j O_~ t sil 
LOG (lattice-best-path[5.5]:main():lattice-best-path.cc:99) For utterance PL030_17, best cost 98.3714 + -112.194 = -13.8225 over 413 frames.
PL030_17 sil p o s u x s E u n i v a rZ E j a z j a s t o sil 
LOG (lattice-best-path[5.5]:main():lattice-best-path.cc:99) For utterance PL039_14, best cost 165.291 + -113.289 = 52.0024 over 425 frames.
PL039_14 sil v S e m e a j s t o n o k a S E p S E S a b l a t v a t E rZ 1 p o s p o l i t E sil 
LOG (lattice-best-path[5.5]:main():lattice-best-path.cc:99) For utterance PL039_81, best cost 178.638 + -127.389 = 51.2496 over 425 frames.
PL039_81 sil k a l i S O S_j E tS u v O v tS a S m u S O S_j E_~ p O r s m i s p a n a p r s E d E n t a sil 
LOG (lattice-best-path[5.5]:main():lattice-best-path.cc:99) For utterance PL084_10, best cost 122.982 + -110.661 = 12.3212 over 425 frames.
PL084_10 sil k ts O S E t k o i d a g rZ E tS t a j s t i x a t o s sil 
LOG (lattice-best-path[5.5]:main():lattice-best-path.cc:99) For utterance PL097_77, best cost 123.093 + -106.006 = 17.0869 over 425 frames.
PL097_77 sil t o i t a k S E d a t r u d o tS i n a k a u s p O k a j a n sil 
LOG (lattice-best-path[5.5]:main():lattice-best-path.cc:99) For utterance PL039_62, best cost 185.65 + -127.842 = 57.8082 over 450 frames.
PL039_62 sil v a tS E d a s a d a k a b a r t a b a j S_j i E s t r a S i s t E t o t o p a m i tS n a n a d O v E sil 
LOG (lattice-best-path[5.5]:main():lattice-best-path.cc:99) For utterance PL037_29, best cost 185.275 + -126.059 = 59.2167 over 456 frames.
PL037_29 sil tS n a m i s r O k a i s a ts i b r a n a m i s t o i d u b E n a n i d a l e k O m o s k f i sil 
LOG (lattice-best-path[5.5]:main():lattice-best-path.cc:99) For utterance PL041_29, best cost 191.039 + -143.598 = 47.4403 over 463 frames.
PL041_29 sil j e k i z a t E m i a b a b E ts E s k a p a ts i n d u v p E d a n a tS a n a i z b a t a k a r s k a sil 
LOG (lattice-best-path[5.5]:main():lattice-best-path.cc:99) For utterance PL077_18, best cost 174.059 + -120.548 = 53.5104 over 463 frames.
PL077_18 sil p r a z a s t a z a p r s a t v a n E p o b i tS n a m o b i O_~ ts 1 x s M n a v o j u tS E t sil 
LOG (lattice-best-path[5.5]:main():lattice-best-path.cc:99) For utterance PL038_79, best cost 116.633 + -116.201 = 0.431953 over 469 frames.
PL038_79 sil k a z a m i z a rZ 1 v a tS k r O p r o s p O k a j a n s a sil 
LOG (lattice-best-path[5.5]:main():lattice-best-path.cc:99) For utterance PL037_39, best cost 186.141 + -130.246 = 55.8944 over 475 frames.
PL037_39 sil s v i n i E S a n a t a k i s i E_~ ts_j O_~ rZ 1 tS E v i s t i: v a k o n a s t m u v i r m a n u i t sil 
LOG (lattice-best-path[5.5]:main():lattice-best-path.cc:99) For utterance PL072_16, best cost 192.364 + -124.886 = 67.4785 over 475 frames.
PL072_16 sil s t a ts i z m i n i d a n a tS a rZ E l s a p r E k v a n i p S E z a m i S k a d E r n g a b r a n sil 
LOG (lattice-best-path[5.5]:main():lattice-best-path.cc:99) For utterance PL012_39, best cost 173.632 + -130.812 = 42.819 over 481 frames.
PL012_39 sil p r a t f o: m O v a t r s k a p O n o s p a sil tS n i n a r a rZ E n e 4 i p S E s t r a t E sil 
LOG (lattice-best-path[5.5]:main():lattice-best-path.cc:99) For utterance PL038_25, best cost 110.828 + -108.889 = 1.93977 over 481 frames.
PL038_25 sil v s a tS a S E u z a w rZ E t o j E m a k n i o m a sil 
LOG (lattice-best-path[5.5]:main():lattice-best-path.cc:99) For utterance PL072_4, best cost 173.332 + -135.131 = 38.2014 over 488 frames.
PL072_4 sil t r n a s k a p r a ts a n a s n a p S 1 S_j ts_j n a t a n a m a S t a p i s p r d O r O b a k sil 
LOG (lattice-best-path[5.5]:main():lattice-best-path.cc:99) For utterance PL038_44, best cost 69.777 + -50.3272 = 19.4498 over 206 frames.
PL038_44 sil k O rZ E s k a t v o s a k O n d a sil 
LOG (lattice-best-path[5.5]:main():lattice-best-path.cc:99) For utterance PL036_74, best cost 66.4097 + -58.1377 = 8.27207 over 219 frames.
PL036_74 sil o d b i t a z a k o n i k u v sil 
LOG (lattice-best-path[5.5]:main():lattice-best-path.cc:99) For utterance PL036_58, best cost 73.0897 + -65.7805 = 7.30918 over 256 frames.
PL036_58 sil m a rZ O_~ S_j E_~ k a r i r b a s v sil 
LOG (lattice-best-path[5.5]:main():lattice-best-path.cc:99) For utterance PL072_91, best cost 108.582 + -76.5308 = 32.0512 over 269 frames.
PL072_91 sil i b a m a r a ts u tS E S t o m a u r m a n t 1 tS n a sil 
LOG (lattice-best-path[5.5]:main():lattice-best-path.cc:99) For utterance PL036_43, best cost 87.1036 + -70.6084 = 16.4953 over 275 frames.
PL036_43 sil p O l tS E_~ ts_j E d p O v i dZ i o g i m sil 
LOG (lattice-best-path[5.5]:main():lattice-best-path.cc:99) For utterance PL072_86, best cost 130.913 + -84.0032 = 46.9097 over 281 frames.
PL072_86 sil m dz_j E t a d O b r O b E t n i v a n i k p O v i z a n i k t u rZ E sil 
LOG (lattice-best-path[5.5]:main():lattice-best-path.cc:99) For utterance PL030_24, best cost 24.9501 + -54.2659 = -29.3158 over 288 frames.
PL030_24 sil s k i m sil 
LOG (lattice-best-path[5.5]:main():lattice-best-path.cc:99) For utterance PL036_90, best cost 125.772 + -92.3287 = 33.4436 over 300 frames.
PL036_90 sil b 1 ts_j m O rZ E k a m u S p r O v i o t o s a m a p O tS u tS E sil 
LOG (lattice-best-path[5.5]:main():lattice-best-path.cc:99) For utterance PL038_36, best cost 64.2244 + -71.322 = -7.09757 over 306 frames.
PL038_36 sil r a t o l i k u r a t o n k u sil 
LOG (lattice-best-path[5.5]:main():lattice-best-path.cc:99) For utterance PL040_42, best cost 107.206 + -80.9689 = 26.2374 over 313 frames.
PL040_42 sil S E b a t a k o j a s n a k r f i t f 9 z a m i a r sil 
LOG (lattice-best-path[5.5]:main():lattice-best-path.cc:99) For utterance PL039_3, best cost 114.025 + -93.9865 = 20.0383 over 331 frames.
PL039_3 sil z a k o t n i tS O v a p o tS i tS m O tS k o d O v a n a sil 
LOG (lattice-best-path[5.5]:main():lattice-best-path.cc:99) For utterance PL097_98, best cost 95.4882 + -86.9833 = 8.50491 over 338 frames.
PL097_98 sil d r f O j a m a d a n a b i S E p u tS i z 1 sil 
LOG (lattice-best-path[5.5]:main():lattice-best-path.cc:99) For utterance PL038_32, best cost 54.5174 + -70.677 = -16.1596 over 350 frames.
PL038_32 sil p o d a S O_~ g l E rZ E sil 
LOG (lattice-best-path[5.5]:main():lattice-best-path.cc:99) For utterance PL097_16, best cost 87.3049 + -80.4919 = 6.81297 over 350 frames.
PL097_16 sil d a m O v E p r o d E g a r t s t 1 tS n a sil 
LOG (lattice-best-path[5.5]:main():lattice-best-path.cc:99) For utterance PL038_24, best cost 79.0408 + -78.0632 = 0.977554 over 356 frames.
PL038_24 sil j a t a S E m o g O v t o v E rZ 1 ts_j sil 
LOG (lattice-best-path[5.5]:main():lattice-best-path.cc:99) For utterance PL046_96, best cost 80.2282 + -81.0806 = -0.852402 over 356 frames.
PL046_96 sil j a d a b a dZ a s t E p S E p a t k u sil 
LOG (lattice-best-path[5.5]:main():lattice-best-path.cc:99) For utterance PL072_108, best cost 124.172 + -94.5809 = 29.5916 over 373 frames.
PL072_108 sil v i r a z i n i S m E g O p a n s t v i s t i n t o p i r a n sil 
LOG (lattice-best-path[5.5]:main():lattice-best-path.cc:99) For utterance PL084_63, best cost 122.267 + -99.1866 = 23.0808 over 375 frames.
PL084_63 sil k a b a m a j O r a ts j a tS E S t a m a u r a m a n t E tS n a sil 
LOG (lattice-best-path[5.5]:main():lattice-best-path.cc:99) For utterance PL097_88, best cost 94.6809 + -89.4885 = 5.19244 over 394 frames.
PL097_88 sil z m a dZ y z a d E d o s o v a n a m u j a n sil 
LOG (lattice-best-path[5.5]:main():lattice-best-path.cc:99) For utterance PL012_26, best cost 87.6085 + -92.6395 = -5.03105 over 406 frames.
PL012_26 sil t z a n i n i p o d o n a s t a m p i sil t sil 
LOG (lattice-best-path[5.5]:main():lattice-best-path.cc:99) For utterance PL030_65, best cost 63.8764 + -92.7623 = -28.8859 over 413 frames.
PL030_65 sil t o o t k r i tS E k a r t sil 
LOG (lattice-best-path[5.5]:main():lattice-best-path.cc:99) For utterance PL036_93, best cost 147.853 + -114.262 = 33.5918 over 413 frames.
PL036_93 sil p S E d E v k a rZ O_~ p r a ts i E p o p i E_~ dz_j E ts_j O_~ t f u tS E n a rZ 1 S_j i sil 
LOG (lattice-best-path[5.5]:main():lattice-best-path.cc:99) For utterance PL030_49, best cost 110.309 + -107.924 = 2.38529 over 419 frames.
PL030_49 sil p O v i n d u n i s t a v a tS E d o t r u g i t u r E sil 
LOG (lattice-best-path[5.5]:main():lattice-best-path.cc:99) For utterance PL046_11, best cost 114.89 + -109.397 = 5.493 over 419 frames.
PL046_11 sil a sil a n a l i z a r a p a r t o r a S t a r O v u j E sil 
LOG (lattice-best-path[5.5]:main():lattice-best-path.cc:99) For utterance PL097_41, best cost 110.474 + -106.054 = 4.4198 over 431 frames.
PL097_41 sil z a n i m a w a b i O_~ z a v p E m i E_~ ts_j O_~ t o d a j E sil 
LOG (lattice-best-path[5.5]:main():lattice-best-path.cc:99) For utterance PL012_50, best cost 143.666 + -110.318 = 33.348 over 450 frames.
PL012_50 sil j o s O v a t o s u n i p o t a k t O v a n a r a rZ E p i E_~ ts_j p o s u v sil 
LOG (lattice-best-path[5.5]:main():lattice-best-path.cc:99) For utterance PL038_64, best cost 140.796 + -120.114 = 20.6822 over 450 frames.
PL038_64 sil s t E g O ts O v E m sil n a r O dz_j E n a tS E S k a J a ts O l i tS 1 ts_j sil 
LOG (lattice-best-path[5.5]:main():lattice-best-path.cc:99) For utterance PL097_82, best cost 127.762 + -116.861 = 10.9006 over 450 frames.
PL097_82 sil l a v a ts a v t E u p S E tS k u j E x o g o v o d E j a n sil 
LOG (lattice-best-path[5.5]:main():lattice-best-path.cc:99) For utterance PL084_95, best cost 130.614 + -131.847 = -1.23282 over 456 frames.
PL084_95 sil tS E j u S rZ a j O_~ S_j i n i k i k O p a r E k i s p a h a tS E sil 
LOG (lattice-best-path[5.5]:main():lattice-best-path.cc:99) For utterance PL039_101, best cost 200.792 + -132.453 = 68.3391 over 463 frames.
PL039_101 sil p i n S 1 S_j ts_j p S E p a t k u f i n a k o s E k v E n S l a g a n a k i s k O n i v 1 ts_j O_~ d n i n t sil 
LOG (lattice-best-path[5.5]:main():lattice-best-path.cc:99) For utterance PL072_97, best cost 159.498 + -123.463 = 36.035 over 469 frames.
PL072_97 sil v S_j i t a m i S a p O v 1 ts_j O_~ n a ts_j t r t v E n a f a dZ a m r E k a n o v sil 
LOG (lattice-best-path[5.5]:main():lattice-best-path.cc:99) For utterance PL084_13, best cost 164.105 + -136.53 = 27.5749 over 475 frames.
PL084_13 sil v ts O b 1 s t a k s a m a s l a v n i a k i x p O p S E d n i O p i k o n a v E sil 
LOG (lattice-best-path[5.5]:main():lattice-best-path.cc:99) For utterance PL090_41, best cost 97.6212 + -115.96 = -18.3391 over 475 frames.
PL090_41 sil p S E n b a u z v i O_~ z a k s a v i E ts k i sil 
LOG (lattice-best-path[5.5]:main():lattice-best-path.cc:99) For utterance PL072_92, best cost 198.269 + -135.733 = 62.5366 over 481 frames.
PL072_92 sil p O b 1 b E n o r m a t E p i S E f a dZ i m a n o i r a k u tS n i d E g O n o g o s f i n i O_~ ts a sil 
LOG (lattice-best-path[5.5]:main():lattice-best-path.cc:99) For utterance PL037_10, best cost 199.322 + -141.529 = 57.7933 over 500 frames.
PL037_10 sil s u rZ O_~ d E s p o t n o r a d o i p O m a t u k a S t a m u t o s t v e v E r o: m i x i r n d E sil 
LOG (lattice-best-path[5.5]:main():lattice-best-path.cc:99) For utterance PL037_28, best cost 206.173 + -150.858 = 55.315 over 500 frames.
PL037_28 sil s E rZ O_~ t f i r m E p o d o d a ts j o u r u x O m i n f t E n k r a i f a p r k i s v i f 9 r u sil 
LOG (lattice-best-path[5.5]:main():lattice-best-path.cc:99) For utterance PL037_85, best cost 186.334 + -145.811 = 40.5226 over 500 frames.
PL037_85 sil s O_~ t o n i ya t r O v a u s k O k i s a p O rZ a j O_~ ts k o t k O m p i r o t i p O v i S sil 
LOG (lattice-best-path[5.5]:main():lattice-best-path.cc:99) For utterance PL077_22, best cost 199.991 + -143.84 = 56.1509 over 500 frames.
PL077_22 sil b u d O v a p O f O tS u k O p i tS u l a t p O x O n i tS v a v S dz_j E S_j i l j O_~ t o l a r O v sil 
LOG (lattice-best-path[5.5]:main():lattice-best-path.cc:99) For utterance PL090_73, best cost 142.342 + -140.782 = 1.55978 over 513 frames.
PL090_73 sil z v i E n S a S E k r a j u v k o r o p ts j a p S E n i k a z d o sil 
LOG (lattice-best-path[5.5]:main():lattice-best-path.cc:99) For utterance PL040_3, best cost 226.236 + -158.132 = 68.1043 over 525 frames.
PL040_3 sil j a p a b E n o d O p r O t a S a tS E n i a t o r s a m O rZ O_~ d O v ts E z u 4 u n a p o t o n k u S E g O r O k u sil 
LOG (lattice-best-path[5.5]:main():lattice-best-path.cc:99) For utterance PL041_11, best cost 173.819 + -149.446 = 24.3735 over 531 frames.
PL041_11 sil m O rZ 1 b 1 ts_j d a n a d r a k t r d a n o t a b l a n d a s z v i l i d a ts j u S a sil 
LOG (lattice-best-path[5.5]:main():lattice-best-path.cc:99) For utterance PL030_47, best cost 90.2236 + -109.287 = -19.0634 over 538 frames.
PL030_47 sil j a k m O rZ a z a k i n s o b u r s u v sil 
LOG (lattice-best-path[5.5]:main():lattice-best-path.cc:99) For utterance PL072_100, best cost 207.854 + -148.338 = 59.5159 over 544 frames.
PL072_100 sil p o d r b i v a n i S a t O v i p a n t E p S E s p e S b u d O v o r O p E s a x O n i s t i m i m i s sil 
LOG (lattice-scale[5.5]:main():lattice-scale.cc:107) Done 259 lattices.
LOG (lattice-add-penalty[5.5]:main():lattice-add-penalty.cc:62) Done adding word insertion penalty to 259 lattices.
LOG (lattice-best-path[5.5]:main():lattice-best-path.cc:99) For utterance PL037_47, best cost 226.489 + -149.614 = 76.8746 over 550 frames.
PL037_47 sil t o g o n i z i n k i n i n k a Z i m E Z i l k t y z a s t o p o s k o d r n a n o b u s t a v i tS E n o r O v a n sil 
LOG (lattice-best-path[5.5]:main():lattice-best-path.cc:124) Overall cost per frame is -2.4431 = 0.325667 [graph] + -2.76877 [acoustic] over 92870 frames.
LOG (lattice-best-path[5.5]:main():lattice-best-path.cc:128) Done 259 lattices, failed for 0
# Accounting: time=4 threads=1
# Ended (code 0) at Mon Apr 20 22:24:29 BST 2020, elapsed time 4 seconds
