# lattice-scale --inv-acoustic-scale=7 "ark:gunzip -c /home/paul/UPM/pytorch-kaldi/exp/UPM_RNN_mfcc_base_3_layers/decode_PL_only_out_dnn2/lat.*.gz|" ark:- | lattice-add-penalty --word-ins-penalty=0.5 ark:- ark:- | lattice-best-path --word-symbol-table=/home/paul/upm_exp/baseline_mfcc/data/lang/words.txt ark:- ark,t:- | utils/int2sym.pl -f 2- /home/paul/upm_exp/baseline_mfcc/data/lang/words.txt | local/wer_hyp_filter > /home/paul/UPM/pytorch-kaldi/exp/UPM_RNN_mfcc_base_3_layers/decode_PL_only_out_dnn2/scoring_kaldi/penalty_0.5/7.txt 
# Started at Mon Apr 20 22:24:25 BST 2020
#
lattice-best-path --word-symbol-table=/home/paul/upm_exp/baseline_mfcc/data/lang/words.txt ark:- ark,t:- 
lattice-scale --inv-acoustic-scale=7 'ark:gunzip -c /home/paul/UPM/pytorch-kaldi/exp/UPM_RNN_mfcc_base_3_layers/decode_PL_only_out_dnn2/lat.*.gz|' ark:- 
lattice-add-penalty --word-ins-penalty=0.5 ark:- ark:- 
LOG (lattice-best-path[5.5]:main():lattice-best-path.cc:99) For utterance PL072_117, best cost 48.9845 + -103.864 = -54.8797 over 175 frames.
PL072_117 sil a ts O z n O v E m i sil 
LOG (lattice-best-path[5.5]:main():lattice-best-path.cc:99) For utterance PL084_59, best cost 59.7644 + -148.712 = -88.9475 over 225 frames.
PL084_59 sil s w a b a t O r O g i k a sil 
LOG (lattice-best-path[5.5]:main():lattice-best-path.cc:99) For utterance PL038_90, best cost 70.513 + -139.378 = -68.8649 over 238 frames.
PL038_90 sil v i E_~ ts O S_j l a p a n k a m a t sil 
LOG (lattice-best-path[5.5]:main():lattice-best-path.cc:99) For utterance PL039_104, best cost 93.381 + -177 = -83.6194 over 250 frames.
PL039_104 sil v m a v O k t o s l a i x n a z v i S k a sil 
LOG (lattice-best-path[5.5]:main():lattice-best-path.cc:99) For utterance PL084_41, best cost 81.6829 + -172.029 = -90.3466 over 263 frames.
PL084_41 sil p O z a s t a w a t 1 k o j n t E r a s sil 
LOG (lattice-best-path[5.5]:main():lattice-best-path.cc:99) For utterance PL072_15, best cost 124.868 + -191.374 = -66.5059 over 275 frames.
PL072_15 sil p S a d i m s p O n i z a p a tS E_~ ts_j O_~ S E S tS E s k r a m m sil 
LOG (lattice-best-path[5.5]:main():lattice-best-path.cc:99) For utterance PL072_98, best cost 117.621 + -202.572 = -84.9515 over 275 frames.
PL072_98 sil tS 1 s k O z a S k a z e n a t O rZ E t a t m O rZ E b 1 ts_j sil 
LOG (lattice-best-path[5.5]:main():lattice-best-path.cc:99) For utterance PL038_5, best cost 52.982 + -149.594 = -96.6121 over 281 frames.
PL038_5 sil j a k p r a ts O v a ts_j sil 
LOG (lattice-best-path[5.5]:main():lattice-best-path.cc:99) For utterance PL036_69, best cost 106.065 + -217.532 = -111.467 over 300 frames.
PL036_69 sil p o l i s j u d a w O S_j E_~ p o s O dz_j E b a n d E t sil 
LOG (lattice-best-path[5.5]:main():lattice-best-path.cc:99) For utterance PL036_95, best cost 106.939 + -203.901 = -96.9622 over 300 frames.
PL036_95 sil b a r dz O v a rZ n a j s t a n t n a s M n a k ts i ya sil 
LOG (lattice-best-path[5.5]:main():lattice-best-path.cc:99) For utterance PL036_91, best cost 117.497 + -239.992 = -122.495 over 338 frames.
PL036_91 sil p O l s k a n a p O d n o n i E s E n k a v O n s p o k O n sil 
LOG (lattice-best-path[5.5]:main():lattice-best-path.cc:99) For utterance PL039_40, best cost 162.369 + -269.892 = -107.523 over 356 frames.
PL039_40 sil tS 1 z j O_~ s k o Z a f 9 r u r i k i n a S E m p O v i S_j i o r O S_j i O_~ z a ts_j sil 
LOG (lattice-best-path[5.5]:main():lattice-best-path.cc:99) For utterance PL072_87, best cost 58.7034 + -135.566 = -76.8629 over 225 frames.
PL072_87 sil s v a b a t O l o g i k a sil 
LOG (lattice-best-path[5.5]:main():lattice-best-path.cc:99) For utterance PL084_76, best cost 45.7694 + -109.582 = -63.8129 over 225 frames.
PL084_76 sil tS i t a g rZ a n a sil 
LOG (lattice-best-path[5.5]:main():lattice-best-path.cc:99) For utterance PL039_82, best cost 84.0125 + -168.884 = -84.8718 over 238 frames.
PL039_82 sil a k f O S_j i S k i b u f i S p a n i sil 
LOG (lattice-best-path[5.5]:main():lattice-best-path.cc:99) For utterance PL039_52, best cost 72.7083 + -171.992 = -99.2835 over 250 frames.
PL039_52 sil t O p o S 1 x n a s i E v i S k a sil 
LOG (lattice-best-path[5.5]:main():lattice-best-path.cc:99) For utterance PL036_57, best cost 91.8478 + -192.354 = -100.506 over 281 frames.
PL036_57 sil j y tS O S_j i E s k o n s E f E n ts j a m i sil 
LOG (lattice-best-path[5.5]:main():lattice-best-path.cc:99) For utterance PL040_44, best cost 140.668 + -217.744 = -77.0768 over 281 frames.
PL040_44 sil k a r a l i p e J\ e 4 e n E k t f i r dz_j E v i E s a f r O z u ts k i sil 
LOG (lattice-best-path[5.5]:main():lattice-best-path.cc:99) For utterance PL036_22, best cost 35.5917 + -95.3935 = -59.8018 over 169 frames.
PL036_22 sil n i z a v S a sil 
LOG (lattice-best-path[5.5]:main():lattice-best-path.cc:99) For utterance PL036_40, best cost 112.734 + -170.929 = -58.1949 over 238 frames.
PL036_40 sil g a n a k s a r tS m O v d o n a l t v a p s a l a sil 
LOG (lattice-best-path[5.5]:main():lattice-best-path.cc:99) For utterance PL084_74, best cost 76.9885 + -163.099 = -86.111 over 244 frames.
PL084_74 sil v S E s E p O v i n i z a r a b i tS i sil 
LOG (lattice-best-path[5.5]:main():lattice-best-path.cc:99) For utterance PL037_6, best cost 70.1317 + -176.323 = -106.191 over 275 frames.
PL037_6 sil a n E z m i E n s t 1 rZ 1 tS n a sil 
LOG (lattice-best-path[5.5]:main():lattice-best-path.cc:99) For utterance PL040_69, best cost 115.513 + -197.651 = -82.1383 over 275 frames.
PL040_69 sil v e k u b O s k a s k a rZ O S_j i o n a b u b rZ u x a sil 
LOG (lattice-best-path[5.5]:main():lattice-best-path.cc:99) For utterance PL084_85, best cost 90.3898 + -183.733 = -93.3427 over 275 frames.
PL084_85 sil t a r a s m O rZ n a d u rZ E z a r a b i tS i sil 
LOG (lattice-best-path[5.5]:main():lattice-best-path.cc:99) For utterance PL072_11, best cost 97.6245 + -184.918 = -87.2938 over 281 frames.
PL072_11 sil t r a s E s o: m p r O v O S_j n a n i u tS m a n a sil 
LOG (lattice-best-path[5.5]:main():lattice-best-path.cc:99) For utterance PL040_51, best cost 116.254 + -208.756 = -92.5014 over 288 frames.
PL040_51 sil m o g o n t o 4 tS 1 i tS E d i n i p r o k u r a t o S E sil 
LOG (lattice-best-path[5.5]:main():lattice-best-path.cc:99) For utterance PL084_6, best cost 98.826 + -216.062 = -117.236 over 288 frames.
PL084_6 sil b r t a l i z a ts j a s t a j S_j ts_j O_~ f a k t E m sil 
LOG (lattice-best-path[5.5]:main():lattice-best-path.cc:99) For utterance PL038_54, best cost 68.8636 + -162.906 = -94.0425 over 294 frames.
PL038_54 sil v S 1 s E O t E m l e dZ a l sil 
LOG (lattice-best-path[5.5]:main():lattice-best-path.cc:99) For utterance PL036_37, best cost 128.985 + -221.848 = -92.8633 over 306 frames.
PL036_37 sil v S O t k u z a s a dz_j E v i t n a s l E k i o k r a i n k a sil 
LOG (lattice-best-path[5.5]:main():lattice-best-path.cc:99) For utterance PL036_59, best cost 163.032 + -269.246 = -106.214 over 331 frames.
PL036_59 sil v ts O_~ b E S E x s a m a s v a v n i j a k i x p O p S E n i a p i k o n O v 1 sil 
LOG (lattice-best-path[5.5]:main():lattice-best-path.cc:99) For utterance PL037_60, best cost 158.076 + -255.268 = -97.192 over 331 frames.
PL037_60 sil s k m i n i w S_j ts_j s a m i t a t n i l i tS n i i t r u n E n t u z n a l i S 
LOG (lattice-best-path[5.5]:main():lattice-best-path.cc:99) For utterance PL040_71, best cost 143.776 + -565200 = -565056 over 338 frames.
PL040_71 sil s t u tS a S e t t r E S_j ts_j i t O v O v E l E v a S_j i d o t S E v n i sil 
LOG (lattice-best-path[5.5]:main():lattice-best-path.cc:99) For utterance PL090_65, best cost 117.883 + -243.351 = -125.467 over 350 frames.
PL090_65 sil o n i a s t a i p S E d p O d O b n E m p r o b r a n a n sil 
LOG (lattice-best-path[5.5]:main():lattice-best-path.cc:99) For utterance PL039_50, best cost 154.618 + -285.246 = -130.628 over 363 frames.
PL039_50 sil k a Z d E O S_j r O d a k v a ts 1 m O S_j v o i x p S a n o s w O v tS u v sil 
LOG (lattice-best-path[5.5]:main():lattice-best-path.cc:99) For utterance PL041_87, best cost 170.36 + -290.068 = -119.709 over 363 frames.
PL041_87 sil z a p E v n a b E n d a n t a ts E k t u rZ 1 z a k s o b a d v a rZ E t e d a ts i z i ya sil 
LOG (lattice-best-path[5.5]:main():lattice-best-path.cc:99) For utterance PL084_98, best cost 120.024 + -254.68 = -134.655 over 363 frames.
PL084_98 sil t a m s O_~ p i n i O_~ dz E b a z O n a m p O t S a b n a sil 
LOG (lattice-best-path[5.5]:main():lattice-best-path.cc:99) For utterance PL012_7, best cost 153.454 + -258.757 = -105.303 over 369 frames.
PL012_7 sil j E n a k r a m b a r z O d n i E m i z a r a g O v a v n O S_j v a t tS E n 1 sil 
LOG (lattice-best-path[5.5]:main():lattice-best-path.cc:99) For utterance PL038_7, best cost 70.1079 + -192.278 = -122.17 over 369 frames.
PL038_7 sil t O b E_~ dz_j E m a j p r a n k n a sil 
LOG (lattice-best-path[5.5]:main():lattice-best-path.cc:99) For utterance PL038_81, best cost 76.7097 + -198.834 = -122.124 over 375 frames.
PL038_81 sil b a d a n E n i s n i v E k a z a v a sil 
LOG (lattice-best-path[5.5]:main():lattice-best-path.cc:99) For utterance PL012_28, best cost 135.025 + -278.184 = -143.159 over 381 frames.
PL012_28 sil v tS O r a j s a m o b r O n o p u S u j E rZ 1 m i x a l s k i sil 
LOG (lattice-best-path[5.5]:main():lattice-best-path.cc:99) For utterance PL040_56, best cost 180.491 + -318.485 = -137.994 over 413 frames.
PL040_56 sil v a p O t u r p S 1 s a v e l i n i k i n s p E k ts i i S E n s a j O_~ ts O l i k t u r o sil 
LOG (lattice-best-path[5.5]:main():lattice-best-path.cc:99) For utterance PL041_16, best cost 215.01 + -335.251 = -120.241 over 413 frames.
PL041_16 sil a b a s o v a t a u rZ O_~ d a j O_~ ts E g O d i ts a m i n i s a z a r a z a p O t f i r dz E n i v p r a k t E ts a sil 
LOG (lattice-best-path[5.5]:main():lattice-best-path.cc:99) For utterance PL030_48, best cost 104.536 + -265.447 = -160.911 over 419 frames.
PL030_48 sil t o n i o t p O v i dZ a l n E i n i ya t 1 tS n a sil 
LOG (lattice-best-path[5.5]:main():lattice-best-path.cc:99) For utterance PL077_28, best cost 212.143 + -321.688 = -109.545 over 425 frames.
PL077_28 sil f E k s E t 1 x tS 1 s E k O k O d v i S E t S_j E_~ ts O s u s o s o: m o r d O v a n h a b u z a g i n o sil 
LOG (lattice-best-path[5.5]:main():lattice-best-path.cc:99) For utterance PL072_26, best cost 172.342 + -286.965 = -114.622 over 438 frames.
PL072_26 sil i S_j i s p O d O v a m O S_j i m E S_j ts_j E m O rZ E g O p O z a s t a l s n a ts a u s E z a n sil 
LOG (lattice-best-path[5.5]:main():lattice-best-path.cc:99) For utterance PL090_51, best cost 144.695 + -320.227 = -175.532 over 438 frames.
PL090_51 sil j a k i s p o s o p t f O rZ O n a j e s t o: n i a w O r O p a i s k a sil 
LOG (lattice-best-path[5.5]:main():lattice-best-path.cc:99) For utterance PL012_9, best cost 168.037 + -321.981 = -153.944 over 450 frames.
PL012_9 sil d i m i t r i r O g O z i n d O r a ts a p r a z d E n t a v o d i m i r a p o t i n a sil 
LOG (lattice-best-path[5.5]:main():lattice-best-path.cc:99) For utterance PL039_42, best cost 188.188 + -343.317 = -155.129 over 450 frames.
PL039_42 sil v s r a S t o n i l i tS O n a t u rZ E n O v E b o r i: s m i O_~ s k o t S E m u n a n E p S E sil 
LOG (lattice-best-path[5.5]:main():lattice-best-path.cc:99) For utterance PL036_4, best cost 156.279 + -314.389 = -158.109 over 463 frames.
PL036_4 sil p O d a m s p o s t u m a tS 1 s t o t u S E f O v 1 v s p o tS n i p o l i ts i sil 
LOG (lattice-best-path[5.5]:main():lattice-best-path.cc:99) For utterance PL041_100, best cost 198.721 + -357.568 = -158.847 over 488 frames.
PL041_100 sil v n i o s a k t a v a b 7 r ts 1 s o: m v i n i b a p S 1 tS E S m o g i o t 1 m p a m i E n t a ts_j sil 
LOG (lattice-best-path[5.5]:main():lattice-best-path.cc:99) For utterance PL072_44, best cost 177.248 + -337.102 = -159.855 over 488 frames.
PL072_44 sil n a p i S E i n i f r a n t u v O t o n dZ u s E t o v a n o b i r O b s u k i E n t a sil 
LOG (lattice-best-path[5.5]:main():lattice-best-path.cc:99) For utterance PL038_66, best cost 166.829 + -348.235 = -181.406 over 513 frames.
PL038_66 sil r O dz_j E n a j e m a rZ a m O v i w a rZ E t r u d n O S_j ts_j O_~ z n i o d O g a b 1 ts_j sil 
LOG (lattice-best-path[5.5]:main():lattice-best-path.cc:99) For utterance PL040_85, best cost 272.869 + -412.422 = -139.552 over 513 frames.
PL040_85 sil n a r a dZ e b a k r a t o r a p o l i tS i v a k s u m O v a z v o k i tS v o r g a n o v 7 r o t k u z m a r u v 1 b u j E g u m i ts_j O_~ ts u sil 
LOG (lattice-best-path[5.5]:main():lattice-best-path.cc:99) For utterance PL038_63, best cost 163.612 + -336.273 = -172.662 over 519 frames.
PL038_63 sil p O rZ E s p O v O d O m a rZ a k t u r 1 l u b i z a g o n d a z d a k i l i S k a sil 
LOG (lattice-best-path[5.5]:main():lattice-best-path.cc:99) For utterance PL063_87, best cost 181.401 + -365.995 = -184.594 over 519 frames.
PL063_87 sil d a S E l E l i s t 1 m a z m a l E S E m p r a z d E m p a l E x a n d a d u k a S a n k a sil 
LOG (lattice-best-path[5.5]:main():lattice-best-path.cc:99) For utterance PL036_38, best cost 96.2622 + -174.598 = -78.3354 over 206 frames.
PL036_38 sil z a tS a j p S E S k i v a ts_j m i S k a n i E sil 
LOG (lattice-best-path[5.5]:main():lattice-best-path.cc:99) For utterance PL072_89, best cost 100.751 + -153.199 = -52.4487 over 213 frames.
PL072_89 sil rZ 1 ts_j rZ a t k u z d a 4 a S a s t a m e d a a sil 
LOG (lattice-best-path[5.5]:main():lattice-best-path.cc:99) For utterance PL039_41, best cost 71.2216 + -154.243 = -83.021 over 219 frames.
PL039_41 sil t O v O_~ p i v 1 p o s t o l a t sil 
LOG (lattice-best-path[5.5]:main():lattice-best-path.cc:99) For utterance PL036_42, best cost 116.464 + -178.361 = -61.8975 over 225 frames.
PL036_42 sil j e d n a s k o l t r a f l a v s o: f i n d v i E S a 4 sil 
LOG (lattice-best-path[5.5]:main():lattice-best-path.cc:99) For utterance PL072_69, best cost 81.1761 + -147.629 = -66.453 over 244 frames.
PL072_69 sil k O z a s t a w 1 t y k O n t E r E s sil 
LOG (lattice-best-path[5.5]:main():lattice-best-path.cc:99) For utterance PL030_28, best cost 61.8223 + -146.504 = -84.6819 over 269 frames.
PL030_28 sil r a d E n i o t x O dz O_~ sil 
LOG (lattice-best-path[5.5]:main():lattice-best-path.cc:99) For utterance PL036_29, best cost 116.862 + -208.348 = -91.4859 over 275 frames.
PL036_29 sil t E m r a z a m tS E S k o r a n i u sil p o j ts j a n t a sil 
LOG (lattice-best-path[5.5]:main():lattice-best-path.cc:99) For utterance PL036_97, best cost 61.8824 + -108.517 = -46.6342 over 175 frames.
PL036_97 sil o n S u i s p r a v dz_j i sil 
LOG (lattice-best-path[5.5]:main():lattice-best-path.cc:99) For utterance PL072_24, best cost 87.6381 + -137.372 = -49.7342 over 194 frames.
PL072_24 sil l z a b a n a t a S O k O f r g O S_j ts_j sil 
LOG (lattice-best-path[5.5]:main():lattice-best-path.cc:99) For utterance PL041_7, best cost 96.5676 + -169.299 = -72.7317 over 219 frames.
PL041_7 sil p O s a u v i n s t v i S k a w O v a S a b 
LOG (lattice-best-path[5.5]:main():lattice-best-path.cc:99) For utterance PL072_102, best cost 75.4688 + -150.318 = -74.8494 over 225 frames.
PL072_102 sil tS E s t i p O v i m i z a r a m i ts_j sil 
LOG (lattice-best-path[5.5]:main():lattice-best-path.cc:99) For utterance PL036_56, best cost 70.6817 + -148.849 = -78.1675 over 244 frames.
PL036_56 sil s u S E p k o j d a b rZ 1 ts_j sil 
LOG (lattice-best-path[5.5]:main():lattice-best-path.cc:99) For utterance PL038_21, best cost 78.2921 + -177.918 = -99.6256 over 256 frames.
PL038_21 sil p r a t o tS E dz_j E tS i k S 1 tS a w a sil 
LOG (lattice-best-path[5.5]:main():lattice-best-path.cc:99) For utterance PL039_105, best cost 119.985 + -193.085 = -73.0999 over 256 frames.
PL039_105 sil v tS 1 v a r t o tS a s o: m rZ a v a dZ i S tS E r a S a x sil 
LOG (lattice-best-path[5.5]:main():lattice-best-path.cc:99) For utterance PL039_38, best cost 77.7076 + -157.545 = -79.8375 over 256 frames.
PL039_38 sil h a l t o r t E t 1 S_j i E v a n i o sil 
LOG (lattice-best-path[5.5]:main():lattice-best-path.cc:99) For utterance PL038_4, best cost 40.8801 + -146.743 = -105.862 over 294 frames.
PL038_4 sil j a k t u rZ 1 ts_j sil 
LOG (lattice-best-path[5.5]:main():lattice-best-path.cc:99) For utterance PL041_41, best cost 149.372 + -219.689 = -70.3163 over 294 frames.
PL041_41 sil s p S a S a j v r O v o s o m i r a t n i m i E s p S E s t a m s t v a m sil 
LOG (lattice-best-path[5.5]:main():lattice-best-path.cc:99) For utterance PL072_126, best cost 125.892 + -225.214 = -99.3215 over 294 frames.
PL072_126 sil p S E g a p i S n a g a n i s t a m i p S E k a p m i r a k o sil 
LOG (lattice-best-path[5.5]:main():lattice-best-path.cc:99) For utterance PL046_93, best cost 97.8008 + -222.641 = -124.841 over 306 frames.
PL046_93 sil z d a n i a n a t E n t E m a ts a m p O dz_j E l a n sil 
LOG (lattice-best-path[5.5]:main():lattice-best-path.cc:99) For utterance PL084_20, best cost 106.511 + -222.586 = -116.075 over 306 frames.
PL084_20 sil r a f l E k s j a p S 1 x O dz_j E p O v S E s t k i sil 
LOG (lattice-best-path[5.5]:main():lattice-best-path.cc:99) For utterance PL040_73, best cost 138.079 + -257.672 = -119.594 over 325 frames.
PL040_73 sil k O b i t a n i z g o d i O S_j i n o p a r a ts j v a d u r O v i tS u sil 
LOG (lattice-best-path[5.5]:main():lattice-best-path.cc:99) For utterance PL036_32, best cost 141.017 + -240.387 = -99.3698 over 331 frames.
PL036_32 sil z a n g a rZ 1 v a n a b r E g a d n u a n t a t a rZ O l s t o tS n o sil 
LOG (lattice-best-path[5.5]:main():lattice-best-path.cc:99) For utterance PL077_8, best cost 128.061 + -237.068 = -109.007 over 381 frames.
PL077_8 sil n a s n a rZ 1 ts O n i p r i E_~ dz 1 b o t o n i E s t r s M l i sil 
LOG (lattice-best-path[5.5]:main():lattice-best-path.cc:99) For utterance PL030_11, best cost 104.802 + -251.487 = -146.685 over 400 frames.
PL030_11 sil n a v E t 1 v r u dz_j i n a j u tS i p r E m i E r a sil 
LOG (lattice-best-path[5.5]:main():lattice-best-path.cc:99) For utterance PL030_87, best cost 101.364 + -230.463 = -129.098 over 400 frames.
PL030_87 sil v t o n O v O k o n f i k t 1 t f i r a dZ i sil 
LOG (lattice-best-path[5.5]:main():lattice-best-path.cc:99) For utterance PL084_70, best cost 125.771 + -274.438 = -148.667 over 406 frames.
PL084_70 sil p S E s t k O z a S k a z E n a t O rZ E t a k m a rZ E b E ts_j sil 
LOG (lattice-best-path[5.5]:main():lattice-best-path.cc:99) For utterance PL036_18, best cost 155.904 + -314.694 = -158.791 over 413 frames.
PL036_18 sil v l a n d a n a t O rZ E d O v a dz O_~ ts a ts O n i E d a ts i n i p r a k s a r u v sil 
LOG (lattice-best-path[5.5]:main():lattice-best-path.cc:99) For utterance PL039_107, best cost 168.814 + -311.613 = -142.799 over 413 frames.
PL039_107 sil p S E tS E S E n dZ e k a S t 1 z n a S u p o ya t a z a t o t u k e d E S_j r O b i o sil 
LOG (lattice-best-path[5.5]:main():lattice-best-path.cc:99) For utterance PL039_32, best cost 199.19 + -318.752 = -119.562 over 413 frames.
PL039_32 sil v s O S_j i E S t a u s t i m i l u tS n i k t u rZ 1 v u v tS a s p o S a d a l j a l t O r E t a r t sil 
LOG (lattice-best-path[5.5]:main():lattice-best-path.cc:99) For utterance PL038_17, best cost 99.2329 + -253.341 = -154.108 over 438 frames.
PL038_17 sil z a j a o S E o d O m O v n o p r O b o t o sil 
LOG (lattice-best-path[5.5]:main():lattice-best-path.cc:99) For utterance PL040_65, best cost 183.122 + -342.571 = -159.449 over 438 frames.
PL040_65 sil j e d n a d o t 1 tS 1 S_j m i 4 k i dz_j E ts k a d r u J\ e b E d u S t u ts E l a k a r s k i sil 
LOG (lattice-best-path[5.5]:main():lattice-best-path.cc:99) For utterance PL040_79, best cost 202.236 + -351.824 = -149.588 over 444 frames.
PL040_79 sil i s t M n o m a r t u rZ E v r a S tS E m o g O m u v 1 dz_j i b 1 z o b a f O g O S_j i w a k a p i s k a sil 
LOG (lattice-best-path[5.5]:main():lattice-best-path.cc:99) For utterance PL030_58, best cost 65.8224 + -235.563 = -169.741 over 463 frames.
PL030_58 sil s a k r E t a S O v r a ts a sil 
LOG (lattice-best-path[5.5]:main():lattice-best-path.cc:99) For utterance PL040_80, best cost 148.202 + -313.995 = -165.793 over 463 frames.
PL040_80 sil i m O v i k a j y z n a j a t a g u d O t r u n u ts k i S p i t a l i sil 
LOG (lattice-best-path[5.5]:main():lattice-best-path.cc:99) For utterance PL041_61, best cost 219.109 + -379.545 = -160.435 over 475 frames.
PL041_61 sil p O k a z u rZ 1 ts i m a t r e u v O v i n S E m a ts a n a l a rZ 1 z a r a ts_j v i r m i s u p r a v n i: N A: m i sil 
LOG (lattice-best-path[5.5]:main():lattice-best-path.cc:99) For utterance PL090_47, best cost 121.163 + -312.562 = -191.399 over 475 frames.
PL090_47 sil j a k i E s t u rZ O_~ dz O m a u n i a r a u r O p a i s k a sil 
LOG (lattice-best-path[5.5]:main():lattice-best-path.cc:99) For utterance PL097_20, best cost 154.107 + -290.281 = -136.175 over 475 frames.
PL097_20 sil v i s t a k e g O rZ O n a s t a w O n 9 z e l E m p S a rZ E b i o n k i n sil 
LOG (lattice-best-path[5.5]:main():lattice-best-path.cc:99) For utterance PL040_87, best cost 96.6121 + -276.973 = -180.361 over 488 frames.
PL040_87 sil b 1 b E t o k O r o n E n d o v s p r a v i E sil 
LOG (lattice-best-path[5.5]:main():lattice-best-path.cc:99) For utterance PL046_35, best cost 75.1052 + -249.599 = -174.494 over 488 frames.
PL046_35 sil p a l E ts n a p r a z e d E n t a sil 
LOG (lattice-best-path[5.5]:main():lattice-best-path.cc:99) For utterance PL038_3, best cost 103.997 + -289.455 = -185.458 over 494 frames.
PL038_3 sil d a k a n ts a rZ 1 tS a n a z a p o n o t E g O d n a sil 
LOG (lattice-best-path[5.5]:main():lattice-best-path.cc:99) For utterance PL040_41, best cost 190.111 + -347.863 = -157.752 over 494 frames.
PL040_41 sil j E Z a i t E S p o s t a n O v i E rZ E n i E b E n i S E n i m i k i r O v o p O rZ O_~ b a r t a sil 
LOG (lattice-best-path[5.5]:main():lattice-best-path.cc:99) For utterance PL041_27, best cost 277.857 + -404.603 = -126.747 over 500 frames.
PL041_27 sil r a ts a tS i a l a r m O v a l i b r a tS E rZ E n a l j S_j ts_j O m e S tS 1 m a v i r a l a k O v p S E s a rZ a w O k r dz_j E S_j i u S E m i p O d a sil 
LOG (lattice-best-path[5.5]:main():lattice-best-path.cc:99) For utterance PL072_101, best cost 275.839 + -402.119 = -126.28 over 506 frames.
PL072_101 sil v r a k o b E_~ dz_j i w a ts_j i b u z n i S tS E n i E n i p O v i n i b 1 dz_j E v i a k i a k r E j s n i d u rZ 1 p o t E n dZ a n i b r dz 1 b o g a t sil 
LOG (lattice-best-path[5.5]:main():lattice-best-path.cc:99) For utterance PL038_77, best cost 128.075 + -297.509 = -169.435 over 513 frames.
PL038_77 sil m i a w a j a k o S O b s a s i o n a p o n tS E z d r o r a sil 
LOG (lattice-best-path[5.5]:main():lattice-best-path.cc:99) For utterance PL036_44, best cost 205.778 + -386.83 = -181.052 over 519 frames.
PL036_44 sil v S dZ a s t o tS t a rZ O l a t i v O v k a z k i n o n a m e s E p O j ts j a t a m i tS i n s t a v a sil 
LOG (lattice-best-path[5.5]:main():lattice-best-path.cc:99) For utterance PL041_88, best cost 251.405 + -430.712 = -179.307 over 544 frames.
PL041_88 sil f E d a p O z a s t a n i i m i: n d i b i d u w a n a d v a n i S a b a s a m O rZ O n a v a g O k O l a g i m a t v A: v tS a g o sil 
LOG (lattice-best-path[5.5]:main():lattice-best-path.cc:99) For utterance PL038_89, best cost 161.18 + -348.021 = -186.841 over 550 frames.
PL038_89 sil j e t E O r i a j s t a k a t S tS E s w a v A: m i o p r O b l a m E s o b o sil 
LOG (lattice-best-path[5.5]:main():lattice-best-path.cc:99) For utterance PL039_92, best cost 261.281 + -415.664 = -154.383 over 556 frames.
PL039_92 sil n a tS 1 dz_j E S_j ts_j i v i S a n 1 ts_j p r a d v O dz_j E s t O S_j i t n 1 ts_j O_~ d E S p i n a r j O d u j u S tS E_~ ts_j a p o s t E m p O v a n i ya sil 
LOG (lattice-best-path[5.5]:main():lattice-best-path.cc:99) For utterance PL040_45, best cost 219.134 + -418.003 = -198.869 over 563 frames.
PL040_45 sil a p i n s n O v a tS v a t u J\ e p o v 1 S u g O r O k u p a n O v a n a s u n t r g o k a p i t O v E k a sil 
LOG (lattice-best-path[5.5]:main():lattice-best-path.cc:99) For utterance PL063_8, best cost 237.083 + -418.944 = -181.861 over 569 frames.
PL063_8 sil s t r a j k u j O r u j u v o S E Z i k a rZ 1 v O b r o n i E p l u r O l i z b o b a d a x a l E t r u n i S n a sil 
LOG (lattice-best-path[5.5]:main():lattice-best-path.cc:99) For utterance PL084_34, best cost 223.701 + -429.013 = -205.312 over 569 frames.
PL084_34 sil a b E n i g i n a l i k O l E n i p O l i ts j a n dZ i k O n i E tS n a j E s t i E S tS E l a p S a r a s p O z n a n i E sil 
LOG (lattice-best-path[5.5]:main():lattice-best-path.cc:99) For utterance PL084_27, best cost 231.425 + -428.524 = -197.099 over 575 frames.
PL084_27 sil v s l a n i n a s m a d a r E n k i b u w a v tS O r a j n E v a rZ n E S E n t E m a t a l a g O v p O l i ts j a n t o sil 
LOG (lattice-best-path[5.5]:main():lattice-best-path.cc:99) For utterance PL041_67, best cost 248.385 + -447.718 = -199.333 over 581 frames.
PL041_67 sil n a j v i E_~ ts E u r a z O v i O_~ rZ 1 ts_j O_~ ts O p O rZ E n a m i s p O v O d O v a n E m i n i o m e: n o t p a l a n i m p a t a r t sil 
LOG (lattice-best-path[5.5]:main():lattice-best-path.cc:99) For utterance PL040_23, best cost 270.783 + -479.916 = -209.133 over 594 frames.
PL040_23 sil p i s E p S E s i k O m n i k a t u v i n i k a j d n d a tS n a p O p a r tS l a v s p o n i a n E g O k o t E k s p S 1 z v a i t O S_j 
LOG (lattice-best-path[5.5]:main():lattice-best-path.cc:99) For utterance PL072_79, best cost 251.919 + -442.879 = -190.96 over 594 frames.
PL072_79 sil s o d i s k i p i n i E_~ dz 1 x i n a s j O_~ t E rZ O r E z n d a s v a n o s a m o m b i n a d E n E m i a l k a j d o n a tS a v a sil 
LOG (lattice-best-path[5.5]:main():lattice-best-path.cc:99) For utterance PL084_22, best cost 219.398 + -432.104 = -212.706 over 594 frames.
PL084_22 sil n a t a v n a v S E s ts j e t E S E p o r u S a n i t E m ts a S a s t a w a m u v i d a l u S u rZ a x i k sil 
LOG (lattice-best-path[5.5]:main():lattice-best-path.cc:99) For utterance PL072_90, best cost 235.94 + -422.197 = -186.258 over 600 frames.
PL072_90 sil p r E d m a t E ts i tS i E tS n a u rZ E l E p i b i tS E S_j ts_j O v a n 1 m i s i t i n i Z n i v O l a n 1 m i g o d n 1 m sil 
LOG (lattice-best-path[5.5]:main():lattice-best-path.cc:99) For utterance PL072_116, best cost 82.053 + -138.236 = -56.183 over 175 frames.
PL072_116 sil t o s o j n a k s t a r E p i n i O_~ z a sil 
LOG (lattice-best-path[5.5]:main():lattice-best-path.cc:99) For utterance PL036_41, best cost 73.5508 + -148.842 = -75.2907 over 200 frames.
PL036_41 sil z d O rZ O d a t S E s t S a v a sil 
LOG (lattice-best-path[5.5]:main():lattice-best-path.cc:99) For utterance PL039_85, best cost 73.7432 + -133.227 = -59.4841 over 206 frames.
PL039_85 sil v n i m i a n s a t E v 1 b o r u sil 
LOG (lattice-best-path[5.5]:main():lattice-best-path.cc:99) For utterance PL039_56, best cost 88.272 + -182.541 = -94.2686 over 250 frames.
PL039_56 sil t E m h a n i s l a z a S k O tS O p a n a sil 
LOG (lattice-best-path[5.5]:main():lattice-best-path.cc:99) For utterance PL072_124, best cost 124.641 + -200.995 = -76.3536 over 256 frames.
PL072_124 sil tS E Z g rZ E j O_~ S_j i n i k i k O p a r E k i s p i x a tS E sil 
LOG (lattice-best-path[5.5]:main():lattice-best-path.cc:99) For utterance PL041_102, best cost 113.031 + -204.801 = -91.7704 over 269 frames.
PL041_102 sil p S E tS i S n i m O b i l e n i x n i E g o s a v a ts i sil 
LOG (lattice-best-path[5.5]:main():lattice-best-path.cc:99) For utterance PL041_18, best cost 123.48 + -213.752 = -90.2724 over 281 frames.
PL041_18 sil n a j b i S E m tS a S e n m a S E z i m i s p o t k a ts i sil 
LOG (lattice-best-path[5.5]:main():lattice-best-path.cc:99) For utterance PL084_11, best cost 99.4939 + -201.974 = -102.48 over 288 frames.
PL084_11 sil n i l i tS a S a s k a n s a n k v E n ts j a v i sil 
LOG (lattice-best-path[5.5]:main():lattice-best-path.cc:99) For utterance PL038_20, best cost 87.3957 + -188.44 = -101.045 over 294 frames.
PL038_20 sil r a l e b o s k e r a n a n b o s k r x sil 
LOG (lattice-best-path[5.5]:main():lattice-best-path.cc:99) For utterance PL040_17, best cost 93.3889 + -199.001 = -105.612 over 300 frames.
PL040_17 sil p i o t r a n a p o: d i v\ e m o d i tS v E sil 
LOG (lattice-best-path[5.5]:main():lattice-best-path.cc:99) For utterance PL038_62, best cost 98.1344 + -183.839 = -85.7044 over 306 frames.
PL038_62 sil z a s a n a r a S E l a tS E g a t a z r O b i l a sil 
LOG (lattice-best-path[5.5]:main():lattice-best-path.cc:99) For utterance PL072_82, best cost 117.356 + -217.13 = -99.7742 over 313 frames.
PL072_82 sil a t E o p r a ts i s p O r O g r a s a m i r a k i tS E tS E sil 
LOG (lattice-best-path[5.5]:main():lattice-best-path.cc:99) For utterance PL084_37, best cost 87.795 + -232.72 = -144.925 over 325 frames.
PL084_37 sil t a d E u S i a ts E v i tS z b i s k a sil 
LOG (lattice-best-path[5.5]:main():lattice-best-path.cc:99) For utterance PL038_45, best cost 116.026 + -219.83 = -103.804 over 331 frames.
PL038_45 sil n a m o j tS E k n a d rZ E k z b 1 l i S E l u l E sil 
LOG (lattice-best-path[5.5]:main():lattice-best-path.cc:99) For utterance PL038_52, best cost 104.006 + -205.143 = -101.138 over 338 frames.
PL038_52 sil v e b a n i k n i o d p o v\ e n a t a p E t a n i E sil 
LOG (lattice-best-path[5.5]:main():lattice-best-path.cc:99) For utterance PL072_73, best cost 140.764 + -254.268 = -113.503 over 344 frames.
PL072_73 sil p O z a t E n t u S u j a i k a n a g a ts E v i d E d i g O m O k i m sil 
LOG (lattice-best-path[5.5]:main():lattice-best-path.cc:99) For utterance PL084_40, best cost 110.168 + -237.164 = -126.995 over 350 frames.
PL084_40 sil t a r a s r O m a n t 1 z a z n i k n o v S a n dZ a sil 
LOG (lattice-best-path[5.5]:main():lattice-best-path.cc:99) For utterance PL012_15, best cost 99.4149 + -214.16 = -114.745 over 356 frames.
PL012_15 sil n i m a k O n t r O l i n a t E k m i o s o: m a n sil 
LOG (lattice-best-path[5.5]:main():lattice-best-path.cc:99) For utterance PL036_30, best cost 143.289 + -235.325 = -92.036 over 356 frames.
PL036_30 sil p i sil d O b a v 1 z a j u S E n i E n t a l k o tS u s a f u s n M sil 
LOG (lattice-best-path[5.5]:main():lattice-best-path.cc:99) For utterance PL039_19, best cost 168.286 + -287.392 = -119.106 over 369 frames.
PL039_19 sil tS E S_j ts_j p O s u v k O m i t E t O b u v a t a l s k i g O z a p r O t o s t O v a v a sil 
LOG (lattice-best-path[5.5]:main():lattice-best-path.cc:99) For utterance PL039_87, best cost 165.795 + -262.376 = -96.5815 over 369 frames.
PL039_87 sil d E n t E g O n i s r O b i u x a b a p r a tS i v i l s k r a tS i b i n i b 1 u sil 
LOG (lattice-best-path[5.5]:main():lattice-best-path.cc:99) For utterance PL072_8, best cost 199.943 + -309.272 = -109.329 over 374 frames.
PL072_8 sil s o v O k O f 9 4 t a v a n i m a J s p o n E g O z b i x t r a n f i O rZ 1 S_j i E r a tS 1 z g O d u sil 
LOG (lattice-best-path[5.5]:main():lattice-best-path.cc:99) For utterance PL040_66, best cost 155.822 + -298.136 = -142.315 over 375 frames.
PL040_66 sil v tS a S E p O r o d o l E k a rZ 1 z a s t o s O v a l t 1 s a s k i tS E_~ ts_j E sil 
LOG (lattice-best-path[5.5]:main():lattice-best-path.cc:99) For utterance PL072_13, best cost 192.614 + -292.131 = -99.5164 over 394 frames.
PL072_13 sil n a s t O k u m O rZ n a p o s t a ts_j d o p O rZ n i g O dz_j E v 1 tS a n d u S t r a s O_~ S_j i t v a n a sil 
LOG (lattice-best-path[5.5]:main():lattice-best-path.cc:99) For utterance PL038_16, best cost 107.304 + -232.77 = -125.466 over 406 frames.
PL038_16 sil z n i x E l i n i z o tS o v r a j a n i E rZ E k i sil 
LOG (lattice-best-path[5.5]:main():lattice-best-path.cc:99) For utterance PL036_21, best cost 165.355 + -322.182 = -156.827 over 419 frames.
PL036_21 sil s a v O m i S_j ts_j i s O v s k i E rZ E tS i k k O m a n t 1 x g o v n i p O i ts i sil 
LOG (lattice-best-path[5.5]:main():lattice-best-path.cc:99) For utterance PL038_49, best cost 115.256 + -282.076 = -166.819 over 419 frames.
PL038_49 sil p a n i m a r j a m a o tS 1 tS E r v o l a o d u w a s sil 
LOG (lattice-best-path[5.5]:main():lattice-best-path.cc:99) For utterance PL038_74, best cost 112.592 + -254.803 = -142.211 over 419 frames.
PL038_74 sil n i m o g w a z m a l E z n i n s p o n a n b E_~ dz 1 k a sil 
LOG (lattice-best-path[5.5]:main():lattice-best-path.cc:99) For utterance PL084_97, best cost 149.362 + -312.638 = -163.276 over 419 frames.
PL084_97 sil p S E g a p i S m a a v k a n i s t a n t n i p S E g a p m i i r a k o sil 
LOG (lattice-best-path[5.5]:main():lattice-best-path.cc:99) For utterance PL084_1, best cost 160.097 + -321.464 = -161.368 over 431 frames.
PL084_1 sil p tS a S a k t i p O l i ts j a n t n i z a s t a n a v E S_j ts_j O_~ t a m o g r o Z i sil 
LOG (lattice-best-path[5.5]:main():lattice-best-path.cc:99) For utterance PL038_80, best cost 65.6234 + -216.895 = -151.272 over 444 frames.
PL038_80 sil v 1 s v A: n d O l a k a rZ a sil 
LOG (lattice-best-path[5.5]:main():lattice-best-path.cc:99) For utterance PL038_43, best cost 135.684 + -278.691 = -143.008 over 450 frames.
PL038_43 sil v a l E z i o s t 1 S a l k i p r E l j a g a ts_j O_~ g r O tS O w a sil 
LOG (lattice-best-path[5.5]:main():lattice-best-path.cc:99) For utterance PL072_112, best cost 204.699 + -329.503 = -124.803 over 450 frames.
PL072_112 sil z a r a v i a n i E g o t a m tS E n a S_j ts_j O n i a l E g a n s k o p a t O l O g A: r a tS E n i S n o r m a sil 
LOG (lattice-best-path[5.5]:main():lattice-best-path.cc:99) For utterance PL072_113, best cost 204.493 + -316.729 = -112.236 over 456 frames.
PL072_113 sil f a s t v a h E: g i S O dz_j O z b r a k r O k O rZ O s o: m i S E v i w O v f a 4 d E n t E r E s i sil 
LOG (lattice-best-path[5.5]:main():lattice-best-path.cc:99) For utterance PL030_82, best cost 122.646 + -288.006 = -165.36 over 475 frames.
PL030_82 sil v s a v S 1 m i a w 1 m l E g i ts O v E p o b l o n d E sil 
LOG (lattice-best-path[5.5]:main():lattice-best-path.cc:99) For utterance PL040_78, best cost 195.611 + -367.294 = -171.683 over 494 frames.
PL040_78 sil t o S O k p S E s t a j p r O k u r a t a p r O v a dz O_~ ts p r a v O S_j v i tS n o v\ o r O t k u v sil 
LOG (lattice-best-path[5.5]:main():lattice-best-path.cc:99) For utterance PL038_31, best cost 99.5885 + -279.811 = -180.222 over 500 frames.
PL038_31 sil r a l e b o s k i E sil t O ts O S_j i o r u S a sil 
LOG (lattice-best-path[5.5]:main():lattice-best-path.cc:99) For utterance PL038_48, best cost 45.0538 + -83.5042 = -38.4503 over 119 frames.
PL038_48 sil n i o d a w O S_j ts_j O_~ sil 
LOG (lattice-best-path[5.5]:main():lattice-best-path.cc:99) For utterance PL039_20, best cost 33.9392 + -90.4059 = -56.4666 over 156 frames.
PL039_20 sil z a tS a g o sil 
LOG (lattice-best-path[5.5]:main():lattice-best-path.cc:99) For utterance PL072_104, best cost 52.5089 + -111.414 = -58.9047 over 188 frames.
PL072_104 sil v tS i t a g rZ a m E sil 
LOG (lattice-best-path[5.5]:main():lattice-best-path.cc:99) For utterance PL040_27, best cost 89.1988 + -154.776 = -65.577 over 206 frames.
PL040_27 sil t a k f 9 s E z O f a n i n t E r a s u v sil 
LOG (lattice-best-path[5.5]:main():lattice-best-path.cc:99) For utterance PL041_63, best cost 86.6845 + -159.771 = -73.0862 over 219 frames.
PL041_63 sil b a k a z b a dZ i t v a k i l k a m i n t sil 
LOG (lattice-best-path[5.5]:main():lattice-best-path.cc:99) For utterance PL097_104, best cost 31.4249 + -111.648 = -80.2234 over 231 frames.
PL097_104 sil i s t o p a sil 
LOG (lattice-best-path[5.5]:main():lattice-best-path.cc:99) For utterance PL039_66, best cost 100.627 + -175.245 = -74.6187 over 238 frames.
PL039_66 sil j e p a n O tS E n i a p S E l e k u s t r a p S i sil 
LOG (lattice-best-path[5.5]:main():lattice-best-path.cc:99) For utterance PL072_127, best cost 111.429 + -174.253 = -62.8237 over 238 frames.
PL072_127 sil t a n s o: m p i n i O_~ dz E b a dz O n a m p O p S E b i sil 
LOG (lattice-best-path[5.5]:main():lattice-best-path.cc:99) For utterance PL072_94, best cost 79.2443 + -150.049 = -70.805 over 238 frames.
PL072_94 sil v a r O k i k o t a m u s o n d a n 1 sil 
LOG (lattice-best-path[5.5]:main():lattice-best-path.cc:99) For utterance PL072_68, best cost 102.613 + -202.721 = -100.108 over 275 frames.
PL072_68 sil t r a s r m a n t 1 z n i z m i k n o S E_~ ts_j E sil 
LOG (lattice-best-path[5.5]:main():lattice-best-path.cc:99) For utterance PL063_60, best cost 71.2282 + -189.031 = -117.803 over 281 frames.
PL063_60 sil t a k a b 1 w a i E g O f O l a sil 
LOG (lattice-best-path[5.5]:main():lattice-best-path.cc:99) For utterance PL036_36, best cost 122.731 + -212.395 = -89.6641 over 288 frames.
PL036_36 sil n i k i o t f 9 r o i p O l s E n dZ i v a rZ E l j dz_j E v i sil 
LOG (lattice-best-path[5.5]:main():lattice-best-path.cc:99) For utterance PL039_106, best cost 44.1683 + -85.8757 = -41.7074 over 113 frames.
PL039_106 sil s p E v n O S_j ts_j O_~ sil 
LOG (lattice-best-path[5.5]:main():lattice-best-path.cc:99) For utterance PL039_28, best cost 22.2442 + -70.9032 = -48.659 over 125 frames.
PL039_28 sil m a m a sil 
LOG (lattice-best-path[5.5]:main():lattice-best-path.cc:99) For utterance PL037_32, best cost 65.005 + -117.295 = -52.2895 over 169 frames.
PL037_32 sil a l E t a r O v 1 m t S 1 s sil 
LOG (lattice-best-path[5.5]:main():lattice-best-path.cc:99) For utterance PL084_88, best cost 48.2155 + -121.943 = -73.7274 over 194 frames.
PL084_88 sil a ts a z n O v E m i sil 
LOG (lattice-best-path[5.5]:main():lattice-best-path.cc:99) For utterance PL041_57, best cost 67.691 + -117.045 = -49.3535 over 200 frames.
PL041_57 sil r u x m a m E n i v i E l k i sil 
LOG (lattice-best-path[5.5]:main():lattice-best-path.cc:99) For utterance PL041_98, best cost 100.789 + -158.133 = -57.3447 over 206 frames.
PL041_98 sil k a 4 a m p a n O rZ O_~ j E d n a k t a b o r s E sil 
LOG (lattice-best-path[5.5]:main():lattice-best-path.cc:99) For utterance PL036_87, best cost 58.336 + -136.043 = -77.7066 over 225 frames.
PL036_87 sil tS 1 ts O S_j E z m i j o sil 
LOG (lattice-best-path[5.5]:main():lattice-best-path.cc:99) For utterance PL039_75, best cost 92.767 + -178.557 = -85.7898 over 238 frames.
PL039_75 sil p O tS 1 v i S_j ts_j E z a p r o t E s k O n a l n sil 
LOG (lattice-best-path[5.5]:main():lattice-best-path.cc:99) For utterance PL039_108, best cost 96.0193 + -186.783 = -90.7641 over 250 frames.
PL039_108 sil p S E d a S 1 s k i m o r a n i a n i ya t a l k a sil 
LOG (lattice-best-path[5.5]:main():lattice-best-path.cc:99) For utterance PL040_67, best cost 108.024 + -206.875 = -98.8509 over 269 frames.
PL040_67 sil p S o k a z i p S 1 tS e k O b i tS E l j e 4 i t o sil 
LOG (lattice-best-path[5.5]:main():lattice-best-path.cc:99) For utterance PL039_4, best cost 110.705 + -215.515 = -104.811 over 275 frames.
PL039_4 sil p O r a ts_j i w a n d 1 v 1 s t o m p i o d O S_j ts_j O_~ d u sil 
LOG (lattice-best-path[5.5]:main():lattice-best-path.cc:99) For utterance PL041_34, best cost 131.398 + -211.606 = -80.208 over 275 frames.
PL041_34 sil j s t E S tS E j e d a m p r o b l a m k t a s a p a tS i z a l a k i sil 
LOG (lattice-best-path[5.5]:main():lattice-best-path.cc:99) For utterance PL090_83, best cost 47.8824 + -149.267 = -101.385 over 281 frames.
PL090_83 sil t a n i E p r a v a d a sil 
LOG (lattice-best-path[5.5]:main():lattice-best-path.cc:99) For utterance PL040_68, best cost 94.628 + -191.791 = -97.1632 over 288 frames.
PL040_68 sil s p r a v a S O n a j a v i n 1 S k t a l u sil 
LOG (lattice-best-path[5.5]:main():lattice-best-path.cc:99) For utterance PL084_12, best cost 90.9871 + -208.985 = -117.998 over 300 frames.
PL084_12 sil m a rZ O_~ i E_~ ts_j O_~ k a r i E r E b o s u v sil 
LOG (lattice-best-path[5.5]:main():lattice-best-path.cc:99) For utterance PL097_97, best cost 87.7708 + -200.358 = -112.587 over 313 frames.
PL097_97 sil i s t o p o p O b a j k O m a n d O j a n sil 
LOG (lattice-best-path[5.5]:main():lattice-best-path.cc:99) For utterance PL072_52, best cost 131.839 + -250.053 = -118.214 over 319 frames.
PL072_52 sil p S t o k O v a n i E v 1 s a k i z a b u d O v i s p r a k t 1 tS n a sil 
LOG (lattice-best-path[5.5]:main():lattice-best-path.cc:99) For utterance PL039_59, best cost 135.757 + -234.856 = -99.099 over 331 frames.
PL039_59 sil v O dz_j E ts_j O_~ p O z l a j O_~ z a tS n a j O_~ s o: m i S a t tS u s u sil 
LOG (lattice-best-path[5.5]:main():lattice-best-path.cc:99) For utterance PL084_7, best cost 118.409 + -236.703 = -118.293 over 331 frames.
PL084_7 sil m i s t E r O z b i t E k a n g u v s E m u j a m n O v a sil 
LOG (lattice-best-path[5.5]:main():lattice-best-path.cc:99) For utterance PL072_125, best cost 184.582 + -274.973 = -90.3914 over 336 frames.
PL072_125 sil f i v E n o t p O v a d O n a t E p E t a n i a rZ 1 b 1 n i p S 1 tS u m o r p a S t v O l sil 
LOG (lattice-best-path[5.5]:main():lattice-best-path.cc:99) For utterance PL039_45, best cost 135.315 + -243.337 = -108.022 over 344 frames.
PL039_45 sil v i s E S m a k r a j m k a p i t a l i s u p a j S_j v O v a g o sil 
LOG (lattice-best-path[5.5]:main():lattice-best-path.cc:99) For utterance PL030_25, best cost 82.379 + -233.627 = -151.248 over 363 frames.
PL030_25 sil v s a rZ O_~ t u m i s k i m p a r t i sil 
LOG (lattice-best-path[5.5]:main():lattice-best-path.cc:99) For utterance PL039_57, best cost 19.0269 + -58.841 = -39.8141 over 119 frames.
PL039_57 sil n i ya sil 
LOG (lattice-best-path[5.5]:main():lattice-best-path.cc:99) For utterance PL072_114, best cost 88.6924 + -149.197 = -60.5049 over 188 frames.
PL072_114 sil t r a s n O rZ n a d u rZ a z a r O v i ts_j sil 
LOG (lattice-best-path[5.5]:main():lattice-best-path.cc:99) For utterance PL039_83, best cost 73.421 + -135.081 = -61.6604 over 194 frames.
PL039_83 sil r o s p r a v a O d r O tS a n o sil 
LOG (lattice-best-path[5.5]:main():lattice-best-path.cc:99) For utterance PL072_103, best cost 110.422 + -168.201 = -57.7787 over 250 frames.
PL072_103 sil n a j v i ts i tS i k t u rZ 1 s O_~ z a m r E k a n a j sil 
LOG (lattice-best-path[5.5]:main():lattice-best-path.cc:99) For utterance PL072_46, best cost 127.791 + -200.361 = -72.5697 over 281 frames.
PL072_46 sil a m i x t v n i tS i m i p S t o n a n i d a v n i r u d E r 1 sil 
LOG (lattice-best-path[5.5]:main():lattice-best-path.cc:99) For utterance PL077_5, best cost 132.051 + -220.902 = -88.8509 over 281 frames.
PL077_5 sil n i O_~ ts m a j o j a n 1 p E k a b a f O_~ ts O dz_j i z r O v 1 sil 
LOG (lattice-best-path[5.5]:main():lattice-best-path.cc:99) For utterance PL038_82, best cost 93.1834 + -189.402 = -96.2181 over 288 frames.
PL038_82 sil a l o n a d a l a j O ts E v s p O m i n a w a sil 
LOG (lattice-best-path[5.5]:main():lattice-best-path.cc:99) For utterance PL072_37, best cost 104.758 + -207.452 = -102.694 over 294 frames.
PL072_37 sil s a w S_j ts_j p S 1 k r e d v o s p a d O v 1 d a x sil 
LOG (lattice-best-path[5.5]:main():lattice-best-path.cc:99) For utterance PL038_47, best cost 77.6007 + -187.864 = -110.264 over 300 frames.
PL038_47 sil p o b O v a l i: f r a n i m O v a ts_j sil 
LOG (lattice-best-path[5.5]:main():lattice-best-path.cc:99) For utterance PL041_54, best cost 141.302 + -227.995 = -86.6931 over 306 frames.
PL041_54 sil a s t E m h e: n a rZ 1 z a p a l i tS l a n d i S E p k O d a l i ts_j O_~ sil 
LOG (lattice-best-path[5.5]:main():lattice-best-path.cc:99) For utterance PL039_95, best cost 116.958 + -234.719 = -117.761 over 313 frames.
PL039_95 sil v i s t E t E n i E p S E g O t O v a n o i x a j l E p i sil 
LOG (lattice-best-path[5.5]:main():lattice-best-path.cc:99) For utterance PL040_94, best cost 119.742 + -251.607 = -131.865 over 319 frames.
PL040_94 sil p O z a t E m sil j u S p a t O f i s a s k a k o j O_~ ts a sil 
LOG (lattice-best-path[5.5]:main():lattice-best-path.cc:99) For utterance PL040_72, best cost 149.541 + -250.439 = -100.898 over 331 frames.
PL040_72 sil d o S u d u z a p a l a J e k O n i S m y z a b i k i r u 4 J\ y tS n 1 sil 
LOG (lattice-best-path[5.5]:main():lattice-best-path.cc:99) For utterance PL038_96, best cost 98.392 + -227.771 = -129.379 over 381 frames.
PL038_96 sil n i n b o k u m A: sil j O_~ s v o j O p r a t sil 
LOG (lattice-best-path[5.5]:main():lattice-best-path.cc:99) For utterance PL090_16, best cost 46.0676 + -184.071 = -138.003 over 388 frames.
PL090_16 sil g l a tS a g a o sil 
LOG (lattice-best-path[5.5]:main():lattice-best-path.cc:99) For utterance PL097_2, best cost 89.2683 + -215.245 = -125.977 over 388 frames.
PL097_2 sil s t a r e t a t r b n o v a n s a z o r E sil 
LOG (lattice-best-path[5.5]:main():lattice-best-path.cc:99) For utterance PL072_123, best cost 215.487 + -322.422 = -106.935 over 400 frames.
PL072_123 sil m e S E t n E f i v E b u d O v a n E z d u rZ 1 m i n d u S E tS E n i a m i z E f r a t E n t E g r E S_j E_~ t sil 
LOG (lattice-best-path[5.5]:main():lattice-best-path.cc:99) For utterance PL030_17, best cost 102.716 + -280.014 = -177.297 over 413 frames.
PL030_17 sil p o s u x s E u n i E v a rZ n i a z j a s t o sil 
LOG (lattice-best-path[5.5]:main():lattice-best-path.cc:99) For utterance PL039_14, best cost 189.787 + -311.443 = -121.656 over 425 frames.
PL039_14 sil v S 1 j e m e a j s p O n o k r a S E p S E S_j ts_j a v a l a tS v a r t 1 rZ 1 p o s p O l i t E sil 
LOG (lattice-best-path[5.5]:main():lattice-best-path.cc:99) For utterance PL039_81, best cost 202.606 + -344.798 = -142.192 over 425 frames.
PL039_81 sil k a l i S p O S_j l a tS u v O v tS a S m u S O S_j E_~ p O r O s m i tS p a n E m p r a s E d E n t e: n sil 
LOG (lattice-best-path[5.5]:main():lattice-best-path.cc:99) For utterance PL084_10, best cost 144.266 + -301.131 = -156.866 over 425 frames.
PL084_10 sil k ts O S E p k O i d O b rZ E rZ E tS t t a j E s t i x a t O s sil 
LOG (lattice-best-path[5.5]:main():lattice-best-path.cc:99) For utterance PL097_77, best cost 138.574 + -276.93 = -138.357 over 425 frames.
PL097_77 sil t o j t a k S E d n o t r u d i o tS i n a k r u u s p O k a j a n sil 
LOG (lattice-best-path[5.5]:main():lattice-best-path.cc:99) For utterance PL039_62, best cost 207.388 + -343.915 = -136.527 over 450 frames.
PL039_62 sil v a tS 1 g a s a d a k a d v a r ts O b a v i E S_j i u s t r a S i s t E t o t o p a m i tS n a n o d O v a i sil 
LOG (lattice-best-path[5.5]:main():lattice-best-path.cc:99) For utterance PL037_29, best cost 213.673 + -349.363 = -135.691 over 456 frames.
PL037_29 sil S_j n a m i s t r O k a l i s E ts i f i b r a n a m i s t a w i d u b E n a n n i d a l e k O m o s k f E t sil 
LOG (lattice-best-path[5.5]:main():lattice-best-path.cc:99) For utterance PL041_29, best cost 197.133 + -359.348 = -162.215 over 463 frames.
PL041_29 sil v e k i z a t E m i a b a b E ts E s k l a p a ts i n d u v p E d a n a tS a n a i z b a t a k a r s k a sil 
LOG (lattice-best-path[5.5]:main():lattice-best-path.cc:99) For utterance PL077_18, best cost 210.939 + -346.016 = -135.076 over 463 frames.
PL077_18 sil p r a ts E z O s t O z a p r E z a t O v a n 1 p o b i tS n a b u m o g i o ts E S E s M n a v O j O r tS 1 s sil 
LOG (lattice-best-path[5.5]:main():lattice-best-path.cc:99) For utterance PL038_79, best cost 128.649 + -299.975 = -171.326 over 469 frames.
PL038_79 sil k a z a w a m i z a rZ 1 v a tS k r O p l a u s p O k a j a n s a sil 
LOG (lattice-best-path[5.5]:main():lattice-best-path.cc:99) For utterance PL037_39, best cost 206.808 + -349.338 = -142.53 over 475 frames.
PL037_39 sil s v i n i E S_j v a n E t a k i s i n i S O rZ 1 k i v i s t i: v O k o n a s t m u v i r o: m a n o r u i t sil 
LOG (lattice-best-path[5.5]:main():lattice-best-path.cc:99) For utterance PL072_16, best cost 220.515 + -344.826 = -124.311 over 475 frames.
PL072_16 sil s t u a ts i z m i n i d o n a tS a rZ a l M s a p r E k t O v a n E p S 1 z a m i S k a j a d E r n E g a v r a n sil 
LOG (lattice-best-path[5.5]:main():lattice-best-path.cc:99) For utterance PL012_39, best cost 192.451 + -343.559 = -151.108 over 481 frames.
PL012_39 sil p r a t f o: m O v a t r s k a p O n i o s p a sil p S l a 4 i n a r a rZ E n E v i n p S E s t r a t 1 sil 
LOG (lattice-best-path[5.5]:main():lattice-best-path.cc:99) For utterance PL038_25, best cost 115.561 + -273.58 = -158.02 over 481 frames.
PL038_25 sil v ts O tS a S E u z a w rZ E t O j E m a k n i o m a sil 
LOG (lattice-best-path[5.5]:main():lattice-best-path.cc:99) For utterance PL072_4, best cost 192.842 + -354.735 = -161.894 over 488 frames.
PL072_4 sil t r n a s k a p r a ts a b n a S n_j a p S 1 S_j ts_j u n a t a n a m a S t a p i s p o r E d O r O b E k sil 
LOG (lattice-best-path[5.5]:main():lattice-best-path.cc:99) For utterance PL038_44, best cost 73.9012 + -130.049 = -56.1475 over 206 frames.
PL038_44 sil k O S 1 s k a t v O s E k O n d a sil 
LOG (lattice-best-path[5.5]:main():lattice-best-path.cc:99) For utterance PL036_74, best cost 76.4983 + -155.014 = -78.5152 over 219 frames.
PL036_74 sil o d b i t E r z a k o d n i k u v sil 
LOG (lattice-best-path[5.5]:main():lattice-best-path.cc:99) For utterance PL036_58, best cost 87.8431 + -179.007 = -91.1643 over 256 frames.
PL036_58 sil v m a rZ O_~ S_j i E k a r i r E b o s u v sil 
LOG (lattice-best-path[5.5]:main():lattice-best-path.cc:99) For utterance PL072_91, best cost 119.333 + -203.032 = -83.6986 over 269 frames.
PL072_91 sil v i b O m a r a ts j u tS a S t o m a u r O m a n t 1 tS n a sil 
LOG (lattice-best-path[5.5]:main():lattice-best-path.cc:99) For utterance PL036_43, best cost 99.2545 + -186.079 = -86.825 over 275 frames.
PL036_43 sil p O l ts E n dZ a d sil p O v i dZ i j o g i m sil 
LOG (lattice-best-path[5.5]:main():lattice-best-path.cc:99) For utterance PL072_86, best cost 143.805 + -225.971 = -82.1662 over 281 frames.
PL072_86 sil m a dZ i t a d O b r O b 1 t n i v O n i k v p O v i z O n i k t u rZ 1 sil 
LOG (lattice-best-path[5.5]:main():lattice-best-path.cc:99) For utterance PL030_24, best cost 24.9501 + -131.789 = -106.838 over 288 frames.
PL030_24 sil s k i m sil 
LOG (lattice-best-path[5.5]:main():lattice-best-path.cc:99) For utterance PL036_90, best cost 134.532 + -236.23 = -101.698 over 300 frames.
PL036_90 sil b 1 tS m O rZ E k O m u S p O p r O v i o t o s a m a p O tS u tS E sil 
LOG (lattice-best-path[5.5]:main():lattice-best-path.cc:99) For utterance PL038_36, best cost 65.6233 + -176.088 = -110.465 over 306 frames.
PL038_36 sil r a t o l i k u r a t o n k o sil 
LOG (lattice-best-path[5.5]:main():lattice-best-path.cc:99) For utterance PL040_42, best cost 111.654 + -205.197 = -93.5427 over 313 frames.
PL040_42 sil S E b a t r k o j a s n a k r O S_j i s f 9 z a m i a r sil 
LOG (lattice-best-path[5.5]:main():lattice-best-path.cc:99) For utterance PL039_3, best cost 122.632 + -241.147 = -118.515 over 331 frames.
PL039_3 sil z a k o t n i S_j ts_j O v a p o tS i tS m o t S k O d O v a n a sil 
LOG (lattice-best-path[5.5]:main():lattice-best-path.cc:99) For utterance PL097_98, best cost 100.493 + -221.216 = -120.722 over 338 frames.
PL097_98 sil d r E f O j a m a d o n a b i S E p u tS i z 1 sil 
LOG (lattice-best-path[5.5]:main():lattice-best-path.cc:99) For utterance PL038_32, best cost 57.5388 + -175.602 = -118.064 over 350 frames.
PL038_32 sil p o d a S O n b l E rZ E sil 
LOG (lattice-best-path[5.5]:main():lattice-best-path.cc:99) For utterance PL097_16, best cost 98.2739 + -214.483 = -116.209 over 350 frames.
PL097_16 sil d a m O v 1 p o r o d n g a r t i: s t 1 tS n 1 sil 
LOG (lattice-best-path[5.5]:main():lattice-best-path.cc:99) For utterance PL038_24, best cost 85.218 + -201.334 = -116.116 over 356 frames.
PL038_24 sil j a t a tS n i m o g O v t o v i E rZ 1 ts_j sil 
LOG (lattice-best-path[5.5]:main():lattice-best-path.cc:99) For utterance PL046_96, best cost 87.5813 + -210.196 = -122.615 over 356 frames.
PL046_96 sil j a d a b a dZ a f t E m p S E p a t k u sil 
LOG (lattice-best-path[5.5]:main():lattice-best-path.cc:99) For utterance PL072_108, best cost 143.213 + -264.002 = -120.789 over 373 frames.
PL072_108 sil v i r a z i n a i S m i a k O p a J s t v a J s t i n k t u p i r a n sil 
LOG (lattice-best-path[5.5]:main():lattice-best-path.cc:99) For utterance PL084_63, best cost 135.979 + -262.671 = -126.692 over 375 frames.
PL084_63 sil k a b a m a j a m r a ts i h a tS a S t O m a w O r O m a n t E tS n a sil 
LOG (lattice-best-path[5.5]:main():lattice-best-path.cc:99) For utterance PL097_88, best cost 110.432 + -238.264 = -127.831 over 394 frames.
PL097_88 sil z m a dZ y z a z a d E d o s w O v a n a m u v i j a n sil 
LOG (lattice-best-path[5.5]:main():lattice-best-path.cc:99) For utterance PL012_26, best cost 93.9489 + -233.566 = -139.617 over 406 frames.
PL012_26 sil t z a n i m i p o d o m a s t a m p n i sil t sil 
LOG (lattice-best-path[5.5]:main():lattice-best-path.cc:99) For utterance PL030_65, best cost 63.8764 + -225.28 = -161.404 over 413 frames.
PL030_65 sil t o o t k r i tS E k a r t sil 
LOG (lattice-best-path[5.5]:main():lattice-best-path.cc:99) For utterance PL036_93, best cost 163.854 + -303.263 = -139.408 over 413 frames.
PL036_93 sil p S E d n i E v k a S t E m p r a ts l i p o p i E_~ dz_j E ts_j O_~ t f u tS E n a rZ 1 S E sil 
LOG (lattice-best-path[5.5]:main():lattice-best-path.cc:99) For utterance PL030_49, best cost 119.741 + -277.456 = -157.714 over 419 frames.
PL030_49 sil p O v i l d u m i n s t a v a tS d o d r u g i t u r 1 sil 
LOG (lattice-best-path[5.5]:main():lattice-best-path.cc:99) For utterance PL046_11, best cost 125.252 + -281.113 = -155.861 over 419 frames.
PL046_11 sil n a sil a n a l i z a r a p a r t o r a S t a r O v z u j E n sil 
LOG (lattice-best-path[5.5]:main():lattice-best-path.cc:99) For utterance PL097_41, best cost 117.385 + -264.93 = -147.546 over 431 frames.
PL097_41 sil z a n i m a w E p i l O_~ z a v p E m i E_~ ts_j O_~ t o d a j E sil 
LOG (lattice-best-path[5.5]:main():lattice-best-path.cc:99) For utterance PL012_50, best cost 163.356 + -298.038 = -134.682 over 450 frames.
PL012_50 sil j o s v O v a t o s o g n i p O t a k t O v a l n a r a rZ 1 p i n dZ u p O s u v sil 
LOG (lattice-best-path[5.5]:main():lattice-best-path.cc:99) For utterance PL038_64, best cost 154.528 + -310.789 = -156.261 over 450 frames.
PL038_64 sil s t E g O ts O v i a m sil n a r O dz_j E n a n tS E S k a n i n i a ts O l i tS 1 ts_j sil 
LOG (lattice-best-path[5.5]:main():lattice-best-path.cc:99) For utterance PL097_82, best cost 145.222 + -308.642 = -163.42 over 450 frames.
PL097_82 sil v E l a b a ts a v a v t E u p S E tS 1 k u j E x o g o v o d E j a n sil 
LOG (lattice-best-path[5.5]:main():lattice-best-path.cc:99) For utterance PL084_95, best cost 142.028 + -332.787 = -190.759 over 456 frames.
PL084_95 sil v tS E j u S g rZ a j O_~ S_j i n i k i k O p a r E k i s p a h a tS 1 sil 
LOG (lattice-best-path[5.5]:main():lattice-best-path.cc:99) For utterance PL039_101, best cost 232.143 + -370.963 = -138.82 over 463 frames.
PL039_101 sil p i n S 1 S_j ts_j i p S 1 p a t k u f i E d n a k o S E k f E n S u n a g a n i n a k i s k O m i E v i ts_j O_~ d n i E n t o sil 
LOG (lattice-best-path[5.5]:main():lattice-best-path.cc:99) For utterance PL072_97, best cost 182.787 + -333.156 = -150.369 over 469 frames.
PL072_97 sil v i S i t a m i S a p O v i dz_j E ts_j O_~ n a ts_j t r 1 ts_j v E n O f a j tS a m r E k a n o v sil 
LOG (lattice-best-path[5.5]:main():lattice-best-path.cc:99) For utterance PL084_13, best cost 173.103 + -347.374 = -174.271 over 475 frames.
PL084_13 sil t k ts O b 1 tS t a k s a m a s l a v n i a k i x p O p S E d n i O p i k o n O v E sil 
LOG (lattice-best-path[5.5]:main():lattice-best-path.cc:99) For utterance PL090_41, best cost 99.8144 + -285.699 = -185.884 over 475 frames.
PL090_41 sil p S E m b e u z v i O_~ z a k s a v i E ts k i sil 
LOG (lattice-best-path[5.5]:main():lattice-best-path.cc:99) For utterance PL072_92, best cost 216.245 + -353.186 = -136.941 over 481 frames.
PL072_92 sil v O n b 1 b E n o r m a t E p i S E f a dZ i m a j n o i r a k u rZ n i d O d o n o g o s f i n i O_~ ts a t sil 
LOG (lattice-best-path[5.5]:main():lattice-best-path.cc:99) For utterance PL037_10, best cost 218.734 + -373.118 = -154.384 over 500 frames.
PL037_10 sil s u rZ O_~ b E s p o t n o r a d u i p O m o t u k a S t E m u k t o s t v a j u v E r o: m 1 x i r i n d v 1 sil 
LOG (lattice-best-path[5.5]:main():lattice-best-path.cc:99) For utterance PL037_28, best cost 222.463 + -394.731 = -172.268 over 500 frames.
PL037_28 sil s E rZ O_~ t f i r m E p o d u d E ts j o u r u x O m i n f t E n k r a j u f a p r E k i s v a i f 9 r O r sil 
LOG (lattice-best-path[5.5]:main():lattice-best-path.cc:99) For utterance PL037_85, best cost 209.656 + -392.375 = -182.718 over 500 frames.
PL037_85 sil s o: n t a l n i ya t o r O v E u s k O k i s a p O rZ a j O_~ ts E k O t k O m p i r f o t i p O v i E S k sil 
LOG (lattice-best-path[5.5]:main():lattice-best-path.cc:99) For utterance PL077_22, best cost 221.71 + -383.329 = -161.62 over 500 frames.
PL077_22 sil b u d O v a p O t f O tS u k O p i E_~ ts_j u l a t i p O x O n i tS E s v a v S 1 dz_j E S_j i l j O_~ v t o l a r u v sil 
LOG (lattice-best-path[5.5]:main():lattice-best-path.cc:99) For utterance PL090_73, best cost 151.577 + -356.05 = -204.473 over 513 frames.
PL090_73 sil v v i E n k S a S tS E k r a j u v k o r o p ts j a p S E n i k a z d o sil 
LOG (lattice-best-path[5.5]:main():lattice-best-path.cc:99) For utterance PL040_3, best cost 247.582 + -414.796 = -167.213 over 525 frames.
PL040_3 sil j a v n a b E n o d O p i r O t a S_j v a tS E n i a t u r s a m O rZ O_~ d O v ts 1 z u 4 u n a p o t o n k u S v a g O r O k u sil 
LOG (lattice-best-path[5.5]:main():lattice-best-path.cc:99) For utterance PL041_11, best cost 180.601 + -375.585 = -194.983 over 531 frames.
PL041_11 sil m O rZ 1 b a ts_j d o n a d r a k t O r d a n o t a b l a n d a s z v i l i d a ts j u S a sil 
LOG (lattice-best-path[5.5]:main():lattice-best-path.cc:99) For utterance PL030_47, best cost 101.643 + -285.571 = -183.928 over 538 frames.
PL030_47 sil j a k m O rZ n a z a k p i s o b u r O ts u v sil 
LOG (lattice-best-path[5.5]:main():lattice-best-path.cc:99) For utterance PL072_100, best cost 229.602 + -393.058 = -163.456 over 544 frames.
PL072_100 sil p o d r b i v a n i S a t O v i p l a n t E m p S E s p e S u b u d O v a m o r O p i s a x O n i S t i m i E m i s sil 
LOG (lattice-scale[5.5]:main():lattice-scale.cc:107) Done 259 lattices.
LOG (lattice-add-penalty[5.5]:main():lattice-add-penalty.cc:62) Done adding word insertion penalty to 259 lattices.
LOG (lattice-best-path[5.5]:main():lattice-best-path.cc:99) For utterance PL037_47, best cost 277.547 + -434.421 = -156.874 over 550 frames.
PL037_47 sil t o g o v n i z i n k i n i m k a Z i m i E rZ 1 v i l k i k t u r i z a s t o p o s k o n d r n i a n o v b o s E s t a v i tS i o n u r O v a n sil 
LOG (lattice-best-path[5.5]:main():lattice-best-path.cc:124) Overall cost per frame is -6.41641 = 0.361227 [graph] + -6.77764 [acoustic] over 92870 frames.
LOG (lattice-best-path[5.5]:main():lattice-best-path.cc:128) Done 259 lattices, failed for 0
# Accounting: time=3 threads=1
# Ended (code 0) at Mon Apr 20 22:24:28 BST 2020, elapsed time 3 seconds
