# lattice-scale --inv-acoustic-scale=9 "ark:gunzip -c /home/paul/UPM/pytorch-kaldi/exp/UPM_RNN_mfcc_base_3_layers/decode_PL_only_out_dnn2/lat.*.gz|" ark:- | lattice-add-penalty --word-ins-penalty=1.0 ark:- ark:- | lattice-best-path --word-symbol-table=/home/paul/upm_exp/baseline_mfcc/data/lang/words.txt ark:- ark,t:- | utils/int2sym.pl -f 2- /home/paul/upm_exp/baseline_mfcc/data/lang/words.txt | local/wer_hyp_filter > /home/paul/UPM/pytorch-kaldi/exp/UPM_RNN_mfcc_base_3_layers/decode_PL_only_out_dnn2/scoring_kaldi/penalty_1.0/9.txt 
# Started at Mon Apr 20 22:24:29 BST 2020
#
lattice-scale --inv-acoustic-scale=9 'ark:gunzip -c /home/paul/UPM/pytorch-kaldi/exp/UPM_RNN_mfcc_base_3_layers/decode_PL_only_out_dnn2/lat.*.gz|' ark:- 
lattice-add-penalty --word-ins-penalty=1.0 ark:- ark:- 
lattice-best-path --word-symbol-table=/home/paul/upm_exp/baseline_mfcc/data/lang/words.txt ark:- ark,t:- 
LOG (lattice-best-path[5.5]:main():lattice-best-path.cc:99) For utterance PL072_117, best cost 54.2241 + -80.1312 = -25.9071 over 175 frames.
PL072_117 sil a ts a z n O v E m i sil 
LOG (lattice-best-path[5.5]:main():lattice-best-path.cc:99) For utterance PL084_59, best cost 66.2705 + -114.729 = -48.4584 over 225 frames.
PL084_59 sil s w a b a t o r O g i k a sil 
LOG (lattice-best-path[5.5]:main():lattice-best-path.cc:99) For utterance PL038_90, best cost 77.7323 + -106.917 = -29.1845 over 238 frames.
PL038_90 sil v E n ts O S_j l a t a n k a m a t sil 
LOG (lattice-best-path[5.5]:main():lattice-best-path.cc:99) For utterance PL039_104, best cost 96.1409 + -130.429 = -34.2879 over 250 frames.
PL039_104 sil m a v O k t o s l a i x n a z v i s k a sil 
LOG (lattice-best-path[5.5]:main():lattice-best-path.cc:99) For utterance PL084_41, best cost 92.6829 + -133.801 = -41.1178 over 263 frames.
PL084_41 sil p O z a s t a w a t 1 k o j n t E r a s sil 
LOG (lattice-best-path[5.5]:main():lattice-best-path.cc:99) For utterance PL072_15, best cost 122.596 + -131.682 = -9.08649 over 275 frames.
PL072_15 sil p S a d i s p O n i z a p a tS E_~ ts_j O_~ S tS E s k r a m sil 
LOG (lattice-best-path[5.5]:main():lattice-best-path.cc:99) For utterance PL072_98, best cost 129.377 + -154.825 = -25.4476 over 275 frames.
PL072_98 sil tS 1 s k O z a S k a z e n a t O rZ E t r m O rZ E b 1 ts_j sil 
LOG (lattice-best-path[5.5]:main():lattice-best-path.cc:99) For utterance PL038_5, best cost 59.482 + -116.351 = -56.8689 over 281 frames.
PL038_5 sil j a k p r a ts O v a ts_j sil 
LOG (lattice-best-path[5.5]:main():lattice-best-path.cc:99) For utterance PL036_69, best cost 103.562 + -155.541 = -51.9787 over 300 frames.
PL036_69 sil p o l i s u d O S_j E_~ p o s u j b a n d E t sil 
LOG (lattice-best-path[5.5]:main():lattice-best-path.cc:99) For utterance PL036_95, best cost 108.013 + -147.523 = -39.5101 over 300 frames.
PL036_95 sil b a r dz O v a rZ n a j s t a n a s M n a k ts E sil 
LOG (lattice-best-path[5.5]:main():lattice-best-path.cc:99) For utterance PL036_91, best cost 122.075 + -175.881 = -53.8059 over 338 frames.
PL036_91 sil p O l s k a n a p r n o n i s E n k a v o s p o k O n sil 
LOG (lattice-best-path[5.5]:main():lattice-best-path.cc:99) For utterance PL039_40, best cost 172.502 + -201.204 = -28.7018 over 356 frames.
PL039_40 sil tS 1 z j O_~ ts k o Z a f 9 r u r i k i n a S E m p O v i S u r u ts_j O_~ z a ts_j sil 
LOG (lattice-best-path[5.5]:main():lattice-best-path.cc:99) For utterance PL072_87, best cost 66.2034 + -105.44 = -39.2371 over 225 frames.
PL072_87 sil s v a b a t O l o g i k a sil 
LOG (lattice-best-path[5.5]:main():lattice-best-path.cc:99) For utterance PL084_76, best cost 51.2694 + -85.2307 = -33.9612 over 225 frames.
PL084_76 sil tS i t a g rZ a n a sil 
LOG (lattice-best-path[5.5]:main():lattice-best-path.cc:99) For utterance PL039_82, best cost 87.9246 + -125.575 = -37.6508 over 238 frames.
PL039_82 sil a k O S_j i S k i b u f i S p a n i sil 
LOG (lattice-best-path[5.5]:main():lattice-best-path.cc:99) For utterance PL039_52, best cost 78.4406 + -131.1 = -52.6593 over 250 frames.
PL039_52 sil t O p o S 1 x n a s E v i S k a sil 
LOG (lattice-best-path[5.5]:main():lattice-best-path.cc:99) For utterance PL036_57, best cost 103.348 + -149.609 = -46.2608 over 281 frames.
PL036_57 sil j y tS O S_j i E s k o n s E f E n ts j a m i sil 
LOG (lattice-best-path[5.5]:main():lattice-best-path.cc:99) For utterance PL040_44, best cost 138.019 + -152.422 = -14.4026 over 281 frames.
PL040_44 sil k a l i p i 4 e n E k f i r dz_j E v i s a f r O z u ts k i sil 
LOG (lattice-best-path[5.5]:main():lattice-best-path.cc:99) For utterance PL036_22, best cost 40.0917 + -74.1949 = -34.1032 over 169 frames.
PL036_22 sil n i z a v S a sil 
LOG (lattice-best-path[5.5]:main():lattice-best-path.cc:99) For utterance PL036_40, best cost 126.234 + -132.945 = -6.71059 over 238 frames.
PL036_40 sil g a n a k s a r tS m O v d o n a l t v a p s a l a sil 
LOG (lattice-best-path[5.5]:main():lattice-best-path.cc:99) For utterance PL084_74, best cost 82.7628 + -122.82 = -40.0567 over 244 frames.
PL084_74 sil S E s E p O v i n i z a r a b i tS i sil 
LOG (lattice-best-path[5.5]:main():lattice-best-path.cc:99) For utterance PL037_6, best cost 79.1317 + -137.14 = -58.0082 over 275 frames.
PL037_6 sil a n E z m i E n s t 1 rZ 1 tS n a sil 
LOG (lattice-best-path[5.5]:main():lattice-best-path.cc:99) For utterance PL040_69, best cost 117.861 + -143.45 = -25.5892 over 275 frames.
PL040_69 sil v e k o b O s k a s k a rZ O S_j i n a b r Z u x a sil 
LOG (lattice-best-path[5.5]:main():lattice-best-path.cc:99) For utterance PL084_85, best cost 102.39 + -142.903 = -40.5133 over 275 frames.
PL084_85 sil t a r a s m O rZ n a d u rZ E z a r a b i tS i sil 
LOG (lattice-best-path[5.5]:main():lattice-best-path.cc:99) For utterance PL072_11, best cost 97.5738 + -132.306 = -34.7324 over 281 frames.
PL072_11 sil t r a s E s a p r v a S a J u tS m a n a sil 
LOG (lattice-best-path[5.5]:main():lattice-best-path.cc:99) For utterance PL040_51, best cost 120.11 + -153.703 = -33.5934 over 288 frames.
PL040_51 sil m o g o n t o tS 1 tS E d i n i p r o k u r a t o S E sil 
LOG (lattice-best-path[5.5]:main():lattice-best-path.cc:99) For utterance PL084_6, best cost 108.769 + -165.057 = -56.2881 over 288 frames.
PL084_6 sil b r t a l i z a ts j a s t a j S a f a k t E m sil 
LOG (lattice-best-path[5.5]:main():lattice-best-path.cc:99) For utterance PL038_54, best cost 71.3834 + -122.542 = -51.1587 over 294 frames.
PL038_54 sil v S E s E O t E m e dZ a l sil 
LOG (lattice-best-path[5.5]:main():lattice-best-path.cc:99) For utterance PL036_37, best cost 144.985 + -172.548 = -27.5637 over 306 frames.
PL036_37 sil v S O t k u z a s a dz_j E v i t n a s l E k i o k r a i n k a sil 
LOG (lattice-best-path[5.5]:main():lattice-best-path.cc:99) For utterance PL036_59, best cost 183.532 + -209.414 = -25.882 over 331 frames.
PL036_59 sil v ts O_~ b E S E x s a m a s v a v n i j a k i x p O p S E n i a p i k o n O v 1 sil 
LOG (lattice-best-path[5.5]:main():lattice-best-path.cc:99) For utterance PL037_60, best cost 170.318 + -192.26 = -21.9419 over 331 frames.
PL037_60 sil s k m i n i w S_j ts_j s a m i t a t n i l i tS n i i t r u n t u z n a l i S 
LOG (lattice-best-path[5.5]:main():lattice-best-path.cc:99) For utterance PL040_71, best cost 143.178 + -439583 = -439440 over 338 frames.
PL040_71 sil s t u tS a S E t r E S_j ts_j i t O v O v 1 v a S_j i d o t S E v i sil 
LOG (lattice-best-path[5.5]:main():lattice-best-path.cc:99) For utterance PL090_65, best cost 127.58 + -183.909 = -56.329 over 350 frames.
PL090_65 sil o n i a s t a i p S E d p O d O b n E m p r o b r a n sil 
LOG (lattice-best-path[5.5]:main():lattice-best-path.cc:99) For utterance PL039_50, best cost 165.363 + -215.63 = -50.2672 over 363 frames.
PL039_50 sil k a Z d O S_j r O d a k v a ts 1 m O S_j v o i x p S E l s w O v tS u v sil 
LOG (lattice-best-path[5.5]:main():lattice-best-path.cc:99) For utterance PL041_87, best cost 189.193 + -222.206 = -33.0131 over 363 frames.
PL041_87 sil z a p E v n a b E n d a n t a ts E k t u rZ E z a k s o b a d v a rZ E t e d a ts i z E sil 
LOG (lattice-best-path[5.5]:main():lattice-best-path.cc:99) For utterance PL084_98, best cost 130.188 + -194.343 = -64.1546 over 363 frames.
PL084_98 sil t a m s O_~ p i n i O_~ dz E b a z O n a p O t S a b n a sil 
LOG (lattice-best-path[5.5]:main():lattice-best-path.cc:99) For utterance PL012_7, best cost 130.827 + -167.494 = -36.6671 over 369 frames.
PL012_7 sil j n a k r a m b a z a d n i m i z a r a v a n O S_j v tS E sil 
LOG (lattice-best-path[5.5]:main():lattice-best-path.cc:99) For utterance PL038_7, best cost 79.1079 + -149.55 = -70.4417 over 369 frames.
PL038_7 sil t O b E_~ dz_j E m a j p r a n k n a sil 
LOG (lattice-best-path[5.5]:main():lattice-best-path.cc:99) For utterance PL038_81, best cost 80.2151 + -148.542 = -68.3265 over 375 frames.
PL038_81 sil b a d a n i s n i v E k a z a v a sil 
LOG (lattice-best-path[5.5]:main():lattice-best-path.cc:99) For utterance PL012_28, best cost 150.721 + -215.579 = -64.8581 over 381 frames.
PL012_28 sil v tS O r a j s a m o b r O n o p o S u j E rZ 1 m i x a l s k i sil 
LOG (lattice-best-path[5.5]:main():lattice-best-path.cc:99) For utterance PL040_56, best cost 195.064 + -239.734 = -44.6698 over 413 frames.
PL040_56 sil a p O t u r p S 1 s a v e l i n i k i n s p E k ts i S E n s a j O_~ ts O l i k t u r o sil 
LOG (lattice-best-path[5.5]:main():lattice-best-path.cc:99) For utterance PL041_16, best cost 231.403 + -250.811 = -19.4077 over 413 frames.
PL041_16 sil a b a s o v a t a u rZ O_~ d a j O_~ ts E g O d i ts a m i s a z a r a z a p O t f r dz E n i v p r a k t E ts sil 
LOG (lattice-best-path[5.5]:main():lattice-best-path.cc:99) For utterance PL030_48, best cost 112.902 + -202.115 = -89.2128 over 419 frames.
PL030_48 sil t o n i o t p O v i dZ a l E i n i ya t 1 tS n a sil 
LOG (lattice-best-path[5.5]:main():lattice-best-path.cc:99) For utterance PL077_28, best cost 230.016 + -244.109 = -14.0938 over 425 frames.
PL077_28 sil f E k s E t 1 x tS 1 s E k O k O d v i S S_j E_~ ts O s u s o s o: m o r d O v a n h a b u z a g i n o sil 
LOG (lattice-best-path[5.5]:main():lattice-best-path.cc:99) For utterance PL072_26, best cost 182.461 + -211.83 = -29.3695 over 438 frames.
PL072_26 sil i S i s p O d O v a m O S_j i m i S E m O rZ E g O p o s t a l s n a ts a l s E z a n sil 
LOG (lattice-best-path[5.5]:main():lattice-best-path.cc:99) For utterance PL090_51, best cost 163.195 + -249.065 = -85.8701 over 438 frames.
PL090_51 sil j a k i s p o s o p t f O rZ O n a j e s t o: n i a w O r O p a i s k a sil 
LOG (lattice-best-path[5.5]:main():lattice-best-path.cc:99) For utterance PL012_9, best cost 178.88 + -242.013 = -63.1329 over 450 frames.
PL012_9 sil d m i t i r O g O z i n d O r a ts a p r a z a n t a v o d i m i r a p o t i n a sil 
LOG (lattice-best-path[5.5]:main():lattice-best-path.cc:99) For utterance PL039_42, best cost 196.705 + -255.086 = -58.3802 over 450 frames.
PL039_42 sil v s 7 S t o n i tS O n a t u rZ E n O v E b o r i: s m i n s k o t S E m u n a n E p S E sil 
LOG (lattice-best-path[5.5]:main():lattice-best-path.cc:99) For utterance PL036_4, best cost 176.779 + -244.525 = -67.7454 over 463 frames.
PL036_4 sil p O d a m s p o s t u m a tS 1 s t o t u S E f O v 1 v s p o tS n i p o l i ts i sil 
LOG (lattice-best-path[5.5]:main():lattice-best-path.cc:99) For utterance PL041_100, best cost 202.858 + -258.899 = -56.0413 over 488 frames.
PL041_100 sil v n i o s a k t a b 7 r ts 1 s o: m i n i b a p S 1 tS m o g i o t E m p a m i E n t a ts_j sil 
LOG (lattice-best-path[5.5]:main():lattice-best-path.cc:99) For utterance PL072_44, best cost 183.661 + -247.728 = -64.0673 over 488 frames.
PL072_44 sil n a p i S i n i f r a n t u v a t o d_z\ u s E t o v a n o b i r O s u k i E n t a sil 
LOG (lattice-best-path[5.5]:main():lattice-best-path.cc:99) For utterance PL038_66, best cost 184.968 + -268.767 = -83.799 over 513 frames.
PL038_66 sil r O dz_j E n a i m a rZ a m O v i w a rZ E t r u d n O S_j ts_j O_~ z n i o d O g a b 1 ts_j sil 
LOG (lattice-best-path[5.5]:main():lattice-best-path.cc:99) For utterance PL040_85, best cost 282.911 + -298.585 = -15.6739 over 513 frames.
PL040_85 sil n a r a dZ e b a k r a t o r a p o tS i v a k s u m O v a dZ o k i tS v o r g a n o r o t k z m a r u v 1 b i g u m i ts_j O_~ ts u sil 
LOG (lattice-best-path[5.5]:main():lattice-best-path.cc:99) For utterance PL038_63, best cost 174.848 + -253.049 = -78.2014 over 519 frames.
PL038_63 sil p O rZ E s p O v O d O m a rZ a k t o 4 u b i z a g o n d a z d a k i l i S k a sil 
LOG (lattice-best-path[5.5]:main():lattice-best-path.cc:99) For utterance PL063_87, best cost 202.693 + -282.325 = -79.6321 over 519 frames.
PL063_87 sil d a S E l E l i s t 1 m a z m a l E S_j E_~ p r a z d E m p a l E x a n d a d u k a S a n k a sil 
LOG (lattice-best-path[5.5]:main():lattice-best-path.cc:99) For utterance PL036_38, best cost 104.793 + -132.511 = -27.7181 over 206 frames.
PL036_38 sil z a tS a j p S E S k i v a tS n i S k a n i E sil 
LOG (lattice-best-path[5.5]:main():lattice-best-path.cc:99) For utterance PL072_89, best cost 113.251 + -119.155 = -5.90443 over 213 frames.
PL072_89 sil rZ 1 ts_j rZ a t k u z d a 4 a S a s t a m e d a a sil 
LOG (lattice-best-path[5.5]:main():lattice-best-path.cc:99) For utterance PL039_41, best cost 80.2216 + -119.966 = -39.7449 over 219 frames.
PL039_41 sil t O v O_~ p i v 1 p o s t o l a t sil 
LOG (lattice-best-path[5.5]:main():lattice-best-path.cc:99) For utterance PL036_42, best cost 123.085 + -131.324 = -8.23861 over 225 frames.
PL036_42 sil e d n a s k o l t r f l a v s o: f i n d v i E S a sil 
LOG (lattice-best-path[5.5]:main():lattice-best-path.cc:99) For utterance PL072_69, best cost 89.4697 + -113.042 = -23.5727 over 244 frames.
PL072_69 sil k O z a s t a w t y k O n t E r E s sil 
LOG (lattice-best-path[5.5]:main():lattice-best-path.cc:99) For utterance PL030_28, best cost 68.8223 + -113.948 = -45.1254 over 269 frames.
PL030_28 sil r a d E n i o t x O dz O_~ sil 
LOG (lattice-best-path[5.5]:main():lattice-best-path.cc:99) For utterance PL036_29, best cost 128.655 + -159.358 = -30.7032 over 275 frames.
PL036_29 sil t E m r a z a m tS E S k o r a j u sil p o j ts j a n t a sil 
LOG (lattice-best-path[5.5]:main():lattice-best-path.cc:99) For utterance PL036_97, best cost 67.2106 + -82.9831 = -15.7725 over 175 frames.
PL036_97 sil o n S 1 i s p r a v dz_j i sil 
LOG (lattice-best-path[5.5]:main():lattice-best-path.cc:99) For utterance PL072_24, best cost 92.7208 + -101.597 = -8.87595 over 194 frames.
PL072_24 sil l z a b a n a t a S k O f r g O S_j ts_j sil 
LOG (lattice-best-path[5.5]:main():lattice-best-path.cc:99) For utterance PL041_7, best cost 102.782 + -126.7 = -23.9186 over 219 frames.
PL041_7 sil p O s a v i n s t v i S k a w O v a S a b 
LOG (lattice-best-path[5.5]:main():lattice-best-path.cc:99) For utterance PL072_102, best cost 83.0491 + -115.086 = -32.0365 over 225 frames.
PL072_102 sil tS E s i p O v i m i z a r a m i ts_j sil 
LOG (lattice-best-path[5.5]:main():lattice-best-path.cc:99) For utterance PL036_56, best cost 72.0646 + -109.522 = -37.4576 over 244 frames.
PL036_56 sil s u S 1 k o j d a b rZ 1 ts_j sil 
LOG (lattice-best-path[5.5]:main():lattice-best-path.cc:99) For utterance PL038_21, best cost 83.4715 + -134.009 = -50.5378 over 256 frames.
PL038_21 sil p r a t o tS E dz_j E t y S 1 tS a w a sil 
LOG (lattice-best-path[5.5]:main():lattice-best-path.cc:99) For utterance PL039_105, best cost 119.43 + -138.043 = -18.613 over 256 frames.
PL039_105 sil tS 1 v a r t o tS a s O_~ rZ a v a ts_j ts_j E r a S a x sil 
LOG (lattice-best-path[5.5]:main():lattice-best-path.cc:99) For utterance PL039_38, best cost 82.2471 + -118.174 = -35.9266 over 256 frames.
PL039_38 sil a l t o r t E t 1 S_j i E v a J u sil 
LOG (lattice-best-path[5.5]:main():lattice-best-path.cc:99) For utterance PL038_4, best cost 45.8801 + -114.133 = -68.253 over 294 frames.
PL038_4 sil j a k t u rZ 1 ts_j sil 
LOG (lattice-best-path[5.5]:main():lattice-best-path.cc:99) For utterance PL041_41, best cost 156.39 + -159.992 = -3.60269 over 294 frames.
PL041_41 sil p S a S a j v r O v o s o m i a t n i m i E s p S E s t a m s t a m sil 
LOG (lattice-best-path[5.5]:main():lattice-best-path.cc:99) For utterance PL072_126, best cost 142.392 + -175.166 = -32.774 over 294 frames.
PL072_126 sil p S E g a p i S n a g a n i s t a m i p S E k a p m i r a k o sil 
LOG (lattice-best-path[5.5]:main():lattice-best-path.cc:99) For utterance PL046_93, best cost 111.301 + -173.166 = -61.8648 over 306 frames.
PL046_93 sil z d a n i a n a t E n t E m a ts a m p O dz_j E l a n sil 
LOG (lattice-best-path[5.5]:main():lattice-best-path.cc:99) For utterance PL084_20, best cost 113.631 + -168.09 = -54.4592 over 306 frames.
PL084_20 sil r a f l a k s E p S 1 x O dz_j E p O v S E s t k i sil 
LOG (lattice-best-path[5.5]:main():lattice-best-path.cc:99) For utterance PL040_73, best cost 153.744 + -198.82 = -45.0761 over 325 frames.
PL040_73 sil k O b i t a n i z g o d i O S_j n o p a r a ts i v a d u r O v i tS u sil 
LOG (lattice-best-path[5.5]:main():lattice-best-path.cc:99) For utterance PL036_32, best cost 155.502 + -184.606 = -29.1037 over 331 frames.
PL036_32 sil z a n g a rZ E v a n a b r E g a d M a n t a t a rZ O l s t o tS n o sil 
LOG (lattice-best-path[5.5]:main():lattice-best-path.cc:99) For utterance PL077_8, best cost 138.793 + -179.488 = -40.6951 over 381 frames.
PL077_8 sil n a s n a rZ 1 ts O n i p i E_~ dz 1 b o t o n i s t r s M l i sil 
LOG (lattice-best-path[5.5]:main():lattice-best-path.cc:99) For utterance PL030_11, best cost 115.635 + -193.216 = -77.5812 over 400 frames.
PL030_11 sil n a v E t 1 v r u dz_j i n a j u tS i p r E m i r a sil 
LOG (lattice-best-path[5.5]:main():lattice-best-path.cc:99) For utterance PL030_87, best cost 106.63 + -174.106 = -67.4759 over 400 frames.
PL030_87 sil t o n O v O k o n f i k t 1 t f i r a dZ i sil 
LOG (lattice-best-path[5.5]:main():lattice-best-path.cc:99) For utterance PL084_70, best cost 137.438 + -209.392 = -71.954 over 406 frames.
PL084_70 sil p S E s k O z a S k a z E n a t O rZ E t a k m a rZ E b E ts_j sil 
LOG (lattice-best-path[5.5]:main():lattice-best-path.cc:99) For utterance PL036_18, best cost 172.866 + -241.69 = -68.8242 over 413 frames.
PL036_18 sil v l a n d a n a t O rZ E d O v a dz O_~ ts a ts O n i d a ts i n i p r a k s a r O v sil 
LOG (lattice-best-path[5.5]:main():lattice-best-path.cc:99) For utterance PL039_107, best cost 190.314 + -242.366 = -52.0517 over 413 frames.
PL039_107 sil p S E tS E S E n dZ e k a S t 1 z n a S u p o ya t a z a t o t u k e d E S_j r O b i o sil 
LOG (lattice-best-path[5.5]:main():lattice-best-path.cc:99) For utterance PL039_32, best cost 210.949 + -237.796 = -26.8475 over 413 frames.
PL039_32 sil v s a ts_j O_~ s t O s t i m i l u tS n i k t u rZ 1 v O v tS a s p o S a d a l j a l t O r E t a t sil 
LOG (lattice-best-path[5.5]:main():lattice-best-path.cc:99) For utterance PL038_17, best cost 107.365 + -194.014 = -86.6495 over 438 frames.
PL038_17 sil z a j o S E o d O m O v n o p r O b o t o sil 
LOG (lattice-best-path[5.5]:main():lattice-best-path.cc:99) For utterance PL040_65, best cost 190.444 + -254.098 = -63.6545 over 438 frames.
PL040_65 sil j e d n a d o t 1 tS 1 S_j m r dz_j E ts k a d u J\ e b E d u S t o ts E l a k a r s k i sil 
LOG (lattice-best-path[5.5]:main():lattice-best-path.cc:99) For utterance PL040_79, best cost 219.712 + -267.197 = -47.4849 over 444 frames.
PL040_79 sil i s t M n o m a r t u rZ E v r S tS E m o g O m u v 1 ts_j b 1 z o b a f O g O S_j v a k a p i s k a sil 
LOG (lattice-best-path[5.5]:main():lattice-best-path.cc:99) For utterance PL030_58, best cost 73.8224 + -183.216 = -109.393 over 463 frames.
PL030_58 sil s a k r E t a S O v r a ts a sil 
LOG (lattice-best-path[5.5]:main():lattice-best-path.cc:99) For utterance PL040_80, best cost 166.702 + -244.218 = -77.5164 over 463 frames.
PL040_80 sil i m O v i k a j y z n a j a t a g u d O t r u n u ts k i S p i t a l i sil 
LOG (lattice-best-path[5.5]:main():lattice-best-path.cc:99) For utterance PL041_61, best cost 228.096 + -278.783 = -50.6873 over 475 frames.
PL041_61 sil p O k a z u rZ 1 ts i m a t r E u v O v i n S E m a ts a n a rZ 1 z a ts_j v i r m i s u p r a m i: N A: m i sil 
LOG (lattice-best-path[5.5]:main():lattice-best-path.cc:99) For utterance PL090_47, best cost 129.763 + -237.546 = -107.783 over 475 frames.
PL090_47 sil j a k i E s t u rZ O_~ dz O m a u n i a u r O p a i s k a sil 
LOG (lattice-best-path[5.5]:main():lattice-best-path.cc:99) For utterance PL097_20, best cost 163.896 + -217.711 = -53.8155 over 475 frames.
PL097_20 sil v i s t a k e g O rZ O n a s t a w a 9 z e b E_~ rZ a rZ E b i o n k i n sil 
LOG (lattice-best-path[5.5]:main():lattice-best-path.cc:99) For utterance PL040_87, best cost 104.428 + -211.373 = -106.945 over 488 frames.
PL040_87 sil b 1 b E t a k o r o n E d o v s p r a v i E sil 
LOG (lattice-best-path[5.5]:main():lattice-best-path.cc:99) For utterance PL046_35, best cost 84.6052 + -194.133 = -109.528 over 488 frames.
PL046_35 sil p a l E ts n a p r a z e d E n t a sil 
LOG (lattice-best-path[5.5]:main():lattice-best-path.cc:99) For utterance PL038_3, best cost 117.997 + -225.132 = -107.135 over 494 frames.
PL038_3 sil d a k a n ts a rZ 1 tS a n a z a p o n o t E g O d n a sil 
LOG (lattice-best-path[5.5]:main():lattice-best-path.cc:99) For utterance PL040_41, best cost 207.145 + -264.51 = -57.3656 over 494 frames.
PL040_41 sil j rZ E i t E S p o s t a n O v i rZ E n i b E n i S E n i m i k i r O v o p O rZ O_~ b a r t a sil 
LOG (lattice-best-path[5.5]:main():lattice-best-path.cc:99) For utterance PL041_27, best cost 307.984 + -310.829 = -2.84494 over 500 frames.
PL041_27 sil a ts a tS i a l a r m O v a l i b r a tS E rZ E n a l j S_j ts_j O m e S tS 1 m a v i r a l a k O v p S E s a rZ a w k r dz_j E S_j i u S E m i p O d a sil 
LOG (lattice-best-path[5.5]:main():lattice-best-path.cc:99) For utterance PL072_101, best cost 266.768 + -275.341 = -8.57303 over 506 frames.
PL072_101 sil v r a k o b E_~ dz_j i w a ts_j i b u z e S tS E n i p O n i b i v i a k i a k r E s i d u rZ 1 p o t E S a n i b r dz O g a t sil 
LOG (lattice-best-path[5.5]:main():lattice-best-path.cc:99) For utterance PL038_77, best cost 134.66 + -223.294 = -88.6339 over 513 frames.
PL038_77 sil m a w a j a k o S O b s a s i o n a p u tS E z d r o r a sil 
LOG (lattice-best-path[5.5]:main():lattice-best-path.cc:99) For utterance PL036_44, best cost 215.739 + -287.036 = -71.2963 over 519 frames.
PL036_44 sil v S dZ e s u tS t r l a t i v O v k a z k i n o n a m e s E p O ts j a t a m i tS i n s t a v a sil 
LOG (lattice-best-path[5.5]:main():lattice-best-path.cc:99) For utterance PL041_88, best cost 275.765 + -327.053 = -51.2881 over 544 frames.
PL041_88 sil f E d a p O z a s t a n i i m i: n d i d u w a n a d v a n i S a b a s a m O rZ O n a v a g O k O l a g i m a t v A: v tS a g o sil 
LOG (lattice-best-path[5.5]:main():lattice-best-path.cc:99) For utterance PL038_89, best cost 171.064 + -261.913 = -90.8491 over 550 frames.
PL038_89 sil j e t E O r i a j s t a k a S tS E s w a v a m i o p r o b l a m a s o b u sil 
LOG (lattice-best-path[5.5]:main():lattice-best-path.cc:99) For utterance PL039_92, best cost 273.252 + -304.772 = -31.5196 over 556 frames.
PL039_92 sil n a tS E_~ dz_j E S_j ts_j i S a n 1 ts_j p r a d v dz_j E s t O S_j i t 1 ts_j O_~ d E S p i n a r O d u j u S tS E_~ ts_j a p o s t E m p O v a n i ya sil 
LOG (lattice-best-path[5.5]:main():lattice-best-path.cc:99) For utterance PL040_45, best cost 228.213 + -309.381 = -81.1682 over 563 frames.
PL040_45 sil a p i n s n O v a tS v a t u J\ e p o S u g O r O k u p a n O v a n o s O_~ t r g o k u t O v a k a sil 
LOG (lattice-best-path[5.5]:main():lattice-best-path.cc:99) For utterance PL063_8, best cost 249.713 + -311.329 = -61.6164 over 569 frames.
PL063_8 sil s t r e k u j O r u j u v o S E Z i k a rZ 1 v O b r o n i E p l u r O l i z b o b a d e: r E t r u n i S m sil 
LOG (lattice-best-path[5.5]:main():lattice-best-path.cc:99) For utterance PL084_34, best cost 249.572 + -329.192 = -79.6192 over 569 frames.
PL084_34 sil a b E n i g i n a l i k O l E n i p O l i ts j a n dZ i k O n i tS n a j a s t i E S tS E l a p S E r a s p O z n a n i E sil 
LOG (lattice-best-path[5.5]:main():lattice-best-path.cc:99) For utterance PL084_27, best cost 259.472 + -330.879 = -71.4065 over 575 frames.
PL084_27 sil v s l a n i n a s m a d a r E n k i b u w a v tS O r a j n E v a rZ n E S E n t E m a t a n a g O v p O i ts j a n t o sil 
LOG (lattice-best-path[5.5]:main():lattice-best-path.cc:99) For utterance PL041_67, best cost 273.677 + -342.692 = -69.0148 over 581 frames.
PL041_67 sil n a j E_~ ts E u r a z O v i O_~ rZ 1 ts_j O_~ ts O p O rZ E n a m i s p O v O d O v a n E m i n i o m e: n o t p a l a n i m p a t a r t sil 
LOG (lattice-best-path[5.5]:main():lattice-best-path.cc:99) For utterance PL040_23, best cost 280.962 + -352.787 = -71.8254 over 594 frames.
PL040_23 sil p i s E p S E s i k O n i k a t u v i n i k a j d n d a tS n a p O p a r tS l a s p o n a n E g O k o t E x p S 1 z v i t O S_j 
LOG (lattice-best-path[5.5]:main():lattice-best-path.cc:99) For utterance PL072_79, best cost 261.857 + -326.977 = -65.1198 over 594 frames.
PL072_79 sil s o d i s k i p i E_~ dz 1 x n a s j O_~ t E rZ O r E z n d a s v a n o s a m b i n a d E n E m i a k a j d o n a tS a v a sil 
LOG (lattice-best-path[5.5]:main():lattice-best-path.cc:99) For utterance PL084_22, best cost 242.488 + -332.057 = -89.5696 over 594 frames.
PL084_22 sil n a t a v n a p S E s ts i ya t E S E p o r u S a n i t E m s a S a s t a w a m u v i d a l u S u rZ a x i k sil 
LOG (lattice-best-path[5.5]:main():lattice-best-path.cc:99) For utterance PL072_90, best cost 228.015 + -296.521 = -68.5062 over 600 frames.
PL072_90 sil p r m a t i ts i tS E tS a u rZ E p i b i tS E S_j ts_j O v a n E m s i t i n i S n i v O l n i g o d n E m sil 
LOG (lattice-best-path[5.5]:main():lattice-best-path.cc:99) For utterance PL072_116, best cost 93.053 + -107.517 = -14.4639 over 175 frames.
PL072_116 sil t o s o j n a k s t a r E p i n i O_~ z a sil 
LOG (lattice-best-path[5.5]:main():lattice-best-path.cc:99) For utterance PL036_41, best cost 78.0105 + -112.034 = -34.0232 over 200 frames.
PL036_41 sil z O rZ O d a t S E s S a v a sil 
LOG (lattice-best-path[5.5]:main():lattice-best-path.cc:99) For utterance PL039_85, best cost 77.6628 + -99.5549 = -21.8921 over 206 frames.
PL039_85 sil n i m i a n s a t E v 1 b o r u sil 
LOG (lattice-best-path[5.5]:main():lattice-best-path.cc:99) For utterance PL039_56, best cost 95.976 + -139.183 = -43.207 over 250 frames.
PL039_56 sil t E m h a n i S E z a S k O tS O p a n a sil 
LOG (lattice-best-path[5.5]:main():lattice-best-path.cc:99) For utterance PL072_124, best cost 125.28 + -145.493 = -20.2133 over 256 frames.
PL072_124 sil tS E rZ E j O_~ S_j i n i k i k O p a r E k i s p i x a tS E sil 
LOG (lattice-best-path[5.5]:main():lattice-best-path.cc:99) For utterance PL041_102, best cost 113.698 + -147.658 = -33.9601 over 269 frames.
PL041_102 sil p S E tS n i m O b i n a n i x n i g o s a v a ts i sil 
LOG (lattice-best-path[5.5]:main():lattice-best-path.cc:99) For utterance PL041_18, best cost 133.224 + -161.712 = -28.4882 over 281 frames.
PL041_18 sil n a b i S E m tS a S e n m a S E z i m i s p o t k a ts sil 
LOG (lattice-best-path[5.5]:main():lattice-best-path.cc:99) For utterance PL084_11, best cost 105.369 + -150.584 = -45.215 over 288 frames.
PL084_11 sil n i tS a S a s k a n s a n k v E n ts j a v i sil 
LOG (lattice-best-path[5.5]:main():lattice-best-path.cc:99) For utterance PL038_20, best cost 89.7533 + -138.745 = -48.9916 over 294 frames.
PL038_20 sil r a l e b o s k A: r a n a b o s k x sil 
LOG (lattice-best-path[5.5]:main():lattice-best-path.cc:99) For utterance PL040_17, best cost 98.225 + -148.47 = -50.2454 over 300 frames.
PL040_17 sil p i o t r a n a p o: d i v\ e m o d i tS E sil 
LOG (lattice-best-path[5.5]:main():lattice-best-path.cc:99) For utterance PL038_62, best cost 111.634 + -142.986 = -31.3513 over 306 frames.
PL038_62 sil z a s a n a r a S E l a tS E g a t a z r O b i l a sil 
LOG (lattice-best-path[5.5]:main():lattice-best-path.cc:99) For utterance PL072_82, best cost 119.319 + -155.705 = -36.386 over 313 frames.
PL072_82 sil a t E p r a t s p r O g r a s a m i r a k i tS E tS E sil 
LOG (lattice-best-path[5.5]:main():lattice-best-path.cc:99) For utterance PL084_37, best cost 93.4392 + -177.111 = -83.6722 over 325 frames.
PL084_37 sil t a d E u S a ts E v i tS z b i s k a sil 
LOG (lattice-best-path[5.5]:main():lattice-best-path.cc:99) For utterance PL038_45, best cost 114.121 + -158.048 = -43.9274 over 331 frames.
PL038_45 sil n a m o j tS E k n a d rZ E k z b i S O l a sil 
LOG (lattice-best-path[5.5]:main():lattice-best-path.cc:99) For utterance PL038_52, best cost 108.806 + -150.858 = -42.052 over 338 frames.
PL038_52 sil v e b a n i k n i o p o v\ e n a t a p E t a n i sil 
LOG (lattice-best-path[5.5]:main():lattice-best-path.cc:99) For utterance PL072_73, best cost 150.49 + -191.106 = -40.6161 over 344 frames.
PL072_73 sil p O z a t E n t u S u j a i k a n a g a ts E v i d E g O m O k i m sil 
LOG (lattice-best-path[5.5]:main():lattice-best-path.cc:99) For utterance PL084_40, best cost 122.701 + -183.29 = -60.5889 over 350 frames.
PL084_40 sil t a r a s r O m a n t E z a z n i k n o v S a n dZ a sil 
LOG (lattice-best-path[5.5]:main():lattice-best-path.cc:99) For utterance PL012_15, best cost 112.915 + -166.569 = -53.654 over 356 frames.
PL012_15 sil n i m a k O n t r O l i n a t E k m i o s o: m a n sil 
LOG (lattice-best-path[5.5]:main():lattice-best-path.cc:99) For utterance PL036_30, best cost 140.929 + -166.693 = -25.7635 over 356 frames.
PL036_30 sil i sil d O b a v 1 z i S E n i n t a k o tS u s a f u s n M sil 
LOG (lattice-best-path[5.5]:main():lattice-best-path.cc:99) For utterance PL039_19, best cost 175.969 + -211.35 = -35.381 over 369 frames.
PL039_19 sil tS E S_j ts_j p O s u v k O m i t E t O b a t a l s k i g O z a p r O t o s t O v a sil 
LOG (lattice-best-path[5.5]:main():lattice-best-path.cc:99) For utterance PL039_87, best cost 164.945 + -186.967 = -22.0212 over 369 frames.
PL039_87 sil d E n t E g O n i s r O b i x a b a p r a tS i l s k r a tS i b i n i b u sil 
LOG (lattice-best-path[5.5]:main():lattice-best-path.cc:99) For utterance PL072_8, best cost 215.152 + -231.192 = -16.0401 over 374 frames.
PL072_8 sil s o v O k O f 9 4 t a v a n i m a n s p o n E g O z b i x t r a f i O rZ 1 S_j i a tS 1 z g O d u sil 
LOG (lattice-best-path[5.5]:main():lattice-best-path.cc:99) For utterance PL040_66, best cost 160.5 + -218.485 = -57.9851 over 375 frames.
PL040_66 sil v tS a S E p r o d o l E k a z a s t o s O v a l t E s a s k i tS E_~ ts_j E sil 
LOG (lattice-best-path[5.5]:main():lattice-best-path.cc:99) For utterance PL072_13, best cost 208.548 + -219.835 = -11.2879 over 394 frames.
PL072_13 sil n a s t a k u m O rZ n a p o s t a ts_j d o p O rZ n i g O dz_j E tS a n d u S t r a s O_~ S_j i t v a n a sil 
LOG (lattice-best-path[5.5]:main():lattice-best-path.cc:99) For utterance PL038_16, best cost 107.689 + -169.376 = -61.6868 over 406 frames.
PL038_16 sil z n i x a l i z o tS o v r e n i E rZ E k i sil 
LOG (lattice-best-path[5.5]:main():lattice-best-path.cc:99) For utterance PL036_21, best cost 170.883 + -238.279 = -67.3951 over 419 frames.
PL036_21 sil s a v O m i tS i s O v s k i Z E tS i k O m a n t 1 x g o v n i p r i ts i sil 
LOG (lattice-best-path[5.5]:main():lattice-best-path.cc:99) For utterance PL038_49, best cost 127.911 + -217.808 = -89.8967 over 419 frames.
PL038_49 sil p a n i m a r j a m a o tS 1 tS E r v o l a o d w a s sil 
LOG (lattice-best-path[5.5]:main():lattice-best-path.cc:99) For utterance PL038_74, best cost 118.577 + -190.951 = -72.3742 over 419 frames.
PL038_74 sil n i m o g w a z m a l E z n s p o n a n E_~ dz 1 k a sil 
LOG (lattice-best-path[5.5]:main():lattice-best-path.cc:99) For utterance PL084_97, best cost 154.479 + -231.841 = -77.3626 over 419 frames.
PL084_97 sil p S E g a p i S m a a v k a n i s t a n n i p S E g a p i r a k o sil 
LOG (lattice-best-path[5.5]:main():lattice-best-path.cc:99) For utterance PL084_1, best cost 167.715 + -239.144 = -71.429 over 431 frames.
PL084_1 sil p S a S a k t i p O l i ts j a n t n i s t a n a v E ts_j O_~ t a m o g r o Z i sil 
LOG (lattice-best-path[5.5]:main():lattice-best-path.cc:99) For utterance PL038_80, best cost 73.6234 + -168.696 = -95.0731 over 444 frames.
PL038_80 sil v 1 s v A: n d O l a k a rZ a sil 
LOG (lattice-best-path[5.5]:main():lattice-best-path.cc:99) For utterance PL038_43, best cost 144.968 + -211.097 = -66.1293 over 450 frames.
PL038_43 sil v a l E z u s t 1 S a l k i p r E l j a g a ts_j O_~ g r O tS w a sil 
LOG (lattice-best-path[5.5]:main():lattice-best-path.cc:99) For utterance PL072_112, best cost 226.809 + -252.236 = -25.4269 over 450 frames.
PL072_112 sil z a r a b e n i g o t a m tS E n a S_j ts_j O n i a l E g a n s k o p a t O l O g A: r a tS E n i S n o r m a sil 
LOG (lattice-best-path[5.5]:main():lattice-best-path.cc:99) For utterance PL072_113, best cost 210.041 + -230.413 = -20.3722 over 456 frames.
PL072_113 sil f a s v a h E: g i S O dz_j O z b r a k r O k o s o: m i S E v i o v f a d E n t E r E s i sil 
LOG (lattice-best-path[5.5]:main():lattice-best-path.cc:99) For utterance PL030_82, best cost 132.735 + -220.22 = -87.4846 over 475 frames.
PL030_82 sil v s a v S 1 m i a w 1 m E g i ts O v E p o b l o n d E sil 
LOG (lattice-best-path[5.5]:main():lattice-best-path.cc:99) For utterance PL040_78, best cost 201.472 + -271.472 = -69.9993 over 494 frames.
PL040_78 sil t o S O k p S E s t a j p r O k r a t a p r O v a dz O_~ ts p r O S_j v i tS n o r O t k u v sil 
LOG (lattice-best-path[5.5]:main():lattice-best-path.cc:99) For utterance PL038_31, best cost 111.589 + -217.63 = -106.042 over 500 frames.
PL038_31 sil r a l e b o s k i E sil t O ts O S_j i o r u S a sil 
LOG (lattice-best-path[5.5]:main():lattice-best-path.cc:99) For utterance PL038_48, best cost 51.0538 + -64.9477 = -13.8938 over 119 frames.
PL038_48 sil n i o d a w O S_j ts_j O_~ sil 
LOG (lattice-best-path[5.5]:main():lattice-best-path.cc:99) For utterance PL039_20, best cost 37.9392 + -70.3157 = -32.3765 over 156 frames.
PL039_20 sil z a tS a g o sil 
LOG (lattice-best-path[5.5]:main():lattice-best-path.cc:99) For utterance PL072_104, best cost 58.5089 + -86.655 = -28.1461 over 188 frames.
PL072_104 sil v tS i t a g rZ a m E sil 
LOG (lattice-best-path[5.5]:main():lattice-best-path.cc:99) For utterance PL040_27, best cost 100.699 + -120.381 = -19.6824 over 206 frames.
PL040_27 sil t a k f 9 s E z O f a n i n t E r a s u v sil 
LOG (lattice-best-path[5.5]:main():lattice-best-path.cc:99) For utterance PL041_63, best cost 93.4302 + -120.146 = -26.7157 over 219 frames.
PL041_63 sil b a k a z b a dZ i t v a k i k a m i n t sil 
LOG (lattice-best-path[5.5]:main():lattice-best-path.cc:99) For utterance PL097_104, best cost 35.4249 + -86.8376 = -51.4127 over 231 frames.
PL097_104 sil i s t o p a sil 
LOG (lattice-best-path[5.5]:main():lattice-best-path.cc:99) For utterance PL039_66, best cost 110.255 + -133.582 = -23.3274 over 238 frames.
PL039_66 sil j e p a n O tS E n i a p S E l e k u s t r a tS i sil 
LOG (lattice-best-path[5.5]:main():lattice-best-path.cc:99) For utterance PL072_127, best cost 118.196 + -128.708 = -10.5121 over 238 frames.
PL072_127 sil t a n s O_~ p i n i O_~ ts E b a dz O n a p O p S E b i sil 
LOG (lattice-best-path[5.5]:main():lattice-best-path.cc:99) For utterance PL072_94, best cost 89.7443 + -116.705 = -26.9607 over 238 frames.
PL072_94 sil v a r O k i k o t a m u s o n d a n 1 sil 
LOG (lattice-best-path[5.5]:main():lattice-best-path.cc:99) For utterance PL072_68, best cost 114.131 + -156.892 = -42.7603 over 275 frames.
PL072_68 sil t r a s r m a n t 1 z n i z n i k n o S E_~ ts_j E sil 
LOG (lattice-best-path[5.5]:main():lattice-best-path.cc:99) For utterance PL063_60, best cost 80.2282 + -147.024 = -66.796 over 281 frames.
PL063_60 sil t a k a b 1 w a i E g O f O l a sil 
LOG (lattice-best-path[5.5]:main():lattice-best-path.cc:99) For utterance PL036_36, best cost 127.33 + -156.824 = -29.494 over 288 frames.
PL036_36 sil n i k i ya t f 9 r o i p O l s E n dZ i v a rZ 1 dz_j E v i sil 
LOG (lattice-best-path[5.5]:main():lattice-best-path.cc:99) For utterance PL039_106, best cost 49.6683 + -66.7922 = -17.1239 over 113 frames.
PL039_106 sil s p E v n O S_j ts_j O_~ sil 
LOG (lattice-best-path[5.5]:main():lattice-best-path.cc:99) For utterance PL039_28, best cost 25.2442 + -55.1469 = -29.9027 over 125 frames.
PL039_28 sil m a m a sil 
LOG (lattice-best-path[5.5]:main():lattice-best-path.cc:99) For utterance PL037_32, best cost 64.4101 + -83.8274 = -19.4173 over 169 frames.
PL037_32 sil a l E t r v\ e m S 1 s sil 
LOG (lattice-best-path[5.5]:main():lattice-best-path.cc:99) For utterance PL084_88, best cost 54.2156 + -94.8445 = -40.629 over 194 frames.
PL084_88 sil a ts a z n O v E m i sil 
LOG (lattice-best-path[5.5]:main():lattice-best-path.cc:99) For utterance PL041_57, best cost 74.0718 + -89.4355 = -15.3637 over 200 frames.
PL041_57 sil r u x m a m E n i b i r k i sil 
LOG (lattice-best-path[5.5]:main():lattice-best-path.cc:99) For utterance PL041_98, best cost 104.576 + -114.766 = -10.19 over 206 frames.
PL041_98 sil k a 4 a m p a n O rZ O_~ j E n a t a b o r s a sil 
LOG (lattice-best-path[5.5]:main():lattice-best-path.cc:99) For utterance PL036_87, best cost 61.5041 + -103.091 = -41.5866 over 225 frames.
PL036_87 sil tS 1 ts O S_j E z m i o sil 
LOG (lattice-best-path[5.5]:main():lattice-best-path.cc:99) For utterance PL039_75, best cost 90.6762 + -127.637 = -36.9611 over 238 frames.
PL039_75 sil p O tS 1 S_j ts_j E z a p r o t E s k O n a n sil 
LOG (lattice-best-path[5.5]:main():lattice-best-path.cc:99) For utterance PL039_108, best cost 105.369 + -142.14 = -36.7708 over 250 frames.
PL039_108 sil p S E d a S E s k i m o r a n i a n i t a l k a sil 
LOG (lattice-best-path[5.5]:main():lattice-best-path.cc:99) For utterance PL040_67, best cost 115.642 + -155.901 = -40.2591 over 269 frames.
PL040_67 sil p S o k a z i p S 1 tS e k O b i tS E l j i t o sil 
LOG (lattice-best-path[5.5]:main():lattice-best-path.cc:99) For utterance PL039_4, best cost 117.59 + -161.552 = -43.9616 over 275 frames.
PL039_4 sil p O r a ts_j i w a n d 1 s t o m p i o d O S_j ts_j O_~ d u sil 
LOG (lattice-best-path[5.5]:main():lattice-best-path.cc:99) For utterance PL041_34, best cost 141.179 + -158.413 = -17.2341 over 275 frames.
PL041_34 sil i: s E S tS e d a m p r o b l a m k t a s a p a tS i z a l a k i sil 
LOG (lattice-best-path[5.5]:main():lattice-best-path.cc:99) For utterance PL090_83, best cost 54.8824 + -116.097 = -61.2144 over 281 frames.
PL090_83 sil t a n i E p r a v a d a sil 
LOG (lattice-best-path[5.5]:main():lattice-best-path.cc:99) For utterance PL040_68, best cost 91.6337 + -134.856 = -43.2228 over 288 frames.
PL040_68 sil s p r a v o n a j a v i n u S k t a n sil 
LOG (lattice-best-path[5.5]:main():lattice-best-path.cc:99) For utterance PL084_12, best cost 98.8721 + -159.842 = -60.9695 over 300 frames.
PL084_12 sil m a rZ O_~ i E_~ ts_j O_~ k a r i E r b o s u v sil 
LOG (lattice-best-path[5.5]:main():lattice-best-path.cc:99) For utterance PL097_97, best cost 91.356 + -148.731 = -57.3753 over 313 frames.
PL097_97 sil i s t o p O b a j k O m a n d O j a n sil 
LOG (lattice-best-path[5.5]:main():lattice-best-path.cc:99) For utterance PL072_52, best cost 150.339 + -194.486 = -44.1465 over 319 frames.
PL072_52 sil p S t o k O v a n i E v 1 s a k i z a b u d O v i s p r a k t 1 tS n a sil 
LOG (lattice-best-path[5.5]:main():lattice-best-path.cc:99) For utterance PL039_59, best cost 145.545 + -177.492 = -31.947 over 331 frames.
PL039_59 sil v O dz_j E ts_j O_~ p O z l a j O_~ z a tS n a j u s o: m i S a tS u s u sil 
LOG (lattice-best-path[5.5]:main():lattice-best-path.cc:99) For utterance PL084_7, best cost 126.986 + -178.327 = -51.3411 over 331 frames.
PL084_7 sil m i s t E r a z b i t E k a n g u v s E m u j a n O v a sil 
LOG (lattice-best-path[5.5]:main():lattice-best-path.cc:99) For utterance PL072_125, best cost 194.605 + -201.505 = -6.90042 over 336 frames.
PL072_125 sil f i v E n o t p O v a d O n a t E p E t a n i a rZ 1 b n i p S 1 ts_j m o r p a S t v i sil 
LOG (lattice-best-path[5.5]:main():lattice-best-path.cc:99) For utterance PL039_45, best cost 146.939 + -184.237 = -37.2986 over 344 frames.
PL039_45 sil v i s E S m a k r a i m k a p i t a l i s u p a i f O v a g o sil 
LOG (lattice-best-path[5.5]:main():lattice-best-path.cc:99) For utterance PL030_25, best cost 92.379 + -181.71 = -89.3312 over 363 frames.
PL030_25 sil v s a rZ O_~ t u m i s k i m p a r t i sil 
LOG (lattice-best-path[5.5]:main():lattice-best-path.cc:99) For utterance PL039_57, best cost 21.5269 + -45.7652 = -24.2383 over 119 frames.
PL039_57 sil n i ya sil 
LOG (lattice-best-path[5.5]:main():lattice-best-path.cc:99) For utterance PL072_114, best cost 98.6084 + -115.05 = -16.4421 over 188 frames.
PL072_114 sil t r a s n o tS n a d u rZ a z a r O v i ts_j sil 
LOG (lattice-best-path[5.5]:main():lattice-best-path.cc:99) For utterance PL039_83, best cost 74.4654 + -98.9586 = -24.4932 over 194 frames.
PL039_83 sil r s p r a v O d r O tS a n o sil 
LOG (lattice-best-path[5.5]:main():lattice-best-path.cc:99) For utterance PL072_103, best cost 105.757 + -115.337 = -9.5797 over 250 frames.
PL072_103 sil n a v i ts i tS i k t u rZ 1 s o: m r k a n a n sil 
LOG (lattice-best-path[5.5]:main():lattice-best-path.cc:99) For utterance PL072_46, best cost 137.646 + -150.176 = -12.53 over 281 frames.
PL072_46 sil a m i x t v n i tS n i p S t o n a n i d a v n i r o d E r E sil 
LOG (lattice-best-path[5.5]:main():lattice-best-path.cc:99) For utterance PL077_5, best cost 143.81 + -168.528 = -24.7181 over 281 frames.
PL077_5 sil n i O_~ ts m a j o j a n 1 p E k a b a f O_~ ts O dz_j i z r O v sil 
LOG (lattice-best-path[5.5]:main():lattice-best-path.cc:99) For utterance PL038_82, best cost 100.602 + -142.382 = -41.7802 over 288 frames.
PL038_82 sil a l o n a d a l a j O ts E s p O m i n a w a sil 
LOG (lattice-best-path[5.5]:main():lattice-best-path.cc:99) For utterance PL072_37, best cost 116.438 + -160.279 = -43.8406 over 294 frames.
PL072_37 sil s a w S_j ts_j p S 1 k r e d v o s p a d O v E d a x sil 
LOG (lattice-best-path[5.5]:main():lattice-best-path.cc:99) For utterance PL038_47, best cost 87.6007 + -146.117 = -58.516 over 300 frames.
PL038_47 sil p o b O v a l i: f r a n i m O v a ts_j sil 
LOG (lattice-best-path[5.5]:main():lattice-best-path.cc:99) For utterance PL041_54, best cost 154.82 + -172.924 = -18.1044 over 306 frames.
PL041_54 sil a s t E m h e: n a rZ 1 z a p a l i tS l a n i S E p k O d a l i ts_j O_~ sil 
LOG (lattice-best-path[5.5]:main():lattice-best-path.cc:99) For utterance PL039_95, best cost 129.378 + -180.357 = -50.9793 over 313 frames.
PL039_95 sil v i s t E t E n i p S E g O t O v a n o i x a j l E p i sil 
LOG (lattice-best-path[5.5]:main():lattice-best-path.cc:99) For utterance PL040_94, best cost 134.742 + -195.694 = -60.9521 over 319 frames.
PL040_94 sil p O z a t E m sil j u S p a t O f i s a s k a k o j O_~ ts a sil 
LOG (lattice-best-path[5.5]:main():lattice-best-path.cc:99) For utterance PL040_72, best cost 158.748 + -186.267 = -27.5194 over 331 frames.
PL040_72 sil d o S u d u z a p a J e k O n i S m y z a b i k i r u 4 J\ y tS n a sil 
LOG (lattice-best-path[5.5]:main():lattice-best-path.cc:99) For utterance PL038_96, best cost 102.286 + -170.757 = -68.4711 over 381 frames.
PL038_96 sil n i n b u u m A: sil j O_~ s o j O p r a t sil 
LOG (lattice-best-path[5.5]:main():lattice-best-path.cc:99) For utterance PL090_16, best cost 45.6083 + -138.209 = -92.6004 over 388 frames.
PL090_16 sil g l a tS a g o sil 
LOG (lattice-best-path[5.5]:main():lattice-best-path.cc:99) For utterance PL097_2, best cost 95.2248 + -162.183 = -66.9584 over 388 frames.
PL097_2 sil s t a r e t a t r n o v a n s a z o r E sil 
LOG (lattice-best-path[5.5]:main():lattice-best-path.cc:99) For utterance PL072_123, best cost 232.048 + -241.538 = -9.49023 over 400 frames.
PL072_123 sil m e S E t n E f i m E b u d O v a n E z d u rZ 1 m i S E tS E n i a m i z E f r a t E n t E g r E S_j E_~ t sil 
LOG (lattice-best-path[5.5]:main():lattice-best-path.cc:99) For utterance PL030_17, best cost 115.216 + -217.788 = -102.572 over 413 frames.
PL030_17 sil p o s u x s E u n i E v a rZ n i a z j a s t o sil 
LOG (lattice-best-path[5.5]:main():lattice-best-path.cc:99) For utterance PL039_14, best cost 195.258 + -225.799 = -30.5414 over 425 frames.
PL039_14 sil v S e m e a j s p O n o k r a S E p S 1 S_j ts_j a b l a t v a t E rZ 1 p o s p o l i t E sil 
LOG (lattice-best-path[5.5]:main():lattice-best-path.cc:99) For utterance PL039_81, best cost 212.19 + -254.377 = -42.1872 over 425 frames.
PL039_81 sil k a l i S O S_j l a tS u v O v tS a S m u S O S_j E_~ p O r O s m i s p a n a m p r s E d E n t a sil 
LOG (lattice-best-path[5.5]:main():lattice-best-path.cc:99) For utterance PL084_10, best cost 147.382 + -223.866 = -76.4846 over 425 frames.
PL084_10 sil k ts O S E p k O i d O rZ E rZ E tS t o j E s t i x a t o s sil 
LOG (lattice-best-path[5.5]:main():lattice-best-path.cc:99) For utterance PL097_77, best cost 139.853 + -201.21 = -61.3572 over 425 frames.
PL097_77 sil t o j t a k S E d a t r u d o tS i n a k a u s p O k a j a n sil 
LOG (lattice-best-path[5.5]:main():lattice-best-path.cc:99) For utterance PL039_62, best cost 222.88 + -256.089 = -33.2096 over 450 frames.
PL039_62 sil v a tS E g a s a d a k a d v a r t a b a j E S_j i u s t r a S i s t E t o t o p a m i tS n a n o d O v E sil 
LOG (lattice-best-path[5.5]:main():lattice-best-path.cc:99) For utterance PL037_29, best cost 220.627 + -254.127 = -33.4998 over 456 frames.
PL037_29 sil S_j n a m i s r O k a l i s E ts i b r a n a m i s t a w i d u b E n a n i d a l e k O m o s k f E sil 
LOG (lattice-best-path[5.5]:main():lattice-best-path.cc:99) For utterance PL041_29, best cost 221.763 + -277.737 = -55.9744 over 463 frames.
PL041_29 sil j e k i z a t E m i a b a b E ts E s k l a p a ts i n d u v p E d a n a tS a n a i z b a t a k a r s k a sil 
LOG (lattice-best-path[5.5]:main():lattice-best-path.cc:99) For utterance PL077_18, best cost 212.457 + -246.526 = -34.0683 over 463 frames.
PL077_18 sil p r a z O s t a z a p r E z a t O v a n 1 p o b i tS n a m o b i o ts E S E s M n a v O j u tS 1 s sil 
LOG (lattice-best-path[5.5]:main():lattice-best-path.cc:99) For utterance PL038_79, best cost 138.986 + -226.787 = -87.8014 over 469 frames.
PL038_79 sil k a z a m i z a rZ 1 v a tS k r O p l a u s p O k a j a n s a sil 
LOG (lattice-best-path[5.5]:main():lattice-best-path.cc:99) For utterance PL037_39, best cost 222.652 + -261.849 = -39.1969 over 475 frames.
PL037_39 sil s v i n i E S_j v a n E t a k i s n i S O rZ 1 k i v i s t i: v a k o n a s t m u v i r o: m a n u i t sil 
LOG (lattice-best-path[5.5]:main():lattice-best-path.cc:99) For utterance PL072_16, best cost 223.121 + -243.682 = -20.5604 over 475 frames.
PL072_16 sil s t a ts i z m i n i d o n a tS a rZ l s a p r E k v a n E p S E z a m i S k a d E r n E g a v r a n sil 
LOG (lattice-best-path[5.5]:main():lattice-best-path.cc:99) For utterance PL012_39, best cost 198.146 + -248.973 = -50.8269 over 481 frames.
PL012_39 sil p r a t f o: m O v a t r s k a p O n o s p a sil tS n i n a r a rZ E n M j p S E s t r a t 1 sil 
LOG (lattice-best-path[5.5]:main():lattice-best-path.cc:99) For utterance PL038_25, best cost 127.55 + -211.286 = -83.7361 over 481 frames.
PL038_25 sil v ts O tS a S E u z a w rZ E t o j E m a k n i o m a sil 
LOG (lattice-best-path[5.5]:main():lattice-best-path.cc:99) For utterance PL072_4, best cost 206.051 + -265.415 = -59.3638 over 488 frames.
PL072_4 sil t r n a s k a p r a ts a d n a S n a p S 1 S_j ts_j u n a t a n a m a S t a p i s p r d O r O b a k sil 
LOG (lattice-best-path[5.5]:main():lattice-best-path.cc:99) For utterance PL038_44, best cost 82.5143 + -100.341 = -17.8263 over 206 frames.
PL038_44 sil k O S E s k a t v O s E k O n d a sil 
LOG (lattice-best-path[5.5]:main():lattice-best-path.cc:99) For utterance PL036_74, best cost 79.2473 + -115.419 = -36.1719 over 219 frames.
PL036_74 sil o d b i t a z a k o d n i k u v sil 
LOG (lattice-best-path[5.5]:main():lattice-best-path.cc:99) For utterance PL036_58, best cost 83.0114 + -126.125 = -43.1135 over 256 frames.
PL036_58 sil m a rZ O_~ ts_j O_~ k a r i r b a s v sil 
LOG (lattice-best-path[5.5]:main():lattice-best-path.cc:99) For utterance PL072_91, best cost 131.643 + -155.393 = -23.7504 over 269 frames.
PL072_91 sil v i b O m a r a ts j u tS a S t o m a u r m a n t 1 tS n a sil 
LOG (lattice-best-path[5.5]:main():lattice-best-path.cc:99) For utterance PL036_43, best cost 97.1036 + -133.371 = -36.2677 over 275 frames.
PL036_43 sil p O l tS E_~ ts_j E d p O v i dZ i o g i m sil 
LOG (lattice-best-path[5.5]:main():lattice-best-path.cc:99) For utterance PL072_86, best cost 160.81 + -174.368 = -13.5573 over 281 frames.
PL072_86 sil m a dZ i t a d O b r O b E t n i v O n i k v p O v i z O n i k t u rZ E sil 
LOG (lattice-best-path[5.5]:main():lattice-best-path.cc:99) For utterance PL030_24, best cost 27.9501 + -102.502 = -74.5521 over 288 frames.
PL030_24 sil s k i m sil 
LOG (lattice-best-path[5.5]:main():lattice-best-path.cc:99) For utterance PL036_90, best cost 143.842 + -177.169 = -33.3271 over 300 frames.
PL036_90 sil b 1 tS m O rZ E k O m u S p r O v i o t o s a m a p O tS u tS E sil 
LOG (lattice-best-path[5.5]:main():lattice-best-path.cc:99) For utterance PL038_36, best cost 74.1233 + -136.957 = -62.8339 over 306 frames.
PL038_36 sil r a t o l i k u r a t o n k o sil 
LOG (lattice-best-path[5.5]:main():lattice-best-path.cc:99) For utterance PL040_42, best cost 126.154 + -159.598 = -33.4435 over 313 frames.
PL040_42 sil S E b a t r k o j a s n a k r O S_j i s f 9 z a m i a r sil 
LOG (lattice-best-path[5.5]:main():lattice-best-path.cc:99) For utterance PL039_3, best cost 133.944 + -184.297 = -50.3531 over 331 frames.
PL039_3 sil z a k o t n i S_j ts_j O v a p o tS i tS m O tS k O d O v a n a sil 
LOG (lattice-best-path[5.5]:main():lattice-best-path.cc:99) For utterance PL097_98, best cost 112.993 + -172.057 = -59.0631 over 338 frames.
PL097_98 sil d r E f O j a m a d o n a b i S E p u tS i z 1 sil 
LOG (lattice-best-path[5.5]:main():lattice-best-path.cc:99) For utterance PL038_32, best cost 61.0174 + -133.501 = -72.4835 over 350 frames.
PL038_32 sil p o d a S O_~ g l E rZ E sil 
LOG (lattice-best-path[5.5]:main():lattice-best-path.cc:99) For utterance PL097_16, best cost 106.445 + -162.914 = -56.4697 over 350 frames.
PL097_16 sil d a m O v 1 p r o d n g a r t i: s t 1 tS n 1 sil 
LOG (lattice-best-path[5.5]:main():lattice-best-path.cc:99) For utterance PL038_24, best cost 93.0816 + -153.483 = -60.4017 over 356 frames.
PL038_24 sil j a t a tS n i m o g O v t o v E rZ 1 ts_j sil 
LOG (lattice-best-path[5.5]:main():lattice-best-path.cc:99) For utterance PL046_96, best cost 98.5813 + -163.486 = -64.9046 over 356 frames.
PL046_96 sil j a d a b a dZ a f t E m p S E p a t k u sil 
LOG (lattice-best-path[5.5]:main():lattice-best-path.cc:99) For utterance PL072_108, best cost 157.861 + -201.518 = -43.6566 over 373 frames.
PL072_108 sil v i r a z i n a i S m E g O p a J s t v a J s t i n k t u p i r a n sil 
LOG (lattice-best-path[5.5]:main():lattice-best-path.cc:99) For utterance PL084_63, best cost 145.698 + -197.223 = -51.5253 over 375 frames.
PL084_63 sil k a b a m a j a m r a ts j a tS E S t O m a u r O m a n t E tS n a sil 
LOG (lattice-best-path[5.5]:main():lattice-best-path.cc:99) For utterance PL097_88, best cost 111.502 + -174.154 = -62.6522 over 394 frames.
PL097_88 sil z m a dZ y z a d E d o s o v a n a m u v i a n sil 
LOG (lattice-best-path[5.5]:main():lattice-best-path.cc:99) For utterance PL012_26, best cost 99.6149 + -175.579 = -75.9636 over 406 frames.
PL012_26 sil t z a n i n i p o d o m a s t a m p i sil t sil 
LOG (lattice-best-path[5.5]:main():lattice-best-path.cc:99) For utterance PL030_65, best cost 71.3764 + -175.218 = -103.841 over 413 frames.
PL030_65 sil t o o t k r i tS E k a r t sil 
LOG (lattice-best-path[5.5]:main():lattice-best-path.cc:99) For utterance PL036_93, best cost 178.807 + -230.032 = -51.225 over 413 frames.
PL036_93 sil p S E d i v k a S t E m p r a ts l i p o p i E_~ dz_j E ts_j O_~ t f u tS E n a rZ 1 S E sil 
LOG (lattice-best-path[5.5]:main():lattice-best-path.cc:99) For utterance PL030_49, best cost 130.322 + -212.804 = -82.4824 over 419 frames.
PL030_49 sil p O v i l d u m i s t a v a tS d o t r u g i t u r 1 sil 
LOG (lattice-best-path[5.5]:main():lattice-best-path.cc:99) For utterance PL046_11, best cost 133.347 + -212.091 = -78.7442 over 419 frames.
PL046_11 sil a sil a n a l i z a r a p a r t o r a S t a r O v u j E n sil 
LOG (lattice-best-path[5.5]:main():lattice-best-path.cc:99) For utterance PL097_41, best cost 124.974 + -200.324 = -75.3505 over 431 frames.
PL097_41 sil z a n i m a w a b i O_~ z a v p E m i E_~ ts_j O_~ t o d a j E sil 
LOG (lattice-best-path[5.5]:main():lattice-best-path.cc:99) For utterance PL012_50, best cost 178.458 + -226.541 = -48.0832 over 450 frames.
PL012_50 sil j o s v O v a t o s o b i p o t a k t O v a l n a r a rZ E p i n dZ u p O s u v sil 
LOG (lattice-best-path[5.5]:main():lattice-best-path.cc:99) For utterance PL038_64, best cost 162.471 + -232.123 = -69.6511 over 450 frames.
PL038_64 sil s t E g O ts O v i a m sil n a r O dz_j E n a tS E S k a J a ts O l i tS 1 ts_j sil 
LOG (lattice-best-path[5.5]:main():lattice-best-path.cc:99) For utterance PL097_82, best cost 147.774 + -227.051 = -79.2777 over 450 frames.
PL097_82 sil l a b a ts a v t E u p S E tS 1 k u j E x o g o v o d E j a n sil 
LOG (lattice-best-path[5.5]:main():lattice-best-path.cc:99) For utterance PL084_95, best cost 146.614 + -249.044 = -102.43 over 456 frames.
PL084_95 sil tS E j u S rZ a j O_~ S_j i n i k i k O p a r E k i s p a h a tS E sil 
LOG (lattice-best-path[5.5]:main():lattice-best-path.cc:99) For utterance PL039_101, best cost 252.225 + -280.221 = -27.9958 over 463 frames.
PL039_101 sil p i n S 1 S_j ts_j i p S 1 p a t k u f i d n a k o S E k v E n S u n a g a n i n a k i s k O m i E v 1 ts_j O_~ d n i n t a sil 
LOG (lattice-best-path[5.5]:main():lattice-best-path.cc:99) For utterance PL072_97, best cost 190.487 + -248.122 = -57.6344 over 469 frames.
PL072_97 sil v i S i t a m i S a p O v i ts_j O_~ n a ts_j t r t v E n O f a j tS a m r E k a n o v sil 
LOG (lattice-best-path[5.5]:main():lattice-best-path.cc:99) For utterance PL084_13, best cost 189.748 + -266.172 = -76.4246 over 475 frames.
PL084_13 sil v ts O b 1 tS t a k s a m a s l a v n i a k i x p O p S E d n i O p i k o n O v E sil 
LOG (lattice-best-path[5.5]:main():lattice-best-path.cc:99) For utterance PL090_41, best cost 111.814 + -222.21 = -110.396 over 475 frames.
PL090_41 sil p S E m b e u z v i O_~ z a k s a v i E ts k i sil 
LOG (lattice-best-path[5.5]:main():lattice-best-path.cc:99) For utterance PL072_92, best cost 225.954 + -258.992 = -33.0378 over 481 frames.
PL072_92 sil p O b 1 b E n o r m a t E p i S E f a dZ i m a n o i r a k u rZ n i d O d o n o g o s f i n i O_~ ts a sil 
LOG (lattice-best-path[5.5]:main():lattice-best-path.cc:99) For utterance PL037_10, best cost 233.062 + -279.871 = -46.8083 over 500 frames.
PL037_10 sil s u rZ O_~ b E s p o t n o r a d u i p O m o t u k a S t E m u k t o s t v e v E r o: m 1 x i r n d E sil 
LOG (lattice-best-path[5.5]:main():lattice-best-path.cc:99) For utterance PL037_28, best cost 246.605 + -304.528 = -57.9231 over 500 frames.
PL037_28 sil s E rZ O_~ t f i r m E p o d u d E ts j o u r u x O m i n f t E n k r a j u f a p r k i s v a i f 9 r O r sil 
LOG (lattice-best-path[5.5]:main():lattice-best-path.cc:99) For utterance PL037_85, best cost 221.542 + -291.616 = -70.0744 over 500 frames.
PL037_85 sil s O_~ t a l n i ya t o r O v E u s k O k i s a p O rZ a j O_~ ts E k O t k O m p i r o t i p O v i S sil 
LOG (lattice-best-path[5.5]:main():lattice-best-path.cc:99) For utterance PL077_22, best cost 232.757 + -283.768 = -51.0107 over 500 frames.
PL077_22 sil b u d O v a p O t f O tS u k O p i E_~ ts_j u l a t p O x O n i tS v a v S dz_j E S_j i l j O_~ t o l a r u v sil 
LOG (lattice-best-path[5.5]:main():lattice-best-path.cc:99) For utterance PL090_73, best cost 168.78 + -275.762 = -106.982 over 513 frames.
PL090_73 sil z v i E n k S a S tS E k r a j u v k o r o p ts j a p S E n i k a z d o sil 
LOG (lattice-best-path[5.5]:main():lattice-best-path.cc:99) For utterance PL040_3, best cost 267.059 + -312.253 = -45.194 over 525 frames.
PL040_3 sil j a v n a b E n o d O p i r O t a S a tS E n i a t o r s a m O rZ O_~ d O v ts 1 z u 4 u n a p o t o n k u S E g O r O k u sil 
LOG (lattice-best-path[5.5]:main():lattice-best-path.cc:99) For utterance PL041_11, best cost 202.064 + -291.192 = -89.1283 over 531 frames.
PL041_11 sil m O rZ 1 b a ts_j d o n a d r a k t o r d a n o t a b l a n d a s z v i l i d a ts j u S a sil 
LOG (lattice-best-path[5.5]:main():lattice-best-path.cc:99) For utterance PL030_47, best cost 107.939 + -217.225 = -109.287 over 538 frames.
PL030_47 sil j a k m O rZ n a z a k p i s o b u r s u v sil 
LOG (lattice-best-path[5.5]:main():lattice-best-path.cc:99) For utterance PL072_100, best cost 243.471 + -291.694 = -48.2234 over 544 frames.
PL072_100 sil p o d r b i v a n i S a t O v i p o: n t E p S E s p e S u b u d O v o r O p i s a x O n i s t i m i E m i s sil 
LOG (lattice-scale[5.5]:main():lattice-scale.cc:107) Done 259 lattices.
LOG (lattice-best-path[5.5]:main():lattice-best-path.cc:99) For utterance PL037_47, best cost 276.896 + -306.759 = -29.8633 over 550 frames.
PL037_47 sil t o g o n i z i n k i n i m k a Z i m i E Z i l k t r i z a s t o p o s k o n d r n i a n o b o s t a v i ts_j O n o r O v a n sil 
LOG (lattice-add-penalty[5.5]:main():lattice-add-penalty.cc:62) Done adding word insertion penalty to 259 lattices.
LOG (lattice-best-path[5.5]:main():lattice-best-path.cc:124) Overall cost per frame is -4.86753 = 0.385858 [graph] + -5.25338 [acoustic] over 92870 frames.
LOG (lattice-best-path[5.5]:main():lattice-best-path.cc:128) Done 259 lattices, failed for 0
# Accounting: time=2 threads=1
# Ended (code 0) at Mon Apr 20 22:24:31 BST 2020, elapsed time 2 seconds
