# lattice-scale --inv-acoustic-scale=12 "ark:gunzip -c /home/paul/UPM/pytorch-kaldi/exp/UPM_RNN_mfcc_base_3_layers/decode_PL_only_out_dnn2/lat.*.gz|" ark:- | lattice-add-penalty --word-ins-penalty=1.0 ark:- ark:- | lattice-best-path --word-symbol-table=/home/paul/upm_exp/baseline_mfcc/data/lang/words.txt ark:- ark,t:- | utils/int2sym.pl -f 2- /home/paul/upm_exp/baseline_mfcc/data/lang/words.txt | local/wer_hyp_filter > /home/paul/UPM/pytorch-kaldi/exp/UPM_RNN_mfcc_base_3_layers/decode_PL_only_out_dnn2/scoring_kaldi/penalty_1.0/12.txt 
# Started at Mon Apr 20 22:24:29 BST 2020
#
lattice-scale --inv-acoustic-scale=12 'ark:gunzip -c /home/paul/UPM/pytorch-kaldi/exp/UPM_RNN_mfcc_base_3_layers/decode_PL_only_out_dnn2/lat.*.gz|' ark:- 
lattice-add-penalty --word-ins-penalty=1.0 ark:- ark:- 
lattice-best-path --word-symbol-table=/home/paul/upm_exp/baseline_mfcc/data/lang/words.txt ark:- ark,t:- 
LOG (lattice-best-path[5.5]:main():lattice-best-path.cc:99) For utterance PL072_117, best cost 52.129 + -58.3474 = -6.21832 over 175 frames.
PL072_117 sil a t a z n O v E m i sil 
LOG (lattice-best-path[5.5]:main():lattice-best-path.cc:99) For utterance PL084_59, best cost 65.5067 + -85.3995 = -19.8928 over 225 frames.
PL084_59 sil s w a b a t o r o g i k a sil 
LOG (lattice-best-path[5.5]:main():lattice-best-path.cc:99) For utterance PL038_90, best cost 70.2666 + -73.6682 = -3.40158 over 238 frames.
PL038_90 sil b E_~ ts O s a t a n k a m a t sil 
LOG (lattice-best-path[5.5]:main():lattice-best-path.cc:99) For utterance PL039_104, best cost 92.1918 + -94.2317 = -2.03985 over 250 frames.
PL039_104 sil m a v O k t o s l a i x n a z i s k a sil 
LOG (lattice-best-path[5.5]:main():lattice-best-path.cc:99) For utterance PL084_41, best cost 88.1805 + -96.3509 = -8.17046 over 263 frames.
PL084_41 sil p O z a s t a w a t 1 k O n t E r a s sil 
LOG (lattice-best-path[5.5]:main():lattice-best-path.cc:99) For utterance PL072_15, best cost 118.777 + -95.6117 = 23.1649 over 275 frames.
PL072_15 sil S E d i s p o n i z a p a tS E_~ ts_j O_~ S tS E s k r a m sil 
LOG (lattice-best-path[5.5]:main():lattice-best-path.cc:99) For utterance PL072_98, best cost 127.683 + -114.753 = 12.9297 over 275 frames.
PL072_98 sil tS E s k O z a S k a z e n a t O rZ E t r m O rZ E b 1 ts_j sil 
LOG (lattice-best-path[5.5]:main():lattice-best-path.cc:99) For utterance PL038_5, best cost 59.482 + -87.2632 = -27.7812 over 281 frames.
PL038_5 sil j a k p r a ts O v a ts_j sil 
LOG (lattice-best-path[5.5]:main():lattice-best-path.cc:99) For utterance PL036_69, best cost 98.9612 + -112.079 = -13.1177 over 300 frames.
PL036_69 sil p o l i s u d O S_j E_~ p o s u j b a n d E sil 
LOG (lattice-best-path[5.5]:main():lattice-best-path.cc:99) For utterance PL036_95, best cost 100.48 + -103.663 = -3.18257 over 300 frames.
PL036_95 sil b a ts O v a rZ n a j s t a n a s l a k ts E sil 
LOG (lattice-best-path[5.5]:main():lattice-best-path.cc:99) For utterance PL036_91, best cost 116.43 + -127.142 = -10.7121 over 338 frames.
PL036_91 sil p o s k a n a p r n o n i s a n k a v o s p o k O n sil 
LOG (lattice-best-path[5.5]:main():lattice-best-path.cc:99) For utterance PL039_40, best cost 169.847 + -148.695 = 21.1518 over 356 frames.
PL039_40 sil tS 1 z i n s k o Z a f 9 r o r i k i n a S E m p O v i S u r u ts_j O_~ z a ts_j sil 
LOG (lattice-best-path[5.5]:main():lattice-best-path.cc:99) For utterance PL072_87, best cost 58.4377 + -73.1667 = -14.7289 over 225 frames.
PL072_87 sil s a b a t O l g i k a sil 
LOG (lattice-best-path[5.5]:main():lattice-best-path.cc:99) For utterance PL084_76, best cost 50.2995 + -63.1262 = -12.8266 over 225 frames.
PL084_76 sil tS i t a g rZ E m a sil 
LOG (lattice-best-path[5.5]:main():lattice-best-path.cc:99) For utterance PL039_82, best cost 87.9246 + -94.1816 = -6.25698 over 238 frames.
PL039_82 sil a k O S_j i S k i b u f i S p a n i sil 
LOG (lattice-best-path[5.5]:main():lattice-best-path.cc:99) For utterance PL039_52, best cost 77.73 + -97.7487 = -20.0187 over 250 frames.
PL039_52 sil t o p o S 1 x n a s E v i S k a sil 
LOG (lattice-best-path[5.5]:main():lattice-best-path.cc:99) For utterance PL036_57, best cost 97.7012 + -106.98 = -9.27922 over 281 frames.
PL036_57 sil i tS O S_j E_~ s k o n s E f E n ts j a m i sil 
LOG (lattice-best-path[5.5]:main():lattice-best-path.cc:99) For utterance PL040_44, best cost 138.019 + -114.316 = 23.7029 over 281 frames.
PL040_44 sil k a l i p i 4 e n E k f i r dz_j E v i s a f r O z u ts k i sil 
LOG (lattice-best-path[5.5]:main():lattice-best-path.cc:99) For utterance PL036_22, best cost 35.0048 + -50.8039 = -15.7991 over 169 frames.
PL036_22 sil n i z a S a sil 
LOG (lattice-best-path[5.5]:main():lattice-best-path.cc:99) For utterance PL036_40, best cost 114.066 + -89.5971 = 24.4689 over 238 frames.
PL036_40 sil g a n a k s a tS m O v t o n a t v a p s a l a sil 
LOG (lattice-best-path[5.5]:main():lattice-best-path.cc:99) For utterance PL084_74, best cost 82.7628 + -92.1146 = -9.35185 over 244 frames.
PL084_74 sil S E s E p O v i n i z a r a b i tS i sil 
LOG (lattice-best-path[5.5]:main():lattice-best-path.cc:99) For utterance PL037_6, best cost 79.1317 + -102.855 = -23.7232 over 275 frames.
PL037_6 sil a n E z m i E n s t 1 rZ 1 tS n a sil 
LOG (lattice-best-path[5.5]:main():lattice-best-path.cc:99) For utterance PL040_69, best cost 112.012 + -102.448 = 9.56401 over 275 frames.
PL040_69 sil i k o b o s k a s k a rZ O S_j i n a b r Z u x a sil 
LOG (lattice-best-path[5.5]:main():lattice-best-path.cc:99) For utterance PL084_85, best cost 100.071 + -105.167 = -5.09538 over 275 frames.
PL084_85 sil t a r a s m O rZ n a d u rZ E z a r a b 1 ts_j sil 
LOG (lattice-best-path[5.5]:main():lattice-best-path.cc:99) For utterance PL072_11, best cost 97.5738 + -99.2297 = -1.65585 over 281 frames.
PL072_11 sil t r a s E s a p r v a S a J u tS m a n a sil 
LOG (lattice-best-path[5.5]:main():lattice-best-path.cc:99) For utterance PL040_51, best cost 112.786 + -108.793 = 3.99329 over 288 frames.
PL040_51 sil m o g o t o tS 1 tS E d i n i p r o k r a t o S E sil 
LOG (lattice-best-path[5.5]:main():lattice-best-path.cc:99) For utterance PL084_6, best cost 108.769 + -123.793 = -15.0238 over 288 frames.
PL084_6 sil b r t a l i z a ts j a s t a j S a f a k t E m sil 
LOG (lattice-best-path[5.5]:main():lattice-best-path.cc:99) For utterance PL038_54, best cost 70.6334 + -91.3291 = -20.6957 over 294 frames.
PL038_54 sil v S E s E o t E m e dZ a l sil 
LOG (lattice-best-path[5.5]:main():lattice-best-path.cc:99) For utterance PL036_37, best cost 137.827 + -122.747 = 15.0805 over 306 frames.
PL036_37 sil v S a t k u z a s a dz_j E v i t n a s l E k i o k r i: N k a sil 
LOG (lattice-best-path[5.5]:main():lattice-best-path.cc:99) For utterance PL036_59, best cost 173.248 + -148.365 = 24.8834 over 331 frames.
PL036_59 sil v ts O_~ b E S E s a m a s o v n i j a k i x p O p S E n i a p i k o n O v 1 sil 
LOG (lattice-best-path[5.5]:main():lattice-best-path.cc:99) For utterance PL037_60, best cost 154.305 + -129.959 = 24.3463 over 331 frames.
PL037_60 sil s k m i n i u S t a m i t a n i l i tS n i t r u n t u z n a l i S 
LOG (lattice-best-path[5.5]:main():lattice-best-path.cc:99) For utterance PL040_71, best cost 138.403 + -329683 = -329545 over 338 frames.
PL040_71 sil t o tS a S E t r E S_j ts_j i t O v O v 1 v a S E d o t S E v i sil 
LOG (lattice-best-path[5.5]:main():lattice-best-path.cc:99) For utterance PL090_65, best cost 121.166 + -132.489 = -11.3223 over 350 frames.
PL090_65 sil o n i a s t a i p S E p O d O b n a m p r o b r a n sil 
LOG (lattice-best-path[5.5]:main():lattice-best-path.cc:99) For utterance PL039_50, best cost 157.033 + -154.134 = 2.89923 over 363 frames.
PL039_50 sil k a Z d O S_j r O d a k v a ts 1 m a S u i x p S E l s u v tS u v sil 
LOG (lattice-best-path[5.5]:main():lattice-best-path.cc:99) For utterance PL041_87, best cost 189.193 + -166.654 = 22.5383 over 363 frames.
PL041_87 sil z a p E v n a b E n d a n t a ts E k t u rZ E z a k s o b a d v a rZ E t e d a ts i z E sil 
LOG (lattice-best-path[5.5]:main():lattice-best-path.cc:99) For utterance PL084_98, best cost 127.447 + -143.271 = -15.824 over 363 frames.
PL084_98 sil t a m s O_~ p i n i O_~ dz E b a z a n a p O t S a b n a sil 
LOG (lattice-best-path[5.5]:main():lattice-best-path.cc:99) For utterance PL012_7, best cost 125.399 + -121.006 = 4.39328 over 369 frames.
PL012_7 sil i n a k r a n b a z O n i m i z a r a v a n O S_j v tS E sil 
LOG (lattice-best-path[5.5]:main():lattice-best-path.cc:99) For utterance PL038_7, best cost 79.1079 + -112.162 = -33.0543 over 369 frames.
PL038_7 sil t O b E_~ dz_j E m a j p r a n k n a sil 
LOG (lattice-best-path[5.5]:main():lattice-best-path.cc:99) For utterance PL038_81, best cost 80.2151 + -111.406 = -31.1911 over 375 frames.
PL038_81 sil b a d a n i s n i v E k a z a v a sil 
LOG (lattice-best-path[5.5]:main():lattice-best-path.cc:99) For utterance PL012_28, best cost 146.226 + -158.169 = -11.943 over 381 frames.
PL012_28 sil v tS O r E s a m o b r O n o p o S u j E rZ 1 m i x a l s k i sil 
LOG (lattice-best-path[5.5]:main():lattice-best-path.cc:99) For utterance PL040_56, best cost 177.926 + -165.096 = 12.83 over 413 frames.
PL040_56 sil a p o t u p S E s a v E l i n i k i n s p E ts i S E s a j O_~ ts O l a k t u r o sil 
LOG (lattice-best-path[5.5]:main():lattice-best-path.cc:99) For utterance PL041_16, best cost 228.365 + -185.57 = 42.7946 over 413 frames.
PL041_16 sil a b a s o v a t a u rZ O_~ d a j O_~ ts E g O d i t a m i s a z a r a z a p O t f r dz E n i v p r a k t a ts sil 
LOG (lattice-best-path[5.5]:main():lattice-best-path.cc:99) For utterance PL030_48, best cost 112.902 + -151.586 = -38.6841 over 419 frames.
PL030_48 sil t o n i o t p O v i dZ a l E i n i ya t 1 tS n a sil 
LOG (lattice-best-path[5.5]:main():lattice-best-path.cc:99) For utterance PL077_28, best cost 215.52 + -170.058 = 45.4626 over 425 frames.
PL077_28 sil E k s E t i tS 1 s E k O k O d v i S S_j E_~ ts O s u s o s o: m o d O v a n h a b u z a g i n o sil 
LOG (lattice-best-path[5.5]:main():lattice-best-path.cc:99) For utterance PL072_26, best cost 171.12 + -149.342 = 21.7784 over 438 frames.
PL072_26 sil S_j i s p O d O v a m O S_j i m i S E m O rZ E g O p o s t a l s a ts a l s E z a sil 
LOG (lattice-best-path[5.5]:main():lattice-best-path.cc:99) For utterance PL090_51, best cost 157.025 + -181.24 = -24.2147 over 438 frames.
PL090_51 sil j a k i s p o s o p f O rZ O n a j e s t o: n i a u r O p a i s k a sil 
LOG (lattice-best-path[5.5]:main():lattice-best-path.cc:99) For utterance PL012_9, best cost 177.172 + -180.144 = -2.97191 over 450 frames.
PL012_9 sil d m i t i r o g O z i n d O r a ts a p r a z a n t a v a d i m i r a p o t i n a sil 
LOG (lattice-best-path[5.5]:main():lattice-best-path.cc:99) For utterance PL039_42, best cost 187.654 + -183.492 = 4.16223 over 450 frames.
PL039_42 sil v r S t o n i tS O n a t u rZ E n O v E b o r i: s m i n s k o S E m a n a n E p S E sil 
LOG (lattice-best-path[5.5]:main():lattice-best-path.cc:99) For utterance PL036_4, best cost 168.37 + -175.54 = -7.1694 over 463 frames.
PL036_4 sil p O d a m s p o s t u m a tS 1 s u t u S E f O v 1 s p o tS n i p o i ts i sil 
LOG (lattice-best-path[5.5]:main():lattice-best-path.cc:99) For utterance PL041_100, best cost 198.222 + -190.17 = 8.05228 over 488 frames.
PL041_100 sil v n i o s a k t a b 7 r ts E s o: m i n i b a p S 1 tS m o g i o t E m p a m i n t a ts_j sil 
LOG (lattice-best-path[5.5]:main():lattice-best-path.cc:99) For utterance PL072_44, best cost 179.79 + -182.607 = -2.81689 over 488 frames.
PL072_44 sil n a p i S i n i f r a n t u v a t o d_z\ u s E t o v a n o b i r O s u k i n t a sil 
LOG (lattice-best-path[5.5]:main():lattice-best-path.cc:99) For utterance PL038_66, best cost 175.776 + -193.916 = -18.14 over 513 frames.
PL038_66 sil r O dz_j E n a i m a rZ a m O v i w a rZ E t r u n O S_j ts_j O_~ z n o d O g a b 1 ts_j sil 
LOG (lattice-best-path[5.5]:main():lattice-best-path.cc:99) For utterance PL040_85, best cost 272.527 + -214.903 = 57.6241 over 513 frames.
PL040_85 sil n a r a S b a k r a t r a p o tS i v a k s m O v a dZ o k i t f O r g a n o r o t k z m a r u v 1 b i g u m i ts_j O_~ ts u sil 
LOG (lattice-best-path[5.5]:main():lattice-best-path.cc:99) For utterance PL038_63, best cost 167.301 + -183.443 = -16.1416 over 519 frames.
PL038_63 sil p O rZ E s p O v o d O m a rZ a k t o 4 u b i z a g o n d a d a k l i S k a sil 
LOG (lattice-best-path[5.5]:main():lattice-best-path.cc:99) For utterance PL063_87, best cost 199.566 + -208.915 = -9.34869 over 519 frames.
PL063_87 sil d a S E l E l i s t i m a z m a l E S_j E_~ p r a z d a n t a l E x a n d a d u k a S a n k a sil 
LOG (lattice-best-path[5.5]:main():lattice-best-path.cc:99) For utterance PL036_38, best cost 100.848 + -95.9169 = 4.93147 over 206 frames.
PL036_38 sil z a tS a j p S E S k i v a tS n i S k a n i sil 
LOG (lattice-best-path[5.5]:main():lattice-best-path.cc:99) For utterance PL072_89, best cost 108.509 + -85.1529 = 23.3565 over 213 frames.
PL072_89 sil rZ 1 ts_j rZ a t k u z a 4 a S a s t a m e d a a sil 
LOG (lattice-best-path[5.5]:main():lattice-best-path.cc:99) For utterance PL039_41, best cost 80.2216 + -89.9748 = -9.75325 over 219 frames.
PL039_41 sil t O v O_~ p i v 1 p o s t o l a t sil 
LOG (lattice-best-path[5.5]:main():lattice-best-path.cc:99) For utterance PL036_42, best cost 119.673 + -95.3637 = 24.309 over 225 frames.
PL036_42 sil e d n a s k o l t r f l a v s o: f i n d v i S a sil 
LOG (lattice-best-path[5.5]:main():lattice-best-path.cc:99) For utterance PL072_69, best cost 81.9549 + -78.2086 = 3.74631 over 244 frames.
PL072_69 sil u z a s t a w a t y k O n t r E s sil 
LOG (lattice-best-path[5.5]:main():lattice-best-path.cc:99) For utterance PL030_28, best cost 68.8223 + -85.4608 = -16.6385 over 269 frames.
PL030_28 sil r a d E n i o t x O dz O_~ sil 
LOG (lattice-best-path[5.5]:main():lattice-best-path.cc:99) For utterance PL036_29, best cost 124.108 + -115.3 = 8.80803 over 275 frames.
PL036_29 sil t E m r a z a m tS E S k o r a j u sil p o ts j a n t a sil 
LOG (lattice-best-path[5.5]:main():lattice-best-path.cc:99) For utterance PL036_97, best cost 62.1842 + -57.7018 = 4.48238 over 175 frames.
PL036_97 sil o n S i s p r a v dz_j i sil 
LOG (lattice-best-path[5.5]:main():lattice-best-path.cc:99) For utterance PL072_24, best cost 89.3942 + -73.5893 = 15.8049 over 194 frames.
PL072_24 sil 9 z a b a n a t a S k O f r g O S_j ts_j sil 
LOG (lattice-best-path[5.5]:main():lattice-best-path.cc:99) For utterance PL041_7, best cost 99.3836 + -91.7519 = 7.63171 over 219 frames.
PL041_7 sil p O s a v i s t v i S k a w O v a S a b 
LOG (lattice-best-path[5.5]:main():lattice-best-path.cc:99) For utterance PL072_102, best cost 81.9719 + -85.5057 = -3.53381 over 225 frames.
PL072_102 sil tS E s i p O v i n i z a r a m i ts_j sil 
LOG (lattice-best-path[5.5]:main():lattice-best-path.cc:99) For utterance PL036_56, best cost 72.0646 + -82.1417 = -10.0771 over 244 frames.
PL036_56 sil s u S 1 k o j d a b rZ 1 ts_j sil 
LOG (lattice-best-path[5.5]:main():lattice-best-path.cc:99) For utterance PL038_21, best cost 83.4715 + -100.507 = -17.0355 over 256 frames.
PL038_21 sil p r a t o tS E dz_j E t y S 1 tS a w a sil 
LOG (lattice-best-path[5.5]:main():lattice-best-path.cc:99) For utterance PL039_105, best cost 113.872 + -98.6721 = 15.2004 over 256 frames.
PL039_105 sil tS 1 v a r t o tS a s O_~ rZ a v a ts_j ts_j E r a S a sil 
LOG (lattice-best-path[5.5]:main():lattice-best-path.cc:99) For utterance PL039_38, best cost 82.2471 + -88.6303 = -6.38316 over 256 frames.
PL039_38 sil a l t o r t E t 1 S_j i E v a J u sil 
LOG (lattice-best-path[5.5]:main():lattice-best-path.cc:99) For utterance PL038_4, best cost 45.8801 + -85.5998 = -39.7197 over 294 frames.
PL038_4 sil j a k t u rZ 1 ts_j sil 
LOG (lattice-best-path[5.5]:main():lattice-best-path.cc:99) For utterance PL041_41, best cost 152.506 + -116.47 = 36.0355 over 294 frames.
PL041_41 sil tS a S a j v r O v o s o: n i a t n i m i E s p S E s t a m s t a m sil 
LOG (lattice-best-path[5.5]:main():lattice-best-path.cc:99) For utterance PL072_126, best cost 138.375 + -127.7 = 10.6747 over 294 frames.
PL072_126 sil p S E g a k i S n a g a n i s t a m i p S E k a t m i r a k o sil 
LOG (lattice-best-path[5.5]:main():lattice-best-path.cc:99) For utterance PL046_93, best cost 111.301 + -129.874 = -18.5734 over 306 frames.
PL046_93 sil z d a n i a n a t E n t E m a ts a m p O dz_j E l a n sil 
LOG (lattice-best-path[5.5]:main():lattice-best-path.cc:99) For utterance PL084_20, best cost 113.631 + -126.068 = -12.4367 over 306 frames.
PL084_20 sil r a f l a k s E p S 1 x O dz_j E p O v S E s t k i sil 
LOG (lattice-best-path[5.5]:main():lattice-best-path.cc:99) For utterance PL040_73, best cost 143.085 + -140.111 = 2.97334 over 325 frames.
PL040_73 sil k O b i t a n i z g i O S_j n o p a r a ts i v a d r O v i tS u sil 
LOG (lattice-best-path[5.5]:main():lattice-best-path.cc:99) For utterance PL036_32, best cost 151.434 + -134.698 = 16.7364 over 331 frames.
PL036_32 sil z a n g a rZ E v a n a b r g a n u a n t a t a rZ O l s t o tS n o sil 
LOG (lattice-best-path[5.5]:main():lattice-best-path.cc:99) For utterance PL077_8, best cost 134.854 + -131.404 = 3.44939 over 381 frames.
PL077_8 sil n a s n a rZ 1 ts O n i p i n z b o t o n i s r s M l i sil 
LOG (lattice-best-path[5.5]:main():lattice-best-path.cc:99) For utterance PL030_11, best cost 114.59 + -143.906 = -29.3158 over 400 frames.
PL030_11 sil n a v E t 1 v r O dz_j i n a j u tS i p r E m i r a sil 
LOG (lattice-best-path[5.5]:main():lattice-best-path.cc:99) For utterance PL030_87, best cost 101.102 + -125.969 = -24.868 over 400 frames.
PL030_87 sil t o n O v o k o n f i k t 1 t i r a dZ i sil 
LOG (lattice-best-path[5.5]:main():lattice-best-path.cc:99) For utterance PL084_70, best cost 134.552 + -154.875 = -20.3231 over 406 frames.
PL084_70 sil S E s k O z a S k a z E n a t O rZ E t a k m a rZ E b E ts_j sil 
LOG (lattice-best-path[5.5]:main():lattice-best-path.cc:99) For utterance PL036_18, best cost 169.821 + -178.925 = -9.10378 over 413 frames.
PL036_18 sil v l a n d a n a t O rZ d O v a dz O_~ ts a ts O n i d a ts i n i v a k s a r O v sil 
LOG (lattice-best-path[5.5]:main():lattice-best-path.cc:99) For utterance PL039_107, best cost 177.991 + -170.673 = 7.31839 over 413 frames.
PL039_107 sil p S 1 tS E S_j E_~ dz_j E k a S t E z n a s u p o ya t a z a t o t u k e d E S_j r A: j u sil 
LOG (lattice-best-path[5.5]:main():lattice-best-path.cc:99) For utterance PL039_32, best cost 204.626 + -172.99 = 31.6359 over 413 frames.
PL039_32 sil v s E ts_j O_~ s t O s t i m i l u tS n i k t u rZ 1 v O v tS a s p o S a d a l j a t O r E t a t sil 
LOG (lattice-best-path[5.5]:main():lattice-best-path.cc:99) For utterance PL038_17, best cost 107.365 + -145.511 = -38.1459 over 438 frames.
PL038_17 sil z a j o S E o d O m O v n o p r O b o t o sil 
LOG (lattice-best-path[5.5]:main():lattice-best-path.cc:99) For utterance PL040_65, best cost 183.121 + -184.107 = -0.985901 over 438 frames.
PL040_65 sil j E n a d o t 1 tS 1 S_j m e dZ i ts k a d u J\ e b E d u S t o ts E l a k a r s k i sil 
LOG (lattice-best-path[5.5]:main():lattice-best-path.cc:99) For utterance PL040_79, best cost 215.074 + -196.248 = 18.8262 over 444 frames.
PL040_79 sil i s t e: n o m a r t u rZ E v r S E m o g O m u v 1 ts_j b 1 z o b a f O g O S_j v a k a p i s k a sil 
LOG (lattice-best-path[5.5]:main():lattice-best-path.cc:99) For utterance PL030_58, best cost 69.983 + -133.77 = -63.7873 over 463 frames.
PL030_58 sil s a k r a t a S v r a ts a sil 
LOG (lattice-best-path[5.5]:main():lattice-best-path.cc:99) For utterance PL040_80, best cost 151.828 + -169.987 = -18.1589 over 463 frames.
PL040_80 sil i m O v i k a i z n a j a t a g o d O t u n o t k i S k i t a n i sil 
LOG (lattice-best-path[5.5]:main():lattice-best-path.cc:99) For utterance PL041_61, best cost 222.078 + -203.712 = 18.3665 over 475 frames.
PL041_61 sil p O k a z u rZ 1 ts i m a t r E u v O v i S E m a ts E n a rZ E z a ts_j v i r m i s u p r a m i: N A: m i sil 
LOG (lattice-best-path[5.5]:main():lattice-best-path.cc:99) For utterance PL090_47, best cost 129.369 + -177.826 = -48.4568 over 475 frames.
PL090_47 sil j a k i E s t O rZ O_~ dz O m a u n i a u r O p a i s k a sil 
LOG (lattice-best-path[5.5]:main():lattice-best-path.cc:99) For utterance PL097_20, best cost 152.207 + -153.387 = -1.17941 over 475 frames.
PL097_20 sil i s t a k e g O S_j i E s t a w a 9 z a b E_~ rZ a rZ E b i o n k i n sil 
LOG (lattice-best-path[5.5]:main():lattice-best-path.cc:99) For utterance PL040_87, best cost 103.629 + -157.765 = -54.1367 over 488 frames.
PL040_87 sil b u b E t a k o r o n E d o v s p r a v i E sil 
LOG (lattice-best-path[5.5]:main():lattice-best-path.cc:99) For utterance PL046_35, best cost 82.0983 + -143.545 = -61.4471 over 488 frames.
PL046_35 sil p a l E ts n a p r a z a d a n t a sil 
LOG (lattice-best-path[5.5]:main():lattice-best-path.cc:99) For utterance PL038_3, best cost 111.869 + -164.25 = -52.3814 over 494 frames.
PL038_3 sil d a k a n ts a rZ 1 tS a z a p o n o t E g O d n a sil 
LOG (lattice-best-path[5.5]:main():lattice-best-path.cc:99) For utterance PL040_41, best cost 207.145 + -198.383 = 8.76204 over 494 frames.
PL040_41 sil j rZ E i t E S p o s t a n O v i rZ E n i b E n i S E n i m i k i r O v o p O rZ O_~ b a r t a sil 
LOG (lattice-best-path[5.5]:main():lattice-best-path.cc:99) For utterance PL041_27, best cost 298.865 + -224.31 = 74.5551 over 500 frames.
PL041_27 sil a ts a tS i a l a r m O v a l i b r a tS E rZ E n a l j S_j ts_j O m e S 1 m a v i r a l a k u p S E s a rZ a w k r dz_j E S_j i u S E m i p O d a sil 
LOG (lattice-best-path[5.5]:main():lattice-best-path.cc:99) For utterance PL072_101, best cost 249.363 + -190.66 = 58.7035 over 506 frames.
PL072_101 sil v a k o b E_~ dz_j E w a ts i b u z e tS E n i p O n i b i v i a k a k r E s i d u rZ 1 p o t E S a n i b a ts O g a t sil 
LOG (lattice-best-path[5.5]:main():lattice-best-path.cc:99) For utterance PL038_77, best cost 133.741 + -166.579 = -32.8383 over 513 frames.
PL038_77 sil m a w a j a k o S O b s a s i o n a p o tS E z d r o r a sil 
LOG (lattice-best-path[5.5]:main():lattice-best-path.cc:99) For utterance PL036_44, best cost 205.519 + -206.381 = -0.862244 over 519 frames.
PL036_44 sil v S tS E s u tS t r l a t i v O v k a s k i n o n a m i s E p O ts j a t a m i t_s\ e s t a v a sil 
LOG (lattice-best-path[5.5]:main():lattice-best-path.cc:99) For utterance PL041_88, best cost 274.509 + -244.299 = 30.2095 over 544 frames.
PL041_88 sil f E d a p O z a s t a n i i m i: n d i d u a n a d v a n i S a b a s a m O rZ O n a v a g O k O l a g i m a t v A: v tS a g o sil 
LOG (lattice-best-path[5.5]:main():lattice-best-path.cc:99) For utterance PL038_89, best cost 162.135 + -189.66 = -27.5242 over 550 frames.
PL038_89 sil j e t O r i a j s t a k a tS E s w a v a m i o p r o b l a m a s o b u sil 
LOG (lattice-best-path[5.5]:main():lattice-best-path.cc:99) For utterance PL039_92, best cost 264.489 + -221.467 = 43.0214 over 556 frames.
PL039_92 sil n a tS E_~ dz_j E S_j ts_j i S a n 1 x p r a d v dz_j E s t O S_j i t 1 ts_j O_~ ts 1 S_j p i n a r O d u j u S tS E_~ ts_j E p o s t a p O v a n i ya sil 
LOG (lattice-best-path[5.5]:main():lattice-best-path.cc:99) For utterance PL040_45, best cost 221.853 + -226.699 = -4.84621 over 563 frames.
PL040_45 sil a p i n s n O v a tS v a t u J\ e p o S u g r O k u p a n O v a n a s u t r g o k u t O v a k a sil 
LOG (lattice-best-path[5.5]:main():lattice-best-path.cc:99) For utterance PL063_8, best cost 236.936 + -222.768 = 14.1681 over 569 frames.
PL063_8 sil s r a k o j O r u j u v o S E Z i k a rZ 1 v O b r o n i p r u r O l i z b o b a d e: r E t o n i S m sil 
LOG (lattice-best-path[5.5]:main():lattice-best-path.cc:99) For utterance PL084_34, best cost 242.178 + -241.162 = 1.01677 over 569 frames.
PL084_34 sil a b E n i g i n a l i k O l E n i p O l i ts j a n dZ i k O n i tS n a j a s t i S tS E l a p S E r a s p O z n a n i sil 
LOG (lattice-best-path[5.5]:main():lattice-best-path.cc:99) For utterance PL084_27, best cost 250.308 + -240.155 = 10.153 over 575 frames.
PL084_27 sil v s l a n i n a s m a d a r E n k i b u w a v t o r a n E v a rZ n E S E n t E m a t a n a g O v p o i ts j a n t o sil 
LOG (lattice-best-path[5.5]:main():lattice-best-path.cc:99) For utterance PL041_67, best cost 264.214 + -248.946 = 15.2682 over 581 frames.
PL041_67 sil n a j O_~ ts E u r a z O v i O_~ rZ 1 ts_j O_~ ts O p O rZ E n a m i s p O v O d O v a n a m i n i o m e: n o t p a l a n i m p a t a t sil 
LOG (lattice-best-path[5.5]:main():lattice-best-path.cc:99) For utterance PL040_23, best cost 265.207 + -251.159 = 14.0483 over 594 frames.
PL040_23 sil p i s E S E s i k O n i k a t u v i k a j n d a tS n a p O p a r tS l a s p o n a n E g O k o t E x p S E z v i t O S_j 
LOG (lattice-best-path[5.5]:main():lattice-best-path.cc:99) For utterance PL072_79, best cost 257.366 + -241.013 = 16.3524 over 594 frames.
PL072_79 sil s a d i s k i p i E_~ dz 1 x n a s j O_~ t E rZ O r E z n a s v a n o s a m b i n a d E n E m i a k a j d o n a tS a v a sil 
LOG (lattice-best-path[5.5]:main():lattice-best-path.cc:99) For utterance PL084_22, best cost 230.851 + -238.839 = -7.98782 over 594 frames.
PL084_22 sil n a t a v n a p S E ts i ya t E S E p r u S a n i t E m s a S a s t a w a m u v i d a l u S rZ a x i k sil 
LOG (lattice-best-path[5.5]:main():lattice-best-path.cc:99) For utterance PL072_90, best cost 219.493 + -214.731 = 4.76143 over 600 frames.
PL072_90 sil p r m a t i ts i tS E tS a u rZ E p i b i tS E S_j ts_j O v a n M S E t i n i tS n i v O l n i g o d n m sil 
LOG (lattice-best-path[5.5]:main():lattice-best-path.cc:99) For utterance PL072_116, best cost 84.6152 + -73.0172 = 11.598 over 175 frames.
PL072_116 sil t o s o n a k t a r E p i n i O_~ z a sil 
LOG (lattice-best-path[5.5]:main():lattice-best-path.cc:99) For utterance PL036_41, best cost 70.9572 + -78.7077 = -7.75051 over 200 frames.
PL036_41 sil z O rZ O d a t S E S a v a sil 
LOG (lattice-best-path[5.5]:main():lattice-best-path.cc:99) For utterance PL039_85, best cost 77.6628 + -74.6662 = 2.99661 over 206 frames.
PL039_85 sil n i m i a n s a t E v 1 b o r u sil 
LOG (lattice-best-path[5.5]:main():lattice-best-path.cc:99) For utterance PL039_56, best cost 95.976 + -104.387 = -8.41128 over 250 frames.
PL039_56 sil t E m h a n i S E z a S k O tS O p a n a sil 
LOG (lattice-best-path[5.5]:main():lattice-best-path.cc:99) For utterance PL072_124, best cost 125.28 + -109.12 = 16.1599 over 256 frames.
PL072_124 sil tS E rZ E j O_~ S_j i n i k i k O p a r E k i s p i x a tS E sil 
LOG (lattice-best-path[5.5]:main():lattice-best-path.cc:99) For utterance PL041_102, best cost 113.698 + -110.743 = 2.95432 over 269 frames.
PL041_102 sil p S E tS n i m O b i n a n i x n i g o s a v a ts i sil 
LOG (lattice-best-path[5.5]:main():lattice-best-path.cc:99) For utterance PL041_18, best cost 124.23 + -112.904 = 11.3255 over 281 frames.
PL041_18 sil n a b i S 1 tS a S e b a S E z i m i s p o t k a ts sil 
LOG (lattice-best-path[5.5]:main():lattice-best-path.cc:99) For utterance PL084_11, best cost 105.369 + -112.938 = -7.56902 over 288 frames.
PL084_11 sil n i tS a S a s k a n s a n k v E n ts j a v i sil 
LOG (lattice-best-path[5.5]:main():lattice-best-path.cc:99) For utterance PL038_20, best cost 89.7533 + -104.059 = -14.3054 over 294 frames.
PL038_20 sil r a l e b o s k A: r a n a b o s k x sil 
LOG (lattice-best-path[5.5]:main():lattice-best-path.cc:99) For utterance PL040_17, best cost 96.3812 + -109.664 = -13.2832 over 300 frames.
PL040_17 sil p i o t r a n a p o: g A: v E m o d i tS E sil 
LOG (lattice-best-path[5.5]:main():lattice-best-path.cc:99) For utterance PL038_62, best cost 110.168 + -105.945 = 4.22276 over 306 frames.
PL038_62 sil z a s a n a r a S E l a tS E g a t a z r O b i r sil 
LOG (lattice-best-path[5.5]:main():lattice-best-path.cc:99) For utterance PL072_82, best cost 119.319 + -116.779 = 2.54032 over 313 frames.
PL072_82 sil a t E p r a t s p r O g r a s a m i r a k i tS E tS E sil 
LOG (lattice-best-path[5.5]:main():lattice-best-path.cc:99) For utterance PL084_37, best cost 93.4392 + -132.834 = -39.3944 over 325 frames.
PL084_37 sil t a d E u S a ts E v i tS z b i s k a sil 
LOG (lattice-best-path[5.5]:main():lattice-best-path.cc:99) For utterance PL038_45, best cost 114.121 + -118.536 = -4.41534 over 331 frames.
PL038_45 sil n a m o j tS E k n a d rZ E k z b i S O l a sil 
LOG (lattice-best-path[5.5]:main():lattice-best-path.cc:99) For utterance PL038_52, best cost 108.459 + -112.804 = -4.3459 over 338 frames.
PL038_52 sil v E b a n i k n i o p o v\ e n a t a p E t a n i sil 
LOG (lattice-best-path[5.5]:main():lattice-best-path.cc:99) For utterance PL072_73, best cost 148.006 + -141.155 = 6.85054 over 344 frames.
PL072_73 sil p O z a t E n t o s u j a i k a n a g a ts E v i d E g O m O k i m sil 
LOG (lattice-best-path[5.5]:main():lattice-best-path.cc:99) For utterance PL084_40, best cost 115.255 + -130.306 = -15.0505 over 350 frames.
PL084_40 sil t a r a s r m a n t E z a z n i k n o S a n dZ a sil 
LOG (lattice-best-path[5.5]:main():lattice-best-path.cc:99) For utterance PL012_15, best cost 112.915 + -124.927 = -12.0118 over 356 frames.
PL012_15 sil n i m a k O n t r O l i n a t E k m i o s o: m a n sil 
LOG (lattice-best-path[5.5]:main():lattice-best-path.cc:99) For utterance PL036_30, best cost 137.536 + -121.915 = 15.6206 over 356 frames.
PL036_30 sil i sil d O b a v 1 z i S E n i n t a k o tS E s a f u s n u sil 
LOG (lattice-best-path[5.5]:main():lattice-best-path.cc:99) For utterance PL039_19, best cost 161.734 + -145.756 = 15.9774 over 369 frames.
PL039_19 sil tS E S p O s u k O m i t E t O b a t a s k i g O z a p r a t o s t O v a sil 
LOG (lattice-best-path[5.5]:main():lattice-best-path.cc:99) For utterance PL039_87, best cost 161.581 + -137.27 = 24.3118 over 369 frames.
PL039_87 sil d E n t E g O n i s r O b i x a b a p r a tS i l s k r a S b i n i b u sil 
LOG (lattice-best-path[5.5]:main():lattice-best-path.cc:99) For utterance PL072_8, best cost 206.589 + -165.82 = 40.7691 over 374 frames.
PL072_8 sil s o v a k O f a t O v a n i m a s p o n E g O z b i x t r a f i O rZ 1 S_j i a tS 1 z g O d u sil 
LOG (lattice-best-path[5.5]:main():lattice-best-path.cc:99) For utterance PL040_66, best cost 160.5 + -163.864 = -3.36374 over 375 frames.
PL040_66 sil v tS a S E p r o d o l E k a z a s t o s O v a l t E s a s k i tS E_~ ts_j E sil 
LOG (lattice-best-path[5.5]:main():lattice-best-path.cc:99) For utterance PL072_13, best cost 199.925 + -157.11 = 42.8154 over 394 frames.
PL072_13 sil n a s t a k u m O rZ n a p o s t a ts_j d o p O rZ E g O dz_j E tS n d u S t r a s O_~ S_j i t v a n a sil 
LOG (lattice-best-path[5.5]:main():lattice-best-path.cc:99) For utterance PL038_16, best cost 101.961 + -121.795 = -19.8334 over 406 frames.
PL038_16 sil z 1 x a l i z o tS O v r e n i E rZ E k i sil 
LOG (lattice-best-path[5.5]:main():lattice-best-path.cc:99) For utterance PL036_21, best cost 169.236 + -177.316 = -8.07944 over 419 frames.
PL036_21 sil s a v a m i tS i s O v s k i Z E tS i k O m a n t 1 x g o v n i p r i ts i sil 
LOG (lattice-best-path[5.5]:main():lattice-best-path.cc:99) For utterance PL038_49, best cost 122.374 + -158.702 = -36.3283 over 419 frames.
PL038_49 sil p a n i m a r j a m a o tS 1 tS E v o n a o d w a s sil 
LOG (lattice-best-path[5.5]:main():lattice-best-path.cc:99) For utterance PL038_74, best cost 118.577 + -143.213 = -24.6364 over 419 frames.
PL038_74 sil n i m o g w a z m a l E z n s p o n a n E_~ dz 1 k a sil 
LOG (lattice-best-path[5.5]:main():lattice-best-path.cc:99) For utterance PL084_97, best cost 149.805 + -170.13 = -20.3243 over 419 frames.
PL084_97 sil p S E g a p i S n a v k a n i s t a n n i p S E g a p i r a k o sil 
LOG (lattice-best-path[5.5]:main():lattice-best-path.cc:99) For utterance PL084_1, best cost 166.868 + -178.57 = -11.7015 over 431 frames.
PL084_1 sil p S E S a k t i p O l i ts j a n t n i s t a n a v E ts_j O_~ t a m o g r o Z i sil 
LOG (lattice-best-path[5.5]:main():lattice-best-path.cc:99) For utterance PL038_80, best cost 72.0038 + -125.046 = -53.042 over 444 frames.
PL038_80 sil v 1 s v A: n d o l a k a rZ E sil 
LOG (lattice-best-path[5.5]:main():lattice-best-path.cc:99) For utterance PL038_43, best cost 139.116 + -153.138 = -14.022 over 450 frames.
PL038_43 sil a l E z u s t 1 S a l k i p E l j a g a ts_j O_~ g r O tS w a sil 
LOG (lattice-best-path[5.5]:main():lattice-best-path.cc:99) For utterance PL072_112, best cost 211.722 + -176.36 = 35.3622 over 450 frames.
PL072_112 sil z a r b E n i g o t a m tS a S_j ts_j a n i E l E g a n s k o p a t a l o g A: r a tS E n i tS n o r m a sil 
LOG (lattice-best-path[5.5]:main():lattice-best-path.cc:99) For utterance PL072_113, best cost 186.783 + -153.265 = 33.5181 over 456 frames.
PL072_113 sil f a s u x a k i S O dz_j a z b r a k a k o s o: m i S E v i o t f a d E n t r E s sil 
LOG (lattice-best-path[5.5]:main():lattice-best-path.cc:99) For utterance PL030_82, best cost 128.766 + -161.787 = -33.0211 over 475 frames.
PL030_82 sil v s a v S 1 m i w 1 m E g i ts O v E p o b l o n d E sil 
LOG (lattice-best-path[5.5]:main():lattice-best-path.cc:99) For utterance PL040_78, best cost 198.349 + -200.557 = -2.2083 over 494 frames.
PL040_78 sil t o S O k p S E s t a j p r O k r a t a p r O v a dz O_~ ts p r O S_j E tS n o r O t k u v sil 
LOG (lattice-best-path[5.5]:main():lattice-best-path.cc:99) For utterance PL038_31, best cost 110.199 + -162.039 = -51.8395 over 500 frames.
PL038_31 sil r a l e b o s k E sil t O ts O S_j i o r u S a sil 
LOG (lattice-best-path[5.5]:main():lattice-best-path.cc:99) For utterance PL038_48, best cost 49.0197 + -46.9458 = 2.0739 over 119 frames.
PL038_48 sil n i o d a w S_j ts_j O_~ sil 
LOG (lattice-best-path[5.5]:main():lattice-best-path.cc:99) For utterance PL039_20, best cost 37.9392 + -52.7368 = -14.7975 over 156 frames.
PL039_20 sil z a tS a g o sil 
LOG (lattice-best-path[5.5]:main():lattice-best-path.cc:99) For utterance PL072_104, best cost 58.5089 + -64.9912 = -6.48235 over 188 frames.
PL072_104 sil v tS i t a g rZ a m E sil 
LOG (lattice-best-path[5.5]:main():lattice-best-path.cc:99) For utterance PL040_27, best cost 97.4508 + -87.075 = 10.3759 over 206 frames.
PL040_27 sil t a k f 9 s E z O f a n i n t r a s u v sil 
LOG (lattice-best-path[5.5]:main():lattice-best-path.cc:99) For utterance PL041_63, best cost 93.4302 + -90.1094 = 3.32079 over 219 frames.
PL041_63 sil b a k a z b a dZ i t v a k i k a m i n t sil 
LOG (lattice-best-path[5.5]:main():lattice-best-path.cc:99) For utterance PL097_104, best cost 35.4249 + -65.1282 = -29.7033 over 231 frames.
PL097_104 sil i s t o p a sil 
LOG (lattice-best-path[5.5]:main():lattice-best-path.cc:99) For utterance PL039_66, best cost 99.1711 + -90.9431 = 8.22792 over 238 frames.
PL039_66 sil j e p a n o tS a j a p S e k u s t r a ts i sil 
LOG (lattice-best-path[5.5]:main():lattice-best-path.cc:99) For utterance PL072_127, best cost 113.97 + -93.0092 = 20.961 over 238 frames.
PL072_127 sil t a n s O_~ p i n i O_~ ts E b a z a n a p O p S E b i sil 
LOG (lattice-best-path[5.5]:main():lattice-best-path.cc:99) For utterance PL072_94, best cost 83.5165 + -82.4588 = 1.05773 over 238 frames.
PL072_94 sil r O k i k o t a m u s o n d a n 1 sil 
LOG (lattice-best-path[5.5]:main():lattice-best-path.cc:99) For utterance PL072_68, best cost 114.131 + -117.669 = -3.53741 over 275 frames.
PL072_68 sil t r a s r m a n t 1 z n i z n i k n o S E_~ ts_j E sil 
LOG (lattice-best-path[5.5]:main():lattice-best-path.cc:99) For utterance PL063_60, best cost 80.2282 + -110.268 = -30.04 over 281 frames.
PL063_60 sil t a k a b 1 w a i E g O f O l a sil 
LOG (lattice-best-path[5.5]:main():lattice-best-path.cc:99) For utterance PL036_36, best cost 117.284 + -108.865 = 8.41896 over 288 frames.
PL036_36 sil n i k i ya t r O i p O l s E tS E v a rZ 1 dz_j E v i sil 
LOG (lattice-best-path[5.5]:main():lattice-best-path.cc:99) For utterance PL039_106, best cost 49.6683 + -50.0942 = -0.425823 over 113 frames.
PL039_106 sil s p E v n O S_j ts_j O_~ sil 
LOG (lattice-best-path[5.5]:main():lattice-best-path.cc:99) For utterance PL039_28, best cost 25.2442 + -41.3602 = -16.116 over 125 frames.
PL039_28 sil m a m a sil 
LOG (lattice-best-path[5.5]:main():lattice-best-path.cc:99) For utterance PL037_32, best cost 62.9301 + -61.6667 = 1.26334 over 169 frames.
PL037_32 sil a l i t r v\ e m S E s sil 
LOG (lattice-best-path[5.5]:main():lattice-best-path.cc:99) For utterance PL084_88, best cost 54.2156 + -71.1334 = -16.9178 over 194 frames.
PL084_88 sil a ts a z n O v E m i sil 
LOG (lattice-best-path[5.5]:main():lattice-best-path.cc:99) For utterance PL041_57, best cost 69.2587 + -63.0476 = 6.21111 over 200 frames.
PL041_57 sil r u x m a m E n i d e: r k sil 
LOG (lattice-best-path[5.5]:main():lattice-best-path.cc:99) For utterance PL041_98, best cost 99.5517 + -81.9758 = 17.5759 over 206 frames.
PL041_98 sil k a 4 a p a n O rZ O_~ j a n a t a b o r s a sil 
LOG (lattice-best-path[5.5]:main():lattice-best-path.cc:99) For utterance PL036_87, best cost 59.588 + -75.845 = -16.2569 over 225 frames.
PL036_87 sil tS 1 ts E S E z m i o sil 
LOG (lattice-best-path[5.5]:main():lattice-best-path.cc:99) For utterance PL039_75, best cost 87.151 + -92.4119 = -5.26085 over 238 frames.
PL039_75 sil p O tS 1 S_j ts_j E z a p o t E s k O n a n sil 
LOG (lattice-best-path[5.5]:main():lattice-best-path.cc:99) For utterance PL039_108, best cost 101.186 + -102.87 = -1.6839 over 250 frames.
PL039_108 sil p S E d a S E s k i m o r a n i a n i t o k a sil 
LOG (lattice-best-path[5.5]:main():lattice-best-path.cc:99) For utterance PL040_67, best cost 112.777 + -114.428 = -1.65071 over 269 frames.
PL040_67 sil p S o k a z i p S 1 tS e k O v i tS E l j i t a sil 
LOG (lattice-best-path[5.5]:main():lattice-best-path.cc:99) For utterance PL039_4, best cost 116.585 + -120.371 = -3.78591 over 275 frames.
PL039_4 sil p O r a ts_j i w a n d 1 s t O_~ p i o d O S_j ts_j O_~ d u sil 
LOG (lattice-best-path[5.5]:main():lattice-best-path.cc:99) For utterance PL041_34, best cost 136.94 + -115.557 = 21.3826 over 275 frames.
PL041_34 sil i: s E S tS e d a m p r o b l a m t a s a p a tS i z a l a k i sil 
LOG (lattice-best-path[5.5]:main():lattice-best-path.cc:99) For utterance PL090_83, best cost 54.8824 + -87.0726 = -32.1902 over 281 frames.
PL090_83 sil t a n i E p r a v a d a sil 
LOG (lattice-best-path[5.5]:main():lattice-best-path.cc:99) For utterance PL040_68, best cost 85.2627 + -95.4744 = -10.2117 over 288 frames.
PL040_68 sil s p r a v o n a j a v i n S t a l sil 
LOG (lattice-best-path[5.5]:main():lattice-best-path.cc:99) For utterance PL084_12, best cost 96.3448 + -117.718 = -21.3731 over 300 frames.
PL084_12 sil m a rZ O_~ i E_~ ts_j O_~ k a r i r b o s u v sil 
LOG (lattice-best-path[5.5]:main():lattice-best-path.cc:99) For utterance PL097_97, best cost 90.5908 + -110.786 = -20.1957 over 313 frames.
PL097_97 sil i s t o p O b a j k O m a n d o j a n sil 
LOG (lattice-best-path[5.5]:main():lattice-best-path.cc:99) For utterance PL072_52, best cost 146.728 + -143.019 = 3.70912 over 319 frames.
PL072_52 sil p S t o k O v a n i v E s a k i z a b u d O v i s p r a k t 1 tS n a sil 
LOG (lattice-best-path[5.5]:main():lattice-best-path.cc:99) For utterance PL039_59, best cost 145.545 + -133.119 = 12.4261 over 331 frames.
PL039_59 sil v O dz_j E ts_j O_~ p O z l a j O_~ z a tS n a j u s o: m i S a tS u s u sil 
LOG (lattice-best-path[5.5]:main():lattice-best-path.cc:99) For utterance PL084_7, best cost 118.157 + -126.04 = -7.88263 over 331 frames.
PL084_7 sil m i s t r a z b i t E k a n g O s E m u j a n O v a sil 
LOG (lattice-best-path[5.5]:main():lattice-best-path.cc:99) For utterance PL072_125, best cost 194.605 + -151.129 = 43.4759 over 336 frames.
PL072_125 sil f i v E n o t p O v a d O n a t E p E t a n i a rZ 1 b n i p S 1 ts_j m o r p a S t v i sil 
LOG (lattice-best-path[5.5]:main():lattice-best-path.cc:99) For utterance PL039_45, best cost 143.955 + -135.279 = 8.67555 over 344 frames.
PL039_45 sil v i s E S m a k r a j n k a p i t a l i s u p a n f O v a g o sil 
LOG (lattice-best-path[5.5]:main():lattice-best-path.cc:99) For utterance PL030_25, best cost 92.379 + -136.283 = -43.9036 over 363 frames.
PL030_25 sil v s a rZ O_~ t u m i s k i m p a r t i sil 
LOG (lattice-best-path[5.5]:main():lattice-best-path.cc:99) For utterance PL039_57, best cost 21.5269 + -34.3239 = -12.797 over 119 frames.
PL039_57 sil n i ya sil 
LOG (lattice-best-path[5.5]:main():lattice-best-path.cc:99) For utterance PL072_114, best cost 98.6084 + -86.2878 = 12.3205 over 188 frames.
PL072_114 sil t r a s n o tS n a d u rZ a z a r O v i ts_j sil 
LOG (lattice-best-path[5.5]:main():lattice-best-path.cc:99) For utterance PL039_83, best cost 74.4654 + -74.219 = 0.246437 over 194 frames.
PL039_83 sil r s p r a v O d r O tS a n o sil 
LOG (lattice-best-path[5.5]:main():lattice-best-path.cc:99) For utterance PL072_103, best cost 105.757 + -86.5025 = 19.2545 over 250 frames.
PL072_103 sil n a v i ts i tS i k t u rZ 1 s o: m r k a n a n sil 
LOG (lattice-best-path[5.5]:main():lattice-best-path.cc:99) For utterance PL072_46, best cost 130.195 + -106.242 = 23.9526 over 281 frames.
PL072_46 sil a m i x v n i tS n i p S t o n a n i d a v n i r d E r E sil 
LOG (lattice-best-path[5.5]:main():lattice-best-path.cc:99) For utterance PL077_5, best cost 138.688 + -122.174 = 16.5144 over 281 frames.
PL077_5 sil n i n s m a j o j a n E p E k a b a f O_~ ts O dz_j i z r O v sil 
LOG (lattice-best-path[5.5]:main():lattice-best-path.cc:99) For utterance PL038_82, best cost 100.602 + -106.787 = -6.1846 over 288 frames.
PL038_82 sil a l o n a d a l a j O ts E s p O m i n a w a sil 
LOG (lattice-best-path[5.5]:main():lattice-best-path.cc:99) For utterance PL072_37, best cost 112.898 + -117.178 = -4.28062 over 294 frames.
PL072_37 sil s a w S_j ts_j p S k r e d v o s p a d O v E d a x sil 
LOG (lattice-best-path[5.5]:main():lattice-best-path.cc:99) For utterance PL038_47, best cost 86.3103 + -108.323 = -22.0128 over 300 frames.
PL038_47 sil p o b O v a l i x r a n i m O v a ts_j sil 
LOG (lattice-best-path[5.5]:main():lattice-best-path.cc:99) For utterance PL041_54, best cost 148.857 + -124.545 = 24.312 over 306 frames.
PL041_54 sil a s t E m e: n a rZ 1 z a p a l i tS l a n i S E p k O d a l i ts_j O_~ sil 
LOG (lattice-best-path[5.5]:main():lattice-best-path.cc:99) For utterance PL039_95, best cost 123.917 + -130.343 = -6.42636 over 313 frames.
PL039_95 sil v i s t E t E n i p S E g O t O v a n o i x a l E p i sil 
LOG (lattice-best-path[5.5]:main():lattice-best-path.cc:99) For utterance PL040_94, best cost 133.523 + -145.714 = -12.1908 over 319 frames.
PL040_94 sil p O z a t E m sil j u S p a t a f i s a s k a k o j O_~ ts a sil 
LOG (lattice-best-path[5.5]:main():lattice-best-path.cc:99) For utterance PL040_72, best cost 151.702 + -132.959 = 18.743 over 331 frames.
PL040_72 sil d o s u d u z a p a J e k O n i S y z a b i k i r u 4 J\ y tS n a sil 
LOG (lattice-best-path[5.5]:main():lattice-best-path.cc:99) For utterance PL038_96, best cost 94.4094 + -121.054 = -26.6445 over 381 frames.
PL038_96 sil n i n b u m a sil j O_~ s o j O p r a t sil 
LOG (lattice-best-path[5.5]:main():lattice-best-path.cc:99) For utterance PL090_16, best cost 40.585 + -99.5202 = -58.9352 over 388 frames.
PL090_16 sil l a tS a g o sil 
LOG (lattice-best-path[5.5]:main():lattice-best-path.cc:99) For utterance PL097_2, best cost 92.8865 + -119.511 = -26.6246 over 388 frames.
PL097_2 sil s t a 4 e t a t r n o v n s a z o r E sil 
LOG (lattice-best-path[5.5]:main():lattice-best-path.cc:99) For utterance PL072_123, best cost 224.996 + -175.148 = 49.848 over 400 frames.
PL072_123 sil m S_j i t n E f i m E b u d O v a n E d u rZ 1 m i S E tS E n i a m i z E f r a t E n t E g r 1 ts_j O_~ t sil 
LOG (lattice-best-path[5.5]:main():lattice-best-path.cc:99) For utterance PL030_17, best cost 112.42 + -161.22 = -48.7994 over 413 frames.
PL030_17 sil p o s u x s E u n i v a rZ n i a z j a s t o sil 
LOG (lattice-best-path[5.5]:main():lattice-best-path.cc:99) For utterance PL039_14, best cost 187.526 + -161.905 = 25.621 over 425 frames.
PL039_14 sil v S e m e a j s p O n o k a S E p S E S a b l a t v a t E rZ 1 p o s p o l i t E sil 
LOG (lattice-best-path[5.5]:main():lattice-best-path.cc:99) For utterance PL039_81, best cost 203.667 + -183.537 = 20.1302 over 425 frames.
PL039_81 sil k a l i S O S_j E tS u v O v tS a S m u S O S_j E_~ p O r o s m i s p a n a p r s E d E n t a sil 
LOG (lattice-best-path[5.5]:main():lattice-best-path.cc:99) For utterance PL084_10, best cost 142.055 + -163.02 = -20.9657 over 425 frames.
PL084_10 sil k ts O S E p k O i d O g rZ E tS t a j s t i x a t o s sil 
LOG (lattice-best-path[5.5]:main():lattice-best-path.cc:99) For utterance PL097_77, best cost 139.093 + -150.176 = -11.0824 over 425 frames.
PL097_77 sil t o i t a k S E d a t r u d o tS i n a k a u s p O k a j a n sil 
LOG (lattice-best-path[5.5]:main():lattice-best-path.cc:99) For utterance PL039_62, best cost 212.866 + -183.261 = 29.6053 over 450 frames.
PL039_62 sil v a tS E g a s a d a k a b a r t a b a j S_j i E s t r a S i s t E t o t o p a m i tS n a n o d O v E sil 
LOG (lattice-best-path[5.5]:main():lattice-best-path.cc:99) For utterance PL037_29, best cost 214.089 + -184.734 = 29.3556 over 456 frames.
PL037_29 sil S_j n a m i s r O k a j s E ts i b r a n a m i s t o i d u b E n a n i d a l e k O m o s k f E sil 
LOG (lattice-best-path[5.5]:main():lattice-best-path.cc:99) For utterance PL041_29, best cost 221.763 + -208.303 = 13.4599 over 463 frames.
PL041_29 sil j e k i z a t E m i a b a b E ts E s k l a p a ts i n d u v p E d a n a tS a n a i z b a t a k a r s k a sil 
LOG (lattice-best-path[5.5]:main():lattice-best-path.cc:99) For utterance PL077_18, best cost 201.564 + -175.416 = 26.1479 over 463 frames.
PL077_18 sil p r a z a s t a z a p r s a t O v a n E p o b i tS n a m o b i o ts 1 x s M n a v o j u tS E t sil 
LOG (lattice-best-path[5.5]:main():lattice-best-path.cc:99) For utterance PL038_79, best cost 132.133 + -164.619 = -32.4853 over 469 frames.
PL038_79 sil k a z a m i z a rZ 1 v a tS k r O p r o s p O k a j a n s a sil 
LOG (lattice-best-path[5.5]:main():lattice-best-path.cc:99) For utterance PL037_39, best cost 216.468 + -191.49 = 24.9788 over 475 frames.
PL037_39 sil s v i n i E S a n E t a k i s n i S E rZ 1 tS E v i s t i: v a k o n a s t m u v i r o: m a n u i t sil 
LOG (lattice-best-path[5.5]:main():lattice-best-path.cc:99) For utterance PL072_16, best cost 223.121 + -182.761 = 40.3601 over 475 frames.
PL072_16 sil s t a ts i z m i n i d o n a tS a rZ l s a p r E k v a n E p S E z a m i S k a d E r n E g a v r a n sil 
LOG (lattice-best-path[5.5]:main():lattice-best-path.cc:99) For utterance PL012_39, best cost 196.897 + -185.571 = 11.3257 over 481 frames.
PL012_39 sil p r a t f o: m O v a t r s k a p O n o s p a sil tS n i n a r a rZ E n M j p S E s t r a t E sil 
LOG (lattice-best-path[5.5]:main():lattice-best-path.cc:99) For utterance PL038_25, best cost 127.55 + -158.464 = -30.9146 over 481 frames.
PL038_25 sil v ts O tS a S E u z a w rZ E t o j E m a k n i o m a sil 
LOG (lattice-best-path[5.5]:main():lattice-best-path.cc:99) For utterance PL072_4, best cost 196.832 + -191.436 = 5.3969 over 488 frames.
PL072_4 sil t r n a s k a p r a ts a n a s n a p S 1 S_j ts_j n a t a n a m a S t a p i s p r d O r O b a k sil 
LOG (lattice-best-path[5.5]:main():lattice-best-path.cc:99) For utterance PL038_44, best cost 82.1553 + -74.9649 = 7.19042 over 206 frames.
PL038_44 sil k O S E s k a t f O s E k O n d a sil 
LOG (lattice-best-path[5.5]:main():lattice-best-path.cc:99) For utterance PL036_74, best cost 74.9097 + -82.3617 = -7.45196 over 219 frames.
PL036_74 sil o d b i t a z a k o n i k u v sil 
LOG (lattice-best-path[5.5]:main():lattice-best-path.cc:99) For utterance PL036_58, best cost 81.5897 + -93.189 = -11.5994 over 256 frames.
PL036_58 sil m a rZ O_~ S_j E_~ k a r i r b a s v sil 
LOG (lattice-best-path[5.5]:main():lattice-best-path.cc:99) For utterance PL072_91, best cost 125.386 + -111.318 = 14.0689 over 269 frames.
PL072_91 sil i b a m a r a ts j u tS E S t o m a u r m a n t 1 tS n a sil 
LOG (lattice-best-path[5.5]:main():lattice-best-path.cc:99) For utterance PL036_43, best cost 97.1036 + -100.029 = -2.92486 over 275 frames.
PL036_43 sil p O l tS E_~ ts_j E d p O v i dZ i o g i m sil 
LOG (lattice-best-path[5.5]:main():lattice-best-path.cc:99) For utterance PL072_86, best cost 150.505 + -121.231 = 29.2735 over 281 frames.
PL072_86 sil m dz_j E t a d O b r O b E t n i v O n i k p O v i z a n i k t u rZ E sil 
LOG (lattice-best-path[5.5]:main():lattice-best-path.cc:99) For utterance PL030_24, best cost 27.9501 + -76.8767 = -48.9266 over 288 frames.
PL030_24 sil s k i m sil 
LOG (lattice-best-path[5.5]:main():lattice-best-path.cc:99) For utterance PL036_90, best cost 142.98 + -132.175 = 10.8055 over 300 frames.
PL036_90 sil b 1 ts_j m O rZ E k O m u S p r O v i o t o s a m a p O tS u tS E sil 
LOG (lattice-best-path[5.5]:main():lattice-best-path.cc:99) For utterance PL038_36, best cost 74.1233 + -102.718 = -28.5946 over 306 frames.
PL038_36 sil r a t o l i k u r a t o n k o sil 
LOG (lattice-best-path[5.5]:main():lattice-best-path.cc:99) For utterance PL040_42, best cost 123.569 + -117.365 = 6.20399 over 313 frames.
PL040_42 sil S E b a t r k o j a s n a k r f i t f 9 z a m i a r sil 
LOG (lattice-best-path[5.5]:main():lattice-best-path.cc:99) For utterance PL039_3, best cost 129.846 + -134.866 = -5.02037 over 331 frames.
PL039_3 sil z a k o t n i ts_j O_~ v a p o tS i tS m O tS k o d O v a n a sil 
LOG (lattice-best-path[5.5]:main():lattice-best-path.cc:99) For utterance PL097_98, best cost 109.242 + -125.351 = -16.1084 over 338 frames.
PL097_98 sil d r f O j a m a d o n a b i S E p u tS i z 1 sil 
LOG (lattice-best-path[5.5]:main():lattice-best-path.cc:99) For utterance PL038_32, best cost 61.0174 + -100.126 = -39.1083 over 350 frames.
PL038_32 sil p o d a S O_~ g l E rZ E sil 
LOG (lattice-best-path[5.5]:main():lattice-best-path.cc:99) For utterance PL097_16, best cost 103.638 + -119.646 = -16.0082 over 350 frames.
PL097_16 sil d a m O v E p r o d n g a r t i: s t 1 tS n a sil 
LOG (lattice-best-path[5.5]:main():lattice-best-path.cc:99) For utterance PL038_24, best cost 93.0816 + -115.112 = -22.0309 over 356 frames.
PL038_24 sil j a t a tS n i m o g O v t o v E rZ 1 ts_j sil 
LOG (lattice-best-path[5.5]:main():lattice-best-path.cc:99) For utterance PL046_96, best cost 94.3248 + -119.017 = -24.6921 over 356 frames.
PL046_96 sil j a d a b a dZ a f t E p S E p a t k u sil 
LOG (lattice-best-path[5.5]:main():lattice-best-path.cc:99) For utterance PL072_108, best cost 142.584 + -136.497 = 6.0871 over 373 frames.
PL072_108 sil v i r a z i n i S m E g O p a J s t v i s t i n t o p i r a n sil 
LOG (lattice-best-path[5.5]:main():lattice-best-path.cc:99) For utterance PL084_63, best cost 142.986 + -145.527 = -2.54079 over 375 frames.
PL084_63 sil v b a m a j a m r a ts j a tS E S t a m a u r O m a n t E tS n a sil 
LOG (lattice-best-path[5.5]:main():lattice-best-path.cc:99) For utterance PL097_88, best cost 106.681 + -126.775 = -20.0945 over 394 frames.
PL097_88 sil z m a dZ y z a d E d o s o v a n a m u j a n sil 
LOG (lattice-best-path[5.5]:main():lattice-best-path.cc:99) For utterance PL012_26, best cost 99.1085 + -131.239 = -32.1309 over 406 frames.
PL012_26 sil t z a n i n i p o d o n a s t a m p i sil t sil 
LOG (lattice-best-path[5.5]:main():lattice-best-path.cc:99) For utterance PL030_65, best cost 71.3764 + -131.413 = -60.0369 over 413 frames.
PL030_65 sil t o o t k r i tS E k a r t sil 
LOG (lattice-best-path[5.5]:main():lattice-best-path.cc:99) For utterance PL036_93, best cost 168.553 + -163.776 = 4.77684 over 413 frames.
PL036_93 sil p S E d E v k a rZ O_~ p r a ts i E p o p i E_~ dz_j E ts_j O_~ t f u tS E n a rZ 1 S E sil 
LOG (lattice-best-path[5.5]:main():lattice-best-path.cc:99) For utterance PL030_49, best cost 128.929 + -158.296 = -29.3668 over 419 frames.
PL030_49 sil p O v i l d u m i s t a v a tS E d o t r u g i t u r 1 sil 
LOG (lattice-best-path[5.5]:main():lattice-best-path.cc:99) For utterance PL046_11, best cost 133.347 + -159.068 = -25.7214 over 419 frames.
PL046_11 sil a sil a n a l i z a r a p a r t o r a S t a r O v u j E n sil 
LOG (lattice-best-path[5.5]:main():lattice-best-path.cc:99) For utterance PL097_41, best cost 124.974 + -150.243 = -25.2694 over 431 frames.
PL097_41 sil z a n i m a w a b i O_~ z a v p E m i E_~ ts_j O_~ t o d a j E sil 
LOG (lattice-best-path[5.5]:main():lattice-best-path.cc:99) For utterance PL012_50, best cost 163.889 + -157.878 = 6.01068 over 450 frames.
PL012_50 sil j o s O v a t o s o n i p o t a k t O v a n a r a rZ E p i E_~ ts_j p O s u v sil 
LOG (lattice-best-path[5.5]:main():lattice-best-path.cc:99) For utterance PL038_64, best cost 158.296 + -170.162 = -11.8654 over 450 frames.
PL038_64 sil s t E g O ts O v E m sil n a r O dz_j E n a tS E S k a J a ts O l i tS 1 ts_j sil 
LOG (lattice-best-path[5.5]:main():lattice-best-path.cc:99) For utterance PL097_82, best cost 147.774 + -170.289 = -22.5149 over 450 frames.
PL097_82 sil l a b a ts a v t E u p S E tS 1 k u j E x o g o v o d E j a n sil 
LOG (lattice-best-path[5.5]:main():lattice-best-path.cc:99) For utterance PL084_95, best cost 146.614 + -186.783 = -40.1689 over 456 frames.
PL084_95 sil tS E j u S rZ a j O_~ S_j i n i k i k O p a r E k i s p a h a tS E sil 
LOG (lattice-best-path[5.5]:main():lattice-best-path.cc:99) For utterance PL039_101, best cost 230.695 + -191.893 = 38.8021 over 463 frames.
PL039_101 sil p i n S 1 S_j ts_j i p S E p a t k u f i n a k o S E k v E n S l a g a n a k i s k O n i v 1 ts_j O_~ d n i n t sil 
LOG (lattice-best-path[5.5]:main():lattice-best-path.cc:99) For utterance PL072_97, best cost 183.827 + -180.475 = 3.35179 over 469 frames.
PL072_97 sil v i S i t a m i S a p O v 1 ts_j O_~ n a ts_j t r t v E n O f a dZ a m r E k a n o v sil 
LOG (lattice-best-path[5.5]:main():lattice-best-path.cc:99) For utterance PL084_13, best cost 189.748 + -199.629 = -9.8815 over 475 frames.
PL084_13 sil v ts O b 1 tS t a k s a m a s l a v n i a k i x p O p S E d n i O p i k o n O v E sil 
LOG (lattice-best-path[5.5]:main():lattice-best-path.cc:99) For utterance PL090_41, best cost 111.814 + -166.658 = -54.8432 over 475 frames.
PL090_41 sil p S E m b e u z v i O_~ z a k s a v i E ts k i sil 
LOG (lattice-best-path[5.5]:main():lattice-best-path.cc:99) For utterance PL072_92, best cost 224.743 + -193.306 = 31.4369 over 481 frames.
PL072_92 sil p O b 1 b E n o r m a t E p i S E f a dZ i m a n o i r a k u tS n i d O d o n o g o s f i n i O_~ ts a sil 
LOG (lattice-best-path[5.5]:main():lattice-best-path.cc:99) For utterance PL037_10, best cost 232.222 + -209.165 = 23.0567 over 500 frames.
PL037_10 sil s u rZ O_~ b E s p o t n o r a d o i p O m o t u k a S t E m u k t o s t v e v E r o: m i f i r n d E sil 
LOG (lattice-best-path[5.5]:main():lattice-best-path.cc:99) For utterance PL037_28, best cost 238.149 + -221.666 = 16.4832 over 500 frames.
PL037_28 sil s E rZ O_~ t f i r m E p o d u d E ts j o u r u x O m i n f t E n k r a j u f a p r k i s v i f 9 r o sil 
LOG (lattice-best-path[5.5]:main():lattice-best-path.cc:99) For utterance PL037_85, best cost 216.333 + -214.507 = 1.82561 over 500 frames.
PL037_85 sil s O_~ t a l n i ya t o r O v a u s k O k i s a p O rZ a j O_~ ts k o t k O m p i r o t i p O v i S sil 
LOG (lattice-best-path[5.5]:main():lattice-best-path.cc:99) For utterance PL077_22, best cost 227.468 + -207.959 = 19.5093 over 500 frames.
PL077_22 sil b u d O v a p O f O tS u k O p i E_~ ts_j u l a t p O x O n i tS v a v S dz_j E S_j i l j O_~ t o l a r O v sil 
LOG (lattice-best-path[5.5]:main():lattice-best-path.cc:99) For utterance PL090_73, best cost 159.842 + -199.442 = -39.5995 over 513 frames.
PL090_73 sil z v i E n S a S E k r a j u v k o r o p ts j a p S E n i k a z d o sil 
LOG (lattice-best-path[5.5]:main():lattice-best-path.cc:99) For utterance PL040_3, best cost 255.736 + -224.021 = 31.7159 over 525 frames.
PL040_3 sil j a p a b E n o d O p r O t a S a tS E n i a t o r s a m O rZ O_~ d O v ts E z u 4 u n a p o t o n k u S E g O r O k u sil 
LOG (lattice-best-path[5.5]:main():lattice-best-path.cc:99) For utterance PL041_11, best cost 201.039 + -217.521 = -16.4817 over 531 frames.
PL041_11 sil m O rZ 1 b 1 ts_j d o n a d r a k t o r d a n o t a b l a n d a s z v i l i d a ts j u S a sil 
LOG (lattice-best-path[5.5]:main():lattice-best-path.cc:99) For utterance PL030_47, best cost 107.939 + -162.919 = -54.9804 over 538 frames.
PL030_47 sil j a k m O rZ n a z a k p i s o b u r s u v sil 
LOG (lattice-best-path[5.5]:main():lattice-best-path.cc:99) For utterance PL072_100, best cost 239.159 + -215.009 = 24.15 over 544 frames.
PL072_100 sil p o d r b i v a n i S a t O v i p a n t E p S E s p e S u b u d O v o r O p i s a x O n i s t i m i m i s sil 
LOG (lattice-scale[5.5]:main():lattice-scale.cc:107) Done 259 lattices.
LOG (lattice-add-penalty[5.5]:main():lattice-add-penalty.cc:62) Done adding word insertion penalty to 259 lattices.
LOG (lattice-best-path[5.5]:main():lattice-best-path.cc:99) For utterance PL037_47, best cost 256.786 + -212.286 = 44.5005 over 550 frames.
PL037_47 sil t o g o n i z i n k i n i n k a Z i m E Z i l k t y z a s t o p o s k o d r n a n o b o s t a v i tS E n o r O v a n sil 
LOG (lattice-best-path[5.5]:main():lattice-best-path.cc:124) Overall cost per frame is -3.55577 = 0.373638 [graph] + -3.92941 [acoustic] over 92870 frames.
LOG (lattice-best-path[5.5]:main():lattice-best-path.cc:128) Done 259 lattices, failed for 0
# Accounting: time=3 threads=1
# Ended (code 0) at Mon Apr 20 22:24:32 BST 2020, elapsed time 3 seconds
