# lattice-scale --inv-acoustic-scale=13 "ark:gunzip -c /home/paul/UPM/pytorch-kaldi/exp/UPM_RNN_mfcc_base_3_layers/decode_PL_only_out_dnn2/lat.*.gz|" ark:- | lattice-add-penalty --word-ins-penalty=1.0 ark:- ark:- | lattice-best-path --word-symbol-table=/home/paul/upm_exp/baseline_mfcc/data/lang/words.txt ark:- ark,t:- | utils/int2sym.pl -f 2- /home/paul/upm_exp/baseline_mfcc/data/lang/words.txt | local/wer_hyp_filter > /home/paul/UPM/pytorch-kaldi/exp/UPM_RNN_mfcc_base_3_layers/decode_PL_only_out_dnn2/scoring_kaldi/penalty_1.0/13.txt 
# Started at Mon Apr 20 22:24:29 BST 2020
#
lattice-add-penalty --word-ins-penalty=1.0 ark:- ark:- 
lattice-best-path --word-symbol-table=/home/paul/upm_exp/baseline_mfcc/data/lang/words.txt ark:- ark,t:- 
lattice-scale --inv-acoustic-scale=13 'ark:gunzip -c /home/paul/UPM/pytorch-kaldi/exp/UPM_RNN_mfcc_base_3_layers/decode_PL_only_out_dnn2/lat.*.gz|' ark:- 
LOG (lattice-best-path[5.5]:main():lattice-best-path.cc:99) For utterance PL072_117, best cost 52.129 + -53.8591 = -1.73006 over 175 frames.
PL072_117 sil a t a z n O v E m i sil 
LOG (lattice-best-path[5.5]:main():lattice-best-path.cc:99) For utterance PL084_59, best cost 65.5067 + -78.8303 = -13.3236 over 225 frames.
PL084_59 sil s w a b a t o r o g i k a sil 
LOG (lattice-best-path[5.5]:main():lattice-best-path.cc:99) For utterance PL038_90, best cost 70.2666 + -68.0014 = 2.2652 over 238 frames.
PL038_90 sil b E_~ ts O s a t a n k a m a t sil 
LOG (lattice-best-path[5.5]:main():lattice-best-path.cc:99) For utterance PL039_104, best cost 90.2321 + -85.0238 = 5.20835 over 250 frames.
PL039_104 sil m a v a k t o s l a i x n a z i s k a sil 
LOG (lattice-best-path[5.5]:main():lattice-best-path.cc:99) For utterance PL084_41, best cost 88.1805 + -88.9393 = -0.758842 over 263 frames.
PL084_41 sil p O z a s t a w a t 1 k O n t E r a s sil 
LOG (lattice-best-path[5.5]:main():lattice-best-path.cc:99) For utterance PL072_15, best cost 118.777 + -88.257 = 30.5196 over 275 frames.
PL072_15 sil S E d i s p o n i z a p a tS E_~ ts_j O_~ S tS E s k r a m sil 
LOG (lattice-best-path[5.5]:main():lattice-best-path.cc:99) For utterance PL072_98, best cost 127.683 + -105.926 = 21.7569 over 275 frames.
PL072_98 sil tS E s k O z a S k a z e n a t O rZ E t r m O rZ E b 1 ts_j sil 
LOG (lattice-best-path[5.5]:main():lattice-best-path.cc:99) For utterance PL038_5, best cost 59.482 + -80.5507 = -21.0686 over 281 frames.
PL038_5 sil j a k p r a ts O v a ts_j sil 
LOG (lattice-best-path[5.5]:main():lattice-best-path.cc:99) For utterance PL036_69, best cost 98.9612 + -103.458 = -4.49628 over 300 frames.
PL036_69 sil p o l i s u d O S_j E_~ p o s u j b a n d E sil 
LOG (lattice-best-path[5.5]:main():lattice-best-path.cc:99) For utterance PL036_95, best cost 100.48 + -95.6888 = 4.7915 over 300 frames.
PL036_95 sil b a ts O v a rZ n a j s t a n a s l a k ts E sil 
LOG (lattice-best-path[5.5]:main():lattice-best-path.cc:99) For utterance PL036_91, best cost 113.943 + -114.986 = -1.04271 over 338 frames.
PL036_91 sil p o s k a n a p O n a n i s a n k a v o s p o k O n sil 
LOG (lattice-best-path[5.5]:main():lattice-best-path.cc:99) For utterance PL039_40, best cost 165.485 + -133.077 = 32.4075 over 356 frames.
PL039_40 sil tS 1 z i n s k o Z a f 9 r o r i k i n a S E p O v i S u r u ts_j O_~ z a ts_j sil 
LOG (lattice-best-path[5.5]:main():lattice-best-path.cc:99) For utterance PL072_87, best cost 58.4377 + -67.5385 = -9.10073 over 225 frames.
PL072_87 sil s a b a t O l g i k a sil 
LOG (lattice-best-path[5.5]:main():lattice-best-path.cc:99) For utterance PL084_76, best cost 50.2995 + -58.2703 = -7.97078 over 225 frames.
PL084_76 sil tS i t a g rZ E m a sil 
LOG (lattice-best-path[5.5]:main():lattice-best-path.cc:99) For utterance PL039_82, best cost 87.9246 + -86.9369 = 0.987762 over 238 frames.
PL039_82 sil a k O S_j i S k i b u f i S p a n i sil 
LOG (lattice-best-path[5.5]:main():lattice-best-path.cc:99) For utterance PL039_52, best cost 77.2317 + -89.766 = -12.5343 over 250 frames.
PL039_52 sil t a p o S 1 x n a s E v i S k a sil 
LOG (lattice-best-path[5.5]:main():lattice-best-path.cc:99) For utterance PL036_57, best cost 97.7012 + -98.7512 = -1.04996 over 281 frames.
PL036_57 sil i tS O S_j E_~ s k o n s E f E n ts j a m i sil 
LOG (lattice-best-path[5.5]:main():lattice-best-path.cc:99) For utterance PL040_44, best cost 138.019 + -105.523 = 32.4965 over 281 frames.
PL040_44 sil k a l i p i 4 e n E k f i r dz_j E v i s a f r O z u ts k i sil 
LOG (lattice-best-path[5.5]:main():lattice-best-path.cc:99) For utterance PL036_22, best cost 35.0048 + -46.8959 = -11.8911 over 169 frames.
PL036_22 sil n i z a S a sil 
LOG (lattice-best-path[5.5]:main():lattice-best-path.cc:99) For utterance PL036_40, best cost 114.066 + -82.705 = 31.361 over 238 frames.
PL036_40 sil g a n a k s a tS m O v t o n a t v a p s a l a sil 
LOG (lattice-best-path[5.5]:main():lattice-best-path.cc:99) For utterance PL084_74, best cost 80.3536 + -82.6245 = -2.27089 over 244 frames.
PL084_74 sil S E s E p O v i n i z a r a b 1 ts_j sil 
LOG (lattice-best-path[5.5]:main():lattice-best-path.cc:99) For utterance PL037_6, best cost 79.1317 + -94.943 = -15.8113 over 275 frames.
PL037_6 sil a n E z m i E n s t 1 rZ 1 tS n a sil 
LOG (lattice-best-path[5.5]:main():lattice-best-path.cc:99) For utterance PL040_69, best cost 112.012 + -94.5675 = 17.4446 over 275 frames.
PL040_69 sil i k o b o s k a s k a rZ O S_j i n a b r Z u x a sil 
LOG (lattice-best-path[5.5]:main():lattice-best-path.cc:99) For utterance PL084_85, best cost 97.1918 + -94.2265 = 2.96528 over 275 frames.
PL084_85 sil t r a s m O rZ n a d u rZ E z a r a b 1 ts_j sil 
LOG (lattice-best-path[5.5]:main():lattice-best-path.cc:99) For utterance PL072_11, best cost 97.5738 + -91.5966 = 5.97721 over 281 frames.
PL072_11 sil t r a s E s a p r v a S a J u tS m a n a sil 
LOG (lattice-best-path[5.5]:main():lattice-best-path.cc:99) For utterance PL040_51, best cost 112.786 + -100.424 = 12.3619 over 288 frames.
PL040_51 sil m o g o t o tS 1 tS E d i n i p r o k r a t o S E sil 
LOG (lattice-best-path[5.5]:main():lattice-best-path.cc:99) For utterance PL084_6, best cost 108.769 + -114.27 = -5.50133 over 288 frames.
PL084_6 sil b r t a l i z a ts j a s t a j S a f a k t E m sil 
LOG (lattice-best-path[5.5]:main():lattice-best-path.cc:99) For utterance PL038_54, best cost 67.3393 + -81.2494 = -13.9101 over 294 frames.
PL038_54 sil v S E s O t E m e dZ a l sil 
LOG (lattice-best-path[5.5]:main():lattice-best-path.cc:99) For utterance PL036_37, best cost 137.827 + -113.305 = 24.5225 over 306 frames.
PL036_37 sil v S a t k u z a s a dz_j E v i t n a s l E k i o k r i: N k a sil 
LOG (lattice-best-path[5.5]:main():lattice-best-path.cc:99) For utterance PL036_59, best cost 166.059 + -129.957 = 36.1021 over 331 frames.
PL036_59 sil v ts O b E S E s a m a s o v n i j a k i x p O p S E n i p i k o n O v 1 sil 
LOG (lattice-best-path[5.5]:main():lattice-best-path.cc:99) For utterance PL037_60, best cost 154.305 + -119.962 = 34.3431 over 331 frames.
PL037_60 sil s k m i n i u S t a m i t a n i l i tS n i t r u n t u z n a l i S 
LOG (lattice-best-path[5.5]:main():lattice-best-path.cc:99) For utterance PL040_71, best cost 133.66 + -304318 = -304185 over 338 frames.
PL040_71 sil t o tS a S E t r E S_j ts_j i t O v O v 1 v a S E d o tS E v i sil 
LOG (lattice-best-path[5.5]:main():lattice-best-path.cc:99) For utterance PL090_65, best cost 121.166 + -122.297 = -1.13088 over 350 frames.
PL090_65 sil o n i a s t a i p S E p O d O b n a m p r o b r a n sil 
LOG (lattice-best-path[5.5]:main():lattice-best-path.cc:99) For utterance PL039_50, best cost 157.033 + -142.277 = 14.7556 over 363 frames.
PL039_50 sil k a Z d O S_j r O d a k v a ts 1 m a S u i x p S E l s u v tS u v sil 
LOG (lattice-best-path[5.5]:main():lattice-best-path.cc:99) For utterance PL041_87, best cost 185.511 + -150.429 = 35.0822 over 363 frames.
PL041_87 sil z a p E v n a b E n a n t a ts E k t u rZ E z a k s o b a d v a rZ E t e d a ts i z E sil 
LOG (lattice-best-path[5.5]:main():lattice-best-path.cc:99) For utterance PL084_98, best cost 127.447 + -132.25 = -4.80326 over 363 frames.
PL084_98 sil t a m s O_~ p i n i O_~ dz E b a z a n a p O t S a b n a sil 
LOG (lattice-best-path[5.5]:main():lattice-best-path.cc:99) For utterance PL012_7, best cost 125.399 + -111.698 = 13.7014 over 369 frames.
PL012_7 sil i n a k r a n b a z O n i m i z a r a v a n O S_j v tS E sil 
LOG (lattice-best-path[5.5]:main():lattice-best-path.cc:99) For utterance PL038_7, best cost 79.1079 + -103.534 = -24.4264 over 369 frames.
PL038_7 sil t O b E_~ dz_j E m a j p r a n k n a sil 
LOG (lattice-best-path[5.5]:main():lattice-best-path.cc:99) For utterance PL038_81, best cost 80.2151 + -102.836 = -22.6214 over 375 frames.
PL038_81 sil b a d a n i s n i v E k a z a v a sil 
LOG (lattice-best-path[5.5]:main():lattice-best-path.cc:99) For utterance PL012_28, best cost 146.226 + -146.003 = 0.223907 over 381 frames.
PL012_28 sil v tS O r E s a m o b r O n o p o S u j E rZ 1 m i x a l s k i sil 
LOG (lattice-best-path[5.5]:main():lattice-best-path.cc:99) For utterance PL040_56, best cost 176.311 + -150.817 = 25.4946 over 413 frames.
PL040_56 sil a p o t u p S E s a v E l i n i k i n s p E ts i S E s a j O_~ ts O n a k t u r u sil 
LOG (lattice-best-path[5.5]:main():lattice-best-path.cc:99) For utterance PL041_16, best cost 224.489 + -167.431 = 57.0582 over 413 frames.
PL041_16 sil a b a s o v a t a u rZ O_~ d a j O_~ ts E g O d i t a m i s a z a r a z a p O t f r dz E n i v p r a k t s sil 
LOG (lattice-best-path[5.5]:main():lattice-best-path.cc:99) For utterance PL030_48, best cost 112.902 + -139.926 = -27.0236 over 419 frames.
PL030_48 sil t o n i o t p O v i dZ a l E i n i ya t 1 tS n a sil 
LOG (lattice-best-path[5.5]:main():lattice-best-path.cc:99) For utterance PL077_28, best cost 215.52 + -156.976 = 58.544 over 425 frames.
PL077_28 sil E k s E t i tS 1 s E k O k O d v i S S_j E_~ ts O s u s o s o: m o d O v a n h a b u z a g i n o sil 
LOG (lattice-best-path[5.5]:main():lattice-best-path.cc:99) For utterance PL072_26, best cost 169.235 + -136.044 = 33.1914 over 438 frames.
PL072_26 sil S_j i s p O d O v a m O S_j m i S E m O rZ E g O p o s t a l s a ts a l s E z a sil 
LOG (lattice-best-path[5.5]:main():lattice-best-path.cc:99) For utterance PL090_51, best cost 153.984 + -164.345 = -10.3612 over 438 frames.
PL090_51 sil j a k i s p o s u p f O rZ O n a j s t o: n i a u r O p a i s k a sil 
LOG (lattice-best-path[5.5]:main():lattice-best-path.cc:99) For utterance PL012_9, best cost 177.172 + -166.287 = 10.8853 over 450 frames.
PL012_9 sil d m i t i r o g O z i n d O r a ts a p r a z a n t a v a d i m i r a p o t i n a sil 
LOG (lattice-best-path[5.5]:main():lattice-best-path.cc:99) For utterance PL039_42, best cost 187.654 + -169.377 = 18.277 over 450 frames.
PL039_42 sil v r S t o n i tS O n a t u rZ E n O v E b o r i: s m i n s k o S E m a n a n E p S E sil 
LOG (lattice-best-path[5.5]:main():lattice-best-path.cc:99) For utterance PL036_4, best cost 168.37 + -162.037 = 6.33366 over 463 frames.
PL036_4 sil p O d a m s p o s t u m a tS 1 s u t u S E f O v 1 s p o tS n i p o i ts i sil 
LOG (lattice-best-path[5.5]:main():lattice-best-path.cc:99) For utterance PL041_100, best cost 190.979 + -168.63 = 22.349 over 488 frames.
PL041_100 sil v n i o s a k t a b 7 ts E s o: m i n i b a p S 1 tS m o g A: t 1 m p a m i n t a ts_j sil 
LOG (lattice-best-path[5.5]:main():lattice-best-path.cc:99) For utterance PL072_44, best cost 178.725 + -167.577 = 11.1482 over 488 frames.
PL072_44 sil n a p i S E n i f r a n t u v a t o d_z\ u s E t o v a n o b i r O s u k i n t a sil 
LOG (lattice-best-path[5.5]:main():lattice-best-path.cc:99) For utterance PL038_66, best cost 175.776 + -178.999 = -3.22337 over 513 frames.
PL038_66 sil r O dz_j E n a i m a rZ a m O v i w a rZ E t r u n O S_j ts_j O_~ z n o d O g a b 1 ts_j sil 
LOG (lattice-best-path[5.5]:main():lattice-best-path.cc:99) For utterance PL040_85, best cost 266.375 + -192.408 = 73.9669 over 513 frames.
PL040_85 sil n a r a S b a k o t r a p o tS i v a k s m O v a dZ o k i t f 9 r g a n o r o t k z m a r u v 1 b i g u m i ts_j O_~ ts u sil 
LOG (lattice-best-path[5.5]:main():lattice-best-path.cc:99) For utterance PL038_63, best cost 166.591 + -168.644 = -2.05276 over 519 frames.
PL038_63 sil p O rZ E s p O v o d O m a rZ a k t o 4 u b i z a g a n d a d a k l i S k a sil 
LOG (lattice-best-path[5.5]:main():lattice-best-path.cc:99) For utterance PL063_87, best cost 199.566 + -192.844 = 6.72173 over 519 frames.
PL063_87 sil d a S E l E l i s t i m a z m a l E S_j E_~ p r a z d a n t a l E x a n d a d u k a S a n k a sil 
LOG (lattice-best-path[5.5]:main():lattice-best-path.cc:99) For utterance PL036_38, best cost 100.848 + -88.5387 = 12.3097 over 206 frames.
PL036_38 sil z a tS a j p S E S k i v a tS n i S k a n i sil 
LOG (lattice-best-path[5.5]:main():lattice-best-path.cc:99) For utterance PL072_89, best cost 108.509 + -78.6027 = 29.9067 over 213 frames.
PL072_89 sil rZ 1 ts_j rZ a t k u z a 4 a S a s t a m e d a a sil 
LOG (lattice-best-path[5.5]:main():lattice-best-path.cc:99) For utterance PL039_41, best cost 80.2216 + -83.0537 = -2.83211 over 219 frames.
PL039_41 sil t O v O_~ p i v 1 p o s t o l a t sil 
LOG (lattice-best-path[5.5]:main():lattice-best-path.cc:99) For utterance PL036_42, best cost 116.076 + -84.5022 = 31.5738 over 225 frames.
PL036_42 sil e d n a s k o l t r f l A: s o: f i n d v i S a sil 
LOG (lattice-best-path[5.5]:main():lattice-best-path.cc:99) For utterance PL072_69, best cost 81.4828 + -71.7285 = 9.75433 over 244 frames.
PL072_69 sil u z a s t a w a t y k o n t r E s sil 
LOG (lattice-best-path[5.5]:main():lattice-best-path.cc:99) For utterance PL030_28, best cost 68.8223 + -78.8869 = -10.0646 over 269 frames.
PL030_28 sil r a d E n i o t x O dz O_~ sil 
LOG (lattice-best-path[5.5]:main():lattice-best-path.cc:99) For utterance PL036_29, best cost 124.108 + -106.431 = 17.6773 over 275 frames.
PL036_29 sil t E m r a z a m tS E S k o r a j u sil p o ts j a n t a sil 
LOG (lattice-best-path[5.5]:main():lattice-best-path.cc:99) For utterance PL036_97, best cost 62.1842 + -53.2632 = 8.92098 over 175 frames.
PL036_97 sil o n S i s p r a v dz_j i sil 
LOG (lattice-best-path[5.5]:main():lattice-best-path.cc:99) For utterance PL072_24, best cost 89.3942 + -67.9286 = 21.4657 over 194 frames.
PL072_24 sil 9 z a b a n a t a S k O f r g O S_j ts_j sil 
LOG (lattice-best-path[5.5]:main():lattice-best-path.cc:99) For utterance PL041_7, best cost 99.3836 + -84.6941 = 14.6895 over 219 frames.
PL041_7 sil p O s a v i s t v i S k a w O v a S a b 
LOG (lattice-best-path[5.5]:main():lattice-best-path.cc:99) For utterance PL072_102, best cost 81.9719 + -78.9283 = 3.04354 over 225 frames.
PL072_102 sil tS E s i p O v i n i z a r a m i ts_j sil 
LOG (lattice-best-path[5.5]:main():lattice-best-path.cc:99) For utterance PL036_56, best cost 72.0646 + -75.8231 = -3.75849 over 244 frames.
PL036_56 sil s u S 1 k o j d a b rZ 1 ts_j sil 
LOG (lattice-best-path[5.5]:main():lattice-best-path.cc:99) For utterance PL038_21, best cost 83.4715 + -92.7757 = -9.30419 over 256 frames.
PL038_21 sil p r a t o tS E dz_j E t y S 1 tS a w a sil 
LOG (lattice-best-path[5.5]:main():lattice-best-path.cc:99) For utterance PL039_105, best cost 113.872 + -91.0819 = 22.7906 over 256 frames.
PL039_105 sil tS 1 v a r t o tS a s O_~ rZ a v a ts_j ts_j E r a S a sil 
LOG (lattice-best-path[5.5]:main():lattice-best-path.cc:99) For utterance PL039_38, best cost 79.5278 + -79.12 = 0.407784 over 256 frames.
PL039_38 sil a l t o r t E t 1 ts_j O_~ v a J u sil 
LOG (lattice-best-path[5.5]:main():lattice-best-path.cc:99) For utterance PL038_4, best cost 45.8801 + -79.0152 = -33.1351 over 294 frames.
PL038_4 sil j a k t u rZ 1 ts_j sil 
LOG (lattice-best-path[5.5]:main():lattice-best-path.cc:99) For utterance PL041_41, best cost 148.924 + -104.188 = 44.7369 over 294 frames.
PL041_41 sil tS a S a j r O v o s o: n i a t n i m i E s p S E s t a m s t a m sil 
LOG (lattice-best-path[5.5]:main():lattice-best-path.cc:99) For utterance PL072_126, best cost 134.033 + -113.616 = 20.4169 over 294 frames.
PL072_126 sil tS E g a k i tS n a g a n i s t a m i p S E k a t m i r a k o sil 
LOG (lattice-best-path[5.5]:main():lattice-best-path.cc:99) For utterance PL046_93, best cost 106.785 + -115.464 = -8.67906 over 306 frames.
PL046_93 sil z d a n a n a t E n t E m a ts a m p O dz_j E l a n sil 
LOG (lattice-best-path[5.5]:main():lattice-best-path.cc:99) For utterance PL084_20, best cost 106.271 + -109.319 = -3.04823 over 306 frames.
PL084_20 sil r a f l a k s E p S 1 x O dz_j E p O S E s k i sil 
LOG (lattice-best-path[5.5]:main():lattice-best-path.cc:99) For utterance PL040_73, best cost 141.37 + -127.686 = 13.6847 over 325 frames.
PL040_73 sil k O b i t a n i z g i O S_j n o p a r a ts i v a d r O v i tS E sil 
LOG (lattice-best-path[5.5]:main():lattice-best-path.cc:99) For utterance PL036_32, best cost 151.434 + -124.337 = 27.0977 over 331 frames.
PL036_32 sil z a n g a rZ E v a n a b r g a n u a n t a t a rZ O l s t o tS n o sil 
LOG (lattice-best-path[5.5]:main():lattice-best-path.cc:99) For utterance PL077_8, best cost 134.854 + -121.296 = 13.5574 over 381 frames.
PL077_8 sil n a s n a rZ 1 ts O n i p i n z b o t o n i s r s M l i sil 
LOG (lattice-best-path[5.5]:main():lattice-best-path.cc:99) For utterance PL030_11, best cost 114.59 + -132.836 = -18.2461 over 400 frames.
PL030_11 sil n a v E t 1 v r O dz_j i n a j u tS i p r E m i r a sil 
LOG (lattice-best-path[5.5]:main():lattice-best-path.cc:99) For utterance PL030_87, best cost 101.102 + -116.28 = -15.178 over 400 frames.
PL030_87 sil t o n O v o k o n f i k t 1 t i r a dZ i sil 
LOG (lattice-best-path[5.5]:main():lattice-best-path.cc:99) For utterance PL084_70, best cost 134.552 + -142.961 = -8.40971 over 406 frames.
PL084_70 sil S E s k O z a S k a z E n a t O rZ E t a k m a rZ E b E ts_j sil 
LOG (lattice-best-path[5.5]:main():lattice-best-path.cc:99) For utterance PL036_18, best cost 169.821 + -165.161 = 4.65962 over 413 frames.
PL036_18 sil v l a n d a n a t O rZ d O v a dz O_~ ts a ts O n i d a ts i n i v a k s a r O v sil 
LOG (lattice-best-path[5.5]:main():lattice-best-path.cc:99) For utterance PL039_107, best cost 177.991 + -157.544 = 20.447 over 413 frames.
PL039_107 sil p S 1 tS E S_j E_~ dz_j E k a S t E z n a s u p o ya t a z a t o t u k e d E S_j r A: j u sil 
LOG (lattice-best-path[5.5]:main():lattice-best-path.cc:99) For utterance PL039_32, best cost 202.291 + -157.45 = 44.8411 over 413 frames.
PL039_32 sil v s E ts_j O_~ s t O s t i m i l u tS n i k t u rZ 1 v O v tS a s p o S a d a l j a t O r t a t sil 
LOG (lattice-best-path[5.5]:main():lattice-best-path.cc:99) For utterance PL038_17, best cost 107.365 + -134.318 = -26.9528 over 438 frames.
PL038_17 sil z a j o S E o d O m O v n o p r O b o t o sil 
LOG (lattice-best-path[5.5]:main():lattice-best-path.cc:99) For utterance PL040_65, best cost 181.694 + -168.562 = 13.1317 over 438 frames.
PL040_65 sil j E n a d a t 1 tS 1 S_j m e dZ i ts k a d u J\ e b E d u S t o ts E l a k a r s k i sil 
LOG (lattice-best-path[5.5]:main():lattice-best-path.cc:99) For utterance PL040_79, best cost 215.074 + -181.152 = 33.9222 over 444 frames.
PL040_79 sil i s t e: n o m a r t u rZ E v r S E m o g O m u v 1 ts_j b 1 z o b a f O g O S_j v a k a p i s k a sil 
LOG (lattice-best-path[5.5]:main():lattice-best-path.cc:99) For utterance PL030_58, best cost 69.983 + -123.48 = -53.4973 over 463 frames.
PL030_58 sil s a k r a t a S v r a ts a sil 
LOG (lattice-best-path[5.5]:main():lattice-best-path.cc:99) For utterance PL040_80, best cost 151.215 + -156.345 = -5.1299 over 463 frames.
PL040_80 sil i m O v i k a i z n a j a t a g o d o t u n o t k i S k i t a n i sil 
LOG (lattice-best-path[5.5]:main():lattice-best-path.cc:99) For utterance PL041_61, best cost 222.078 + -188.042 = 34.0367 over 475 frames.
PL041_61 sil p O k a z u rZ 1 ts i m a t r E u v O v i S E m a ts E n a rZ E z a ts_j v i r m i s u p r a m i: N A: m i sil 
LOG (lattice-best-path[5.5]:main():lattice-best-path.cc:99) For utterance PL090_47, best cost 129.369 + -164.147 = -34.7779 over 475 frames.
PL090_47 sil j a k i E s t O rZ O_~ dz O m a u n i a u r O p a i s k a sil 
LOG (lattice-best-path[5.5]:main():lattice-best-path.cc:99) For utterance PL097_20, best cost 152.207 + -141.588 = 10.6195 over 475 frames.
PL097_20 sil i s t a k e g O S_j i E s t a w a 9 z a b E_~ rZ a rZ E b i o n k i n sil 
LOG (lattice-best-path[5.5]:main():lattice-best-path.cc:99) For utterance PL040_87, best cost 100.461 + -142.477 = -42.0153 over 488 frames.
PL040_87 sil b u b E t a k o r o n E d o v s p r a v E sil 
LOG (lattice-best-path[5.5]:main():lattice-best-path.cc:99) For utterance PL046_35, best cost 82.0983 + -132.503 = -50.4052 over 488 frames.
PL046_35 sil p a l E ts n a p r a z a d a n t a sil 
LOG (lattice-best-path[5.5]:main():lattice-best-path.cc:99) For utterance PL038_3, best cost 107.764 + -147.706 = -39.9417 over 494 frames.
PL038_3 sil d a k a n ts a rZ 1 tS a z a p o n o t E g O d a sil 
LOG (lattice-best-path[5.5]:main():lattice-best-path.cc:99) For utterance PL040_41, best cost 206.795 + -182.778 = 24.0166 over 494 frames.
PL040_41 sil j rZ E i t a S p o s t a n O v i rZ E n i b E n i S E n i m i k i r O v o p O rZ O_~ b a r t a sil 
LOG (lattice-best-path[5.5]:main():lattice-best-path.cc:99) For utterance PL041_27, best cost 295.184 + -203.474 = 91.7104 over 500 frames.
PL041_27 sil a ts a tS i a l a r m O v a l i b a tS E rZ E n a l j S_j ts_j O m e S 1 m a v i r a l a k u p S E s a rZ a w k r dz_j E S_j i u S E m i p O d a sil 
LOG (lattice-best-path[5.5]:main():lattice-best-path.cc:99) For utterance PL072_101, best cost 249.363 + -175.993 = 73.3696 over 506 frames.
PL072_101 sil v a k o b E_~ dz_j E w a ts i b u z e tS E n i p O n i b i v i a k a k r E s i d u rZ 1 p o t E S a n i b a ts O g a t sil 
LOG (lattice-best-path[5.5]:main():lattice-best-path.cc:99) For utterance PL038_77, best cost 133.741 + -153.765 = -20.0246 over 513 frames.
PL038_77 sil m a w a j a k o S O b s a s i o n a p o tS E z d r o r a sil 
LOG (lattice-best-path[5.5]:main():lattice-best-path.cc:99) For utterance PL036_44, best cost 205.519 + -190.505 = 15.0132 over 519 frames.
PL036_44 sil v S tS E s u tS t r l a t i v O v k a s k i n o n a m i s E p O ts j a t a m i t_s\ e s t a v a sil 
LOG (lattice-best-path[5.5]:main():lattice-best-path.cc:99) For utterance PL041_88, best cost 272.741 + -223.742 = 48.9991 over 544 frames.
PL041_88 sil f E d a p O z a s t a n i i m i n d i d u a n a d v a n i S a b a s a m O rZ O n a v a g O k O l a g i m a t v A: v tS a g o sil 
LOG (lattice-best-path[5.5]:main():lattice-best-path.cc:99) For utterance PL038_89, best cost 162.135 + -175.07 = -12.9351 over 550 frames.
PL038_89 sil j e t O r i a j s t a k a tS E s w a v a m i o p r o b l a m a s o b u sil 
LOG (lattice-best-path[5.5]:main():lattice-best-path.cc:99) For utterance PL039_92, best cost 259.546 + -199.732 = 59.8138 over 556 frames.
PL039_92 sil n a tS ts_j S_j ts_j i S a n 1 x p r a v 1 dz_j E s t O S_j i t 1 ts_j O_~ ts 1 S_j p i n a r O d u j u S tS E_~ ts_j E p o s t a p O v a n i ya sil 
LOG (lattice-best-path[5.5]:main():lattice-best-path.cc:99) For utterance PL040_45, best cost 221.853 + -209.261 = 12.5923 over 563 frames.
PL040_45 sil a p i n s n O v a tS v a t u J\ e p o S u g r O k u p a n O v a n a s u t r g o k u t O v a k a sil 
LOG (lattice-best-path[5.5]:main():lattice-best-path.cc:99) For utterance PL063_8, best cost 235.816 + -204.578 = 31.2376 over 569 frames.
PL063_8 sil s r a k o j O r u j u v o S E Z i k a rZ 1 v O b r o n i p r u r a l i z b o b a d e: r E t o n i S m sil 
LOG (lattice-best-path[5.5]:main():lattice-best-path.cc:99) For utterance PL084_34, best cost 242.178 + -222.611 = 19.5676 over 569 frames.
PL084_34 sil a b E n i g i n a l i k O l E n i p O l i ts j a n dZ i k O n i tS n a j a s t i S tS E l a p S E r a s p O z n a n i sil 
LOG (lattice-best-path[5.5]:main():lattice-best-path.cc:99) For utterance PL084_27, best cost 246.737 + -218.298 = 28.4387 over 575 frames.
PL084_27 sil v s l a n i n a s m a d a r E n k i b u w a v t o r a n E v a rZ n E S E t E m a t a n a g O v p o i ts j a n t o sil 
LOG (lattice-best-path[5.5]:main():lattice-best-path.cc:99) For utterance PL041_67, best cost 263.812 + -229.4 = 34.4117 over 581 frames.
PL041_67 sil n a j O_~ ts E u r a z O v i O_~ rZ 1 ts_j O_~ ts O p O rZ E n a m i s p O v o d O v a n a m i n i o m e: n o t p a l a n i m p a t a t sil 
LOG (lattice-best-path[5.5]:main():lattice-best-path.cc:99) For utterance PL040_23, best cost 265.207 + -231.839 = 33.3682 over 594 frames.
PL040_23 sil p i s E S E s i k O n i k a t u v i k a j n d a tS n a p O p a r tS l a s p o n a n E g O k o t E x p S E z v i t O S_j 
LOG (lattice-best-path[5.5]:main():lattice-best-path.cc:99) For utterance PL072_79, best cost 253.495 + -218.751 = 34.7437 over 594 frames.
PL072_79 sil s a d i s k i p i E_~ dz 1 x n a s j O_~ t E rZ O r E z d E s a n o s a m b i n a d E n E m i a k a j d o n a tS a v a sil 
LOG (lattice-best-path[5.5]:main():lattice-best-path.cc:99) For utterance PL084_22, best cost 230.383 + -220.022 = 10.3607 over 594 frames.
PL084_22 sil n a t a v n a p S E ts i ya t E S E p r u S a n i t E m t a S a s t a w a m u v i d a l u S rZ a x i k sil 
LOG (lattice-best-path[5.5]:main():lattice-best-path.cc:99) For utterance PL072_90, best cost 219.493 + -198.213 = 21.2792 over 600 frames.
PL072_90 sil p r m a t i ts i tS E tS a u rZ E p i b i tS E S_j ts_j O v a n M S E t i n i tS n i v O l n i g o d n m sil 
LOG (lattice-best-path[5.5]:main():lattice-best-path.cc:99) For utterance PL072_116, best cost 84.6152 + -67.4005 = 17.2147 over 175 frames.
PL072_116 sil t o s o n a k t a r E p i n i O_~ z a sil 
LOG (lattice-best-path[5.5]:main():lattice-best-path.cc:99) For utterance PL036_41, best cost 70.9572 + -72.6533 = -1.69608 over 200 frames.
PL036_41 sil z O rZ O d a t S E S a v a sil 
LOG (lattice-best-path[5.5]:main():lattice-best-path.cc:99) For utterance PL039_85, best cost 77.6628 + -68.9226 = 8.74017 over 206 frames.
PL039_85 sil n i m i a n s a t E v 1 b o r u sil 
LOG (lattice-best-path[5.5]:main():lattice-best-path.cc:99) For utterance PL039_56, best cost 95.976 + -96.3575 = -0.381485 over 250 frames.
PL039_56 sil t E m h a n i S E z a S k O tS O p a n a sil 
LOG (lattice-best-path[5.5]:main():lattice-best-path.cc:99) For utterance PL072_124, best cost 125.28 + -100.726 = 24.5537 over 256 frames.
PL072_124 sil tS E rZ E j O_~ S_j i n i k i k O p a r E k i s p i x a tS E sil 
LOG (lattice-best-path[5.5]:main():lattice-best-path.cc:99) For utterance PL041_102, best cost 113.698 + -102.225 = 11.473 over 269 frames.
PL041_102 sil p S E tS n i m O b i n a n i x n i g o s a v a ts i sil 
LOG (lattice-best-path[5.5]:main():lattice-best-path.cc:99) For utterance PL041_18, best cost 121.199 + -101.226 = 19.9727 over 281 frames.
PL041_18 sil n a b i S 1 tS a S e b a S E z m i s p o t k a ts sil 
LOG (lattice-best-path[5.5]:main():lattice-best-path.cc:99) For utterance PL084_11, best cost 105.369 + -104.251 = 1.11854 over 288 frames.
PL084_11 sil n i tS a S a s k a n s a n k v E n ts j a v i sil 
LOG (lattice-best-path[5.5]:main():lattice-best-path.cc:99) For utterance PL038_20, best cost 88.0246 + -94.458 = -6.43342 over 294 frames.
PL038_20 sil r a l e b o s k A: r a n a b o s t x sil 
LOG (lattice-best-path[5.5]:main():lattice-best-path.cc:99) For utterance PL040_17, best cost 96.3812 + -101.229 = -4.84744 over 300 frames.
PL040_17 sil p i o t r a n a p o: g A: v E m o d i tS E sil 
LOG (lattice-best-path[5.5]:main():lattice-best-path.cc:99) For utterance PL038_62, best cost 110.168 + -97.7952 = 12.3723 over 306 frames.
PL038_62 sil z a s a n a r a S E l a tS E g a t a z r O b i r sil 
LOG (lattice-best-path[5.5]:main():lattice-best-path.cc:99) For utterance PL072_82, best cost 119.319 + -107.796 = 11.5233 over 313 frames.
PL072_82 sil a t E p r a t s p r O g r a s a m i r a k i tS E tS E sil 
LOG (lattice-best-path[5.5]:main():lattice-best-path.cc:99) For utterance PL084_37, best cost 92.4368 + -121.641 = -29.204 over 325 frames.
PL084_37 sil t a d a u S a ts E v i tS z b i s k a sil 
LOG (lattice-best-path[5.5]:main():lattice-best-path.cc:99) For utterance PL038_45, best cost 114.121 + -109.418 = 4.70284 over 331 frames.
PL038_45 sil n a m o j tS E k n a d rZ E k z b i S O l a sil 
LOG (lattice-best-path[5.5]:main():lattice-best-path.cc:99) For utterance PL038_52, best cost 108.459 + -104.127 = 4.33134 over 338 frames.
PL038_52 sil v E b a n i k n i o p o v\ e n a t a p E t a n i sil 
LOG (lattice-best-path[5.5]:main():lattice-best-path.cc:99) For utterance PL072_73, best cost 148.006 + -130.297 = 17.7086 over 344 frames.
PL072_73 sil p O z a t E n t o s u j a i k a n a g a ts E v i d E g O m O k i m sil 
LOG (lattice-best-path[5.5]:main():lattice-best-path.cc:99) For utterance PL084_40, best cost 112.343 + -117.545 = -5.20187 over 350 frames.
PL084_40 sil t r a s r m a n t E z a z n i k n o S a n dZ a sil 
LOG (lattice-best-path[5.5]:main():lattice-best-path.cc:99) For utterance PL012_15, best cost 109.501 + -111.939 = -2.4375 over 356 frames.
PL012_15 sil n i m a k O d r O l i n a t E k m i o s o: m a n sil 
LOG (lattice-best-path[5.5]:main():lattice-best-path.cc:99) For utterance PL036_30, best cost 137.536 + -112.537 = 24.9986 over 356 frames.
PL036_30 sil i sil d O b a v 1 z i S E n i n t a k o tS E s a f u s n u sil 
LOG (lattice-best-path[5.5]:main():lattice-best-path.cc:99) For utterance PL039_19, best cost 159.482 + -132.387 = 27.0949 over 369 frames.
PL039_19 sil tS E S p O s u k O m i t E t O b a t a s k i g O z a p o t o s t O v a sil 
LOG (lattice-best-path[5.5]:main():lattice-best-path.cc:99) For utterance PL039_87, best cost 161.581 + -126.71 = 34.871 over 369 frames.
PL039_87 sil d E n t E g O n i s r O b i x a b a p r a tS i l s k r a S b i n i b u sil 
LOG (lattice-best-path[5.5]:main():lattice-best-path.cc:99) For utterance PL072_8, best cost 206.589 + -153.065 = 53.5245 over 374 frames.
PL072_8 sil s o v a k O f a t O v a n i m a s p o n E g O z b i x t r a f i O rZ 1 S_j i a tS 1 z g O d u sil 
LOG (lattice-best-path[5.5]:main():lattice-best-path.cc:99) For utterance PL040_66, best cost 160.5 + -151.259 = 9.24118 over 375 frames.
PL040_66 sil v tS a S E p r o d o l E k a z a s t o s O v a l t E s a s k i tS E_~ ts_j E sil 
LOG (lattice-best-path[5.5]:main():lattice-best-path.cc:99) For utterance PL072_13, best cost 194.728 + -139.982 = 54.7462 over 394 frames.
PL072_13 sil n a s t a k u m O rZ n a p o s t a ts_j d o p O rZ E g O dz_j E tS n d u S t r a s o S E t a n a sil 
LOG (lattice-best-path[5.5]:main():lattice-best-path.cc:99) For utterance PL038_16, best cost 101.961 + -112.426 = -10.4646 over 406 frames.
PL038_16 sil z 1 x a l i z o tS O v r e n i E rZ E k i sil 
LOG (lattice-best-path[5.5]:main():lattice-best-path.cc:99) For utterance PL036_21, best cost 168.203 + -162.718 = 5.48453 over 419 frames.
PL036_21 sil s a v a m i tS i s O v s k i Z E tS i k a m a n t 1 x g o v n i p r i ts i sil 
LOG (lattice-best-path[5.5]:main():lattice-best-path.cc:99) For utterance PL038_49, best cost 122.374 + -146.495 = -24.1205 over 419 frames.
PL038_49 sil p a n i m a r j a m a o tS 1 tS E v o n a o d w a s sil 
LOG (lattice-best-path[5.5]:main():lattice-best-path.cc:99) For utterance PL038_74, best cost 117.685 + -131.321 = -13.6364 over 419 frames.
PL038_74 sil n i m o g w a z n a l E z n s p o n a n E_~ dz E k a sil 
LOG (lattice-best-path[5.5]:main():lattice-best-path.cc:99) For utterance PL084_97, best cost 148.31 + -155.599 = -7.2894 over 419 frames.
PL084_97 sil p S E g a p i S n a v k a n i s t a n n i p S E g a p i r a k u sil 
LOG (lattice-best-path[5.5]:main():lattice-best-path.cc:99) For utterance PL084_1, best cost 166.868 + -164.834 = 2.03464 over 431 frames.
PL084_1 sil p S E S a k t i p O l i ts j a n t n i s t a n a v E ts_j O_~ t a m o g r o Z i sil 
LOG (lattice-best-path[5.5]:main():lattice-best-path.cc:99) For utterance PL038_80, best cost 72.0038 + -115.427 = -43.4231 over 444 frames.
PL038_80 sil v 1 s v A: n d o l a k a rZ E sil 
LOG (lattice-best-path[5.5]:main():lattice-best-path.cc:99) For utterance PL038_43, best cost 137.37 + -139.669 = -2.29854 over 450 frames.
PL038_43 sil a l E z u s t E S a l k i p E l j a g a ts_j O_~ g r O tS w a sil 
LOG (lattice-best-path[5.5]:main():lattice-best-path.cc:99) For utterance PL072_112, best cost 208.206 + -159.376 = 48.8301 over 450 frames.
PL072_112 sil z a r b E n i g o t a m tS a S_j ts_j a n E l E g a n s k o p a t a l o g A: r a tS E n i tS n a r m a sil 
LOG (lattice-best-path[5.5]:main():lattice-best-path.cc:99) For utterance PL072_113, best cost 186.783 + -141.475 = 45.3077 over 456 frames.
PL072_113 sil f a s u x a k i S O dz_j a z b r a k a k o s o: m i S E v i o t f a d E n t r E s sil 
LOG (lattice-best-path[5.5]:main():lattice-best-path.cc:99) For utterance PL030_82, best cost 128.766 + -149.342 = -20.5759 over 475 frames.
PL030_82 sil v s a v S 1 m i w 1 m E g i ts O v E p o b l o n d E sil 
LOG (lattice-best-path[5.5]:main():lattice-best-path.cc:99) For utterance PL040_78, best cost 196.198 + -183.121 = 13.0769 over 494 frames.
PL040_78 sil t o S O k p S E s a j p r O k r a t a p r O v a dz O_~ ts p r O S_j E tS n o r O t k u v sil 
LOG (lattice-best-path[5.5]:main():lattice-best-path.cc:99) For utterance PL038_31, best cost 110.199 + -149.574 = -39.375 over 500 frames.
PL038_31 sil r a l e b o s k E sil t O ts O S_j i o r u S a sil 
LOG (lattice-best-path[5.5]:main():lattice-best-path.cc:99) For utterance PL038_48, best cost 49.0197 + -43.3346 = 5.68511 over 119 frames.
PL038_48 sil n i o d a w S_j ts_j O_~ sil 
LOG (lattice-best-path[5.5]:main():lattice-best-path.cc:99) For utterance PL039_20, best cost 37.1448 + -47.9331 = -10.7883 over 156 frames.
PL039_20 sil z a tS a g O sil 
LOG (lattice-best-path[5.5]:main():lattice-best-path.cc:99) For utterance PL072_104, best cost 58.5089 + -59.9919 = -1.48302 over 188 frames.
PL072_104 sil v tS i t a g rZ a m E sil 
LOG (lattice-best-path[5.5]:main():lattice-best-path.cc:99) For utterance PL040_27, best cost 94.6206 + -77.5812 = 17.0393 over 206 frames.
PL040_27 sil t O f 9 s E z O f a n i n t r a s u v sil 
LOG (lattice-best-path[5.5]:main():lattice-best-path.cc:99) For utterance PL041_63, best cost 92.9942 + -82.7477 = 10.2465 over 219 frames.
PL041_63 sil b a k a z b a dZ e t v a k i k a m i n t sil 
LOG (lattice-best-path[5.5]:main():lattice-best-path.cc:99) For utterance PL097_104, best cost 35.4249 + -60.1183 = -24.6934 over 231 frames.
PL097_104 sil i s t o p a sil 
LOG (lattice-best-path[5.5]:main():lattice-best-path.cc:99) For utterance PL039_66, best cost 97.1137 + -82.0301 = 15.0835 over 238 frames.
PL039_66 sil j e p a n o tS E n a p S e k u s t r a ts i sil 
LOG (lattice-best-path[5.5]:main():lattice-best-path.cc:99) For utterance PL072_127, best cost 111.302 + -83.332 = 27.9703 over 238 frames.
PL072_127 sil t a n s O_~ p i n i O_~ ts E b a z a n a p O S E b i sil 
LOG (lattice-best-path[5.5]:main():lattice-best-path.cc:99) For utterance PL072_94, best cost 80.4268 + -73.0816 = 7.34512 over 238 frames.
PL072_94 sil r O k i k o t a m u s O_~ d a n E sil 
LOG (lattice-best-path[5.5]:main():lattice-best-path.cc:99) For utterance PL072_68, best cost 114.131 + -108.617 = 5.51404 over 275 frames.
PL072_68 sil t r a s r m a n t 1 z n i z n i k n o S E_~ ts_j E sil 
LOG (lattice-best-path[5.5]:main():lattice-best-path.cc:99) For utterance PL063_60, best cost 80.2282 + -101.786 = -21.5578 over 281 frames.
PL063_60 sil t a k a b 1 w a i E g O f O l a sil 
LOG (lattice-best-path[5.5]:main():lattice-best-path.cc:99) For utterance PL036_36, best cost 117.284 + -100.49 = 16.7932 over 288 frames.
PL036_36 sil n i k i ya t r O i p O l s E tS E v a rZ 1 dz_j E v i sil 
LOG (lattice-best-path[5.5]:main():lattice-best-path.cc:99) For utterance PL039_106, best cost 49.6683 + -46.2408 = 3.42757 over 113 frames.
PL039_106 sil s p E v n O S_j ts_j O_~ sil 
LOG (lattice-best-path[5.5]:main():lattice-best-path.cc:99) For utterance PL039_28, best cost 25.2442 + -38.1787 = -12.9344 over 125 frames.
PL039_28 sil m a m a sil 
LOG (lattice-best-path[5.5]:main():lattice-best-path.cc:99) For utterance PL037_32, best cost 62.9301 + -56.9231 = 6.00693 over 169 frames.
PL037_32 sil a l i t r v\ e m S E s sil 
LOG (lattice-best-path[5.5]:main():lattice-best-path.cc:99) For utterance PL084_88, best cost 54.2156 + -65.6616 = -11.4461 over 194 frames.
PL084_88 sil a ts a z n O v E m i sil 
LOG (lattice-best-path[5.5]:main():lattice-best-path.cc:99) For utterance PL041_57, best cost 69.2587 + -58.1978 = 11.0609 over 200 frames.
PL041_57 sil r u x m a m E n i d e: r k sil 
LOG (lattice-best-path[5.5]:main():lattice-best-path.cc:99) For utterance PL041_98, best cost 99.5517 + -75.67 = 23.8817 over 206 frames.
PL041_98 sil k a 4 a p a n O rZ O_~ j a n a t a b o r s a sil 
LOG (lattice-best-path[5.5]:main():lattice-best-path.cc:99) For utterance PL036_87, best cost 59.588 + -70.0107 = -10.4227 over 225 frames.
PL036_87 sil tS 1 ts E S E z m i o sil 
LOG (lattice-best-path[5.5]:main():lattice-best-path.cc:99) For utterance PL039_75, best cost 85.4218 + -83.5985 = 1.8233 over 238 frames.
PL039_75 sil p O tS 1 S_j ts_j E z a p o t E s k a n a n sil 
LOG (lattice-best-path[5.5]:main():lattice-best-path.cc:99) For utterance PL039_108, best cost 101.186 + -94.957 = 6.22918 over 250 frames.
PL039_108 sil p S E d a S E s k i m o r a n i a n i t o k a sil 
LOG (lattice-best-path[5.5]:main():lattice-best-path.cc:99) For utterance PL040_67, best cost 112.777 + -105.625 = 7.15142 over 269 frames.
PL040_67 sil p S o k a z i p S 1 tS e k O v i tS E l j i t a sil 
LOG (lattice-best-path[5.5]:main():lattice-best-path.cc:99) For utterance PL039_4, best cost 116.585 + -111.112 = 5.47343 over 275 frames.
PL039_4 sil p O r a ts_j i w a n d 1 s t O_~ p i o d O S_j ts_j O_~ d u sil 
LOG (lattice-best-path[5.5]:main():lattice-best-path.cc:99) For utterance PL041_34, best cost 136.223 + -105.99 = 30.2328 over 275 frames.
PL041_34 sil i: s E S tS e d a m p r a b l a m t a s a p a tS i z a l a k i sil 
LOG (lattice-best-path[5.5]:main():lattice-best-path.cc:99) For utterance PL090_83, best cost 53.1489 + -78.6645 = -25.5157 over 281 frames.
PL090_83 sil t a n i E p r a v d a sil 
LOG (lattice-best-path[5.5]:main():lattice-best-path.cc:99) For utterance PL040_68, best cost 85.2627 + -88.1302 = -2.86751 over 288 frames.
PL040_68 sil s p r a v o n a j a v i n S t a l sil 
LOG (lattice-best-path[5.5]:main():lattice-best-path.cc:99) For utterance PL084_12, best cost 96.3448 + -108.663 = -12.3178 over 300 frames.
PL084_12 sil m a rZ O_~ i E_~ ts_j O_~ k a r i r b o s u v sil 
LOG (lattice-best-path[5.5]:main():lattice-best-path.cc:99) For utterance PL097_97, best cost 90.5908 + -102.264 = -11.6737 over 313 frames.
PL097_97 sil i s t o p O b a j k O m a n d o j a n sil 
LOG (lattice-best-path[5.5]:main():lattice-best-path.cc:99) For utterance PL072_52, best cost 146.728 + -132.018 = 14.7106 over 319 frames.
PL072_52 sil p S t o k O v a n i v E s a k i z a b u d O v i s p r a k t 1 tS n a sil 
LOG (lattice-best-path[5.5]:main():lattice-best-path.cc:99) For utterance PL039_59, best cost 145.545 + -122.879 = 22.666 over 331 frames.
PL039_59 sil v O dz_j E ts_j O_~ p O z l a j O_~ z a tS n a j u s o: m i S a tS u s u sil 
LOG (lattice-best-path[5.5]:main():lattice-best-path.cc:99) For utterance PL084_7, best cost 118.157 + -116.344 = 1.81272 over 331 frames.
PL084_7 sil m i s t r a z b i t E k a n g O s E m u j a n O v a sil 
LOG (lattice-best-path[5.5]:main():lattice-best-path.cc:99) For utterance PL072_125, best cost 192.74 + -137.665 = 55.075 over 336 frames.
PL072_125 sil f i v E n o t p O v a d a n a t E p E t a n i a rZ 1 b n i p S 1 ts_j m o r p a S t v i sil 
LOG (lattice-best-path[5.5]:main():lattice-best-path.cc:99) For utterance PL039_45, best cost 143.955 + -124.873 = 19.0817 over 344 frames.
PL039_45 sil v i s E S m a k r a j n k a p i t a l i s u p a n f O v a g o sil 
LOG (lattice-best-path[5.5]:main():lattice-best-path.cc:99) For utterance PL030_25, best cost 91.1571 + -124.598 = -33.4413 over 363 frames.
PL030_25 sil v s a rZ O_~ t u m i s k m p a r t i sil 
LOG (lattice-best-path[5.5]:main():lattice-best-path.cc:99) For utterance PL039_57, best cost 21.5269 + -31.6836 = -10.1567 over 119 frames.
PL039_57 sil n i ya sil 
LOG (lattice-best-path[5.5]:main():lattice-best-path.cc:99) For utterance PL072_114, best cost 97.5732 + -78.6575 = 18.9157 over 188 frames.
PL072_114 sil t r a s n a tS n a d u rZ a z a r O v i ts_j sil 
LOG (lattice-best-path[5.5]:main():lattice-best-path.cc:99) For utterance PL039_83, best cost 74.4654 + -68.5098 = 5.95559 over 194 frames.
PL039_83 sil r s p r a v O d r O tS a n o sil 
LOG (lattice-best-path[5.5]:main():lattice-best-path.cc:99) For utterance PL072_103, best cost 100.67 + -74.9586 = 25.7111 over 250 frames.
PL072_103 sil n a v i ts i tS i t u rZ E s o: m r k a n a n sil 
LOG (lattice-best-path[5.5]:main():lattice-best-path.cc:99) For utterance PL072_46, best cost 130.195 + -98.0697 = 32.125 over 281 frames.
PL072_46 sil a m i x v n i tS n i p S t o n a n i d a v n i r d E r E sil 
LOG (lattice-best-path[5.5]:main():lattice-best-path.cc:99) For utterance PL077_5, best cost 138.688 + -112.776 = 25.9124 over 281 frames.
PL077_5 sil n i n s m a j o j a n E p E k a b a f O_~ ts O dz_j i z r O v sil 
LOG (lattice-best-path[5.5]:main():lattice-best-path.cc:99) For utterance PL038_82, best cost 100.602 + -98.5725 = 2.02977 over 288 frames.
PL038_82 sil a l o n a d a l a j O ts E s p O m i n a w a sil 
LOG (lattice-best-path[5.5]:main():lattice-best-path.cc:99) For utterance PL072_37, best cost 109.405 + -104.838 = 4.56706 over 294 frames.
PL072_37 sil s a w S_j ts_j p S k r e d v s p a d O v E d a x sil 
LOG (lattice-best-path[5.5]:main():lattice-best-path.cc:99) For utterance PL038_47, best cost 86.3103 + -99.9905 = -13.6802 over 300 frames.
PL038_47 sil p o b O v a l i x r a n i m O v a ts_j sil 
LOG (lattice-best-path[5.5]:main():lattice-best-path.cc:99) For utterance PL041_54, best cost 148.857 + -114.964 = 33.8924 over 306 frames.
PL041_54 sil a s t E m e: n a rZ 1 z a p a l i tS l a n i S E p k O d a l i ts_j O_~ sil 
LOG (lattice-best-path[5.5]:main():lattice-best-path.cc:99) For utterance PL039_95, best cost 121.797 + -118.267 = 3.52998 over 313 frames.
PL039_95 sil n i s t a t E n i p S E g O t O v a n o i x a l E p i sil 
LOG (lattice-best-path[5.5]:main():lattice-best-path.cc:99) For utterance PL040_94, best cost 129.461 + -130.646 = -1.18547 over 319 frames.
PL040_94 sil p O z a t E m sil 9 s` p a t a f i s a s k a k o j O_~ ts a sil 
LOG (lattice-best-path[5.5]:main():lattice-best-path.cc:99) For utterance PL040_72, best cost 148.943 + -120.048 = 28.8949 over 331 frames.
PL040_72 sil d o s u d u z a p a J e k O n i S y z a b i k i r u J\ y tS n a sil 
LOG (lattice-best-path[5.5]:main():lattice-best-path.cc:99) For utterance PL038_96, best cost 94.4094 + -111.742 = -17.3326 over 381 frames.
PL038_96 sil n i n b u m a sil j O_~ s o j O p r a t sil 
LOG (lattice-best-path[5.5]:main():lattice-best-path.cc:99) For utterance PL090_16, best cost 40.585 + -91.8648 = -51.2798 over 388 frames.
PL090_16 sil l a tS a g o sil 
LOG (lattice-best-path[5.5]:main():lattice-best-path.cc:99) For utterance PL097_2, best cost 90.3922 + -107.926 = -17.5341 over 388 frames.
PL097_2 sil s t a r t a t r n o v n s a z o r E sil 
LOG (lattice-best-path[5.5]:main():lattice-best-path.cc:99) For utterance PL072_123, best cost 224.258 + -160.948 = 63.3105 over 400 frames.
PL072_123 sil n S E t n E f i m E b u d O v a n E d u rZ 1 m i S E tS E n i a m i z E f r a t E n t E g r 1 ts_j O_~ t sil 
LOG (lattice-best-path[5.5]:main():lattice-best-path.cc:99) For utterance PL030_17, best cost 112.42 + -148.818 = -36.3979 over 413 frames.
PL030_17 sil p o s u x s E u n i v a rZ n i a z j a s t o sil 
LOG (lattice-best-path[5.5]:main():lattice-best-path.cc:99) For utterance PL039_14, best cost 187.526 + -149.45 = 38.0751 over 425 frames.
PL039_14 sil v S e m e a j s p O n o k a S E p S E S a b l a t v a t E rZ 1 p o s p o l i t E sil 
LOG (lattice-best-path[5.5]:main():lattice-best-path.cc:99) For utterance PL039_81, best cost 200.638 + -166.585 = 34.053 over 425 frames.
PL039_81 sil k a l i S O S_j E tS u v O v tS a S m u S O S_j E_~ p O r s m i s p a n a p r s E d E n t a sil 
LOG (lattice-best-path[5.5]:main():lattice-best-path.cc:99) For utterance PL084_10, best cost 142.055 + -150.48 = -8.42566 over 425 frames.
PL084_10 sil k ts O S E p k O i d O g rZ E tS t a j s t i x a t o s sil 
LOG (lattice-best-path[5.5]:main():lattice-best-path.cc:99) For utterance PL097_77, best cost 139.093 + -138.624 = 0.469604 over 425 frames.
PL097_77 sil t o i t a k S E d a t r u d o tS i n a k a u s p O k a j a n sil 
LOG (lattice-best-path[5.5]:main():lattice-best-path.cc:99) For utterance PL039_62, best cost 212.866 + -169.164 = 43.7023 over 450 frames.
PL039_62 sil v a tS E g a s a d a k a b a r t a b a j S_j i E s t r a S i s t E t o t o p a m i tS n a n o d O v E sil 
LOG (lattice-best-path[5.5]:main():lattice-best-path.cc:99) For utterance PL037_29, best cost 214.089 + -170.523 = 43.5659 over 456 frames.
PL037_29 sil S_j n a m i s r O k a j s E ts i b r a n a m i s t o i d u b E n a n i d a l e k O m o s k f E sil 
LOG (lattice-best-path[5.5]:main():lattice-best-path.cc:99) For utterance PL041_29, best cost 217.039 + -187.783 = 29.2562 over 463 frames.
PL041_29 sil j e k i z a t E m i a b a b E ts E s k a p a ts i n d u v p E d a n a tS a n a i z b a t a k a r s k a sil 
LOG (lattice-best-path[5.5]:main():lattice-best-path.cc:99) For utterance PL077_18, best cost 201.564 + -161.923 = 39.6415 over 463 frames.
PL077_18 sil p r a z a s t a z a p r s a t O v a n E p o b i tS n a m o b i o ts 1 x s M n a v o j u tS E t sil 
LOG (lattice-best-path[5.5]:main():lattice-best-path.cc:99) For utterance PL038_79, best cost 132.133 + -151.956 = -19.8223 over 469 frames.
PL038_79 sil k a z a m i z a rZ 1 v a tS k r O p r o s p O k a j a n s a sil 
LOG (lattice-best-path[5.5]:main():lattice-best-path.cc:99) For utterance PL037_39, best cost 216.468 + -176.76 = 39.7088 over 475 frames.
PL037_39 sil s v i n i E S a n E t a k i s n i S E rZ 1 tS E v i s t i: v a k o n a s t m u v i r o: m a n u i t sil 
LOG (lattice-best-path[5.5]:main():lattice-best-path.cc:99) For utterance PL072_16, best cost 220.828 + -166.569 = 54.2589 over 475 frames.
PL072_16 sil s t a ts i z m i n i d a n a tS a rZ l s a p r E k v a n i p S E z a m i S k a d E r n E g a v r a n sil 
LOG (lattice-best-path[5.5]:main():lattice-best-path.cc:99) For utterance PL012_39, best cost 195.07 + -169.531 = 25.5395 over 481 frames.
PL012_39 sil p a t f o: m O v a t r s k a p O n o s p a sil tS n i n a r a rZ E n M j p S E s t r a t E sil 
LOG (lattice-best-path[5.5]:main():lattice-best-path.cc:99) For utterance PL038_25, best cost 127.55 + -146.275 = -18.725 over 481 frames.
PL038_25 sil v ts O tS a S E u z a w rZ E t o j E m a k n i o m a sil 
LOG (lattice-best-path[5.5]:main():lattice-best-path.cc:99) For utterance PL072_4, best cost 196.832 + -176.71 = 20.1227 over 488 frames.
PL072_4 sil t r n a s k a p r a ts a n a s n a p S 1 S_j ts_j n a t a n a m a S t a p i s p r d O r O b a k sil 
LOG (lattice-best-path[5.5]:main():lattice-best-path.cc:99) For utterance PL038_44, best cost 82.1553 + -69.1984 = 12.957 over 206 frames.
PL038_44 sil k O S E s k a t f O s E k O n d a sil 
LOG (lattice-best-path[5.5]:main():lattice-best-path.cc:99) For utterance PL036_74, best cost 74.9097 + -76.0262 = -1.11645 over 219 frames.
PL036_74 sil o d b i t a z a k o n i k u v sil 
LOG (lattice-best-path[5.5]:main():lattice-best-path.cc:99) For utterance PL036_58, best cost 81.5897 + -86.0207 = -4.43098 over 256 frames.
PL036_58 sil m a rZ O_~ S_j E_~ k a r i r b a s v sil 
LOG (lattice-best-path[5.5]:main():lattice-best-path.cc:99) For utterance PL072_91, best cost 122.582 + -100.079 = 22.5033 over 269 frames.
PL072_91 sil i b a m a r a ts u tS E S t o m a u r m a n t 1 tS n a sil 
LOG (lattice-best-path[5.5]:main():lattice-best-path.cc:99) For utterance PL036_43, best cost 97.1036 + -92.334 = 4.76965 over 275 frames.
PL036_43 sil p O l tS E_~ ts_j E d p O v i dZ i o g i m sil 
LOG (lattice-best-path[5.5]:main():lattice-best-path.cc:99) For utterance PL072_86, best cost 148.413 + -109.85 = 38.5626 over 281 frames.
PL072_86 sil m dz_j E t a d O b r O b E t n i v a n i k p O v i z a n i k t u rZ E sil 
LOG (lattice-best-path[5.5]:main():lattice-best-path.cc:99) For utterance PL030_24, best cost 27.9501 + -70.9631 = -43.013 over 288 frames.
PL030_24 sil s k i m sil 
LOG (lattice-best-path[5.5]:main():lattice-best-path.cc:99) For utterance PL036_90, best cost 142.98 + -122.007 = 20.9728 over 300 frames.
PL036_90 sil b 1 ts_j m O rZ E k O m u S p r O v i o t o s a m a p O tS u tS E sil 
LOG (lattice-best-path[5.5]:main():lattice-best-path.cc:99) For utterance PL038_36, best cost 74.1233 + -94.8165 = -20.6933 over 306 frames.
PL038_36 sil r a t o l i k u r a t o n k o sil 
LOG (lattice-best-path[5.5]:main():lattice-best-path.cc:99) For utterance PL040_42, best cost 123.569 + -108.337 = 15.2321 over 313 frames.
PL040_42 sil S E b a t r k o j a s n a k r f i t f 9 z a m i a r sil 
LOG (lattice-best-path[5.5]:main():lattice-best-path.cc:99) For utterance PL039_3, best cost 129.846 + -124.492 = 5.35394 over 331 frames.
PL039_3 sil z a k o t n i ts_j O_~ v a p o tS i tS m O tS k o d O v a n a sil 
LOG (lattice-best-path[5.5]:main():lattice-best-path.cc:99) For utterance PL097_98, best cost 109.242 + -115.708 = -6.46603 over 338 frames.
PL097_98 sil d r f O j a m a d o n a b i S E p u tS i z 1 sil 
LOG (lattice-best-path[5.5]:main():lattice-best-path.cc:99) For utterance PL038_32, best cost 61.0174 + -92.4237 = -31.4063 over 350 frames.
PL038_32 sil p o d a S O_~ g l E rZ E sil 
LOG (lattice-best-path[5.5]:main():lattice-best-path.cc:99) For utterance PL097_16, best cost 103.638 + -110.443 = -6.80462 over 350 frames.
PL097_16 sil d a m O v E p r o d n g a r t i: s t 1 tS n a sil 
LOG (lattice-best-path[5.5]:main():lattice-best-path.cc:99) For utterance PL038_24, best cost 93.0816 + -106.258 = -13.1761 over 356 frames.
PL038_24 sil j a t a tS n i m o g O v t o v E rZ 1 ts_j sil 
LOG (lattice-best-path[5.5]:main():lattice-best-path.cc:99) For utterance PL046_96, best cost 94.3248 + -109.862 = -15.5369 over 356 frames.
PL046_96 sil j a d a b a dZ a f t E p S E p a t k u sil 
LOG (lattice-best-path[5.5]:main():lattice-best-path.cc:99) For utterance PL072_108, best cost 142.584 + -125.998 = 16.5869 over 373 frames.
PL072_108 sil v i r a z i n i S m E g O p a J s t v i s t i n t o p i r a n sil 
LOG (lattice-best-path[5.5]:main():lattice-best-path.cc:99) For utterance PL084_63, best cost 142.986 + -134.332 = 8.65358 over 375 frames.
PL084_63 sil v b a m a j a m r a ts j a tS E S t a m a u r O m a n t E tS n a sil 
LOG (lattice-best-path[5.5]:main():lattice-best-path.cc:99) For utterance PL097_88, best cost 106.681 + -117.023 = -10.3425 over 394 frames.
PL097_88 sil z m a dZ y z a d E d o s o v a n a m u j a n sil 
LOG (lattice-best-path[5.5]:main():lattice-best-path.cc:99) For utterance PL012_26, best cost 99.1085 + -121.144 = -22.0355 over 406 frames.
PL012_26 sil t z a n i n i p o d o n a s t a m p i sil t sil 
LOG (lattice-best-path[5.5]:main():lattice-best-path.cc:99) For utterance PL030_65, best cost 71.3764 + -121.305 = -49.9282 over 413 frames.
PL030_65 sil t o o t k r i tS E k a r t sil 
LOG (lattice-best-path[5.5]:main():lattice-best-path.cc:99) For utterance PL036_93, best cost 167.318 + -149.982 = 17.3364 over 413 frames.
PL036_93 sil p S E d E v k a rZ O_~ p r a ts i E p o p i dz_j E ts_j O_~ t f u tS E n a rZ 1 S E sil 
LOG (lattice-best-path[5.5]:main():lattice-best-path.cc:99) For utterance PL030_49, best cost 128.929 + -146.119 = -17.1902 over 419 frames.
PL030_49 sil p O v i l d u m i s t a v a tS E d o t r u g i t u r 1 sil 
LOG (lattice-best-path[5.5]:main():lattice-best-path.cc:99) For utterance PL046_11, best cost 129.39 + -143.058 = -13.6677 over 419 frames.
PL046_11 sil a sil a n a l i z a r a p a r t o r a S t a r O v u j E sil 
LOG (lattice-best-path[5.5]:main():lattice-best-path.cc:99) For utterance PL097_41, best cost 124.974 + -138.686 = -13.7122 over 431 frames.
PL097_41 sil z a n i m a w a b i O_~ z a v p E m i E_~ ts_j O_~ t o d a j E sil 
LOG (lattice-best-path[5.5]:main():lattice-best-path.cc:99) For utterance PL012_50, best cost 163.889 + -145.734 = 18.1552 over 450 frames.
PL012_50 sil j o s O v a t o s o n i p o t a k t O v a n a r a rZ E p i E_~ ts_j p O s u v sil 
LOG (lattice-best-path[5.5]:main():lattice-best-path.cc:99) For utterance PL038_64, best cost 158.296 + -157.072 = 1.224 over 450 frames.
PL038_64 sil s t E g O ts O v E m sil n a r O dz_j E n a tS E S k a J a ts O l i tS 1 ts_j sil 
LOG (lattice-best-path[5.5]:main():lattice-best-path.cc:99) For utterance PL097_82, best cost 143.733 + -153.398 = -9.66492 over 450 frames.
PL097_82 sil l a b a ts a v t E u p S E tS k u j E x o g o v o d E j a n sil 
LOG (lattice-best-path[5.5]:main():lattice-best-path.cc:99) For utterance PL084_95, best cost 146.614 + -172.415 = -25.801 over 456 frames.
PL084_95 sil tS E j u S rZ a j O_~ S_j i n i k i k O p a r E k i s p a h a tS E sil 
LOG (lattice-best-path[5.5]:main():lattice-best-path.cc:99) For utterance PL039_101, best cost 229.666 + -176.142 = 53.5237 over 463 frames.
PL039_101 sil p i n S 1 S_j ts_j i p S E p a t k u f i n a k o s E k v E n S l a g a n a k i s k O n i v 1 ts_j O_~ d n i n t sil 
LOG (lattice-best-path[5.5]:main():lattice-best-path.cc:99) For utterance PL072_97, best cost 181.108 + -163.957 = 17.1508 over 469 frames.
PL072_97 sil v S_j i t a m i S a p O v 1 ts_j O_~ n a ts_j t r t v E n O f a dZ a m r E k a n o v sil 
LOG (lattice-best-path[5.5]:main():lattice-best-path.cc:99) For utterance PL084_13, best cost 189.748 + -184.273 = 5.47462 over 475 frames.
PL084_13 sil v ts O b 1 tS t a k s a m a s l a v n i a k i x p O p S E d n i O p i k o n O v E sil 
LOG (lattice-best-path[5.5]:main():lattice-best-path.cc:99) For utterance PL090_41, best cost 110.729 + -152.754 = -42.0249 over 475 frames.
PL090_41 sil p S E m b a u z v i O_~ z a k s a v i E ts k i sil 
LOG (lattice-best-path[5.5]:main():lattice-best-path.cc:99) For utterance PL072_92, best cost 223.769 + -177.497 = 46.2727 over 481 frames.
PL072_92 sil p O b 1 b E n o r m a t E p i S E f a dZ i m a n o i r a k u tS n i d E g O n o g o s f i n i O_~ ts a sil 
LOG (lattice-best-path[5.5]:main():lattice-best-path.cc:99) For utterance PL037_10, best cost 226.469 + -187.525 = 38.9436 over 500 frames.
PL037_10 sil s u rZ O_~ d E s p o t n o r a d o i p O m o t u k a S t E m u t o s t v e v E r o: m i x i r n d E sil 
LOG (lattice-best-path[5.5]:main():lattice-best-path.cc:99) For utterance PL037_28, best cost 234.388 + -200.962 = 33.4262 over 500 frames.
PL037_28 sil s E rZ O_~ t f i r m E p o d u d E ts j o u r u x O m i n f t E n k r a i f a p r k i s v i f 9 r o sil 
LOG (lattice-best-path[5.5]:main():lattice-best-path.cc:99) For utterance PL037_85, best cost 212.804 + -194.526 = 18.2781 over 500 frames.
PL037_85 sil s O_~ t o n i ya t o r O v a u s k O k i s a p O rZ a j O_~ ts k o t k O m p i r o t i p O v i S sil 
LOG (lattice-best-path[5.5]:main():lattice-best-path.cc:99) For utterance PL077_22, best cost 227.468 + -191.962 = 35.5061 over 500 frames.
PL077_22 sil b u d O v a p O f O tS u k O p i E_~ ts_j u l a t p O x O n i tS v a v S dz_j E S_j i l j O_~ t o l a r O v sil 
LOG (lattice-best-path[5.5]:main():lattice-best-path.cc:99) For utterance PL090_73, best cost 159.842 + -184.1 = -24.2578 over 513 frames.
PL090_73 sil z v i E n S a S E k r a j u v k o r o p ts j a p S E n i k a z d o sil 
LOG (lattice-best-path[5.5]:main():lattice-best-path.cc:99) For utterance PL040_3, best cost 255.736 + -206.788 = 48.9482 over 525 frames.
PL040_3 sil j a p a b E n o d O p r O t a S a tS E n i a t o r s a m O rZ O_~ d O v ts E z u 4 u n a p o t o n k u S E g O r O k u sil 
LOG (lattice-best-path[5.5]:main():lattice-best-path.cc:99) For utterance PL041_11, best cost 197.567 + -197.469 = 0.0979462 over 531 frames.
PL041_11 sil m O rZ 1 b 1 ts_j d o n a d r a k t r d a n o t a b l a n d a s z v i l i d a ts j u S a sil 
LOG (lattice-best-path[5.5]:main():lattice-best-path.cc:99) For utterance PL030_47, best cost 107.939 + -150.387 = -42.4482 over 538 frames.
PL030_47 sil j a k m O rZ n a z a k p i s o b u r s u v sil 
LOG (lattice-best-path[5.5]:main():lattice-best-path.cc:99) For utterance PL072_100, best cost 239.159 + -198.47 = 40.6892 over 544 frames.
PL072_100 sil p o d r b i v a n i S a t O v i p a n t E p S E s p e S u b u d O v o r O p i s a x O n i s t i m i m i s sil 
LOG (lattice-scale[5.5]:main():lattice-scale.cc:107) Done 259 lattices.
LOG (lattice-add-penalty[5.5]:main():lattice-add-penalty.cc:62) Done adding word insertion penalty to 259 lattices.
LOG (lattice-best-path[5.5]:main():lattice-best-path.cc:99) For utterance PL037_47, best cost 256.786 + -195.956 = 60.8301 over 550 frames.
PL037_47 sil t o g o n i z i n k i n i n k a Z i m E Z i l k t y z a s t o p o s k o d r n a n o b o s t a v i tS E n o r O v a n sil 
LOG (lattice-best-path[5.5]:main():lattice-best-path.cc:124) Overall cost per frame is -3.25361 = 0.371067 [graph] + -3.62467 [acoustic] over 92870 frames.
LOG (lattice-best-path[5.5]:main():lattice-best-path.cc:128) Done 259 lattices, failed for 0
# Accounting: time=3 threads=1
# Ended (code 0) at Mon Apr 20 22:24:32 BST 2020, elapsed time 3 seconds
