# lattice-scale --inv-acoustic-scale=15 "ark:gunzip -c /home/paul/UPM/pytorch-kaldi/exp/UPM_RNN_mfcc_base_3_layers/decode_PL_only_out_dnn2/lat.*.gz|" ark:- | lattice-add-penalty --word-ins-penalty=1.0 ark:- ark:- | lattice-best-path --word-symbol-table=/home/paul/upm_exp/baseline_mfcc/data/lang/words.txt ark:- ark,t:- | utils/int2sym.pl -f 2- /home/paul/upm_exp/baseline_mfcc/data/lang/words.txt | local/wer_hyp_filter > /home/paul/UPM/pytorch-kaldi/exp/UPM_RNN_mfcc_base_3_layers/decode_PL_only_out_dnn2/scoring_kaldi/penalty_1.0/15.txt 
# Started at Mon Apr 20 22:24:29 BST 2020
#
lattice-best-path --word-symbol-table=/home/paul/upm_exp/baseline_mfcc/data/lang/words.txt ark:- ark,t:- 
lattice-scale --inv-acoustic-scale=15 'ark:gunzip -c /home/paul/UPM/pytorch-kaldi/exp/UPM_RNN_mfcc_base_3_layers/decode_PL_only_out_dnn2/lat.*.gz|' ark:- 
lattice-add-penalty --word-ins-penalty=1.0 ark:- ark:- 
LOG (lattice-best-path[5.5]:main():lattice-best-path.cc:99) For utterance PL072_117, best cost 52.129 + -46.6779 = 5.45115 over 175 frames.
PL072_117 sil a t a z n O v E m i sil 
LOG (lattice-best-path[5.5]:main():lattice-best-path.cc:99) For utterance PL084_59, best cost 65.5067 + -68.3196 = -2.81293 over 225 frames.
PL084_59 sil s w a b a t o r o g i k a sil 
LOG (lattice-best-path[5.5]:main():lattice-best-path.cc:99) For utterance PL038_90, best cost 70.2666 + -58.9346 = 11.3321 over 238 frames.
PL038_90 sil b E_~ ts O s a t a n k a m a t sil 
LOG (lattice-best-path[5.5]:main():lattice-best-path.cc:99) For utterance PL039_104, best cost 86.1318 + -70.1282 = 16.0036 over 250 frames.
PL039_104 sil m a v a k t o s a i x n a z i s k a sil 
LOG (lattice-best-path[5.5]:main():lattice-best-path.cc:99) For utterance PL084_41, best cost 83.4731 + -72.869 = 10.6041 over 263 frames.
PL084_41 sil p O z a s t a w a t E k O n t r a s sil 
LOG (lattice-best-path[5.5]:main():lattice-best-path.cc:99) For utterance PL072_15, best cost 118.777 + -76.4894 = 42.2872 over 275 frames.
PL072_15 sil S E d i s p o n i z a p a tS E_~ ts_j O_~ S tS E s k r a m sil 
LOG (lattice-best-path[5.5]:main():lattice-best-path.cc:99) For utterance PL072_98, best cost 126.477 + -90.6179 = 35.859 over 275 frames.
PL072_98 sil tS E s k a z a S k a z e n a t O rZ E t r m O rZ E b 1 ts_j sil 
LOG (lattice-best-path[5.5]:main():lattice-best-path.cc:99) For utterance PL038_5, best cost 59.482 + -69.8106 = -10.3286 over 281 frames.
PL038_5 sil j a k p r a ts O v a ts_j sil 
LOG (lattice-best-path[5.5]:main():lattice-best-path.cc:99) For utterance PL036_69, best cost 98.9612 + -89.6632 = 9.29806 over 300 frames.
PL036_69 sil p o l i s u d O S_j E_~ p o s u j b a n d E sil 
LOG (lattice-best-path[5.5]:main():lattice-best-path.cc:99) For utterance PL036_95, best cost 100.48 + -82.9303 = 17.55 over 300 frames.
PL036_95 sil b a ts O v a rZ n a j s t a n a s l a k ts E sil 
LOG (lattice-best-path[5.5]:main():lattice-best-path.cc:99) For utterance PL036_91, best cost 113.943 + -99.6547 = 14.2888 over 338 frames.
PL036_91 sil p o s k a n a p O n a n i s a n k a v o s p o k O n sil 
LOG (lattice-best-path[5.5]:main():lattice-best-path.cc:99) For utterance PL039_40, best cost 162.818 + -112.842 = 49.9762 over 356 frames.
PL039_40 sil tS E z i n s k o Z a f 9 r o r i k i n a S E p O v i S u r O S_j E_~ dz a ts_j sil 
LOG (lattice-best-path[5.5]:main():lattice-best-path.cc:99) For utterance PL072_87, best cost 58.4377 + -58.5333 = -0.0956078 over 225 frames.
PL072_87 sil s a b a t O l g i k a sil 
LOG (lattice-best-path[5.5]:main():lattice-best-path.cc:99) For utterance PL084_76, best cost 50.2995 + -50.5009 = -0.201408 over 225 frames.
PL084_76 sil tS i t a g rZ E m a sil 
LOG (lattice-best-path[5.5]:main():lattice-best-path.cc:99) For utterance PL039_82, best cost 87.9246 + -75.3453 = 12.5793 over 238 frames.
PL039_82 sil a k O S_j i S k i b u f i S p a n i sil 
LOG (lattice-best-path[5.5]:main():lattice-best-path.cc:99) For utterance PL039_52, best cost 77.2317 + -77.7972 = -0.565491 over 250 frames.
PL039_52 sil t a p o S 1 x n a s E v i S k a sil 
LOG (lattice-best-path[5.5]:main():lattice-best-path.cc:99) For utterance PL036_57, best cost 96.5613 + -84.4678 = 12.0935 over 281 frames.
PL036_57 sil i tS O S_j E_~ s k a n s E f E n ts j a m i sil 
LOG (lattice-best-path[5.5]:main():lattice-best-path.cc:99) For utterance PL040_44, best cost 136.648 + -90.0976 = 46.5506 over 281 frames.
PL040_44 sil k a l i p i 4 e n E t f i r dz_j E v i s a f r O z u ts k i sil 
LOG (lattice-best-path[5.5]:main():lattice-best-path.cc:99) For utterance PL036_22, best cost 35.0048 + -40.6431 = -5.6383 over 169 frames.
PL036_22 sil n i z a S a sil 
LOG (lattice-best-path[5.5]:main():lattice-best-path.cc:99) For utterance PL036_40, best cost 113.195 + -70.872 = 42.3228 over 238 frames.
PL036_40 sil g a n a k s a tS m O v t o n a t v a p s a n a sil 
LOG (lattice-best-path[5.5]:main():lattice-best-path.cc:99) For utterance PL084_74, best cost 80.3536 + -71.6079 = 8.74572 over 244 frames.
PL084_74 sil S E s E p O v i n i z a r a b 1 ts_j sil 
LOG (lattice-best-path[5.5]:main():lattice-best-path.cc:99) For utterance PL037_6, best cost 79.1317 + -82.2839 = -3.15221 over 275 frames.
PL037_6 sil a n E z m i E n s t 1 rZ 1 tS n a sil 
LOG (lattice-best-path[5.5]:main():lattice-best-path.cc:99) For utterance PL040_69, best cost 112.012 + -81.9585 = 30.0536 over 275 frames.
PL040_69 sil i k o b o s k a s k a rZ O S_j i n a b r Z u x a sil 
LOG (lattice-best-path[5.5]:main():lattice-best-path.cc:99) For utterance PL084_85, best cost 94.0861 + -78.9522 = 15.1339 over 275 frames.
PL084_85 sil t r a s m O rZ a d u rZ E z a r a b 1 ts_j sil 
LOG (lattice-best-path[5.5]:main():lattice-best-path.cc:99) For utterance PL072_11, best cost 97.5738 + -79.3837 = 18.1901 over 281 frames.
PL072_11 sil t r a s E s a p r v a S a J u tS m a n a sil 
LOG (lattice-best-path[5.5]:main():lattice-best-path.cc:99) For utterance PL040_51, best cost 112.786 + -87.0342 = 25.7518 over 288 frames.
PL040_51 sil m o g o t o tS 1 tS E d i n i p r o k r a t o S E sil 
LOG (lattice-best-path[5.5]:main():lattice-best-path.cc:99) For utterance PL084_6, best cost 106.728 + -97.0604 = 9.66763 over 288 frames.
PL084_6 sil b r t a i z a ts j a s t a j S a f a k t E m sil 
LOG (lattice-best-path[5.5]:main():lattice-best-path.cc:99) For utterance PL038_54, best cost 67.3393 + -70.4162 = -3.07686 over 294 frames.
PL038_54 sil v S E s O t E m e dZ a l sil 
LOG (lattice-best-path[5.5]:main():lattice-best-path.cc:99) For utterance PL036_37, best cost 135.535 + -95.9306 = 39.6045 over 306 frames.
PL036_37 sil p S a t k u z a s a dz_j E v i t n a s l E k i o k r i: N k a sil 
LOG (lattice-best-path[5.5]:main():lattice-best-path.cc:99) For utterance PL036_59, best cost 166.059 + -112.63 = 53.4297 over 331 frames.
PL036_59 sil v ts O b E S E s a m a s o v n i j a k i x p O p S E n i p i k o n O v 1 sil 
LOG (lattice-best-path[5.5]:main():lattice-best-path.cc:99) For utterance PL037_60, best cost 154.305 + -103.967 = 50.338 over 331 frames.
PL037_60 sil s k m i n i u S t a m i t a n i l i tS n i t r u n t u z n a l i S 
LOG (lattice-best-path[5.5]:main():lattice-best-path.cc:99) For utterance PL040_71, best cost 133.66 + -263743 = -263609 over 338 frames.
PL040_71 sil t o tS a S E t r E S_j ts_j i t O v O v 1 v a S E d o tS E v i sil 
LOG (lattice-best-path[5.5]:main():lattice-best-path.cc:99) For utterance PL090_65, best cost 121.166 + -105.991 = 15.1754 over 350 frames.
PL090_65 sil o n i a s t a i p S E p O d O b n a m p r o b r a n sil 
LOG (lattice-best-path[5.5]:main():lattice-best-path.cc:99) For utterance PL039_50, best cost 157.033 + -123.307 = 33.726 over 363 frames.
PL039_50 sil k a Z d O S_j r O d a k v a ts 1 m a S u i x p S E l s u v tS u v sil 
LOG (lattice-best-path[5.5]:main():lattice-best-path.cc:99) For utterance PL041_87, best cost 181.555 + -126.785 = 54.7701 over 363 frames.
PL041_87 sil z a p E v n a b E n a n t a ts E k t u rZ E z a ts O b a d v a rZ E t e d a ts i z E sil 
LOG (lattice-best-path[5.5]:main():lattice-best-path.cc:99) For utterance PL084_98, best cost 125.995 + -113.234 = 12.7607 over 363 frames.
PL084_98 sil t a n s O_~ p i n i O_~ dz E b a z a n a p O t S a b n a sil 
LOG (lattice-best-path[5.5]:main():lattice-best-path.cc:99) For utterance PL012_7, best cost 125.399 + -96.8046 = 28.5944 over 369 frames.
PL012_7 sil i n a k r a n b a z O n i m i z a r a v a n O S_j v tS E sil 
LOG (lattice-best-path[5.5]:main():lattice-best-path.cc:99) For utterance PL038_7, best cost 77.82 + -88.4647 = -10.6447 over 369 frames.
PL038_7 sil t O b E_~ dz_j E m a j p r a n t n a sil 
LOG (lattice-best-path[5.5]:main():lattice-best-path.cc:99) For utterance PL038_81, best cost 80.2151 + -89.125 = -8.90989 over 375 frames.
PL038_81 sil b a d a n i s n i v E k a z a v a sil 
LOG (lattice-best-path[5.5]:main():lattice-best-path.cc:99) For utterance PL012_28, best cost 146.226 + -126.536 = 19.6909 over 381 frames.
PL012_28 sil v tS O r E s a m o b r O n o p o S u j E rZ 1 m i x a l s k i sil 
LOG (lattice-best-path[5.5]:main():lattice-best-path.cc:99) For utterance PL040_56, best cost 172.91 + -127.705 = 45.2045 over 413 frames.
PL040_56 sil a p o t u p S E s a v E l i n i k i s p E ts i S E s a j O_~ ts O n a k t u r u sil 
LOG (lattice-best-path[5.5]:main():lattice-best-path.cc:99) For utterance PL041_16, best cost 224.489 + -145.107 = 79.3823 over 413 frames.
PL041_16 sil a b a s o v a t a u rZ O_~ d a j O_~ ts E g O d i t a m i s a z a r a z a p O t f r dz E n i v p r a k t s sil 
LOG (lattice-best-path[5.5]:main():lattice-best-path.cc:99) For utterance PL030_48, best cost 112.902 + -121.269 = -8.36684 over 419 frames.
PL030_48 sil t o n i o t p O v i dZ a l E i n i ya t 1 tS n a sil 
LOG (lattice-best-path[5.5]:main():lattice-best-path.cc:99) For utterance PL077_28, best cost 213.547 + -134.197 = 79.3497 over 425 frames.
PL077_28 sil E k s E t i tS 1 s E k O k o d v i S 1 ts_j O_~ ts O s u s o s o: m o d O v a n h a b u z a g i n o sil 
LOG (lattice-best-path[5.5]:main():lattice-best-path.cc:99) For utterance PL072_26, best cost 169.235 + -117.905 = 51.3305 over 438 frames.
PL072_26 sil S_j i s p O d O v a m O S_j m i S E m O rZ E g O p o s t a l s a ts a l s E z a sil 
LOG (lattice-best-path[5.5]:main():lattice-best-path.cc:99) For utterance PL090_51, best cost 153.984 + -142.433 = 11.5515 over 438 frames.
PL090_51 sil j a k i s p o s u p f O rZ O n a j s t o: n i a u r O p a i s k a sil 
LOG (lattice-best-path[5.5]:main():lattice-best-path.cc:99) For utterance PL012_9, best cost 177.172 + -144.115 = 33.057 over 450 frames.
PL012_9 sil d m i t i r o g O z i n d O r a ts a p r a z a n t a v a d i m i r a p o t i n a sil 
LOG (lattice-best-path[5.5]:main():lattice-best-path.cc:99) For utterance PL039_42, best cost 187.654 + -146.794 = 40.8606 over 450 frames.
PL039_42 sil v r S t o n i tS O n a t u rZ E n O v E b o r i: s m i n s k o S E m a n a n E p S E sil 
LOG (lattice-best-path[5.5]:main():lattice-best-path.cc:99) For utterance PL036_4, best cost 168.37 + -140.432 = 27.9385 over 463 frames.
PL036_4 sil p O d a m s p o s t u m a tS 1 s u t u S E f O v 1 s p o tS n i p o i ts i sil 
LOG (lattice-best-path[5.5]:main():lattice-best-path.cc:99) For utterance PL041_100, best cost 190.979 + -146.146 = 44.833 over 488 frames.
PL041_100 sil v n i o s a k t a b 7 ts E s o: m i n i b a p S 1 tS m o g A: t 1 m p a m i n t a ts_j sil 
LOG (lattice-best-path[5.5]:main():lattice-best-path.cc:99) For utterance PL072_44, best cost 178.264 + -144.794 = 33.4699 over 488 frames.
PL072_44 sil n a p i S E n i f r a n t u v a t o d_z\ u v i t o v a n o b i r O s u k i n t a sil 
LOG (lattice-best-path[5.5]:main():lattice-best-path.cc:99) For utterance PL038_66, best cost 174.654 + -154.056 = 20.5972 over 513 frames.
PL038_66 sil r O dz_j E n a i m a rZ a m O v i l a rZ E t r u n O S_j ts_j O_~ z n o d o g a b 1 ts_j sil 
LOG (lattice-best-path[5.5]:main():lattice-best-path.cc:99) For utterance PL040_85, best cost 264.61 + -165.117 = 99.4923 over 513 frames.
PL040_85 sil n a r a z b a k o t r a p o tS i v a k s m O v a dZ o k i t f 9 r g a n o r o t k z m a r u v 1 b i g u m i ts_j O_~ ts u sil 
LOG (lattice-best-path[5.5]:main():lattice-best-path.cc:99) For utterance PL038_63, best cost 166.357 + -145.944 = 20.4134 over 519 frames.
PL038_63 sil p O rZ E s p O v o d O m a rZ a k t o r u b i z a g a n d a d a k l i S k a sil 
LOG (lattice-best-path[5.5]:main():lattice-best-path.cc:99) For utterance PL063_87, best cost 198.971 + -166.612 = 32.359 over 519 frames.
PL063_87 sil d a S E l E l i s t i m a z m a l E S_j E_~ p r a z d a n t a l E x a n d a d u k a S E n k a sil 
LOG (lattice-best-path[5.5]:main():lattice-best-path.cc:99) For utterance PL036_38, best cost 100.848 + -76.7336 = 24.1149 over 206 frames.
PL036_38 sil z a tS a j p S E S k i v a tS n i S k a n i sil 
LOG (lattice-best-path[5.5]:main():lattice-best-path.cc:99) For utterance PL072_89, best cost 108.509 + -68.1223 = 40.3871 over 213 frames.
PL072_89 sil rZ 1 ts_j rZ a t k u z a 4 a S a s t a m e d a a sil 
LOG (lattice-best-path[5.5]:main():lattice-best-path.cc:99) For utterance PL039_41, best cost 79.7977 + -71.5969 = 8.20071 over 219 frames.
PL039_41 sil t O v O_~ p i v E p o s t o l a t sil 
LOG (lattice-best-path[5.5]:main():lattice-best-path.cc:99) For utterance PL036_42, best cost 116.076 + -73.2353 = 42.8408 over 225 frames.
PL036_42 sil e d n a s k o l t r f l A: s o: f i n d v i S a sil 
LOG (lattice-best-path[5.5]:main():lattice-best-path.cc:99) For utterance PL072_69, best cost 78.9111 + -59.7563 = 19.1549 over 244 frames.
PL072_69 sil u z a s t a w a t E k a n t r E s sil 
LOG (lattice-best-path[5.5]:main():lattice-best-path.cc:99) For utterance PL030_28, best cost 68.8223 + -68.3687 = 0.453659 over 269 frames.
PL030_28 sil r a d E n i o t x O dz O_~ sil 
LOG (lattice-best-path[5.5]:main():lattice-best-path.cc:99) For utterance PL036_29, best cost 124.108 + -92.2402 = 31.8681 over 275 frames.
PL036_29 sil t E m r a z a m tS E S k o r a j u sil p o ts j a n t a sil 
LOG (lattice-best-path[5.5]:main():lattice-best-path.cc:99) For utterance PL036_97, best cost 62.1842 + -46.1615 = 16.0227 over 175 frames.
PL036_97 sil o n S i s p r a v dz_j i sil 
LOG (lattice-best-path[5.5]:main():lattice-best-path.cc:99) For utterance PL072_24, best cost 89.3942 + -58.8714 = 30.5228 over 194 frames.
PL072_24 sil 9 z a b a n a t a S k O f r g O S_j ts_j sil 
LOG (lattice-best-path[5.5]:main():lattice-best-path.cc:99) For utterance PL041_7, best cost 99.3836 + -73.4015 = 25.9821 over 219 frames.
PL041_7 sil p O s a v i s t v i S k a w O v a S a b 
LOG (lattice-best-path[5.5]:main():lattice-best-path.cc:99) For utterance PL072_102, best cost 81.9719 + -68.4046 = 13.5673 over 225 frames.
PL072_102 sil tS E s i p O v i n i z a r a m i ts_j sil 
LOG (lattice-best-path[5.5]:main():lattice-best-path.cc:99) For utterance PL036_56, best cost 72.0646 + -65.7133 = 6.35124 over 244 frames.
PL036_56 sil s u S 1 k o j d a b rZ 1 ts_j sil 
LOG (lattice-best-path[5.5]:main():lattice-best-path.cc:99) For utterance PL038_21, best cost 83.4715 + -80.4056 = 3.0659 over 256 frames.
PL038_21 sil p r a t o tS E dz_j E t y S 1 tS a w a sil 
LOG (lattice-best-path[5.5]:main():lattice-best-path.cc:99) For utterance PL039_105, best cost 113.872 + -78.9377 = 34.9348 over 256 frames.
PL039_105 sil tS 1 v a r t o tS a s O_~ rZ a v a ts_j ts_j E r a S a sil 
LOG (lattice-best-path[5.5]:main():lattice-best-path.cc:99) For utterance PL039_38, best cost 79.5278 + -68.5707 = 10.9571 over 256 frames.
PL039_38 sil a l t o r t E t 1 ts_j O_~ v a J u sil 
LOG (lattice-best-path[5.5]:main():lattice-best-path.cc:99) For utterance PL038_4, best cost 45.8801 + -68.4798 = -22.5998 over 294 frames.
PL038_4 sil j a k t u rZ 1 ts_j sil 
LOG (lattice-best-path[5.5]:main():lattice-best-path.cc:99) For utterance PL041_41, best cost 148.924 + -90.2959 = 58.6286 over 294 frames.
PL041_41 sil tS a S a j r O v o s o: n i a t n i m i E s p S E s t a m s t a m sil 
LOG (lattice-best-path[5.5]:main():lattice-best-path.cc:99) For utterance PL072_126, best cost 132.627 + -97.2153 = 35.4112 over 294 frames.
PL072_126 sil tS E g a k i tS n a g a n i s t a m i p S E k a t m i r a k u sil 
LOG (lattice-best-path[5.5]:main():lattice-best-path.cc:99) For utterance PL046_93, best cost 106.785 + -100.068 = 6.71609 over 306 frames.
PL046_93 sil z d a n a n a t E n t E m a ts a m p O dz_j E l a n sil 
LOG (lattice-best-path[5.5]:main():lattice-best-path.cc:99) For utterance PL084_20, best cost 106.271 + -94.7433 = 11.5276 over 306 frames.
PL084_20 sil r a f l a k s E p S 1 x O dz_j E p O S E s k i sil 
LOG (lattice-best-path[5.5]:main():lattice-best-path.cc:99) For utterance PL040_73, best cost 141.37 + -110.661 = 30.7095 over 325 frames.
PL040_73 sil k O b i t a n i z g i O S_j n o p a r a ts i v a d r O v i tS E sil 
LOG (lattice-best-path[5.5]:main():lattice-best-path.cc:99) For utterance PL036_32, best cost 147.528 + -104.123 = 43.4045 over 331 frames.
PL036_32 sil z a n g a rZ E v a n a b r g a n u a n t a t a rZ O l s t a S m sil 
LOG (lattice-best-path[5.5]:main():lattice-best-path.cc:99) For utterance PL077_8, best cost 133.605 + -103.949 = 29.6565 over 381 frames.
PL077_8 sil n a s n a rZ 1 ts O i p i n z b o t o n i E s s M l i sil 
LOG (lattice-best-path[5.5]:main():lattice-best-path.cc:99) For utterance PL030_11, best cost 114.59 + -115.124 = -0.534698 over 400 frames.
PL030_11 sil n a v E t 1 v r O dz_j i n a j u tS i p r E m i r a sil 
LOG (lattice-best-path[5.5]:main():lattice-best-path.cc:99) For utterance PL030_87, best cost 101.102 + -100.776 = 0.325943 over 400 frames.
PL030_87 sil t o n O v o k o n f i k t 1 t i r a dZ i sil 
LOG (lattice-best-path[5.5]:main():lattice-best-path.cc:99) For utterance PL084_70, best cost 134.552 + -123.9 = 10.6518 over 406 frames.
PL084_70 sil S E s k O z a S k a z E n a t O rZ E t a k m a rZ E b E ts_j sil 
LOG (lattice-best-path[5.5]:main():lattice-best-path.cc:99) For utterance PL036_18, best cost 167.887 + -141.264 = 26.6232 over 413 frames.
PL036_18 sil v l a n d a n a t o Z d O v a dz O_~ ts a ts O n i d a ts i n i v a k s a r O v sil 
LOG (lattice-best-path[5.5]:main():lattice-best-path.cc:99) For utterance PL039_107, best cost 177.991 + -136.538 = 41.4529 over 413 frames.
PL039_107 sil p S 1 tS E S_j E_~ dz_j E k a S t E z n a s u p o ya t a z a t o t u k e d E S_j r A: j u sil 
LOG (lattice-best-path[5.5]:main():lattice-best-path.cc:99) For utterance PL039_32, best cost 195.653 + -130.348 = 65.3054 over 413 frames.
PL039_32 sil v O S_j E_~ s t o s t i m i l u tS n i k t u rZ 1 v O v tS a s p O S_j E d a l j a t O r t a t sil 
LOG (lattice-best-path[5.5]:main():lattice-best-path.cc:99) For utterance PL038_17, best cost 107.365 + -116.409 = -9.04372 over 438 frames.
PL038_17 sil z a j o S E o d O m O v n o p r O b o t o sil 
LOG (lattice-best-path[5.5]:main():lattice-best-path.cc:99) For utterance PL040_65, best cost 179.91 + -144.371 = 35.5385 over 438 frames.
PL040_65 sil j E n a d a t 1 tS 1 S_j m e dZ i ts k a d u J\ e b E d u S t o ts E l k a r s k i sil 
LOG (lattice-best-path[5.5]:main():lattice-best-path.cc:99) For utterance PL040_79, best cost 210.412 + -152.836 = 57.5764 over 444 frames.
PL040_79 sil i s t e: n a m a r t u rZ E v r S E m o g O m u v i z b E z o b a f O g O S_j v a k a p i s k a sil 
LOG (lattice-best-path[5.5]:main():lattice-best-path.cc:99) For utterance PL030_58, best cost 69.983 + -107.016 = -37.0333 over 463 frames.
PL030_58 sil s a k r a t a S v r a ts a sil 
LOG (lattice-best-path[5.5]:main():lattice-best-path.cc:99) For utterance PL040_80, best cost 151.215 + -135.499 = 15.716 over 463 frames.
PL040_80 sil i m O v i k a i z n a j a t a g o d o t u n o t k i S k i t a n i sil 
LOG (lattice-best-path[5.5]:main():lattice-best-path.cc:99) For utterance PL041_61, best cost 222.078 + -162.97 = 59.1089 over 475 frames.
PL041_61 sil p O k a z u rZ 1 ts i m a t r E u v O v i S E m a ts E n a rZ E z a ts_j v i r m i s u p r a m i: N A: m i sil 
LOG (lattice-best-path[5.5]:main():lattice-best-path.cc:99) For utterance PL090_47, best cost 129.369 + -142.261 = -12.8916 over 475 frames.
PL090_47 sil j a k i E s t O rZ O_~ dz O m a u n i a u r O p a i s k a sil 
LOG (lattice-best-path[5.5]:main():lattice-best-path.cc:99) For utterance PL097_20, best cost 151.33 + -121.837 = 29.4933 over 475 frames.
PL097_20 sil i s t a k e g O S_j i E s t a w a 9 z a b E_~ rZ O rZ E b i o n k i n sil 
LOG (lattice-best-path[5.5]:main():lattice-best-path.cc:99) For utterance PL040_87, best cost 99.662 + -122.706 = -23.0439 over 488 frames.
PL040_87 sil b u b E t a k o r o n E d o v s p r a v i sil 
LOG (lattice-best-path[5.5]:main():lattice-best-path.cc:99) For utterance PL046_35, best cost 79.5228 + -112.362 = -32.8392 over 488 frames.
PL046_35 sil p a l E tS n a p r a z a d a n t a sil 
LOG (lattice-best-path[5.5]:main():lattice-best-path.cc:99) For utterance PL038_3, best cost 105.919 + -126.32 = -20.4002 over 494 frames.
PL038_3 sil d a k a n s a rZ 1 tS a z a p o n o t E g O d a sil 
LOG (lattice-best-path[5.5]:main():lattice-best-path.cc:99) For utterance PL040_41, best cost 202.753 + -154.714 = 48.0395 over 494 frames.
PL040_41 sil j rZ E i t E s p o s t a n O v i rZ E j b E n i S E n i m i k i r O v o p O rZ O_~ b a r t a sil 
LOG (lattice-best-path[5.5]:main():lattice-best-path.cc:99) For utterance PL041_27, best cost 281.796 + -163.954 = 117.842 over 500 frames.
PL041_27 sil a ts a ts i a l a r m O v a l i b a ts_j rZ E n a l j S_j ts_j u m e S 1 m a v i E l a k u p S E s a rZ a u k r dz_j E S u S E n i p O d a sil 
LOG (lattice-best-path[5.5]:main():lattice-best-path.cc:99) For utterance PL072_101, best cost 249.363 + -152.528 = 96.8354 over 506 frames.
PL072_101 sil v a k o b E_~ dz_j E w a ts i b u z e tS E n i p O n i b i v i a k a k r E s i d u rZ 1 p o t E S a n i b a ts O g a t sil 
LOG (lattice-best-path[5.5]:main():lattice-best-path.cc:99) For utterance PL038_77, best cost 125.884 + -125.718 = 0.165512 over 513 frames.
PL038_77 sil m a w a j a k o S O p S E s i o n a p o tS E z r o ya sil 
LOG (lattice-best-path[5.5]:main():lattice-best-path.cc:99) For utterance PL036_44, best cost 205.519 + -165.105 = 40.4139 over 519 frames.
PL036_44 sil v S tS E s u tS t r l a t i v O v k a s k i n o n a m i s E p O ts j a t a m i t_s\ e s t a v a sil 
LOG (lattice-best-path[5.5]:main():lattice-best-path.cc:99) For utterance PL041_88, best cost 266.994 + -188.525 = 78.4685 over 544 frames.
PL041_88 sil f E d a p O z a s t a n i i m i n d i d u a n a d v a n i S a b a s a m O rZ a n a v a g O k O l a d i o t v A: v tS a g a sil 
LOG (lattice-best-path[5.5]:main():lattice-best-path.cc:99) For utterance PL038_89, best cost 162.135 + -151.728 = 10.4077 over 550 frames.
PL038_89 sil j e t O r i a j s t a k a tS E s w a v a m i o p r o b l a m a s o b u sil 
LOG (lattice-best-path[5.5]:main():lattice-best-path.cc:99) For utterance PL039_92, best cost 250.769 + -165.027 = 85.7421 over 556 frames.
PL039_92 sil n a tS ts_j S_j ts_j i S a n 1 x p r a v 1 dz_j E s t O S_j i t 1 ts_j O_~ t S p i n a r O d u j u S tS E_~ ts_j p o s t a p O v a n i sil 
LOG (lattice-best-path[5.5]:main():lattice-best-path.cc:99) For utterance PL040_45, best cost 221.853 + -181.36 = 40.4937 over 563 frames.
PL040_45 sil a p i n s n O v a tS v a t u J\ e p o S u g r O k u p a n O v a n a s u t r g o k u t O v a k a sil 
LOG (lattice-best-path[5.5]:main():lattice-best-path.cc:99) For utterance PL063_8, best cost 232.615 + -174.435 = 58.1801 over 569 frames.
PL063_8 sil s r a k o j O r u j v o S E Z i k a rZ E v O b r o n i p r u r a l i z b o b a d e: r E t o n i S m sil 
LOG (lattice-best-path[5.5]:main():lattice-best-path.cc:99) For utterance PL084_34, best cost 240.15 + -190.957 = 49.193 over 569 frames.
PL084_34 sil a b E n i g i n a l i k O l E n i p O l i ts j a n ts i k a n i tS n a j a s t i S tS E l a p S E r a s p O z n a n i sil 
LOG (lattice-best-path[5.5]:main():lattice-best-path.cc:99) For utterance PL084_27, best cost 245.571 + -188.135 = 57.4362 over 575 frames.
PL084_27 sil v s l a n i n a s m a d a r E n k i b u a v t o r a n E v a rZ n E S E t E m a t a n a g O v p o i ts j a n t o sil 
LOG (lattice-best-path[5.5]:main():lattice-best-path.cc:99) For utterance PL041_67, best cost 263.812 + -198.813 = 64.9983 over 581 frames.
PL041_67 sil n a j O_~ ts E u r a z O v i O_~ rZ 1 ts_j O_~ ts O p O rZ E n a m i s p O v o d O v a n a m i n i o m e: n o t p a l a n i m p a t a t sil 
LOG (lattice-best-path[5.5]:main():lattice-best-path.cc:99) For utterance PL040_23, best cost 264.678 + -200.466 = 64.212 over 594 frames.
PL040_23 sil p i s E S E s i k o n i k a t u v i k a j n d a tS n a p O p a r tS l a s p o n a n E g O k o t E x p S E z v i t O S_j 
LOG (lattice-best-path[5.5]:main():lattice-best-path.cc:99) For utterance PL072_79, best cost 253.495 + -189.584 = 63.9106 over 594 frames.
PL072_79 sil s a d i s k i p i E_~ dz 1 x n a s j O_~ t E rZ O r E z d E s a n o s a m b i n a d E n E m i a k a j d o n a tS a v a sil 
LOG (lattice-best-path[5.5]:main():lattice-best-path.cc:99) For utterance PL084_22, best cost 230.383 + -190.686 = 39.697 over 594 frames.
PL084_22 sil n a t a v n a p S E ts i ya t E S E p r u S a n i t E m t a S a s t a w a m u v i d a l u S rZ a x i k sil 
LOG (lattice-best-path[5.5]:main():lattice-best-path.cc:99) For utterance PL072_90, best cost 219.493 + -171.785 = 47.7077 over 600 frames.
PL072_90 sil p r m a t i ts i tS E tS a u rZ E p i b i tS E S_j ts_j O v a n M S E t i n i tS n i v O l n i g o d n m sil 
LOG (lattice-best-path[5.5]:main():lattice-best-path.cc:99) For utterance PL072_116, best cost 84.6152 + -58.4138 = 26.2014 over 175 frames.
PL072_116 sil t o s o n a k t a r E p i n i O_~ z a sil 
LOG (lattice-best-path[5.5]:main():lattice-best-path.cc:99) For utterance PL036_41, best cost 70.0707 + -62.1325 = 7.93818 over 200 frames.
PL036_41 sil z O rZ O d a t S E S a w a sil 
LOG (lattice-best-path[5.5]:main():lattice-best-path.cc:99) For utterance PL039_85, best cost 75.3314 + -57.4855 = 17.8459 over 206 frames.
PL039_85 sil n i m i O_~ ts a t E v 1 b o r u sil 
LOG (lattice-best-path[5.5]:main():lattice-best-path.cc:99) For utterance PL039_56, best cost 95.976 + -83.5098 = 12.4662 over 250 frames.
PL039_56 sil t E m h a n i S E z a S k O tS O p a n a sil 
LOG (lattice-best-path[5.5]:main():lattice-best-path.cc:99) For utterance PL072_124, best cost 123.995 + -86.0119 = 37.9827 over 256 frames.
PL072_124 sil tS E rZ E j O_~ S_j i n i k i k O p a r a k i s p i x a tS E sil 
LOG (lattice-best-path[5.5]:main():lattice-best-path.cc:99) For utterance PL041_102, best cost 112.756 + -87.6933 = 25.0622 over 269 frames.
PL041_102 sil p S E tS n i m O b i n a n i x n i g o s a v a ts_j sil 
LOG (lattice-best-path[5.5]:main():lattice-best-path.cc:99) For utterance PL041_18, best cost 121.199 + -87.7293 = 33.4695 over 281 frames.
PL041_18 sil n a b i S 1 tS a S e b a S E z m i s p o t k a ts sil 
LOG (lattice-best-path[5.5]:main():lattice-best-path.cc:99) For utterance PL084_11, best cost 102.858 + -87.9096 = 14.9481 over 288 frames.
PL084_11 sil n i tS a S a s k a n s a n k r E_~ ts j a v i sil 
LOG (lattice-best-path[5.5]:main():lattice-best-path.cc:99) For utterance PL038_20, best cost 88.0246 + -81.8636 = 6.16098 over 294 frames.
PL038_20 sil r a l e b o s k A: r a n a b o s t x sil 
LOG (lattice-best-path[5.5]:main():lattice-best-path.cc:99) For utterance PL040_17, best cost 95.3205 + -86.6895 = 8.63094 over 300 frames.
PL040_17 sil p i o t r a n a p o: n i v E m o d i tS E sil 
LOG (lattice-best-path[5.5]:main():lattice-best-path.cc:99) For utterance PL038_62, best cost 110.168 + -84.7558 = 25.4117 over 306 frames.
PL038_62 sil z a s a n a r a S E l a tS E g a t a z r O b i r sil 
LOG (lattice-best-path[5.5]:main():lattice-best-path.cc:99) For utterance PL072_82, best cost 119.319 + -93.4232 = 25.8961 over 313 frames.
PL072_82 sil a t E p r a t s p r O g r a s a m i r a k i tS E tS E sil 
LOG (lattice-best-path[5.5]:main():lattice-best-path.cc:99) For utterance PL084_37, best cost 92.4368 + -105.422 = -12.9852 over 325 frames.
PL084_37 sil t a d a u S a ts E v i tS z b i s k a sil 
LOG (lattice-best-path[5.5]:main():lattice-best-path.cc:99) For utterance PL038_45, best cost 113.723 + -94.4827 = 19.2401 over 331 frames.
PL038_45 sil n a m o j tS E k n a b rZ E k z b i S O l a sil 
LOG (lattice-best-path[5.5]:main():lattice-best-path.cc:99) For utterance PL038_52, best cost 103.899 + -86.2456 = 17.6532 over 338 frames.
PL038_52 sil r b a n i k n i o p O v i n a t a p E t a n i sil 
LOG (lattice-best-path[5.5]:main():lattice-best-path.cc:99) For utterance PL072_73, best cost 140.858 + -106.251 = 34.6072 over 344 frames.
PL072_73 sil p O z a t E t o s u j a i k a n a g a t v i d E g O m O k i m sil 
LOG (lattice-best-path[5.5]:main():lattice-best-path.cc:99) For utterance PL084_40, best cost 112.343 + -101.872 = 10.4708 over 350 frames.
PL084_40 sil t r a s r m a n t E z a z n i k n o S a n dZ a sil 
LOG (lattice-best-path[5.5]:main():lattice-best-path.cc:99) For utterance PL012_15, best cost 107.377 + -95.0612 = 12.3158 over 356 frames.
PL012_15 sil n i m a k O d r O l i n a t E k m i o s m a n sil 
LOG (lattice-best-path[5.5]:main():lattice-best-path.cc:99) For utterance PL036_30, best cost 136.478 + -96.508 = 39.9702 over 356 frames.
PL036_30 sil i sil d a b a v 1 z i S E n i n t a k o tS E s a f u s n u sil 
LOG (lattice-best-path[5.5]:main():lattice-best-path.cc:99) For utterance PL039_19, best cost 159.482 + -114.736 = 44.7465 over 369 frames.
PL039_19 sil tS E S p O s u k O m i t E t O b a t a s k i g O z a p o t o s t O v a sil 
LOG (lattice-best-path[5.5]:main():lattice-best-path.cc:99) For utterance PL039_87, best cost 161.581 + -109.816 = 51.7657 over 369 frames.
PL039_87 sil d E n t E g O n i s r O b i x a b a p r a tS i l s k r a S b i n i b u sil 
LOG (lattice-best-path[5.5]:main():lattice-best-path.cc:99) For utterance PL072_8, best cost 206.589 + -132.656 = 73.9331 over 374 frames.
PL072_8 sil s o v a k O f a t O v a n i m a s p o n E g O z b i x t r a f i O rZ 1 S_j i a tS 1 z g O d u sil 
LOG (lattice-best-path[5.5]:main():lattice-best-path.cc:99) For utterance PL040_66, best cost 158.987 + -129.651 = 29.3361 over 375 frames.
PL040_66 sil v t a S E p r o d o l E k a z a s t o s O v a l t E s a s k i tS E_~ ts_j E sil 
LOG (lattice-best-path[5.5]:main():lattice-best-path.cc:99) For utterance PL072_13, best cost 194.728 + -121.318 = 73.4104 over 394 frames.
PL072_13 sil n a s t a k u m O rZ n a p o s t a ts_j d o p O rZ E g O dz_j E tS n d u S t r a s o S E t a n a sil 
LOG (lattice-best-path[5.5]:main():lattice-best-path.cc:99) For utterance PL038_16, best cost 101.961 + -97.4358 = 4.52551 over 406 frames.
PL038_16 sil z 1 x a l i z o tS O v r e n i E rZ E k i sil 
LOG (lattice-best-path[5.5]:main():lattice-best-path.cc:99) For utterance PL036_21, best cost 166.286 + -139.226 = 27.0597 over 419 frames.
PL036_21 sil s a v a m i tS E s a v s k i Z E tS i k a m a n t 1 x g o v n i p r i ts i sil 
LOG (lattice-best-path[5.5]:main():lattice-best-path.cc:99) For utterance PL038_49, best cost 118.576 + -123.279 = -4.70295 over 419 frames.
PL038_49 sil p a n i m a r j a m a o tS 1 tS E v o n o d u a s sil 
LOG (lattice-best-path[5.5]:main():lattice-best-path.cc:99) For utterance PL038_74, best cost 114.086 + -110.325 = 3.76113 over 419 frames.
PL038_74 sil n i m o g a z n a l E z n s p o n a n E_~ dz E k a sil 
LOG (lattice-best-path[5.5]:main():lattice-best-path.cc:99) For utterance PL084_97, best cost 148.31 + -134.852 = 13.4571 over 419 frames.
PL084_97 sil p S E g a p i S n a v k a n i s t a n n i p S E g a p i r a k u sil 
LOG (lattice-best-path[5.5]:main():lattice-best-path.cc:99) For utterance PL084_1, best cost 166.162 + -142.19 = 23.9723 over 431 frames.
PL084_1 sil p S E S a k t i p O l i ts j a n t n i s t a n a v 1 ts_j O_~ t a m o g r o Z i sil 
LOG (lattice-best-path[5.5]:main():lattice-best-path.cc:99) For utterance PL038_80, best cost 72.0038 + -100.037 = -28.0328 over 444 frames.
PL038_80 sil v 1 s v A: n d o l a k a rZ E sil 
LOG (lattice-best-path[5.5]:main():lattice-best-path.cc:99) For utterance PL038_43, best cost 137.37 + -121.046 = 16.3239 over 450 frames.
PL038_43 sil a l E z u s t E S a l k i p E l j a g a ts_j O_~ g r O tS w a sil 
LOG (lattice-best-path[5.5]:main():lattice-best-path.cc:99) For utterance PL072_112, best cost 205.21 + -135.491 = 69.719 over 450 frames.
PL072_112 sil z a r b E n i g o t a m tS a S_j ts_j a n E l E g a n s k o p a t a l o g r a tS E n i tS n a r m a sil 
LOG (lattice-best-path[5.5]:main():lattice-best-path.cc:99) For utterance PL072_113, best cost 184.926 + -120.933 = 63.9933 over 456 frames.
PL072_113 sil v a s u x a n i S O dz_j a z b r a k a k o s o: m i S E v i o t f a d E n t r E s sil 
LOG (lattice-best-path[5.5]:main():lattice-best-path.cc:99) For utterance PL030_82, best cost 127.758 + -128.518 = -0.759491 over 475 frames.
PL030_82 sil v s a v S 1 m i w 1 m E v i ts O v E p o b l o n d E sil 
LOG (lattice-best-path[5.5]:main():lattice-best-path.cc:99) For utterance PL040_78, best cost 193.064 + -155.903 = 37.1611 over 494 frames.
PL040_78 sil t o s o k p S E s a j p r O k r a t a p r O v a dz O_~ ts p r O S_j E tS n o r o t k u v sil 
LOG (lattice-best-path[5.5]:main():lattice-best-path.cc:99) For utterance PL038_31, best cost 107.351 + -127.013 = -19.6628 over 500 frames.
PL038_31 sil r a l e b o s k a sil t O ts O S_j i o r u S a sil 
LOG (lattice-best-path[5.5]:main():lattice-best-path.cc:99) For utterance PL038_48, best cost 49.0197 + -37.5566 = 11.4631 over 119 frames.
PL038_48 sil n i o d a w S_j ts_j O_~ sil 
LOG (lattice-best-path[5.5]:main():lattice-best-path.cc:99) For utterance PL039_20, best cost 37.1448 + -41.542 = -4.39719 over 156 frames.
PL039_20 sil z a tS a g O sil 
LOG (lattice-best-path[5.5]:main():lattice-best-path.cc:99) For utterance PL072_104, best cost 56.8989 + -50.5095 = 6.38937 over 188 frames.
PL072_104 sil v tS i t a g rZ E m E sil 
LOG (lattice-best-path[5.5]:main():lattice-best-path.cc:99) For utterance PL040_27, best cost 94.6206 + -67.2371 = 27.3835 over 206 frames.
PL040_27 sil t O f 9 s E z O f a n i n t r a s u v sil 
LOG (lattice-best-path[5.5]:main():lattice-best-path.cc:99) For utterance PL041_63, best cost 92.9942 + -71.7147 = 21.2796 over 219 frames.
PL041_63 sil b a k a z b a dZ e t v a k i k a m i n t sil 
LOG (lattice-best-path[5.5]:main():lattice-best-path.cc:99) For utterance PL097_104, best cost 35.4249 + -52.1025 = -16.6776 over 231 frames.
PL097_104 sil i s t o p a sil 
LOG (lattice-best-path[5.5]:main():lattice-best-path.cc:99) For utterance PL039_66, best cost 97.1137 + -71.0928 = 26.0209 over 238 frames.
PL039_66 sil j e p a n o tS E n a p S e k u s t r a ts i sil 
LOG (lattice-best-path[5.5]:main():lattice-best-path.cc:99) For utterance PL072_127, best cost 111.302 + -72.2211 = 39.0812 over 238 frames.
PL072_127 sil t a n s O_~ p i n i O_~ ts E b a z a n a p O S E b i sil 
LOG (lattice-best-path[5.5]:main():lattice-best-path.cc:99) For utterance PL072_94, best cost 78.3815 + -61.3017 = 17.0798 over 238 frames.
PL072_94 sil r O k i k o t a m s u n d a n E sil 
LOG (lattice-best-path[5.5]:main():lattice-best-path.cc:99) For utterance PL072_68, best cost 104.503 + -84.7144 = 19.7888 over 275 frames.
PL072_68 sil t r a s r m a n t 1 z i z i k n O S_j E_~ ts_j E sil 
LOG (lattice-best-path[5.5]:main():lattice-best-path.cc:99) For utterance PL063_60, best cost 80.2282 + -88.2145 = -7.98632 over 281 frames.
PL063_60 sil t a k a b 1 w a i E g O f O l a sil 
LOG (lattice-best-path[5.5]:main():lattice-best-path.cc:99) For utterance PL036_36, best cost 117.284 + -87.0917 = 30.1918 over 288 frames.
PL036_36 sil n i k i ya t r O i p O l s E tS E v a rZ 1 dz_j E v i sil 
LOG (lattice-best-path[5.5]:main():lattice-best-path.cc:99) For utterance PL039_106, best cost 49.6683 + -40.0753 = 9.59301 over 113 frames.
PL039_106 sil s p E v n O S_j ts_j O_~ sil 
LOG (lattice-best-path[5.5]:main():lattice-best-path.cc:99) For utterance PL039_28, best cost 25.2442 + -33.0882 = -7.84394 over 125 frames.
PL039_28 sil m a m a sil 
LOG (lattice-best-path[5.5]:main():lattice-best-path.cc:99) For utterance PL037_32, best cost 62.9301 + -49.3334 = 13.5967 over 169 frames.
PL037_32 sil a l i t r v\ e m S E s sil 
LOG (lattice-best-path[5.5]:main():lattice-best-path.cc:99) For utterance PL084_88, best cost 54.2156 + -56.9067 = -2.69117 over 194 frames.
PL084_88 sil a ts a z n O v E m i sil 
LOG (lattice-best-path[5.5]:main():lattice-best-path.cc:99) For utterance PL041_57, best cost 69.2587 + -50.4381 = 18.8206 over 200 frames.
PL041_57 sil r u x m a m E n i d e: r k sil 
LOG (lattice-best-path[5.5]:main():lattice-best-path.cc:99) For utterance PL041_98, best cost 97.4126 + -63.6544 = 33.7582 over 206 frames.
PL041_98 sil k a 4 a p a n a S u j a n a t a b o r s a sil 
LOG (lattice-best-path[5.5]:main():lattice-best-path.cc:99) For utterance PL036_87, best cost 59.588 + -60.676 = -1.08793 over 225 frames.
PL036_87 sil tS 1 ts E S E z m i o sil 
LOG (lattice-best-path[5.5]:main():lattice-best-path.cc:99) For utterance PL039_75, best cost 83.0706 + -70.3585 = 12.7121 over 238 frames.
PL039_75 sil p O tS 1 S_j ts_j z a p o t E s k a n a n sil 
LOG (lattice-best-path[5.5]:main():lattice-best-path.cc:99) For utterance PL039_108, best cost 101.186 + -82.296 = 18.8901 over 250 frames.
PL039_108 sil p S E d a S E s k i m o r a n i a n i t o k a sil 
LOG (lattice-best-path[5.5]:main():lattice-best-path.cc:99) For utterance PL040_67, best cost 112.777 + -91.5421 = 21.2348 over 269 frames.
PL040_67 sil p S o k a z i p S 1 tS e k O v i tS E l j i t a sil 
LOG (lattice-best-path[5.5]:main():lattice-best-path.cc:99) For utterance PL039_4, best cost 116.585 + -96.2971 = 20.2884 over 275 frames.
PL039_4 sil p O r a ts_j i w a n d 1 s t O_~ p i o d O S_j ts_j O_~ d u sil 
LOG (lattice-best-path[5.5]:main():lattice-best-path.cc:99) For utterance PL041_34, best cost 134.977 + -90.6639 = 44.3129 over 275 frames.
PL041_34 sil i: s E S tS E r a m p r a b l a m t a s a p a tS i z a l a k i sil 
LOG (lattice-best-path[5.5]:main():lattice-best-path.cc:99) For utterance PL090_83, best cost 49.9968 + -65.0822 = -15.0854 over 281 frames.
PL090_83 sil t a n i p r a v d a sil 
LOG (lattice-best-path[5.5]:main():lattice-best-path.cc:99) For utterance PL040_68, best cost 85.2627 + -76.3795 = 8.88318 over 288 frames.
PL040_68 sil s p r a v o n a j a v i n S t a l sil 
LOG (lattice-best-path[5.5]:main():lattice-best-path.cc:99) For utterance PL084_12, best cost 96.3448 + -94.1743 = 2.1705 over 300 frames.
PL084_12 sil m a rZ O_~ i E_~ ts_j O_~ k a r i r b o s u v sil 
LOG (lattice-best-path[5.5]:main():lattice-best-path.cc:99) For utterance PL097_97, best cost 90.5908 + -88.6292 = 1.96158 over 313 frames.
PL097_97 sil i s t o p O b a j k O m a n d o j a n sil 
LOG (lattice-best-path[5.5]:main():lattice-best-path.cc:99) For utterance PL072_52, best cost 146.728 + -114.415 = 32.3129 over 319 frames.
PL072_52 sil p S t o k O v a n i v E s a k i z a b u d O v i s p r a k t 1 tS n a sil 
LOG (lattice-best-path[5.5]:main():lattice-best-path.cc:99) For utterance PL039_59, best cost 140.69 + -102.048 = 38.642 over 331 frames.
PL039_59 sil v O dz_j E ts_j O_~ p O z l a j O_~ z a tS n a j u s v i S a tS E s u sil 
LOG (lattice-best-path[5.5]:main():lattice-best-path.cc:99) For utterance PL084_7, best cost 115.517 + -98.4153 = 17.1019 over 331 frames.
PL084_7 sil m i s t r a z b i t E k a g u s E m u j a n O v a sil 
LOG (lattice-best-path[5.5]:main():lattice-best-path.cc:99) For utterance PL072_125, best cost 192.74 + -119.309 = 73.4303 over 336 frames.
PL072_125 sil f i v E n o t p O v a d a n a t E p E t a n i a rZ 1 b n i p S 1 ts_j m o r p a S t v i sil 
LOG (lattice-best-path[5.5]:main():lattice-best-path.cc:99) For utterance PL039_45, best cost 143.955 + -108.223 = 35.7314 over 344 frames.
PL039_45 sil v i s E S m a k r a j n k a p i t a l i s u p a n f O v a g o sil 
LOG (lattice-best-path[5.5]:main():lattice-best-path.cc:99) For utterance PL030_25, best cost 91.1571 + -107.985 = -16.8282 over 363 frames.
PL030_25 sil v s a rZ O_~ t u m i s k m p a r t i sil 
LOG (lattice-best-path[5.5]:main():lattice-best-path.cc:99) For utterance PL039_57, best cost 21.3439 + -27.2807 = -5.93681 over 119 frames.
PL039_57 sil n i E sil 
LOG (lattice-best-path[5.5]:main():lattice-best-path.cc:99) For utterance PL072_114, best cost 97.5732 + -68.1698 = 29.4034 over 188 frames.
PL072_114 sil t r a s n a tS n a d u rZ a z a r O v i ts_j sil 
LOG (lattice-best-path[5.5]:main():lattice-best-path.cc:99) For utterance PL039_83, best cost 74.4654 + -59.3752 = 15.0902 over 194 frames.
PL039_83 sil r s p r a v O d r O tS a n o sil 
LOG (lattice-best-path[5.5]:main():lattice-best-path.cc:99) For utterance PL072_103, best cost 100.67 + -64.9641 = 35.7055 over 250 frames.
PL072_103 sil n a v i ts i tS i t u rZ E s o: m r k a n a n sil 
LOG (lattice-best-path[5.5]:main():lattice-best-path.cc:99) For utterance PL072_46, best cost 126.895 + -82.0497 = 44.8449 over 281 frames.
PL072_46 sil a m i x v n i tS n i p S t o n a n i d a v n i r d E r sil 
LOG (lattice-best-path[5.5]:main():lattice-best-path.cc:99) For utterance PL077_5, best cost 134.966 + -94.2832 = 40.6828 over 281 frames.
PL077_5 sil n i n s m a j o j a n E p E k a b a v O_~ ts O dz_j i z r O v sil 
LOG (lattice-best-path[5.5]:main():lattice-best-path.cc:99) For utterance PL038_82, best cost 100.602 + -85.4295 = 15.1728 over 288 frames.
PL038_82 sil a l o n a d a l a j O ts E s p O m i n a w a sil 
LOG (lattice-best-path[5.5]:main():lattice-best-path.cc:99) For utterance PL072_37, best cost 107.984 + -89.5689 = 18.4154 over 294 frames.
PL072_37 sil s a w S_j p S k r e d v s p a d O v E d a x sil 
LOG (lattice-best-path[5.5]:main():lattice-best-path.cc:99) For utterance PL038_47, best cost 86.3103 + -86.6585 = -0.34816 over 300 frames.
PL038_47 sil p o b O v a l i x r a n i m O v a ts_j sil 
LOG (lattice-best-path[5.5]:main():lattice-best-path.cc:99) For utterance PL041_54, best cost 148.149 + -99.011 = 49.1385 over 306 frames.
PL041_54 sil a s t E m e: n a rZ E z a p a l i tS l a n i S E p k O d a l i ts_j O_~ sil 
LOG (lattice-best-path[5.5]:main():lattice-best-path.cc:99) For utterance PL039_95, best cost 121.797 + -102.498 = 19.2989 over 313 frames.
PL039_95 sil n i s t a t E n i p S E g O t O v a n o i x a l E p i sil 
LOG (lattice-best-path[5.5]:main():lattice-best-path.cc:99) For utterance PL040_94, best cost 129.461 + -113.227 = 16.234 over 319 frames.
PL040_94 sil p O z a t E m sil 9 s` p a t a f i s a s k a k o j O_~ ts a sil 
LOG (lattice-best-path[5.5]:main():lattice-best-path.cc:99) For utterance PL040_72, best cost 148.943 + -104.042 = 44.9013 over 331 frames.
PL040_72 sil d o s u d u z a p a J e k O n i S y z a b i k i r u J\ y tS n a sil 
LOG (lattice-best-path[5.5]:main():lattice-best-path.cc:99) For utterance PL038_96, best cost 91.2295 + -93.8988 = -2.66928 over 381 frames.
PL038_96 sil n i b u m a sil j O_~ s o j O p r a t sil 
LOG (lattice-best-path[5.5]:main():lattice-best-path.cc:99) For utterance PL090_16, best cost 40.585 + -79.6162 = -39.0311 over 388 frames.
PL090_16 sil l a tS a g o sil 
LOG (lattice-best-path[5.5]:main():lattice-best-path.cc:99) For utterance PL097_2, best cost 90.3922 + -93.5361 = -3.14393 over 388 frames.
PL097_2 sil s t a r t a t r n o v n s a z o r E sil 
LOG (lattice-best-path[5.5]:main():lattice-best-path.cc:99) For utterance PL072_123, best cost 216.901 + -132.72 = 84.1806 over 400 frames.
PL072_123 sil n S E t n E f i m E b u d O v a n E d u rZ 1 m i S E tS E n_j a m i z a x r a t E t E g r 1 ts_j O_~ t sil 
LOG (lattice-best-path[5.5]:main():lattice-best-path.cc:99) For utterance PL030_17, best cost 109.344 + -126.304 = -16.9599 over 413 frames.
PL030_17 sil p o s u x s E u n i v a Z i a z j a s t o sil 
LOG (lattice-best-path[5.5]:main():lattice-best-path.cc:99) For utterance PL039_14, best cost 184.562 + -126.894 = 57.6673 over 425 frames.
PL039_14 sil v S e m e a j s t o n o k a S E p S E S a v a tS v a t E rZ 1 p o s p o l i t E sil 
LOG (lattice-best-path[5.5]:main():lattice-best-path.cc:99) For utterance PL039_81, best cost 197.913 + -141.747 = 56.166 over 425 frames.
PL039_81 sil k a l i S O S_j E tS u v O v tS a S m rZ O_~ S_j E_~ p O r s m i s p a n a p r s E d E n t a sil 
LOG (lattice-best-path[5.5]:main():lattice-best-path.cc:99) For utterance PL084_10, best cost 138.344 + -126.953 = 11.3918 over 425 frames.
PL084_10 sil k ts O S E t k O i d a g rZ E tS t a j s t i x a t o s sil 
LOG (lattice-best-path[5.5]:main():lattice-best-path.cc:99) For utterance PL097_77, best cost 139.093 + -120.141 = 18.9528 over 425 frames.
PL097_77 sil t o i t a k S E d a t r u d o tS i n a k a u s p O k a j a n sil 
LOG (lattice-best-path[5.5]:main():lattice-best-path.cc:99) For utterance PL039_62, best cost 212.068 + -145.838 = 66.23 over 450 frames.
PL039_62 sil v a tS E d a s a d a k a b a r t a b a j S_j i E s t r a S i s t E t o t o p a m i tS n a n o d O v E sil 
LOG (lattice-best-path[5.5]:main():lattice-best-path.cc:99) For utterance PL037_29, best cost 211.327 + -145.121 = 66.2059 over 456 frames.
PL037_29 sil tS n a m i s r O k a j s E ts i b r a n a m i s t o i d u b E n a n i d a l e k O m o s k f E sil 
LOG (lattice-best-path[5.5]:main():lattice-best-path.cc:99) For utterance PL041_29, best cost 217.039 + -162.745 = 54.2939 over 463 frames.
PL041_29 sil j e k i z a t E m i a b a b E ts E s k a p a ts i n d u v p E d a n a tS a n a i z b a t a k a r s k a sil 
LOG (lattice-best-path[5.5]:main():lattice-best-path.cc:99) For utterance PL077_18, best cost 195.327 + -134.592 = 60.735 over 463 frames.
PL077_18 sil p r a z a s t a z a p r s a t v a n p o b i tS n a m o b i O_~ ts 1 x s M n a v o j u tS E t sil 
LOG (lattice-best-path[5.5]:main():lattice-best-path.cc:99) For utterance PL038_79, best cost 129.427 + -129.176 = 0.250992 over 469 frames.
PL038_79 sil k a z a m i z a rZ 1 v a tS k r O p r o s p O k a j O_~ ts a sil 
LOG (lattice-best-path[5.5]:main():lattice-best-path.cc:99) For utterance PL037_39, best cost 211.527 + -148.611 = 62.9153 over 475 frames.
PL037_39 sil s v i E_~ S_j v a n E t a k i z n i S E rZ 1 tS E v i s t i: v a k o n a s t m u v i r m a n u i t sil 
LOG (lattice-best-path[5.5]:main():lattice-best-path.cc:99) For utterance PL072_16, best cost 217.467 + -141.386 = 76.081 over 475 frames.
PL072_16 sil s t a ts i z m i n i d a n a tS a rZ l s a p r E k v a n i p S E z a m i S k a d E r n g a b r a n sil 
LOG (lattice-best-path[5.5]:main():lattice-best-path.cc:99) For utterance PL012_39, best cost 195.07 + -146.927 = 48.1436 over 481 frames.
PL012_39 sil p a t f o: m O v a t r s k a p O n o s p a sil tS n i n a r a rZ E n M j p S E s t r a t E sil 
LOG (lattice-best-path[5.5]:main():lattice-best-path.cc:99) For utterance PL038_25, best cost 127.55 + -126.772 = 0.778267 over 481 frames.
PL038_25 sil v ts O tS a S E u z a w rZ E t o j E m a k n i o m a sil 
LOG (lattice-best-path[5.5]:main():lattice-best-path.cc:99) For utterance PL072_4, best cost 196.832 + -153.148 = 43.684 over 488 frames.
PL072_4 sil t r n a s k a p r a ts a n a s n a p S 1 S_j ts_j n a t a n a m a S t a p i s p r d O r O b a k sil 
LOG (lattice-best-path[5.5]:main():lattice-best-path.cc:99) For utterance PL038_44, best cost 82.1553 + -59.9719 = 22.1834 over 206 frames.
PL038_44 sil k O S E s k a t f O s E k O n d a sil 
LOG (lattice-best-path[5.5]:main():lattice-best-path.cc:99) For utterance PL036_74, best cost 74.9097 + -65.8894 = 9.02038 over 219 frames.
PL036_74 sil o d b i t a z a k o n i k u v sil 
LOG (lattice-best-path[5.5]:main():lattice-best-path.cc:99) For utterance PL036_58, best cost 81.5897 + -74.5512 = 7.03844 over 256 frames.
PL036_58 sil m a rZ O_~ S_j E_~ k a r i r b a s v sil 
LOG (lattice-best-path[5.5]:main():lattice-best-path.cc:99) For utterance PL072_91, best cost 122.582 + -86.7348 = 35.8471 over 269 frames.
PL072_91 sil i b a m a r a ts u tS E S t o m a u r m a n t 1 tS n a sil 
LOG (lattice-best-path[5.5]:main():lattice-best-path.cc:99) For utterance PL036_43, best cost 97.1036 + -80.0228 = 17.0808 over 275 frames.
PL036_43 sil p O l tS E_~ ts_j E d p O v i dZ i o g i m sil 
LOG (lattice-best-path[5.5]:main():lattice-best-path.cc:99) For utterance PL072_86, best cost 145.192 + -92.047 = 53.1453 over 281 frames.
PL072_86 sil m dz_j E t a d O b r b E t n i v a n i k p O v i z a n i k t u rZ E sil 
LOG (lattice-best-path[5.5]:main():lattice-best-path.cc:99) For utterance PL030_24, best cost 27.9501 + -61.5014 = -33.5512 over 288 frames.
PL030_24 sil s k i m sil 
LOG (lattice-best-path[5.5]:main():lattice-best-path.cc:99) For utterance PL036_90, best cost 141.772 + -104.639 = 37.1332 over 300 frames.
PL036_90 sil b 1 ts_j m O rZ E k a m u S p r O v i o t o s a m a p O tS u tS E sil 
LOG (lattice-best-path[5.5]:main():lattice-best-path.cc:99) For utterance PL038_36, best cost 70.5432 + -78.8486 = -8.30534 over 306 frames.
PL038_36 sil r a t o l k u r a t o n k u sil 
LOG (lattice-best-path[5.5]:main():lattice-best-path.cc:99) For utterance PL040_42, best cost 121.206 + -91.7648 = 29.4415 over 313 frames.
PL040_42 sil S E b a t a k o j a s n a k r f i t f 9 z a m i a r sil 
LOG (lattice-best-path[5.5]:main():lattice-best-path.cc:99) For utterance PL039_3, best cost 129.846 + -107.893 = 21.9528 over 331 frames.
PL039_3 sil z a k o t n i ts_j O_~ v a p o tS i tS m O tS k o d O v a n a sil 
LOG (lattice-best-path[5.5]:main():lattice-best-path.cc:99) For utterance PL097_98, best cost 107.488 + -98.5811 = 8.90712 over 338 frames.
PL097_98 sil d r f O j a m a d a n a b i S E p u tS i z 1 sil 
LOG (lattice-best-path[5.5]:main():lattice-best-path.cc:99) For utterance PL038_32, best cost 61.0174 + -80.1006 = -19.0831 over 350 frames.
PL038_32 sil p o d a S O_~ g l E rZ E sil 
LOG (lattice-best-path[5.5]:main():lattice-best-path.cc:99) For utterance PL097_16, best cost 98.8049 + -91.2242 = 7.58073 over 350 frames.
PL097_16 sil d a m O v E p r o d E g a r t s t 1 tS n a sil 
LOG (lattice-best-path[5.5]:main():lattice-best-path.cc:99) For utterance PL038_24, best cost 89.0408 + -88.4717 = 0.569115 over 356 frames.
PL038_24 sil j a t a S E m o g O v t o v E rZ 1 ts_j sil 
LOG (lattice-best-path[5.5]:main():lattice-best-path.cc:99) For utterance PL046_96, best cost 90.7282 + -91.8913 = -1.16314 over 356 frames.
PL046_96 sil j a d a b a dZ a s t E p S E p a t k u sil 
LOG (lattice-best-path[5.5]:main():lattice-best-path.cc:99) For utterance PL072_108, best cost 142.584 + -109.198 = 33.3866 over 373 frames.
PL072_108 sil v i r a z i n i S m E g O p a J s t v i s t i n t o p i r a n sil 
LOG (lattice-best-path[5.5]:main():lattice-best-path.cc:99) For utterance PL084_63, best cost 137.546 + -111.496 = 26.0502 over 375 frames.
PL084_63 sil v b a m a j O r a ts j a tS E S t a m a u r a m a n t E tS n a sil 
LOG (lattice-best-path[5.5]:main():lattice-best-path.cc:99) For utterance PL097_88, best cost 106.681 + -101.42 = 5.26062 over 394 frames.
PL097_88 sil z m a dZ y z a d E d o s o v a n a m u j a n sil 
LOG (lattice-best-path[5.5]:main():lattice-best-path.cc:99) For utterance PL012_26, best cost 99.1085 + -104.991 = -5.883 over 406 frames.
PL012_26 sil t z a n i n i p o d o n a s t a m p i sil t sil 
LOG (lattice-best-path[5.5]:main():lattice-best-path.cc:99) For utterance PL030_65, best cost 71.3764 + -105.131 = -33.7542 over 413 frames.
PL030_65 sil t o o t k r i tS E k a r t sil 
LOG (lattice-best-path[5.5]:main():lattice-best-path.cc:99) For utterance PL036_93, best cost 165.619 + -128.46 = 37.159 over 413 frames.
PL036_93 sil p S E d E v k a rZ O_~ p r a ts i E p o p i dz_j E ts_j O_~ t f u tS E n a rZ 1 S_j i sil 
LOG (lattice-best-path[5.5]:main():lattice-best-path.cc:99) For utterance PL030_49, best cost 126.601 + -124.326 = 2.27583 over 419 frames.
PL030_49 sil p O v i n d u n i s t a v a tS E d o t r u g i t u r 1 sil 
LOG (lattice-best-path[5.5]:main():lattice-best-path.cc:99) For utterance PL046_11, best cost 129.39 + -123.984 = 5.40666 over 419 frames.
PL046_11 sil a sil a n a l i z a r a p a r t o r a S t a r O v u j E sil 
LOG (lattice-best-path[5.5]:main():lattice-best-path.cc:99) For utterance PL097_41, best cost 124.974 + -120.195 = 4.77927 over 431 frames.
PL097_41 sil z a n i m a w a b i O_~ z a v p E m i E_~ ts_j O_~ t o d a j E sil 
LOG (lattice-best-path[5.5]:main():lattice-best-path.cc:99) For utterance PL012_50, best cost 163.26 + -125.688 = 37.5721 over 450 frames.
PL012_50 sil j o s O v a t o s u n i p o t a k t O v a n a r a rZ E p i E_~ ts_j p O s u v sil 
LOG (lattice-best-path[5.5]:main():lattice-best-path.cc:99) For utterance PL038_64, best cost 158.296 + -136.13 = 22.167 over 450 frames.
PL038_64 sil s t E g O ts O v E m sil n a r O dz_j E n a tS E S k a J a ts O l i tS 1 ts_j sil 
LOG (lattice-best-path[5.5]:main():lattice-best-path.cc:99) For utterance PL097_82, best cost 143.733 + -132.945 = 10.7882 over 450 frames.
PL097_82 sil l a b a ts a v t E u p S E tS k u j E x o g o v o d E j a n sil 
LOG (lattice-best-path[5.5]:main():lattice-best-path.cc:99) For utterance PL084_95, best cost 146.614 + -149.426 = -2.81239 over 456 frames.
PL084_95 sil tS E j u S rZ a j O_~ S_j i n i k i k O p a r E k i s p a h a tS E sil 
LOG (lattice-best-path[5.5]:main():lattice-best-path.cc:99) For utterance PL039_101, best cost 226.792 + -150.114 = 76.6786 over 463 frames.
PL039_101 sil p i n S 1 S_j ts_j p S E p a t k u f i n a k o s E k v E n S l a g a n a k i s k O n i v 1 ts_j O_~ d n i n t sil 
LOG (lattice-best-path[5.5]:main():lattice-best-path.cc:99) For utterance PL072_97, best cost 178.201 + -139.226 = 38.9753 over 469 frames.
PL072_97 sil v S_j i t a m i S a p O v 1 ts_j O_~ n a ts_j t r t v E n O f a dZ a m r k a n o v sil 
LOG (lattice-best-path[5.5]:main():lattice-best-path.cc:99) For utterance PL084_13, best cost 188.55 + -158.521 = 30.0289 over 475 frames.
PL084_13 sil v ts O b 1 tS t a k s a m a s l a v n i a k i x p O p S E d n i O p i k o n a v E sil 
LOG (lattice-best-path[5.5]:main():lattice-best-path.cc:99) For utterance PL090_41, best cost 109.621 + -131.422 = -21.8005 over 475 frames.
PL090_41 sil p S E n b a u z v i O_~ z a k s a v i E ts k i sil 
LOG (lattice-best-path[5.5]:main():lattice-best-path.cc:99) For utterance PL072_92, best cost 223.769 + -153.83 = 69.9389 over 481 frames.
PL072_92 sil p O b 1 b E n o r m a t E p i S E f a dZ i m a n o i r a k u tS n i d E g O n o g o s f i n i O_~ ts a sil 
LOG (lattice-best-path[5.5]:main():lattice-best-path.cc:99) For utterance PL037_10, best cost 224.322 + -160.399 = 63.9228 over 500 frames.
PL037_10 sil s u rZ O_~ d E s p o t n o r a d o i p O m a t u k a S t a m u t o s t v e v E r o: m i x i r n d E sil 
LOG (lattice-best-path[5.5]:main():lattice-best-path.cc:99) For utterance PL037_28, best cost 230.163 + -170.177 = 59.9866 over 500 frames.
PL037_28 sil s E rZ O_~ t f i r m E p o d u d a ts j o u r u x O m i v t E n k r a i f a p r k i s v i f 9 r o sil 
LOG (lattice-best-path[5.5]:main():lattice-best-path.cc:99) For utterance PL037_85, best cost 209.334 + -165.252 = 44.0812 over 500 frames.
PL037_85 sil s O_~ t o n i ya t r O v a u s k O k i s a p O rZ a j O_~ ts k o t k O m p i r o t i p O v i S sil 
LOG (lattice-best-path[5.5]:main():lattice-best-path.cc:99) For utterance PL077_22, best cost 222.139 + -161.226 = 60.9133 over 500 frames.
PL077_22 sil b u d O v a p O f O tS u k O p i tS u l a t p O x O n i tS v a v S dz_j E S_j l j O_~ t o l a r O v sil 
LOG (lattice-best-path[5.5]:main():lattice-best-path.cc:99) For utterance PL090_73, best cost 159.842 + -159.553 = 0.288803 over 513 frames.
PL090_73 sil z v i E n S a S E k r a j u v k o r o p ts j a p S E n i k a z d o sil 
LOG (lattice-best-path[5.5]:main():lattice-best-path.cc:99) For utterance PL040_3, best cost 255.736 + -179.216 = 76.52 over 525 frames.
PL040_3 sil j a p a b E n o d O p r O t a S a tS E n i a t o r s a m O rZ O_~ d O v ts E z u 4 u n a p o t o n k u S E g O r O k u sil 
LOG (lattice-best-path[5.5]:main():lattice-best-path.cc:99) For utterance PL041_11, best cost 197.567 + -171.14 = 26.4271 over 531 frames.
PL041_11 sil m O rZ 1 b 1 ts_j d o n a d r a k t r d a n o t a b l a n d a s z v i l i d a ts j u S a sil 
LOG (lattice-best-path[5.5]:main():lattice-best-path.cc:99) For utterance PL030_47, best cost 103.689 + -126.412 = -22.7228 over 538 frames.
PL030_47 sil j a k m O rZ a z a k b i s o b u r s u v sil 
LOG (lattice-best-path[5.5]:main():lattice-best-path.cc:99) For utterance PL072_100, best cost 235.295 + -168.563 = 66.7325 over 544 frames.
PL072_100 sil p o d r b i v a n i S a t O v i p a n t E p S E s p e S b u d O v o r O p i s a x O n i s t i m i m i s sil 
LOG (lattice-scale[5.5]:main():lattice-scale.cc:107) Done 259 lattices.
LOG (lattice-add-penalty[5.5]:main():lattice-add-penalty.cc:62) Done adding word insertion penalty to 259 lattices.
LOG (lattice-best-path[5.5]:main():lattice-best-path.cc:99) For utterance PL037_47, best cost 256.489 + -169.563 = 86.926 over 550 frames.
PL037_47 sil t o g o n i z i n k i n i n k a Z i m E Z i l k t y z a s t o p o s k o d r n a n o b u s t a v i tS E n o r O v a n sil 
LOG (lattice-best-path[5.5]:main():lattice-best-path.cc:124) Overall cost per frame is -2.77055 = 0.367685 [graph] + -3.13824 [acoustic] over 92870 frames.
LOG (lattice-best-path[5.5]:main():lattice-best-path.cc:128) Done 259 lattices, failed for 0
# Accounting: time=3 threads=1
# Ended (code 0) at Mon Apr 20 22:24:32 BST 2020, elapsed time 3 seconds
