# lattice-scale --inv-acoustic-scale=15 "ark:gunzip -c /home/paul/UPM/pytorch-kaldi/exp/UPM_RNN_mfcc_base_4_layers/decode_UA_only_out_dnn2/lat.*.gz|" ark:- | lattice-add-penalty --word-ins-penalty=1.0 ark:- ark:- | lattice-best-path --word-symbol-table=/home/paul/upm_exp/baseline_mfcc/data/lang/words.txt ark:- ark,t:- | utils/int2sym.pl -f 2- /home/paul/upm_exp/baseline_mfcc/data/lang/words.txt | local/wer_hyp_filter > /home/paul/UPM/pytorch-kaldi/exp/UPM_RNN_mfcc_base_4_layers/decode_UA_only_out_dnn2/scoring_kaldi/penalty_1.0/15.txt 
# Started at Mon Apr 20 21:16:43 BST 2020
#
lattice-best-path --word-symbol-table=/home/paul/upm_exp/baseline_mfcc/data/lang/words.txt ark:- ark,t:- 
lattice-scale --inv-acoustic-scale=15 'ark:gunzip -c /home/paul/UPM/pytorch-kaldi/exp/UPM_RNN_mfcc_base_4_layers/decode_UA_only_out_dnn2/lat.*.gz|' ark:- 
lattice-add-penalty --word-ins-penalty=1.0 ark:- ark:- 
LOG (lattice-best-path[5.5]:main():lattice-best-path.cc:99) For utterance UA031_91, best cost 60.6913 + -48.2774 = 12.4139 over 181 frames.
UA031_91 sil k a n a s E t a p r o s t sil 
LOG (lattice-best-path[5.5]:main():lattice-best-path.cc:99) For utterance UA038_7, best cost 52.9958 + -47.5245 = 5.47132 over 188 frames.
UA038_7 sil b i n u S E z a ts E sil 
LOG (lattice-best-path[5.5]:main():lattice-best-path.cc:99) For utterance UA044_67, best cost 60.2926 + -55.6982 = 4.59442 over 188 frames.
UA044_67 sil p a ts E rZ 1 v o n o m sil 
LOG (lattice-best-path[5.5]:main():lattice-best-path.cc:99) For utterance UA032_33, best cost 92.8889 + -61.4434 = 31.4454 over 206 frames.
UA032_33 sil v e m O rZ O dz_j E m u b u l o p i t E sil 
LOG (lattice-best-path[5.5]:main():lattice-best-path.cc:99) For utterance UA040_101, best cost 75.6338 + -50.571 = 25.0628 over 206 frames.
UA040_101 sil v e u dz_j E b u S b u z n o sil 
LOG (lattice-best-path[5.5]:main():lattice-best-path.cc:99) For utterance UA034_94, best cost 76.5439 + -68.6428 = 7.90104 over 213 frames.
UA034_94 sil p t a b u j ts 1 x O r a z o sil 
LOG (lattice-best-path[5.5]:main():lattice-best-path.cc:99) For utterance UA032_49, best cost 81.8792 + -53.0716 = 28.8077 over 219 frames.
UA032_49 sil p r E z y t a k i f i n a d a s sil 
LOG (lattice-best-path[5.5]:main():lattice-best-path.cc:99) For utterance UA038_6, best cost 85.1909 + -72.1137 = 13.0772 over 219 frames.
UA038_6 sil p d u rZ E d o b r n a z d i t E sil 
LOG (lattice-best-path[5.5]:main():lattice-best-path.cc:99) For utterance UA040_56, best cost 73.0019 + -57.9641 = 15.0378 over 219 frames.
UA040_56 sil p o: n o s t a k i n a p r E tS E sil 
LOG (lattice-best-path[5.5]:main():lattice-best-path.cc:99) For utterance UA035_34, best cost 68.6417 + -64.1964 = 4.44529 over 225 frames.
UA035_34 sil p i u n a b o t r i n i n sil 
LOG (lattice-best-path[5.5]:main():lattice-best-path.cc:99) For utterance UA042_63, best cost 87.8361 + -76.2868 = 11.5493 over 238 frames.
UA042_63 sil p d E r O S_j i t a m p o l a n E m a sil 
LOG (lattice-best-path[5.5]:main():lattice-best-path.cc:99) For utterance UA047_78, best cost 66.2339 + -56.2596 = 9.97428 over 238 frames.
UA047_78 sil t a s p r a w a n M dZ o m sil 
LOG (lattice-best-path[5.5]:main():lattice-best-path.cc:99) For utterance UA033_45, best cost 85.548 + -70.7024 = 14.8456 over 244 frames.
UA033_45 sil p a 4 i ts i l J\ e v a t y j E v i sil 
LOG (lattice-best-path[5.5]:main():lattice-best-path.cc:99) For utterance UA036_23, best cost 72.1967 + -66.9932 = 5.20359 over 244 frames.
UA036_23 sil v e d o b r S E v i n i j a sil 
LOG (lattice-best-path[5.5]:main():lattice-best-path.cc:99) For utterance UA042_14, best cost 88.9807 + -67.1255 = 21.8552 over 244 frames.
UA042_14 sil k a k i p r u dz_j a m O S_j i o d n i a sil 
LOG (lattice-best-path[5.5]:main():lattice-best-path.cc:99) For utterance UA047_48, best cost 88.1522 + -68.4039 = 19.7483 over 244 frames.
UA047_48 sil e a p E s t a l d a t O v o d a m a sil 
LOG (lattice-best-path[5.5]:main():lattice-best-path.cc:99) For utterance UA034_97, best cost 95.1479 + -73.2039 = 21.9439 over 250 frames.
UA034_97 sil t a k a x i tS i n O d E n a t E s i tS E sil 
LOG (lattice-best-path[5.5]:main():lattice-best-path.cc:99) For utterance UA042_13, best cost 104.529 + -80.799 = 23.7295 over 250 frames.
UA042_13 sil k b i z a Z d i b u v t a n d a v a S k u sil 
LOG (lattice-best-path[5.5]:main():lattice-best-path.cc:99) For utterance UA031_72, best cost 109.938 + -76.2132 = 33.7245 over 263 frames.
UA031_72 sil v e o l g o s E d a k i z m i n a s t a w a s a sil 
LOG (lattice-best-path[5.5]:main():lattice-best-path.cc:99) For utterance UA041_69, best cost 74.9573 + -62.4876 = 12.4697 over 263 frames.
UA041_69 sil 9 t sil t a n i k a 4 d a s E sil 
LOG (lattice-best-path[5.5]:main():lattice-best-path.cc:99) For utterance UA045_12, best cost 62.8694 + -73.0978 = -10.2284 over 263 frames.
UA045_12 sil p i s E ts E n E tS a s sil 
LOG (lattice-best-path[5.5]:main():lattice-best-path.cc:99) For utterance UA031_34, best cost 98.3349 + -80.9913 = 17.3437 over 269 frames.
UA031_34 sil 9 t a k o n o v a s m a j s t a w a s E sil 
LOG (lattice-best-path[5.5]:main():lattice-best-path.cc:99) For utterance UA031_8, best cost 95.6371 + -85.579 = 10.058 over 269 frames.
UA031_8 sil k s a t a ts E z a r a s n a s k r a S E sil 
LOG (lattice-best-path[5.5]:main():lattice-best-path.cc:99) For utterance UA034_89, best cost 87.863 + -69.0516 = 18.8114 over 269 frames.
UA034_89 sil s e S E v 1 b r n a p t_s\ e l i s E sil 
LOG (lattice-best-path[5.5]:main():lattice-best-path.cc:99) For utterance UA035_11, best cost 81.764 + -73.6454 = 8.11859 over 269 frames.
UA035_11 sil v e a n a p E S 1 m i tS E t o t sil 
LOG (lattice-best-path[5.5]:main():lattice-best-path.cc:99) For utterance UA035_22, best cost 97.2461 + -77.3644 = 19.8818 over 269 frames.
UA035_22 sil d e: d a s E t o p r E ts_j v o j o m a t E sil 
LOG (lattice-best-path[5.5]:main():lattice-best-path.cc:99) For utterance UA038_101, best cost 101.881 + -84.5111 = 17.3702 over 269 frames.
UA038_101 sil p o n a s t o p l o d n a j b u s E s u t sil 
LOG (lattice-best-path[5.5]:main():lattice-best-path.cc:99) For utterance UA040_84, best cost 103.161 + -73.0105 = 30.1509 over 269 frames.
UA040_84 sil v e a w S_j i k o n o l E d E d a s p r a l sil 
LOG (lattice-best-path[5.5]:main():lattice-best-path.cc:99) For utterance UA041_84, best cost 74.5735 + -62.2187 = 12.3548 over 269 frames.
UA041_84 sil o d y z b u j s t E u l v sil 
LOG (lattice-best-path[5.5]:main():lattice-best-path.cc:99) For utterance UA042_52, best cost 84.6968 + -73.6367 = 11.0601 over 269 frames.
UA042_52 sil v e b i n u r i s t a m a p r ts E sil 
LOG (lattice-best-path[5.5]:main():lattice-best-path.cc:99) For utterance UA044_73, best cost 98.5759 + -76.5998 = 21.9761 over 269 frames.
UA044_73 sil 9 s` O z n E b u d E d a l i n i z m a n sil 
LOG (lattice-best-path[5.5]:main():lattice-best-path.cc:99) For utterance UA028_37, best cost 77.9687 + -72.8708 = 5.09784 over 275 frames.
UA028_37 sil b a j a ts i k o d u r E z n a i sil 
LOG (lattice-best-path[5.5]:main():lattice-best-path.cc:99) For utterance UA037_49, best cost 97.9151 + -79.9305 = 17.9846 over 275 frames.
UA037_49 sil 9 tS u r o k u t a S a m a s a t a ts i sil 
LOG (lattice-best-path[5.5]:main():lattice-best-path.cc:99) For utterance UA041_89, best cost 75.5601 + -63.2201 = 12.34 over 275 frames.
UA041_89 sil n o s u j a k n a x o d i ts i sil 
LOG (lattice-best-path[5.5]:main():lattice-best-path.cc:99) For utterance UA088_6, best cost 74.4993 + -71.9064 = 2.59292 over 275 frames.
UA088_6 sil v p E t a j u h a l O v a n sil 
LOG (lattice-best-path[5.5]:main():lattice-best-path.cc:99) For utterance UA032_35, best cost 94.8469 + -69.0457 = 25.8012 over 281 frames.
UA032_35 sil p S E l s t i r u S E s E s t a u s a sil 
LOG (lattice-best-path[5.5]:main():lattice-best-path.cc:99) For utterance UA034_71, best cost 114.594 + -96.4524 = 18.1413 over 281 frames.
UA034_71 sil p s E v a S k O a l a ts E n a S m e b u t n i sil 
LOG (lattice-best-path[5.5]:main():lattice-best-path.cc:99) For utterance UA036_83, best cost 100.046 + -89.0153 = 11.0307 over 281 frames.
UA036_83 sil t a s u t u z n o v O rZ 1 x n a v n 1 x sil 
LOG (lattice-best-path[5.5]:main():lattice-best-path.cc:99) For utterance UA037_6, best cost 110.378 + -88.3306 = 22.0473 over 281 frames.
UA037_6 sil p t a k S_j i b u r C }: t a k a n M z n i k o sil 
LOG (lattice-best-path[5.5]:main():lattice-best-path.cc:99) For utterance UA033_99, best cost 96.1144 + -78.8357 = 17.2787 over 288 frames.
UA033_99 sil 9 n a S a s t E s i d i o S u t k u sil 
LOG (lattice-best-path[5.5]:main():lattice-best-path.cc:99) For utterance UA034_72, best cost 118.233 + -81.7165 = 36.5169 over 288 frames.
UA034_72 sil v e b a n a b u z a m i sil d r a S E p r dz_j E t a i sil 
LOG (lattice-best-path[5.5]:main():lattice-best-path.cc:99) For utterance UA034_8, best cost 103.336 + -81.9513 = 21.3851 over 288 frames.
UA034_8 sil v e a dZ e n e u tS a z e n u d r u z i sil 
LOG (lattice-best-path[5.5]:main():lattice-best-path.cc:99) For utterance UA035_105, best cost 105.928 + -92.506 = 13.4221 over 288 frames.
UA035_105 sil p i t a k i x l e d e s t E j e s e b i S E sil 
LOG (lattice-best-path[5.5]:main():lattice-best-path.cc:99) For utterance UA037_5, best cost 108.996 + -83.498 = 25.4976 over 288 frames.
UA037_5 sil d e: t i k a ts E m u t a k o S n E d a l O S_j i sil 
LOG (lattice-best-path[5.5]:main():lattice-best-path.cc:99) For utterance UA038_110, best cost 91.5977 + -74.956 = 16.6416 over 288 frames.
UA038_110 sil v i s E ts E t r e b O v i rZ O t a sil 
LOG (lattice-best-path[5.5]:main():lattice-best-path.cc:99) For utterance UA038_58, best cost 75.0052 + -73.7765 = 1.22874 over 288 frames.
UA038_58 sil p r o ts E p o k a m e d i ts E sil 
LOG (lattice-best-path[5.5]:main():lattice-best-path.cc:99) For utterance UA039_79, best cost 120.881 + -95.525 = 25.3557 over 288 frames.
UA039_79 sil p s a b o n a t r E tS E d E n p i s E z n i k n i sil 
LOG (lattice-best-path[5.5]:main():lattice-best-path.cc:99) For utterance UA040_41, best cost 95.7085 + -76.38 = 19.3286 over 288 frames.
UA040_41 sil v i v i n b u s o t y k a d O v p O k sil 
LOG (lattice-best-path[5.5]:main():lattice-best-path.cc:99) For utterance UA041_43, best cost 77.2547 + -68.8247 = 8.42999 over 288 frames.
UA041_43 sil t o m u j b u l u S l i d u sil 
LOG (lattice-best-path[5.5]:main():lattice-best-path.cc:99) For utterance UA042_3, best cost 98.3364 + -80.7639 = 17.5725 over 288 frames.
UA042_3 sil p sil o t i s k e t r u x i t a m b u sil 
LOG (lattice-best-path[5.5]:main():lattice-best-path.cc:99) For utterance UA044_79, best cost 122.907 + -80.3859 = 42.5208 over 288 frames.
UA044_79 sil v s E z v i s t a p r b a z a ts i n E d l E f a d E sil 
LOG (lattice-best-path[5.5]:main():lattice-best-path.cc:99) For utterance UA044_90, best cost 98.108 + -82.0961 = 16.0119 over 288 frames.
UA044_90 sil v u m a j b u p i m a z a s l o m a o sil 
LOG (lattice-best-path[5.5]:main():lattice-best-path.cc:99) For utterance UA045_51, best cost 86.8565 + -84.8947 = 1.96187 over 288 frames.
UA045_51 sil p a dz_j E v a n M S E Z u r a z a n sil 
LOG (lattice-best-path[5.5]:main():lattice-best-path.cc:99) For utterance UA088_18, best cost 83.1261 + -80.3863 = 2.73981 over 288 frames.
UA088_18 sil k b u x j O z n a j E tS a m u sil 
LOG (lattice-best-path[5.5]:main():lattice-best-path.cc:99) For utterance UA027_37, best cost 61.5458 + -65.8547 = -4.30889 over 294 frames.
UA027_37 sil a l a ts E t a k dZ e m sil 
LOG (lattice-best-path[5.5]:main():lattice-best-path.cc:99) For utterance UA028_88, best cost 85.2193 + -81.1004 = 4.11888 over 294 frames.
UA028_88 sil n E r a b u tS a a s p o s E S_j ts_j a sil 
LOG (lattice-best-path[5.5]:main():lattice-best-path.cc:99) For utterance UA033_13, best cost 106.691 + -79.4434 = 27.2479 over 294 frames.
UA033_13 sil 9 j o z n a g O rZ E n E t i k i v o k r i sil 
LOG (lattice-best-path[5.5]:main():lattice-best-path.cc:99) For utterance UA045_92, best cost 86.2111 + -76.2058 = 10.0053 over 294 frames.
UA045_92 sil a l a dZ a l e s e b u v 1 S_j E l a sil 
LOG (lattice-best-path[5.5]:main():lattice-best-path.cc:99) For utterance UA027_5, best cost 100.806 + -84.0833 = 16.7228 over 300 frames.
UA027_5 sil i s t o r i s E S_j i t E j u n a S k i ts i sil 
LOG (lattice-best-path[5.5]:main():lattice-best-path.cc:99) For utterance UA047_27, best cost 69.2606 + -80.6269 = -11.3664 over 300 frames.
UA047_27 sil z a S l o t a w 1 z a ts E sil 
LOG (lattice-best-path[5.5]:main():lattice-best-path.cc:99) For utterance UA028_35, best cost 87.8063 + -79.0884 = 8.7179 over 306 frames.
UA028_35 sil n i S i n a S E s E a w 1 b i S t sil 
LOG (lattice-best-path[5.5]:main():lattice-best-path.cc:99) For utterance UA028_9, best cost 117.153 + -94.8255 = 22.3279 over 306 frames.
UA028_9 sil s a m p o r m p r E ts_j O_~ d o l i t r E d i ts i n a sil 
LOG (lattice-best-path[5.5]:main():lattice-best-path.cc:99) For utterance UA028_97, best cost 55.552 + -73.3727 = -17.8207 over 306 frames.
UA028_97 sil S_j ts_j u m O rZ E j E sil 
LOG (lattice-best-path[5.5]:main():lattice-best-path.cc:99) For utterance UA029_52, best cost 91.0044 + -85.2253 = 5.77914 over 306 frames.
UA029_52 sil j o s n a t E v i n o v\ a p r o E n sil 
LOG (lattice-best-path[5.5]:main():lattice-best-path.cc:99) For utterance UA031_50, best cost 117.386 + -83.2865 = 34.0996 over 306 frames.
UA031_50 sil t o m a s p r o v r Z b r a t E s e S E d E ts_j O_~ sil 
LOG (lattice-best-path[5.5]:main():lattice-best-path.cc:99) For utterance UA031_66, best cost 131.73 + -84.3939 = 47.3363 over 306 frames.
UA031_66 sil t a b a s t a t E d O m t r E b a z a d E s p o i x d E sil 
LOG (lattice-best-path[5.5]:main():lattice-best-path.cc:99) For utterance UA031_82, best cost 157.541 + -94.3648 = 63.1766 over 306 frames.
UA031_82 sil e a l a k o s t i n a t a k i r o b o t E n a S a k t i n a p r b a S sil 
LOG (lattice-best-path[5.5]:main():lattice-best-path.cc:99) For utterance UA034_109, best cost 112.716 + -91.1475 = 21.5689 over 306 frames.
UA034_109 sil p sil m e b u t_s\ e p r E S_j v a t E u tS E r n i sil 
LOG (lattice-best-path[5.5]:main():lattice-best-path.cc:99) For utterance UA035_76, best cost 98.691 + -72.5304 = 26.1606 over 306 frames.
UA035_76 sil v a l E d a k o s p r a l n a s n E s n a sil 
LOG (lattice-best-path[5.5]:main():lattice-best-path.cc:99) For utterance UA036_108, best cost 121.512 + -97.4907 = 24.0216 over 306 frames.
UA036_108 sil k s r E p O s t r Z d a l a k n a d n a d a t i n a sil 
LOG (lattice-best-path[5.5]:main():lattice-best-path.cc:99) For utterance UA038_65, best cost 102.893 + -77.1535 = 25.7393 over 306 frames.
UA038_65 sil v O d o g r a S e n i d E n E z e S w a sil 
LOG (lattice-best-path[5.5]:main():lattice-best-path.cc:99) For utterance UA038_98, best cost 121.55 + -99.4876 = 22.0629 over 306 frames.
UA038_98 sil p O z a r a d E n s k i tS E s i v t o d r u b u k u sil 
LOG (lattice-best-path[5.5]:main():lattice-best-path.cc:99) For utterance UA039_78, best cost 114.295 + -95.2064 = 19.0885 over 306 frames.
UA039_78 sil p t a j u rZ E d E l i z b r u j b u g i S E sil 
LOG (lattice-best-path[5.5]:main():lattice-best-path.cc:99) For utterance UA040_86, best cost 110.215 + -85.028 = 25.1869 over 306 frames.
UA040_86 sil v i s k o d u S u S E s t o d u p o t a ts_j v sil 
LOG (lattice-best-path[5.5]:main():lattice-best-path.cc:99) For utterance UA044_43, best cost 114.948 + -91.1911 = 23.7567 over 306 frames.
UA044_43 sil p e a l E n a S a s l a z a r O z v i E_~ ts_j u m sil 
LOG (lattice-best-path[5.5]:main():lattice-best-path.cc:99) For utterance UA045_15, best cost 103.559 + -83.158 = 20.4013 over 306 frames.
UA045_15 sil t a j o d i p r a d u ts a r dz_j E m n o ya sil 
LOG (lattice-best-path[5.5]:main():lattice-best-path.cc:99) For utterance UA045_54, best cost 89.3002 + -84.4678 = 4.83239 over 306 frames.
UA045_54 sil v e i s p r a d i p i S 1 z i ts E sil 
LOG (lattice-best-path[5.5]:main():lattice-best-path.cc:99) For utterance UA031_15, best cost 126.456 + -81.2703 = 45.1858 over 313 frames.
UA031_15 sil a w a p E S E k u k i n a tS E m O rZ a k u z r O b u n sil 
LOG (lattice-best-path[5.5]:main():lattice-best-path.cc:99) For utterance UA034_70, best cost 124.77 + -89.5969 = 35.1735 over 313 frames.
UA034_70 sil i: m a m O v a k o s t o ts i x O s b i n a k o r s t sil 
LOG (lattice-best-path[5.5]:main():lattice-best-path.cc:99) For utterance UA038_80, best cost 103.229 + -81.3986 = 21.8307 over 313 frames.
UA038_80 sil o l i n i ya t r u x u rZ E z a t r m a n o sil 
LOG (lattice-best-path[5.5]:main():lattice-best-path.cc:99) For utterance UA028_58, best cost 109.311 + -88.3742 = 20.9364 over 319 frames.
UA028_58 sil ts E t r b a b o b a ts_j E n a l a s n i u tS i sil 
LOG (lattice-best-path[5.5]:main():lattice-best-path.cc:99) For utterance UA033_32, best cost 132.759 + -102.558 = 30.2009 over 319 frames.
UA033_32 sil p o n a j a d O m a z a u S u j s E tS O i t i d i n E sil 
LOG (lattice-best-path[5.5]:main():lattice-best-path.cc:99) For utterance UA034_106, best cost 130.26 + -107.163 = 23.0969 over 319 frames.
UA034_106 sil p a l a d a i p r O v a tS E n i a S E d u rZ E d a l a k o sil 
LOG (lattice-best-path[5.5]:main():lattice-best-path.cc:99) For utterance UA035_84, best cost 92.4758 + -83.299 = 9.17677 over 319 frames.
UA035_84 sil n a S i k r i n i s E n e d b u s E sil 
LOG (lattice-best-path[5.5]:main():lattice-best-path.cc:99) For utterance UA036_26, best cost 114.547 + -102.281 = 12.2657 over 319 frames.
UA036_26 sil b a t o p r a S a m O rZ n a l s p o j s t i S E sil 
LOG (lattice-best-path[5.5]:main():lattice-best-path.cc:99) For utterance UA041_46, best cost 107.147 + -85.9265 = 21.2205 over 319 frames.
UA041_46 sil v e a ts E f O k p o d r b u d u s i tS E sil 
LOG (lattice-best-path[5.5]:main():lattice-best-path.cc:99) For utterance UA027_39, best cost 84.138 + -78.8657 = 5.27235 over 325 frames.
UA027_39 sil a t o s E s t E s u i s E s O_~ ts i sil 
LOG (lattice-best-path[5.5]:main():lattice-best-path.cc:99) For utterance UA033_39, best cost 127.181 + -99.2781 = 27.9032 over 325 frames.
UA033_39 sil 9 n a s t o b n o n i a p r i x O v i x n a tS a n 1 sil 
LOG (lattice-best-path[5.5]:main():lattice-best-path.cc:99) For utterance UA037_105, best cost 103.399 + -88.5892 = 14.8102 over 325 frames.
UA037_105 sil n e t u s t E z a m i S m o m p o s a l a sil 
LOG (lattice-best-path[5.5]:main():lattice-best-path.cc:99) For utterance UA038_19, best cost 104.463 + -104.385 = 0.0781937 over 325 frames.
UA038_19 sil p S u p o t i m i z n 1 x o s t E o d i n sil 
LOG (lattice-best-path[5.5]:main():lattice-best-path.cc:99) For utterance UA038_97, best cost 133.105 + -99.1751 = 33.9297 over 325 frames.
UA038_97 sil t O d o r u k O b u d i n i s t o k o n u z a v a S E t E sil 
LOG (lattice-best-path[5.5]:main():lattice-best-path.cc:99) For utterance UA039_39, best cost 92.299 + -89.8825 = 2.41659 over 325 frames.
UA039_39 sil v e u ts i s t u i b a t o tS E m u sil 
LOG (lattice-best-path[5.5]:main():lattice-best-path.cc:99) For utterance UA042_11, best cost 150.741 + -111.966 = 38.7756 over 325 frames.
UA042_11 sil v e ts i k O m p a n i b u l o i s E m r m a l a d y z i n o k sil 
LOG (lattice-best-path[5.5]:main():lattice-best-path.cc:99) For utterance UA042_71, best cost 121.819 + -90.7944 = 31.0251 over 325 frames.
UA042_71 sil p o p t a l u d a n a z v a l E p O rZ E n a s l i t i sil 
LOG (lattice-best-path[5.5]:main():lattice-best-path.cc:99) For utterance UA044_33, best cost 102.634 + -98.8052 = 3.82853 over 325 frames.
UA044_33 sil k o i m O v s u v o l i i p r k a n a n i sil 
LOG (lattice-best-path[5.5]:main():lattice-best-path.cc:99) For utterance UA045_18, best cost 100.173 + -94.2608 = 5.91249 over 325 frames.
UA045_18 sil p dZ e b i S E s t i ts E v 1 k i r O S_j i sil 
LOG (lattice-best-path[5.5]:main():lattice-best-path.cc:99) For utterance UA034_41, best cost 141.976 + -102.575 = 39.4012 over 331 frames.
UA034_41 sil v o: m a n e d i n a s E s t r a j a k a m a S k a n a h a S_j i n i sil 
LOG (lattice-best-path[5.5]:main():lattice-best-path.cc:99) For utterance UA035_26, best cost 137.013 + -108.767 = 28.2451 over 331 frames.
UA035_26 sil a tS E z p E n a tS a s t a dZ e S a S_j i o d n a z a j a v a sil 
LOG (lattice-best-path[5.5]:main():lattice-best-path.cc:99) For utterance UA041_48, best cost 96.542 + -81.2637 = 15.2783 over 331 frames.
UA041_48 sil p o g O S_j i o s i b r b E_~ d o d E k a sil 
LOG (lattice-best-path[5.5]:main():lattice-best-path.cc:99) For utterance UA028_79, best cost 105.878 + -73.8448 = 32.0337 over 338 frames.
UA028_79 sil n a p a t i n a b o v\ i n a m i s p i p r a t sil 
LOG (lattice-best-path[5.5]:main():lattice-best-path.cc:99) For utterance UA032_99, best cost 116.324 + -101.478 = 14.8462 over 338 frames.
UA032_99 sil p O dz_j i z i 4 t }: s ts E r n 1 x O dz_j i o s E sil 
LOG (lattice-best-path[5.5]:main():lattice-best-path.cc:99) For utterance UA038_59, best cost 146.568 + -115.029 = 31.5387 over 338 frames.
UA038_59 sil p s t a v d a p o t a t O_~ tS E r k a s k e m i s k o E r a d a sil 
LOG (lattice-best-path[5.5]:main():lattice-best-path.cc:99) For utterance UA041_32, best cost 119.524 + -96.706 = 22.8176 over 338 frames.
UA041_32 sil t sil z a z a t o b i u rZ E p o r d u k r i n s E sil 
LOG (lattice-best-path[5.5]:main():lattice-best-path.cc:99) For utterance UA042_6, best cost 117.547 + -100.128 = 17.4187 over 338 frames.
UA042_6 sil p o n a s u l i s n i r u k i b 1 S_j n i l u d i sil 
LOG (lattice-best-path[5.5]:main():lattice-best-path.cc:99) For utterance UA042_74, best cost 135.133 + -112.002 = 23.1309 over 338 frames.
UA042_74 sil k tS o l i k i d r u rZ E n a p O v i n i b u t r a z a m sil 
LOG (lattice-best-path[5.5]:main():lattice-best-path.cc:99) For utterance UA045_107, best cost 108.224 + -84.4235 = 23.8009 over 338 frames.
UA045_107 sil z a r s t E t r i n a p r e t_s\ e u l v O dz_j E sil 
LOG (lattice-best-path[5.5]:main():lattice-best-path.cc:99) For utterance UA037_71, best cost 139.546 + -103.51 = 36.0354 over 344 frames.
UA037_71 sil p i s i o p r a ts i b a b u s E s t a l a z n a tS n o l E x sil 
LOG (lattice-best-path[5.5]:main():lattice-best-path.cc:99) For utterance UA038_32, best cost 117.072 + -94.6746 = 22.3977 over 344 frames.
UA038_32 sil v E t i l k u S t i f u n a s n a ts E n a m o ya sil 
LOG (lattice-best-path[5.5]:main():lattice-best-path.cc:99) For utterance UA044_35, best cost 145.257 + -105.834 = 39.4224 over 344 frames.
UA044_35 sil k a sil n a r o d n E dz_j i m i t k r s a n a s t u v n o r O k u sil 
LOG (lattice-best-path[5.5]:main():lattice-best-path.cc:99) For utterance UA032_26, best cost 120.254 + -95.2961 = 24.9584 over 350 frames.
UA032_26 sil p r o t y s t o j u x u p O rZ E p O z d a m l o sil 
LOG (lattice-best-path[5.5]:main():lattice-best-path.cc:99) For utterance UA034_17, best cost 130.22 + -89.8486 = 40.3711 over 350 frames.
UA034_17 sil 9 J\: M S k a ts l a v E p o s t o n O rZ n a b E s a t i sil 
LOG (lattice-best-path[5.5]:main():lattice-best-path.cc:99) For utterance UA038_26, best cost 128.419 + -109.293 = 19.1262 over 350 frames.
UA038_26 sil p sil z a r o d e k i d E t 1 m j e s u b i p S O v sil 
LOG (lattice-best-path[5.5]:main():lattice-best-path.cc:99) For utterance UA039_9, best cost 121.356 + -102.339 = 19.0175 over 350 frames.
UA039_9 sil t o d i n i z n d 1 x i o n i d e n a w b r a tS E sil 
LOG (lattice-best-path[5.5]:main():lattice-best-path.cc:99) For utterance UA045_32, best cost 111.535 + -99.2069 = 12.3284 over 350 frames.
UA045_32 sil J\ e ts j o b r a l j a l u x i z l a d e n sil 
LOG (lattice-best-path[5.5]:main():lattice-best-path.cc:99) For utterance UA045_41, best cost 128.126 + -101.581 = 26.5455 over 350 frames.
UA045_41 sil v i r a s t S 1 v a n i S k i u j a k i s l e t_s\ e J sil 
LOG (lattice-best-path[5.5]:main():lattice-best-path.cc:99) For utterance UA032_84, best cost 115.878 + -97.7309 = 18.1474 over 356 frames.
UA032_84 sil k a t a k }: C }: d e j u k r i n i m i l o n E sil 
LOG (lattice-best-path[5.5]:main():lattice-best-path.cc:99) For utterance UA035_51, best cost 151.124 + -112.825 = 38.2984 over 356 frames.
UA035_51 sil o x O tS a v p a S E l i k r o b u t E p r a t a k a n E d e ts E sil 
LOG (lattice-best-path[5.5]:main():lattice-best-path.cc:99) For utterance UA039_86, best cost 133.316 + -108.137 = 25.1788 over 356 frames.
UA039_86 sil t o t o n a s e t a p r o s t u a l E v i n d e b u i ts E sil 
LOG (lattice-best-path[5.5]:main():lattice-best-path.cc:99) For utterance UA029_105, best cost 102.312 + -105.094 = -2.78237 over 363 frames.
UA029_105 sil j e k i u d i b u i t E p E u s i n E sil 
LOG (lattice-best-path[5.5]:main():lattice-best-path.cc:99) For utterance UA037_108, best cost 123.29 + -104.016 = 19.2734 over 363 frames.
UA037_108 sil a a l a j u i d e 4 i n i x t o n E p i t r m o sil 
LOG (lattice-best-path[5.5]:main():lattice-best-path.cc:99) For utterance UA039_56, best cost 149.385 + -121.795 = 27.5901 over 363 frames.
UA039_56 sil t a a w E p o tS a w 1 p r u tS E v a t E i s p r a v a p i S l a sil 
LOG (lattice-best-path[5.5]:main():lattice-best-path.cc:99) For utterance UA040_98, best cost 177.066 + -116.313 = 60.7531 over 363 frames.
UA040_98 sil p d u tS E ts_j v i o m u z a p o s u S_j i E_~ rZ 1 x u tS a s n i k i v o r E v sil 
LOG (lattice-best-path[5.5]:main():lattice-best-path.cc:99) For utterance UA041_19, best cost 132.05 + -98.4034 = 33.647 over 363 frames.
UA041_19 sil p O v o p l u d E j a k o t r e d i l a s e b 1 b a ts_j sil 
LOG (lattice-best-path[5.5]:main():lattice-best-path.cc:99) For utterance UA045_76, best cost 142.086 + -103.996 = 38.0902 over 363 frames.
UA045_76 sil p a dZ i u d a n a s i l i f a k t i tS E S_j ts_j O_~ g o Z E m u t sil 
LOG (lattice-best-path[5.5]:main():lattice-best-path.cc:99) For utterance UA047_15, best cost 103.172 + -89.2197 = 13.9528 over 363 frames.
UA047_15 sil s o j d i m a d e b a i t E k a S E s t E sil 
LOG (lattice-best-path[5.5]:main():lattice-best-path.cc:99) For utterance UA083_109, best cost 120.954 + -108.692 = 12.2619 over 363 frames.
UA083_109 sil n e ts E t a t i x r i n a x j a k n i m E tS E n a sil 
LOG (lattice-best-path[5.5]:main():lattice-best-path.cc:99) For utterance UA027_46, best cost 91.9397 + -93.4707 = -1.53099 over 369 frames.
UA027_46 sil n a s a n d r e s a n f a t n i s E m sil 
LOG (lattice-best-path[5.5]:main():lattice-best-path.cc:99) For utterance UA029_96, best cost 86.5919 + -98.7914 = -12.1996 over 369 frames.
UA029_96 sil t a n 4 i tS i S E t i b u n a s sil 
LOG (lattice-best-path[5.5]:main():lattice-best-path.cc:99) For utterance UA032_92, best cost 128.757 + -107.58 = 21.1775 over 369 frames.
UA032_92 sil t p o s a d r a j o n O w i p i o t a t i z n i o sil 
LOG (lattice-best-path[5.5]:main():lattice-best-path.cc:99) For utterance UA036_46, best cost 127.967 + -110.927 = 17.0398 over 369 frames.
UA036_46 sil j a b a t O v n a s a z a w E rZ E dz_j E d n a s a m a x sil 
LOG (lattice-best-path[5.5]:main():lattice-best-path.cc:99) For utterance UA039_6, best cost 144.181 + -118.676 = 25.5044 over 369 frames.
UA039_6 sil b e s i o g O k r i: n s k a d E rZ a v a n E v i b u d i ts E sil 
LOG (lattice-best-path[5.5]:main():lattice-best-path.cc:99) For utterance UA047_65, best cost 110.56 + -97.465 = 13.0951 over 369 frames.
UA047_65 sil j u S E g o s k a z a S 1 v i n d a p r o k u r sil 
LOG (lattice-best-path[5.5]:main():lattice-best-path.cc:99) For utterance UA032_98, best cost 137.042 + -115.841 = 21.2012 over 375 frames.
UA032_98 sil p a rZ E m y s i u r O m a dZ a n E d a S l u k r i m E sil 
LOG (lattice-best-path[5.5]:main():lattice-best-path.cc:99) For utterance UA034_30, best cost 153.698 + -108.452 = 45.2462 over 375 frames.
UA034_30 sil p e d a z n a t E n O v i z a m O n i a p r a t 1 S_j n a m u Z u n sil 
LOG (lattice-best-path[5.5]:main():lattice-best-path.cc:99) For utterance UA035_47, best cost 158.691 + -122.609 = 36.0821 over 375 frames.
UA035_47 sil d e: m a z i t k i b r a t E k o S t a n d a b u tS a t u b i z n a s u sil 
LOG (lattice-best-path[5.5]:main():lattice-best-path.cc:99) For utterance UA038_51, best cost 126.751 + -102.56 = 24.1912 over 375 frames.
UA038_51 sil v O rZ E t r i t i i k O v O n o p r a ts i v E t a l i sil 
LOG (lattice-best-path[5.5]:main():lattice-best-path.cc:99) For utterance UA042_9, best cost 154.098 + -118.134 = 35.9647 over 375 frames.
UA042_9 sil k e k a m i s i ts i v t a u i n t a t i p r i x v o g r j n o sil 
LOG (lattice-best-path[5.5]:main():lattice-best-path.cc:99) For utterance UA027_30, best cost 90.7796 + -86.9988 = 3.78088 over 381 frames.
UA027_30 sil d o v i S E s k a t E S_j ts_j E v g r i sil 
LOG (lattice-best-path[5.5]:main():lattice-best-path.cc:99) For utterance UA032_23, best cost 151.379 + -115.906 = 35.4725 over 381 frames.
UA032_23 sil p r i ts O m O rZ O_~ v a rZ a t j m u t_s\ e d u rZ E p o S a s t u sil 
LOG (lattice-best-path[5.5]:main():lattice-best-path.cc:99) For utterance UA033_11, best cost 123.297 + -106.504 = 16.7928 over 381 frames.
UA033_11 sil i i p o t a v\ e m a S_j r a m o s o d n o b o d E sil 
LOG (lattice-best-path[5.5]:main():lattice-best-path.cc:99) For utterance UA033_83, best cost 161.718 + -127.057 = 34.6614 over 381 frames.
UA033_83 sil k ts_j O_~ p O tS a t E j i n a d u k u p a n a k o s t a n t E n a t r e b a sil 
LOG (lattice-best-path[5.5]:main():lattice-best-path.cc:99) For utterance UA035_4, best cost 156.739 + -116.261 = 40.4785 over 381 frames.
UA035_4 sil p sil s i s t E n a p s a l t i s t a n a z n a j e d i n 1 m a t r i sil 
LOG (lattice-best-path[5.5]:main():lattice-best-path.cc:99) For utterance UA040_85, best cost 136.544 + -106.836 = 29.7083 over 381 frames.
UA040_85 sil p r a ts i t O v a t_s\ e b a a t O h U n u t_s\ e d u rZ E m o sil 
LOG (lattice-best-path[5.5]:main():lattice-best-path.cc:99) For utterance UA041_99, best cost 157.611 + -112.355 = 45.2554 over 381 frames.
UA041_99 sil v tS u l i k a t r v\ o d w a s p u l g O p o z b O J a v o l E sil 
LOG (lattice-best-path[5.5]:main():lattice-best-path.cc:99) For utterance UA083_105, best cost 85.8562 + -92.7422 = -6.88597 over 381 frames.
UA083_105 sil k a l E v i ts E l a z r b u j v sil 
LOG (lattice-best-path[5.5]:main():lattice-best-path.cc:99) For utterance UA083_51, best cost 94.9842 + -105.256 = -10.2717 over 381 frames.
UA083_51 sil p sil i ts E n a b r o s t a z a j a v E sil 
LOG (lattice-best-path[5.5]:main():lattice-best-path.cc:99) For utterance UA029_109, best cost 124.37 + -112.602 = 11.7686 over 388 frames.
UA029_109 sil b i S y d e p o tS E l a i z E t E d o k r a i n i sil 
LOG (lattice-best-path[5.5]:main():lattice-best-path.cc:99) For utterance UA029_88, best cost 98.463 + -111.186 = -12.7232 over 388 frames.
UA029_88 sil p r i tS u m s t o sil i b i S E r o t i sil 
LOG (lattice-best-path[5.5]:main():lattice-best-path.cc:99) For utterance UA039_91, best cost 120.47 + -110.241 = 10.2285 over 388 frames.
UA039_91 sil t i b i S 1 j a k s u v a n a w a n d a t o m o d a sil 
LOG (lattice-best-path[5.5]:main():lattice-best-path.cc:99) For utterance UA042_66, best cost 168.051 + -128.966 = 39.0847 over 388 frames.
UA042_66 sil p t E m dZ a s u z b r 1 x t i n d a l o s a n E t a k u rZ E b a h a t a sil 
LOG (lattice-best-path[5.5]:main():lattice-best-path.cc:99) For utterance UA047_80, best cost 143.985 + -120.578 = 23.4073 over 388 frames.
UA047_80 sil v S u m O rZ O b u l o z r u b u d y t E k i x u m o v sil 
LOG (lattice-best-path[5.5]:main():lattice-best-path.cc:99) For utterance UA083_1, best cost 121.196 + -115.541 = 5.65547 over 388 frames.
UA083_1 sil t n a p a s t a v a l E v a l i k o ts i n l a h a s sil 
LOG (lattice-best-path[5.5]:main():lattice-best-path.cc:99) For utterance UA083_73, best cost 110.731 + -120.419 = -9.68746 over 388 frames.
UA083_73 sil t a S k e n a s i x m o Z n a p a ts_j u t E sil 
LOG (lattice-best-path[5.5]:main():lattice-best-path.cc:99) For utterance UA088_95, best cost 123.124 + -112.897 = 10.2266 over 388 frames.
UA088_95 sil v E t E z a r a d e t_s\ u l u d i n a p r a ts j u j E sil 
LOG (lattice-best-path[5.5]:main():lattice-best-path.cc:99) For utterance UA027_8, best cost 148.414 + -113.78 = 34.6342 over 394 frames.
UA027_8 sil dZ a s t r E d a S_j r O S_j i tS E i k a s a t r m M n a r E_~ ts_j m sil 
LOG (lattice-best-path[5.5]:main():lattice-best-path.cc:99) For utterance UA036_79, best cost 121.489 + -115.703 = 5.78625 over 394 frames.
UA036_79 sil p O n a s t a m a g r O rZ E n a j O p o r u S a n i ya sil 
LOG (lattice-best-path[5.5]:main():lattice-best-path.cc:99) For utterance UA047_74, best cost 130.42 + -103.849 = 26.5709 over 394 frames.
UA047_74 sil k a d o g u t_s\ e k o i tS u n d a r o b E d E l u d E sil 
LOG (lattice-best-path[5.5]:main():lattice-best-path.cc:99) For utterance UA047_86, best cost 133.476 + -110.484 = 22.9922 over 394 frames.
UA047_86 sil i i d a k i n dZ i n a m E z r o b a m o k o g l a z a t sil 
LOG (lattice-best-path[5.5]:main():lattice-best-path.cc:99) For utterance UA029_3, best cost 79.8833 + -101.156 = -21.2726 over 400 frames.
UA029_3 sil a l E n a n ts i n e ts i k a o sil 
LOG (lattice-best-path[5.5]:main():lattice-best-path.cc:99) For utterance UA033_75, best cost 151.369 + -124.993 = 26.3765 over 400 frames.
UA033_75 sil t z a ts E m a j b u d e: n sil i m s o S a x O v n a s t a m a n sil 
LOG (lattice-best-path[5.5]:main():lattice-best-path.cc:99) For utterance UA037_45, best cost 161.077 + -120.077 = 41.0003 over 400 frames.
UA037_45 sil e i z i n s i s t i l k r o k i v n a s k i k a v a n a v a l e d a j sil 
LOG (lattice-best-path[5.5]:main():lattice-best-path.cc:99) For utterance UA042_85, best cost 135.95 + -106.267 = 29.6827 over 400 frames.
UA042_85 sil v o d E Z d a r a ts i n a z b r a j ts E ts_j u r o b i t E sil 
LOG (lattice-best-path[5.5]:main():lattice-best-path.cc:99) For utterance UA047_3, best cost 151.416 + -124.155 = 27.2609 over 400 frames.
UA047_3 sil d e: b u d a d E S E z a x O l i ts a z a l e b O rZ 1 w a s 1 w a sil 
LOG (lattice-best-path[5.5]:main():lattice-best-path.cc:99) For utterance UA083_57, best cost 134.57 + -118.811 = 15.7584 over 400 frames.
UA083_57 sil p ts E p o t r b u j a z a s i i k a r i v n e s t r a n sil 
LOG (lattice-best-path[5.5]:main():lattice-best-path.cc:99) For utterance UA029_44, best cost 93.7955 + -112.342 = -18.5463 over 406 frames.
UA029_44 sil o d u n t E p o v s i t o i x a s sil 
LOG (lattice-best-path[5.5]:main():lattice-best-path.cc:99) For utterance UA034_61, best cost 189.438 + -130.89 = 58.5475 over 406 frames.
UA034_61 sil v e o t_s\ e p o k m a p r O x O d o s E d e tS E s p r m S_j i n i a p o b a tS u n sil 
LOG (lattice-best-path[5.5]:main():lattice-best-path.cc:99) For utterance UA045_9, best cost 133.235 + -118.238 = 14.9971 over 406 frames.
UA045_9 sil p sil t o: t r a J\ e dZ i n E d a u s i o n E k n a t E sil 
LOG (lattice-best-path[5.5]:main():lattice-best-path.cc:99) For utterance UA083_30, best cost 123.394 + -112.094 = 11.3003 over 406 frames.
UA083_30 sil k p O S_j i m O z a t a ts i l k i v 1 k a r s p E t sil 
LOG (lattice-best-path[5.5]:main():lattice-best-path.cc:99) For utterance UA036_30, best cost 125.008 + -116.495 = 8.51356 over 413 frames.
UA036_30 sil a l E S a n a m p O v i d a m l e t_s\ e l s t E Z i n sil 
LOG (lattice-best-path[5.5]:main():lattice-best-path.cc:99) For utterance UA039_26, best cost 173.971 + -132.317 = 41.6541 over 413 frames.
UA039_26 sil k e k a m i s i ts i v p i s E z a t r m E n i a v i m p r i f u s i z o sil 
LOG (lattice-best-path[5.5]:main():lattice-best-path.cc:99) For utterance UA039_88, best cost 168.404 + -132.664 = 35.74 over 413 frames.
UA039_88 sil p l a tS a l e k a a r a j v i dZ u v n o t r S i s p r a x n E m a n i sil 
LOG (lattice-best-path[5.5]:main():lattice-best-path.cc:99) For utterance UA029_99, best cost 133.786 + -123.577 = 10.2081 over 419 frames.
UA029_99 sil v s i tS E l a i k t E Z i k a m a n M l a s n d i t i n sil 
LOG (lattice-best-path[5.5]:main():lattice-best-path.cc:99) For utterance UA037_91, best cost 154.802 + -134.469 = 20.3333 over 419 frames.
UA037_91 sil p r a v o x r o n s i z n a S u j u x o o v a s n i o s E l E sil 
LOG (lattice-best-path[5.5]:main():lattice-best-path.cc:99) For utterance UA029_34, best cost 111.044 + -100.719 = 10.3258 over 425 frames.
UA029_34 sil n u x a 4 k i d u S a z 1 S_j i n s sil v 1 sil 
LOG (lattice-best-path[5.5]:main():lattice-best-path.cc:99) For utterance UA083_52, best cost 98.9744 + -104.882 = -5.90777 over 425 frames.
UA083_52 sil v s a b u n a b E S E z v E r n a n i a sil 
LOG (lattice-best-path[5.5]:main():lattice-best-path.cc:99) For utterance UA027_84, best cost 117.102 + -117.592 = -0.490311 over 431 frames.
UA027_84 sil tS a l E z o s i n E d a n a s t a l a s E n d i u sil 
LOG (lattice-best-path[5.5]:main():lattice-best-path.cc:99) For utterance UA032_65, best cost 187.541 + -144.629 = 42.9122 over 431 frames.
UA032_65 sil p S E b Z i z r u z u m i t }: t r e b a s a m u d u z b a v a t O z n a t E sil 
LOG (lattice-best-path[5.5]:main():lattice-best-path.cc:99) For utterance UA036_18, best cost 138.792 + -127.192 = 11.6003 over 431 frames.
UA036_18 sil b i S a r o k o j o s E r E d O dz_j E i n a s u m S_j E_~ dz_j E sil 
LOG (lattice-best-path[5.5]:main():lattice-best-path.cc:99) For utterance UA083_22, best cost 128.814 + -115.424 = 13.3905 over 431 frames.
UA083_22 sil j a S E j e n a n i r dz_j i s n a S 9 z r b u i t E sil 
LOG (lattice-best-path[5.5]:main():lattice-best-path.cc:99) For utterance UA083_95, best cost 121.301 + -111.471 = 9.82968 over 431 frames.
UA083_95 sil n a n t r b a b i S E r a z m i t E ts 1 x i d e i sil 
LOG (lattice-best-path[5.5]:main():lattice-best-path.cc:99) For utterance UA027_49, best cost 134.483 + -114.493 = 19.99 over 438 frames.
UA027_49 sil tS a l i k a d r a z a s u z a t r n o v O v d M n i ts i sil 
LOG (lattice-best-path[5.5]:main():lattice-best-path.cc:99) For utterance UA029_94, best cost 116.131 + -116.596 = -0.465858 over 438 frames.
UA029_94 sil s E z b l a p s l a u k r i: n s k a i n o k i sil 
LOG (lattice-best-path[5.5]:main():lattice-best-path.cc:99) For utterance UA047_35, best cost 136.172 + -116.597 = 19.5747 over 438 frames.
UA047_35 sil v a j a k a j o d u n k a ts E Z d a z u t_s\ e d O rZ 1 w a sil 
LOG (lattice-best-path[5.5]:main():lattice-best-path.cc:99) For utterance UA035_21, best cost 159.614 + -134.698 = 24.9166 over 444 frames.
UA035_21 sil t i n dZ e z d v a d n i sil t a z n o t r i x a d a m a n a s t E j a n sil 
LOG (lattice-best-path[5.5]:main():lattice-best-path.cc:99) For utterance UA039_37, best cost 174.565 + -140.297 = 34.2674 over 444 frames.
UA039_37 sil p i tS u r O b u t o v i n z a p a p o n o v E k u n a t E u k s a n d r u sil 
LOG (lattice-best-path[5.5]:main():lattice-best-path.cc:99) For utterance UA040_6, best cost 137.141 + -111.98 = 25.1609 over 444 frames.
UA040_6 sil j a z v a s t u m u z e b a a t { s` o: m i b u p r E d a t sil 
LOG (lattice-best-path[5.5]:main():lattice-best-path.cc:99) For utterance UA042_84, best cost 178.023 + -140.55 = 37.4721 over 444 frames.
UA042_84 sil p sil t a k i m tS i n a m s e d a z 1 v a j p o tS a t k o t a r d o p O l a sil 
LOG (lattice-best-path[5.5]:main():lattice-best-path.cc:99) For utterance UA088_27, best cost 159.116 + -142.438 = 16.6778 over 444 frames.
UA088_27 sil 9 t a r a z a m z a l O v o j u p i p i S u j o d r u x a t u sil 
LOG (lattice-best-path[5.5]:main():lattice-best-path.cc:99) For utterance UA027_91, best cost 128.464 + -129.747 = -1.28354 over 450 frames.
UA027_91 sil s p t_s\ a t k u n E d u n i r u S_j i n i p r a x r a n sil 
LOG (lattice-best-path[5.5]:main():lattice-best-path.cc:99) For utterance UA031_63, best cost 197.948 + -142.001 = 55.9467 over 450 frames.
UA031_63 sil k o tS O r a v r a n s E p r s u z b a u v a ts E k i s k o p a t r h a t o p e d a m a sil 
LOG (lattice-best-path[5.5]:main():lattice-best-path.cc:99) For utterance UA045_73, best cost 177.493 + -150.708 = 26.7849 over 450 frames.
UA045_73 sil p O v a n a p r a g n e 4 i z v a t E s E b E n M n O v O m i ts i r o b o t E sil 
LOG (lattice-best-path[5.5]:main():lattice-best-path.cc:99) For utterance UA083_26, best cost 143.523 + -132.419 = 11.1041 over 450 frames.
UA083_26 sil 9 t a k a s E t a ts e d u rZ E p a d o b e s E z a x a d u sil 
LOG (lattice-best-path[5.5]:main():lattice-best-path.cc:99) For utterance UA038_106, best cost 190.104 + -143.668 = 46.436 over 463 frames.
UA038_106 sil J\ 9 z r o b u s p r s E p o o t i k r u k e k i p O v o d e: n b u z r o b i t a sil 
LOG (lattice-best-path[5.5]:main():lattice-best-path.cc:99) For utterance UA027_25, best cost 158.663 + -128.035 = 30.6283 over 469 frames.
UA027_25 sil v 1 ts_j i n a dZ M n h a t E k a l j E z n a s E S_j i n a j v i z 1 S_j i sil 
LOG (lattice-best-path[5.5]:main():lattice-best-path.cc:99) For utterance UA035_12, best cost 182.979 + -152.871 = 30.1083 over 469 frames.
UA035_12 sil p a s t a n 1 m E n a rZ n a n i s t E a g r m a ts k a r E n i z a ts j o b a s t i sil 
LOG (lattice-best-path[5.5]:main():lattice-best-path.cc:99) For utterance UA038_24, best cost 159.872 + -132.903 = 26.9688 over 469 frames.
UA038_24 sil p o s l i v a n u t_s\ e b i n M n o tS E k a S E n i d o b r e d o m a sil 
LOG (lattice-best-path[5.5]:main():lattice-best-path.cc:99) For utterance UA044_19, best cost 137.392 + -131.991 = 5.40031 over 469 frames.
UA044_19 sil p sil b u s r E d n 1 x i k r s p a n d E n t sil o E m sil 
LOG (lattice-best-path[5.5]:main():lattice-best-path.cc:99) For utterance UA088_37, best cost 155.316 + -146.2 = 9.11513 over 469 frames.
UA088_37 sil p s t o j a w a s a b i o s t r O dz_j E j e s e 4 i ts k a p o s t k a sil 
LOG (lattice-best-path[5.5]:main():lattice-best-path.cc:99) For utterance UA032_64, best cost 172.08 + -141.976 = 30.1033 over 475 frames.
UA032_64 sil v i m E t a O z n E g w a o d n a z m i S E t E n a s a w E u k r i m sil 
LOG (lattice-best-path[5.5]:main():lattice-best-path.cc:99) For utterance UA032_95, best cost 173.143 + -138.725 = 34.4185 over 475 frames.
UA032_95 sil t s t E o p a S z a s E t o m u tS E m a u t a k E sil t e 4 i n i ts t o sil 
LOG (lattice-best-path[5.5]:main():lattice-best-path.cc:99) For utterance UA088_1, best cost 197.428 + -155.873 = 41.555 over 475 frames.
UA088_1 sil dZ i n d a s p r a n d E d a h a d a v a s a n E v i S E z a x O rZ 1 m u z d a s E i v a n sil 
LOG (lattice-best-path[5.5]:main():lattice-best-path.cc:99) For utterance UA045_61, best cost 184.048 + -156.947 = 27.1011 over 481 frames.
UA045_61 sil 9 n i n i b a Z e t_s\ e p r b a t E z a m E l d i l e n k u v t E S_j ts_j i m a l a sil 
LOG (lattice-best-path[5.5]:main():lattice-best-path.cc:99) For utterance UA032_71, best cost 212.164 + -155.103 = 57.0609 over 488 frames.
UA032_71 sil 9 z a x O i k a b r o t a s a z a p r a v a t i p r e n s E s m a l o b i n o s o s p i l u sil 
LOG (lattice-best-path[5.5]:main():lattice-best-path.cc:99) For utterance UA083_3, best cost 139.153 + -133.097 = 6.05656 over 488 frames.
UA083_3 sil t a i s t o j a s a m u j E v r u p E b l a p i n s u m sil 
LOG (lattice-best-path[5.5]:main():lattice-best-path.cc:99) For utterance UA083_81, best cost 139.465 + -140.198 = -0.732925 over 488 frames.
UA083_81 sil j a z n a j u v S_j i a m z a r a s t 9 z n a p r o s t a n sil 
LOG (lattice-best-path[5.5]:main():lattice-best-path.cc:99) For utterance UA088_81, best cost 160.748 + -146.615 = 14.1332 over 488 frames.
UA088_81 sil p r o j a k i s p o s u l i t a k o j v a d E z a h a l i n E d E t s a sil 
LOG (lattice-best-path[5.5]:main():lattice-best-path.cc:99) For utterance UA047_84, best cost 135.977 + -132.143 = 3.83389 over 500 frames.
UA047_84 sil t O m u n a r o d n 1 v i E d E rZ E l m a b u d i k o m sil 
LOG (lattice-best-path[5.5]:main():lattice-best-path.cc:99) For utterance UA083_99, best cost 145.822 + -142.307 = 3.51523 over 500 frames.
UA083_99 sil z i S E o b o k u v i s n o j a p r o b l E m O v 1 b a r u sil 
LOG (lattice-best-path[5.5]:main():lattice-best-path.cc:99) For utterance UA036_20, best cost 195.779 + -174.397 = 21.3814 over 538 frames.
UA036_20 sil p E Z a d o n k a S E v E n a k o z a k r a m a O v O a s t a 4 a ts 1 x r E t k i u sil 
LOG (lattice-best-path[5.5]:main():lattice-best-path.cc:99) For utterance UA047_50, best cost 205.147 + -163.095 = 42.0523 over 544 frames.
UA047_50 sil v e s k y S E p i d E z 1 x i S a d e n o k u tS a k o l i t o m u p r i d e k i d e t sil 
LOG (lattice-best-path[5.5]:main():lattice-best-path.cc:99) For utterance UA083_90, best cost 160.97 + -160.404 = 0.566101 over 544 frames.
UA083_90 sil v p o k e m a m a j m a t a k i i m i tS i i n i ts i l k i i m i ts_j sil 
LOG (lattice-best-path[5.5]:main():lattice-best-path.cc:99) For utterance UA036_57, best cost 184.06 + -145.607 = 38.4531 over 556 frames.
UA036_57 sil v e: t o n a p E S a v k e dZ a g a n a p o E s n 1 x n dZ a n a z a p O n o v sil 
LOG (lattice-best-path[5.5]:main():lattice-best-path.cc:99) For utterance UA083_15, best cost 186.526 + -168.978 = 17.548 over 575 frames.
UA083_15 sil k p r t E k y n e s o b i r u s i d e d n e v i m o t E s e n a m o Z E m sil 
LOG (lattice-best-path[5.5]:main():lattice-best-path.cc:99) For utterance UA083_18, best cost 189.443 + -178.959 = 10.4841 over 588 frames.
UA083_18 sil v e n a s t a v e tS n a p i d i S e s t a n d a r ts j rZ 1 ts j a b u k r i n i m sil 
LOG (lattice-best-path[5.5]:main():lattice-best-path.cc:99) For utterance UA088_110, best cost 195.976 + -165.015 = 30.9608 over 588 frames.
UA088_110 sil 9 tS E n a s i s o v\ i x a t o s t o p O l a b i d n E n k O z a d a n a dZ i tS E n a sil 
LOG (lattice-best-path[5.5]:main():lattice-best-path.cc:99) For utterance UA037_101, best cost 226.651 + -195.487 = 31.1636 over 638 frames.
UA037_101 sil t o m u t a t E z b r a j ts i t i p o r u S_j i d a tS E k a S k u o g o d E Z e n i s t r a j s E sil 
LOG (lattice-best-path[5.5]:main():lattice-best-path.cc:99) For utterance UA083_58, best cost 179.264 + -179.144 = 0.119843 over 638 frames.
UA083_58 sil e sil a l E ts j o S e m a j a k a dZ a t a k i d a n d e s i i s n o }: t sil 
double free or corruption (!prev)
# Accounting: time=3 threads=1
# Ended (code 0) at Mon Apr 20 21:16:46 BST 2020, elapsed time 3 seconds
