# lattice-scale --inv-acoustic-scale=13 "ark:gunzip -c /home/paul/UPM/pytorch-kaldi/exp/UPM_RNN_mfcc_base_4_layers/decode_UA_only_out_dnn2/lat.*.gz|" ark:- | lattice-add-penalty --word-ins-penalty=1.0 ark:- ark:- | lattice-best-path --word-symbol-table=/home/paul/upm_exp/baseline_mfcc/data/lang/words.txt ark:- ark,t:- | utils/int2sym.pl -f 2- /home/paul/upm_exp/baseline_mfcc/data/lang/words.txt | local/wer_hyp_filter > /home/paul/UPM/pytorch-kaldi/exp/UPM_RNN_mfcc_base_4_layers/decode_UA_only_out_dnn2/scoring_kaldi/penalty_1.0/13.txt 
# Started at Mon Apr 20 21:16:43 BST 2020
#
lattice-scale --inv-acoustic-scale=13 'ark:gunzip -c /home/paul/UPM/pytorch-kaldi/exp/UPM_RNN_mfcc_base_4_layers/decode_UA_only_out_dnn2/lat.*.gz|' ark:- 
lattice-best-path --word-symbol-table=/home/paul/upm_exp/baseline_mfcc/data/lang/words.txt ark:- ark,t:- 
lattice-add-penalty --word-ins-penalty=1.0 ark:- ark:- 
LOG (lattice-best-path[5.5]:main():lattice-best-path.cc:99) For utterance UA031_91, best cost 63.1904 + -58.4022 = 4.78822 over 181 frames.
UA031_91 sil k a n a s E t a p r o s t a sil 
LOG (lattice-best-path[5.5]:main():lattice-best-path.cc:99) For utterance UA038_7, best cost 52.9958 + -54.836 = -1.84015 over 188 frames.
UA038_7 sil b i n u S E z a ts E sil 
LOG (lattice-best-path[5.5]:main():lattice-best-path.cc:99) For utterance UA044_67, best cost 60.2926 + -64.2671 = -3.97453 over 188 frames.
UA044_67 sil p a ts E rZ 1 v o n o m sil 
LOG (lattice-best-path[5.5]:main():lattice-best-path.cc:99) For utterance UA032_33, best cost 92.8889 + -70.8963 = 21.9926 over 206 frames.
UA032_33 sil v e m O rZ O dz_j E m u b u l o p i t E sil 
LOG (lattice-best-path[5.5]:main():lattice-best-path.cc:99) For utterance UA040_101, best cost 75.6338 + -58.3512 = 17.2826 over 206 frames.
UA040_101 sil v e u dz_j E b u S b u z n o sil 
LOG (lattice-best-path[5.5]:main():lattice-best-path.cc:99) For utterance UA034_94, best cost 76.5439 + -79.2033 = -2.65941 over 213 frames.
UA034_94 sil p t a b u j ts 1 x O r a z o sil 
LOG (lattice-best-path[5.5]:main():lattice-best-path.cc:99) For utterance UA032_49, best cost 83.3803 + -62.8811 = 20.4991 over 219 frames.
UA032_49 sil p r E z i 4 t a k i f i n a d a s sil 
LOG (lattice-best-path[5.5]:main():lattice-best-path.cc:99) For utterance UA038_6, best cost 85.1909 + -83.2081 = 1.98282 over 219 frames.
UA038_6 sil p d u rZ E d o b r n a z d i t E sil 
LOG (lattice-best-path[5.5]:main():lattice-best-path.cc:99) For utterance UA040_56, best cost 73.0019 + -66.8816 = 6.1203 over 219 frames.
UA040_56 sil p o: n o s t a k i n a p r E tS E sil 
LOG (lattice-best-path[5.5]:main():lattice-best-path.cc:99) For utterance UA035_34, best cost 68.6417 + -74.0728 = -5.43108 over 225 frames.
UA035_34 sil p i u n a b o t r i n i n sil 
LOG (lattice-best-path[5.5]:main():lattice-best-path.cc:99) For utterance UA042_63, best cost 87.8361 + -88.0233 = -0.18718 over 238 frames.
UA042_63 sil p d E r O S_j i t a m p o l a n E m a sil 
LOG (lattice-best-path[5.5]:main():lattice-best-path.cc:99) For utterance UA047_78, best cost 66.2339 + -64.9149 = 1.31896 over 238 frames.
UA047_78 sil t a s p r a w a n M dZ o m sil 
LOG (lattice-best-path[5.5]:main():lattice-best-path.cc:99) For utterance UA033_45, best cost 86.4214 + -82.4765 = 3.94485 over 244 frames.
UA033_45 sil p a 4 i ts i l J\ e v a t y j i v i sil 
LOG (lattice-best-path[5.5]:main():lattice-best-path.cc:99) For utterance UA036_23, best cost 72.1967 + -77.2998 = -5.10303 over 244 frames.
UA036_23 sil v e d o b r S E v i n i j a sil 
LOG (lattice-best-path[5.5]:main():lattice-best-path.cc:99) For utterance UA042_14, best cost 88.9807 + -77.4525 = 11.5282 over 244 frames.
UA042_14 sil k a k i p r u dz_j a m O S_j i o d n i a sil 
LOG (lattice-best-path[5.5]:main():lattice-best-path.cc:99) For utterance UA047_48, best cost 91.0163 + -82.1445 = 8.87179 over 244 frames.
UA047_48 sil v e a p E s t a l d a t O v o d a m a sil 
LOG (lattice-best-path[5.5]:main():lattice-best-path.cc:99) For utterance UA034_97, best cost 95.1479 + -84.4661 = 10.6818 over 250 frames.
UA034_97 sil t a k a x i tS i n O d E n a t E s i tS E sil 
LOG (lattice-best-path[5.5]:main():lattice-best-path.cc:99) For utterance UA042_13, best cost 104.529 + -93.2296 = 11.2989 over 250 frames.
UA042_13 sil k b i z a Z d i b u v t a n d a v a S k u sil 
LOG (lattice-best-path[5.5]:main():lattice-best-path.cc:99) For utterance UA031_72, best cost 112.744 + -91.0874 = 21.6571 over 263 frames.
UA031_72 sil v e o l o g o s E d a k i z m i n a s t a w a s a sil 
LOG (lattice-best-path[5.5]:main():lattice-best-path.cc:99) For utterance UA041_69, best cost 74.9573 + -72.1011 = 2.85619 over 263 frames.
UA041_69 sil 9 t sil t a n i k a 4 d a s E sil 
LOG (lattice-best-path[5.5]:main():lattice-best-path.cc:99) For utterance UA045_12, best cost 62.8694 + -84.3436 = -21.4742 over 263 frames.
UA045_12 sil p i s E ts E n E tS a s sil 
LOG (lattice-best-path[5.5]:main():lattice-best-path.cc:99) For utterance UA031_34, best cost 98.3349 + -93.4515 = 4.88348 over 269 frames.
UA031_34 sil 9 t a k o n o v a s m a j s t a w a s E sil 
LOG (lattice-best-path[5.5]:main():lattice-best-path.cc:99) For utterance UA031_8, best cost 95.6371 + -98.745 = -3.10795 over 269 frames.
UA031_8 sil k s a t a ts E z a r a s n a s k r a S E sil 
LOG (lattice-best-path[5.5]:main():lattice-best-path.cc:99) For utterance UA034_89, best cost 87.863 + -79.6749 = 8.1881 over 269 frames.
UA034_89 sil s e S E v 1 b r n a p t_s\ e l i s E sil 
LOG (lattice-best-path[5.5]:main():lattice-best-path.cc:99) For utterance UA035_11, best cost 81.764 + -84.9755 = -3.21148 over 269 frames.
UA035_11 sil v e a n a p E S 1 m i tS E t o t sil 
LOG (lattice-best-path[5.5]:main():lattice-best-path.cc:99) For utterance UA035_22, best cost 98.7643 + -90.8025 = 7.96181 over 269 frames.
UA035_22 sil v e d a s E t o p r E ts_j v o j o m a t E sil 
LOG (lattice-best-path[5.5]:main():lattice-best-path.cc:99) For utterance UA038_101, best cost 103.534 + -99.2506 = 4.28377 over 269 frames.
UA038_101 sil p o n a s t o p l o d n a g b u s E s u t sil 
LOG (lattice-best-path[5.5]:main():lattice-best-path.cc:99) For utterance UA040_84, best cost 103.161 + -84.2429 = 18.9185 over 269 frames.
UA040_84 sil v e a w S_j i k o n o l E d E d a s p r a l sil 
LOG (lattice-best-path[5.5]:main():lattice-best-path.cc:99) For utterance UA041_84, best cost 74.5735 + -71.7908 = 2.78271 over 269 frames.
UA041_84 sil o d y z b u j s t E u l v sil 
LOG (lattice-best-path[5.5]:main():lattice-best-path.cc:99) For utterance UA042_52, best cost 84.6968 + -84.9655 = -0.268646 over 269 frames.
UA042_52 sil v e b i n u r i s t a m a p r ts E sil 
LOG (lattice-best-path[5.5]:main():lattice-best-path.cc:99) For utterance UA044_73, best cost 98.5759 + -88.3844 = 10.1916 over 269 frames.
UA044_73 sil 9 s` O z n E b u d E d a l i n i z m a n sil 
LOG (lattice-best-path[5.5]:main():lattice-best-path.cc:99) For utterance UA028_37, best cost 78.4425 + -84.58 = -6.1375 over 275 frames.
UA028_37 sil b a j a ts i k o d u r E z n a j sil 
LOG (lattice-best-path[5.5]:main():lattice-best-path.cc:99) For utterance UA037_49, best cost 97.9151 + -92.2275 = 5.68758 over 275 frames.
UA037_49 sil 9 tS u r o k u t a S a m a s a t a ts i sil 
LOG (lattice-best-path[5.5]:main():lattice-best-path.cc:99) For utterance UA041_89, best cost 75.5601 + -72.9463 = 2.61388 over 275 frames.
UA041_89 sil n o s u j a k n a x o d i ts i sil 
LOG (lattice-best-path[5.5]:main():lattice-best-path.cc:99) For utterance UA088_6, best cost 75.2214 + -83.7445 = -8.52308 over 275 frames.
UA088_6 sil v p E t a j O h a l O v a n sil 
LOG (lattice-best-path[5.5]:main():lattice-best-path.cc:99) For utterance UA032_35, best cost 100.145 + -85.5293 = 14.6157 over 281 frames.
UA032_35 sil p S e 4 e s t i r u S i s e s t a u s a sil 
LOG (lattice-best-path[5.5]:main():lattice-best-path.cc:99) For utterance UA034_71, best cost 116.535 + -113.409 = 3.1262 over 281 frames.
UA034_71 sil p s E v a S k O a l a ts E n a S E m e b u t n i sil 
LOG (lattice-best-path[5.5]:main():lattice-best-path.cc:99) For utterance UA036_83, best cost 101.739 + -104.42 = -2.68124 over 281 frames.
UA036_83 sil t a s u t u z n o v O rZ 1 k n a v n 1 x sil 
LOG (lattice-best-path[5.5]:main():lattice-best-path.cc:99) For utterance UA037_6, best cost 110.378 + -101.92 = 8.45802 over 281 frames.
UA037_6 sil p t a k S_j i b u r C }: t a k a n M z n i k o sil 
LOG (lattice-best-path[5.5]:main():lattice-best-path.cc:99) For utterance UA033_99, best cost 96.1144 + -90.9643 = 5.15013 over 288 frames.
UA033_99 sil 9 n a S a s t E s i d i o S u t k u sil 
LOG (lattice-best-path[5.5]:main():lattice-best-path.cc:99) For utterance UA034_72, best cost 119.226 + -95.3689 = 23.857 over 288 frames.
UA034_72 sil v e b a n a b u z a m i sil d r a S E p r dz_j E t E i sil 
LOG (lattice-best-path[5.5]:main():lattice-best-path.cc:99) For utterance UA034_8, best cost 105.631 + -97.0318 = 8.59958 over 288 frames.
UA034_8 sil v e a dZ e n a j o tS a z e n u d r u z i sil 
LOG (lattice-best-path[5.5]:main():lattice-best-path.cc:99) For utterance UA035_105, best cost 105.928 + -106.738 = -0.80957 over 288 frames.
UA035_105 sil p i t a k i x l e d e s t E j e s e b i S E sil 
LOG (lattice-best-path[5.5]:main():lattice-best-path.cc:99) For utterance UA037_5, best cost 108.996 + -96.3438 = 12.6518 over 288 frames.
UA037_5 sil d e: t i k a ts E m u t a k o S n E d a l O S_j i sil 
LOG (lattice-best-path[5.5]:main():lattice-best-path.cc:99) For utterance UA038_110, best cost 91.5977 + -86.4877 = 5.10995 over 288 frames.
UA038_110 sil v i s E ts E t r e b O v i rZ O t a sil 
LOG (lattice-best-path[5.5]:main():lattice-best-path.cc:99) For utterance UA038_58, best cost 75.0052 + -85.1267 = -10.1215 over 288 frames.
UA038_58 sil p r o ts E p o k a m e d i ts E sil 
LOG (lattice-best-path[5.5]:main():lattice-best-path.cc:99) For utterance UA039_79, best cost 120.881 + -110.221 = 10.6595 over 288 frames.
UA039_79 sil p s a b o n a t r E tS E d E n p i s E z n i k n i sil 
LOG (lattice-best-path[5.5]:main():lattice-best-path.cc:99) For utterance UA040_41, best cost 95.7085 + -88.1307 = 7.57781 over 288 frames.
UA040_41 sil v i v i n b u s o t y k a d O v p O k sil 
LOG (lattice-best-path[5.5]:main():lattice-best-path.cc:99) For utterance UA041_43, best cost 77.2547 + -79.4132 = -2.15843 over 288 frames.
UA041_43 sil t o m u j b u l u S l i d u sil 
LOG (lattice-best-path[5.5]:main():lattice-best-path.cc:99) For utterance UA042_3, best cost 98.3364 + -93.1892 = 5.14725 over 288 frames.
UA042_3 sil p sil o t i s k e t r u x i t a m b u sil 
LOG (lattice-best-path[5.5]:main():lattice-best-path.cc:99) For utterance UA044_79, best cost 123.538 + -93.4109 = 30.127 over 288 frames.
UA044_79 sil p s E z v i s t a p r b a z a ts i n E d l E f a d E sil 
LOG (lattice-best-path[5.5]:main():lattice-best-path.cc:99) For utterance UA044_90, best cost 98.108 + -94.7263 = 3.38171 over 288 frames.
UA044_90 sil v u m a j b u p i m a z a s l o m a o sil 
LOG (lattice-best-path[5.5]:main():lattice-best-path.cc:99) For utterance UA045_51, best cost 86.8565 + -97.9554 = -11.0989 over 288 frames.
UA045_51 sil p a dz_j E v a n M S E Z u r a z a n sil 
LOG (lattice-best-path[5.5]:main():lattice-best-path.cc:99) For utterance UA088_18, best cost 83.1261 + -92.7534 = -9.6273 over 288 frames.
UA088_18 sil k b u x j O z n a j E tS a m u sil 
LOG (lattice-best-path[5.5]:main():lattice-best-path.cc:99) For utterance UA027_37, best cost 61.5458 + -75.9862 = -14.4404 over 294 frames.
UA027_37 sil a l a ts E t a k dZ e m sil 
LOG (lattice-best-path[5.5]:main():lattice-best-path.cc:99) For utterance UA028_88, best cost 86.496 + -94.8825 = -8.38646 over 294 frames.
UA028_88 sil n E r a b o tS a a s p o s E S_j ts_j a sil 
LOG (lattice-best-path[5.5]:main():lattice-best-path.cc:99) For utterance UA033_13, best cost 106.691 + -91.6654 = 15.0258 over 294 frames.
UA033_13 sil 9 j o z n a g O rZ E n E t i k i v o k r i sil 
LOG (lattice-best-path[5.5]:main():lattice-best-path.cc:99) For utterance UA045_92, best cost 86.2111 + -87.9298 = -1.7187 over 294 frames.
UA045_92 sil a l a dZ a l e s e b u v 1 S_j E l a sil 
LOG (lattice-best-path[5.5]:main():lattice-best-path.cc:99) For utterance UA027_5, best cost 101.368 + -97.6592 = 3.70853 over 300 frames.
UA027_5 sil i s t u r i s E S_j i t E j u n a S k i ts i sil 
LOG (lattice-best-path[5.5]:main():lattice-best-path.cc:99) For utterance UA047_27, best cost 69.2606 + -93.0311 = -23.7705 over 300 frames.
UA047_27 sil z a S l o t a w 1 z a ts E sil 
LOG (lattice-best-path[5.5]:main():lattice-best-path.cc:99) For utterance UA028_35, best cost 87.8063 + -91.2558 = -3.44952 over 306 frames.
UA028_35 sil n i S i n a S E s E a w 1 b i S t sil 
LOG (lattice-best-path[5.5]:main():lattice-best-path.cc:99) For utterance UA028_9, best cost 117.153 + -109.414 = 7.73931 over 306 frames.
UA028_9 sil s a m p o r m p r E ts_j O_~ d o l i t r E d i ts i n a sil 
LOG (lattice-best-path[5.5]:main():lattice-best-path.cc:99) For utterance UA028_97, best cost 57.0559 + -86.2749 = -29.219 over 306 frames.
UA028_97 sil S_j ts_j u m O rZ E i ya sil 
LOG (lattice-best-path[5.5]:main():lattice-best-path.cc:99) For utterance UA029_52, best cost 91.0044 + -98.3369 = -7.33244 over 306 frames.
UA029_52 sil j o s n a t E v i n o v\ a p r o E n sil 
LOG (lattice-best-path[5.5]:main():lattice-best-path.cc:99) For utterance UA031_50, best cost 117.386 + -96.0998 = 21.2863 over 306 frames.
UA031_50 sil t o m a s p r o v r Z b r a t E s e S E d E ts_j O_~ sil 
LOG (lattice-best-path[5.5]:main():lattice-best-path.cc:99) For utterance UA031_66, best cost 134.802 + -100.686 = 34.1161 over 306 frames.
UA031_66 sil t a b a s t a t E d O m t r e b a z a d E s p o i x a d E sil 
LOG (lattice-best-path[5.5]:main():lattice-best-path.cc:99) For utterance UA031_82, best cost 157.541 + -108.882 = 48.6589 over 306 frames.
UA031_82 sil e a l a k o s t i n a t a k i r o b o t E n a S a k t i n a p r b a S sil 
LOG (lattice-best-path[5.5]:main():lattice-best-path.cc:99) For utterance UA034_109, best cost 115.202 + -107.947 = 7.25478 over 306 frames.
UA034_109 sil p sil m e b u t_s\ e p r a ts i v a t E u tS E r n i sil 
LOG (lattice-best-path[5.5]:main():lattice-best-path.cc:99) For utterance UA035_76, best cost 99.831 + -84.9327 = 14.8983 over 306 frames.
UA035_76 sil v a l E d a k u z p r a l n a s n E s n a sil 
LOG (lattice-best-path[5.5]:main():lattice-best-path.cc:99) For utterance UA036_108, best cost 121.512 + -112.489 = 9.02299 over 306 frames.
UA036_108 sil k s r E p O s t r Z d a l a k n a d n a d a t i n a sil 
LOG (lattice-best-path[5.5]:main():lattice-best-path.cc:99) For utterance UA038_65, best cost 106.156 + -92.2921 = 13.864 over 306 frames.
UA038_65 sil v O d o g r a S e n i d E n E z n E S w a sil 
LOG (lattice-best-path[5.5]:main():lattice-best-path.cc:99) For utterance UA038_98, best cost 121.55 + -114.793 = 6.75713 over 306 frames.
UA038_98 sil p O z a r a d E n s k i tS E s i v t o d r u b u k u sil 
LOG (lattice-best-path[5.5]:main():lattice-best-path.cc:99) For utterance UA039_78, best cost 114.874 + -110.515 = 4.35901 over 306 frames.
UA039_78 sil p t a j u rZ E d E l i z b r u j b u g i S 1 sil 
LOG (lattice-best-path[5.5]:main():lattice-best-path.cc:99) For utterance UA040_86, best cost 110.215 + -98.1092 = 12.1057 over 306 frames.
UA040_86 sil v i s k o d u S u S E s t o d u p o t a ts_j v sil 
LOG (lattice-best-path[5.5]:main():lattice-best-path.cc:99) For utterance UA044_43, best cost 122.007 + -112.7 = 9.30627 over 306 frames.
UA044_43 sil p t a a l E n a S a s e l a z a r O z v i E_~ ts_j u m sil 
LOG (lattice-best-path[5.5]:main():lattice-best-path.cc:99) For utterance UA045_15, best cost 103.559 + -95.9515 = 7.60778 over 306 frames.
UA045_15 sil t a j o d i p r a d u ts a r dz_j E m n o ya sil 
LOG (lattice-best-path[5.5]:main():lattice-best-path.cc:99) For utterance UA045_54, best cost 89.3002 + -97.4628 = -8.16265 over 306 frames.
UA045_54 sil v e i s p r a d i p i S 1 z i ts E sil 
LOG (lattice-best-path[5.5]:main():lattice-best-path.cc:99) For utterance UA031_15, best cost 130.016 + -97.6625 = 32.3531 over 313 frames.
UA031_15 sil a w a p E S E k u k i n a tS E m u S l a k u z r O b u n sil 
LOG (lattice-best-path[5.5]:main():lattice-best-path.cc:99) For utterance UA034_70, best cost 127.368 + -106.019 = 21.349 over 313 frames.
UA034_70 sil i: m a m O v a k o s t o ts i x O s u b i n a k o r s t sil 
LOG (lattice-best-path[5.5]:main():lattice-best-path.cc:99) For utterance UA038_80, best cost 103.229 + -93.9214 = 9.30785 over 313 frames.
UA038_80 sil o l i n i ya t r u x u rZ E z a t r m a n o sil 
LOG (lattice-best-path[5.5]:main():lattice-best-path.cc:99) For utterance UA028_58, best cost 109.311 + -101.97 = 7.3404 over 319 frames.
UA028_58 sil ts E t r b a b o b a ts_j E n a l a s n i u tS i sil 
LOG (lattice-best-path[5.5]:main():lattice-best-path.cc:99) For utterance UA033_32, best cost 132.759 + -118.336 = 14.4227 over 319 frames.
UA033_32 sil p o n a j a d O m a z a u S u j s E tS O i t i d i n E sil 
LOG (lattice-best-path[5.5]:main():lattice-best-path.cc:99) For utterance UA034_106, best cost 130.26 + -123.65 = 6.6103 over 319 frames.
UA034_106 sil p a l a d a i p r O v a tS E n i a S E d u rZ E d a l a k o sil 
LOG (lattice-best-path[5.5]:main():lattice-best-path.cc:99) For utterance UA035_84, best cost 92.4758 + -96.1142 = -3.63845 over 319 frames.
UA035_84 sil n a S i k r i n i s E n e d b u s E sil 
LOG (lattice-best-path[5.5]:main():lattice-best-path.cc:99) For utterance UA036_26, best cost 116.293 + -119.768 = -3.47573 over 319 frames.
UA036_26 sil b a t o p r a S a m O rZ n a l s p o j s t 1 S_j E sil 
LOG (lattice-best-path[5.5]:main():lattice-best-path.cc:99) For utterance UA041_46, best cost 107.147 + -99.1459 = 8.00101 over 319 frames.
UA041_46 sil v e a ts E f O k p o d r b u d u s i tS E sil 
LOG (lattice-best-path[5.5]:main():lattice-best-path.cc:99) For utterance UA027_39, best cost 84.138 + -90.9988 = -6.86083 over 325 frames.
UA027_39 sil a t o s E s t E s u i s E s O_~ ts i sil 
LOG (lattice-best-path[5.5]:main():lattice-best-path.cc:99) For utterance UA033_39, best cost 127.181 + -114.552 = 12.6296 over 325 frames.
UA033_39 sil 9 n a s t o b n o n i a p r i x O v i x n a tS a n 1 sil 
LOG (lattice-best-path[5.5]:main():lattice-best-path.cc:99) For utterance UA037_105, best cost 106.868 + -106.102 = 0.765884 over 325 frames.
UA037_105 sil n e t u s t E z a m i S m o m u p o s a l a sil 
LOG (lattice-best-path[5.5]:main():lattice-best-path.cc:99) For utterance UA038_19, best cost 104.463 + -120.444 = -15.981 over 325 frames.
UA038_19 sil p S u p o t i m i z n 1 x o s t E o d i n sil 
LOG (lattice-best-path[5.5]:main():lattice-best-path.cc:99) For utterance UA038_97, best cost 133.105 + -114.433 = 18.672 over 325 frames.
UA038_97 sil t O d o r u k O b u d i n i s t o k o n u z a v a S E t E sil 
LOG (lattice-best-path[5.5]:main():lattice-best-path.cc:99) For utterance UA039_39, best cost 92.299 + -103.711 = -11.4115 over 325 frames.
UA039_39 sil v e u ts i s t u i b a t o tS E m u sil 
LOG (lattice-best-path[5.5]:main():lattice-best-path.cc:99) For utterance UA042_11, best cost 150.741 + -129.191 = 21.55 over 325 frames.
UA042_11 sil v e ts i k O m p a n i b u l o i s E m r m a l a d y z i n o k sil 
LOG (lattice-best-path[5.5]:main():lattice-best-path.cc:99) For utterance UA042_71, best cost 122.145 + -105.122 = 17.0238 over 325 frames.
UA042_71 sil p o p t a l u d a n a z v a l E p O rZ E n a s l i t E sil 
LOG (lattice-best-path[5.5]:main():lattice-best-path.cc:99) For utterance UA044_33, best cost 102.634 + -114.006 = -11.3722 over 325 frames.
UA044_33 sil k o i m O v s u v o l i i p r k a n a n i sil 
LOG (lattice-best-path[5.5]:main():lattice-best-path.cc:99) For utterance UA045_18, best cost 100.173 + -108.762 = -8.58917 over 325 frames.
UA045_18 sil p dZ e b i S E s t i ts E v 1 k i r O S_j i sil 
LOG (lattice-best-path[5.5]:main():lattice-best-path.cc:99) For utterance UA034_41, best cost 141.976 + -118.356 = 23.6205 over 331 frames.
UA034_41 sil v o: m a n e d i n a s E s t r a j a k a m a S k a n a h a S_j i n i sil 
LOG (lattice-best-path[5.5]:main():lattice-best-path.cc:99) For utterance UA035_26, best cost 137.013 + -125.501 = 11.5117 over 331 frames.
UA035_26 sil a tS E z p E n a tS a s t a dZ e S a S_j i o d n a z a j a v a sil 
LOG (lattice-best-path[5.5]:main():lattice-best-path.cc:99) For utterance UA041_48, best cost 96.542 + -93.7658 = 2.77618 over 331 frames.
UA041_48 sil p o g O S_j i o s i b r b E_~ d o d E k a sil 
LOG (lattice-best-path[5.5]:main():lattice-best-path.cc:99) For utterance UA028_79, best cost 105.878 + -85.2055 = 20.673 over 338 frames.
UA028_79 sil n a p a t i n a b o v\ i n a m i s p i p r a t sil 
LOG (lattice-best-path[5.5]:main():lattice-best-path.cc:99) For utterance UA032_99, best cost 118.591 + -119.55 = -0.959511 over 338 frames.
UA032_99 sil p O dz_j i z i 4 t }: s ts E r n 1 x O dz_j i w a s E sil 
LOG (lattice-best-path[5.5]:main():lattice-best-path.cc:99) For utterance UA038_59, best cost 147.672 + -133.909 = 13.7628 over 338 frames.
UA038_59 sil p s t a v d a p o t a t O_~ tS E r k a s k e m i s k o j e 4 a d a sil 
LOG (lattice-best-path[5.5]:main():lattice-best-path.cc:99) For utterance UA041_32, best cost 120.713 + -112.798 = 7.91516 over 338 frames.
UA041_32 sil t sil z a z a t o b i u rZ 1 b u r d u k r i n s E sil 
LOG (lattice-best-path[5.5]:main():lattice-best-path.cc:99) For utterance UA042_6, best cost 117.547 + -115.533 = 2.01438 over 338 frames.
UA042_6 sil p o n a s u l i s n i r u k i b 1 S_j n i l u d i sil 
LOG (lattice-best-path[5.5]:main():lattice-best-path.cc:99) For utterance UA042_74, best cost 135.133 + -129.233 = 5.8998 over 338 frames.
UA042_74 sil k tS o l i k i d r u rZ E n a p O v i n i b u t r a z a m sil 
LOG (lattice-best-path[5.5]:main():lattice-best-path.cc:99) For utterance UA045_107, best cost 110.49 + -99.8246 = 10.6655 over 338 frames.
UA045_107 sil z a r a s t E t r i n a p r e t_s\ e u l v O dz_j E sil 
LOG (lattice-best-path[5.5]:main():lattice-best-path.cc:99) For utterance UA037_71, best cost 139.546 + -119.435 = 20.1107 over 344 frames.
UA037_71 sil p i s i o p r a ts i b a b u s E s t a l a z n a tS n o l E x sil 
LOG (lattice-best-path[5.5]:main():lattice-best-path.cc:99) For utterance UA038_32, best cost 118.111 + -110.409 = 7.70222 over 344 frames.
UA038_32 sil v E t i l k u S t i f u n o s n a ts E n a m o ya sil 
LOG (lattice-best-path[5.5]:main():lattice-best-path.cc:99) For utterance UA044_35, best cost 146.123 + -123.001 = 23.1218 over 344 frames.
UA044_35 sil k a sil n a r u d n E dz_j i m i t k r s a n a s t u v n o r O k u sil 
LOG (lattice-best-path[5.5]:main():lattice-best-path.cc:99) For utterance UA032_26, best cost 120.254 + -109.957 = 10.2974 over 350 frames.
UA032_26 sil p r o t y s t o j u x u p O rZ E p O z d a m l o sil 
LOG (lattice-best-path[5.5]:main():lattice-best-path.cc:99) For utterance UA034_17, best cost 133.668 + -107.317 = 26.3509 over 350 frames.
UA034_17 sil 9 J\: M S k a ts l a v E p r o s t o n O rZ n a b E s a t i sil 
LOG (lattice-best-path[5.5]:main():lattice-best-path.cc:99) For utterance UA038_26, best cost 128.419 + -126.108 = 2.31182 over 350 frames.
UA038_26 sil p sil z a r o d e k i d E t 1 m j e s u b i p S O v sil 
LOG (lattice-best-path[5.5]:main():lattice-best-path.cc:99) For utterance UA039_9, best cost 121.356 + -118.083 = 3.27305 over 350 frames.
UA039_9 sil t o d i n i z n d 1 x i o n i d e n a w b r a tS E sil 
LOG (lattice-best-path[5.5]:main():lattice-best-path.cc:99) For utterance UA045_32, best cost 111.535 + -114.47 = -2.93418 over 350 frames.
UA045_32 sil J\ e ts j o b r a l j a l u x i z l a d e n sil 
LOG (lattice-best-path[5.5]:main():lattice-best-path.cc:99) For utterance UA045_41, best cost 135.179 + -124.709 = 10.47 over 350 frames.
UA045_41 sil v i r a s t a S 1 v a J a S k i u j a k i s n e t_s\ e J sil 
LOG (lattice-best-path[5.5]:main():lattice-best-path.cc:99) For utterance UA032_84, best cost 117.185 + -114.198 = 2.98607 over 356 frames.
UA032_84 sil k a t a k }: C }: d e j u k r i n i m i l o n 1 sil 
LOG (lattice-best-path[5.5]:main():lattice-best-path.cc:99) For utterance UA035_51, best cost 151.124 + -130.183 = 20.9407 over 356 frames.
UA035_51 sil o x O tS a v p a S E l i k r o b u t E p r a t a k a n E d e ts E sil 
LOG (lattice-best-path[5.5]:main():lattice-best-path.cc:99) For utterance UA039_86, best cost 133.316 + -124.774 = 8.54235 over 356 frames.
UA039_86 sil t o t o n a s e t a p r o s t u a l E v i n d e b u i ts E sil 
LOG (lattice-best-path[5.5]:main():lattice-best-path.cc:99) For utterance UA029_105, best cost 102.312 + -121.262 = -18.9507 over 363 frames.
UA029_105 sil j e k i u d i b u i t E p E u s i n E sil 
LOG (lattice-best-path[5.5]:main():lattice-best-path.cc:99) For utterance UA037_108, best cost 126.202 + -123.225 = 2.9771 over 363 frames.
UA037_108 sil a a l a j u i d i 4 M n i x t o n 1 p i t r m o sil 
LOG (lattice-best-path[5.5]:main():lattice-best-path.cc:99) For utterance UA039_56, best cost 149.385 + -140.532 = 8.85243 over 363 frames.
UA039_56 sil t a a w E p o tS a w 1 p r u tS E v a t E i s p r a v a p i S l a sil 
LOG (lattice-best-path[5.5]:main():lattice-best-path.cc:99) For utterance UA040_98, best cost 178.171 + -135.472 = 42.6988 over 363 frames.
UA040_98 sil p d u tS E ts_j v i o m u z a p o s u S_j i E_~ rZ 1 x u tS a s n i k i v o r i v sil 
LOG (lattice-best-path[5.5]:main():lattice-best-path.cc:99) For utterance UA041_19, best cost 132.05 + -113.542 = 18.508 over 363 frames.
UA041_19 sil p O v o p l u d E j a k o t r e d i l a s e b 1 b a ts_j sil 
LOG (lattice-best-path[5.5]:main():lattice-best-path.cc:99) For utterance UA045_76, best cost 144.15 + -122.182 = 21.9678 over 363 frames.
UA045_76 sil p a dZ i u d e: n a s i l i f a k t i tS E S_j ts_j O_~ g o Z E m u ts_j sil 
LOG (lattice-best-path[5.5]:main():lattice-best-path.cc:99) For utterance UA047_15, best cost 103.172 + -102.946 = 0.226692 over 363 frames.
UA047_15 sil s o j d i m a d e b a i t E k a S E s t E sil 
LOG (lattice-best-path[5.5]:main():lattice-best-path.cc:99) For utterance UA083_109, best cost 120.954 + -125.414 = -4.45996 over 363 frames.
UA083_109 sil n e ts E t a t i x r i n a x j a k n i m E tS E n a sil 
LOG (lattice-best-path[5.5]:main():lattice-best-path.cc:99) For utterance UA027_46, best cost 91.9397 + -107.851 = -15.9111 over 369 frames.
UA027_46 sil n a s a n d r e s a n f a t n i s E m sil 
LOG (lattice-best-path[5.5]:main():lattice-best-path.cc:99) For utterance UA029_96, best cost 87.7041 + -115.122 = -27.4183 over 369 frames.
UA029_96 sil t a n 4 i tS i dZ e t i b u n a s sil 
LOG (lattice-best-path[5.5]:main():lattice-best-path.cc:99) For utterance UA032_92, best cost 128.757 + -124.131 = 4.62678 over 369 frames.
UA032_92 sil t p o s a d r a j o n O w i p i o t a t i z n i o sil 
LOG (lattice-best-path[5.5]:main():lattice-best-path.cc:99) For utterance UA036_46, best cost 127.967 + -127.993 = -0.0259857 over 369 frames.
UA036_46 sil j a b a t O v n a s a z a w E rZ E dz_j E d n a s a m a x sil 
LOG (lattice-best-path[5.5]:main():lattice-best-path.cc:99) For utterance UA039_6, best cost 144.181 + -136.934 = 7.24649 over 369 frames.
UA039_6 sil b e s i o g O k r i: n s k a d E rZ a v a n E v i b u d i ts E sil 
LOG (lattice-best-path[5.5]:main():lattice-best-path.cc:99) For utterance UA047_65, best cost 110.56 + -112.46 = -1.89951 over 369 frames.
UA047_65 sil j u S E g o s k a z a S 1 v i n d a p r o k u r sil 
LOG (lattice-best-path[5.5]:main():lattice-best-path.cc:99) For utterance UA032_98, best cost 137.042 + -133.663 = 3.37946 over 375 frames.
UA032_98 sil p a rZ E m y s i u r O m a dZ a n E d a S l u k r i m E sil 
LOG (lattice-best-path[5.5]:main():lattice-best-path.cc:99) For utterance UA034_30, best cost 153.698 + -125.137 = 28.5613 over 375 frames.
UA034_30 sil p e d a z n a t E n O v i z a m O n i a p r a t 1 S_j n a m u Z u n sil 
LOG (lattice-best-path[5.5]:main():lattice-best-path.cc:99) For utterance UA035_47, best cost 158.691 + -141.472 = 17.2191 over 375 frames.
UA035_47 sil d e: m a z i t k i b r a t E k o S t a n d a b u tS a t u b i z n a s u sil 
LOG (lattice-best-path[5.5]:main():lattice-best-path.cc:99) For utterance UA038_51, best cost 129.478 + -121.304 = 8.17339 over 375 frames.
UA038_51 sil v u rZ E t r i t i i k O v O n o p r E ts_j i v E t a l i sil 
LOG (lattice-best-path[5.5]:main():lattice-best-path.cc:99) For utterance UA042_9, best cost 154.098 + -136.308 = 17.7903 over 375 frames.
UA042_9 sil k e k a m i s i ts i v t a u i n t a t i p r i x v o g r j n o sil 
LOG (lattice-best-path[5.5]:main():lattice-best-path.cc:99) For utterance UA027_30, best cost 90.7796 + -100.383 = -9.60354 over 381 frames.
UA027_30 sil d o v i S E s k a t E S_j ts_j E v g r i sil 
LOG (lattice-best-path[5.5]:main():lattice-best-path.cc:99) For utterance UA032_23, best cost 151.379 + -133.738 = 17.6409 over 381 frames.
UA032_23 sil p r i ts O m O rZ O_~ v a rZ a t j m u t_s\ e d u rZ E p o S a s t u sil 
LOG (lattice-best-path[5.5]:main():lattice-best-path.cc:99) For utterance UA033_11, best cost 123.297 + -122.89 = 0.407555 over 381 frames.
UA033_11 sil i i p o t a v\ e m a S_j r a m o s o d n o b o d E sil 
LOG (lattice-best-path[5.5]:main():lattice-best-path.cc:99) For utterance UA033_83, best cost 161.718 + -146.604 = 15.1142 over 381 frames.
UA033_83 sil k ts_j O_~ p O tS a t E j i n a d u k u p a n a k o s t a n t E n a t r e b a sil 
LOG (lattice-best-path[5.5]:main():lattice-best-path.cc:99) For utterance UA035_4, best cost 156.739 + -134.147 = 22.5923 over 381 frames.
UA035_4 sil p sil s i s t E n a p s a l t i s t a n a z n a j e d i n 1 m a t r i sil 
LOG (lattice-best-path[5.5]:main():lattice-best-path.cc:99) For utterance UA040_85, best cost 136.544 + -123.272 = 13.272 over 381 frames.
UA040_85 sil p r a ts i t O v a t_s\ e b a a t O h U n u t_s\ e d u rZ E m o sil 
LOG (lattice-best-path[5.5]:main():lattice-best-path.cc:99) For utterance UA041_99, best cost 157.611 + -129.641 = 27.97 over 381 frames.
UA041_99 sil v tS u l i k a t r v\ o d w a s p u l g O p o z b O J a v o l E sil 
LOG (lattice-best-path[5.5]:main():lattice-best-path.cc:99) For utterance UA083_105, best cost 85.8562 + -107.01 = -21.154 over 381 frames.
UA083_105 sil k a l E v i ts E l a z r b u j v sil 
LOG (lattice-best-path[5.5]:main():lattice-best-path.cc:99) For utterance UA083_51, best cost 94.9842 + -121.449 = -26.4649 over 381 frames.
UA083_51 sil p sil i ts E n a b r o s t a z a j a v E sil 
LOG (lattice-best-path[5.5]:main():lattice-best-path.cc:99) For utterance UA029_109, best cost 127.821 + -133.897 = -6.07534 over 388 frames.
UA029_109 sil b i S y d e p o tS E l a i z d E t E d o k r a i n i sil 
LOG (lattice-best-path[5.5]:main():lattice-best-path.cc:99) For utterance UA029_88, best cost 98.463 + -128.292 = -29.8288 over 388 frames.
UA029_88 sil p r i tS u m s t o sil i b i S E r o t i sil 
LOG (lattice-best-path[5.5]:main():lattice-best-path.cc:99) For utterance UA039_91, best cost 120.47 + -127.201 = -6.73171 over 388 frames.
UA039_91 sil t i b i S 1 j a k s u v a n a w a n d a t o m o d a sil 
LOG (lattice-best-path[5.5]:main():lattice-best-path.cc:99) For utterance UA042_66, best cost 168.403 + -149.186 = 19.217 over 388 frames.
UA042_66 sil p t E m dZ a s u z b r E x t i n d a l o s a n E t a k u rZ E b a h a t a sil 
LOG (lattice-best-path[5.5]:main():lattice-best-path.cc:99) For utterance UA047_80, best cost 143.985 + -139.128 = 4.8569 over 388 frames.
UA047_80 sil v S u m O rZ O b u l o z r u b u d y t E k i x u m o v sil 
LOG (lattice-best-path[5.5]:main():lattice-best-path.cc:99) For utterance UA083_1, best cost 123.545 + -135.972 = -12.4274 over 388 frames.
UA083_1 sil t n a p a s t a v a l E v a l i k o ts i n o n a h a s sil 
LOG (lattice-best-path[5.5]:main():lattice-best-path.cc:99) For utterance UA083_73, best cost 113.787 + -142.097 = -28.3097 over 388 frames.
UA083_73 sil t a S k i a n a s i x m o Z n a p a ts_j u t E sil 
LOG (lattice-best-path[5.5]:main():lattice-best-path.cc:99) For utterance UA088_95, best cost 123.124 + -130.266 = -7.1422 over 388 frames.
UA088_95 sil v E t E z a r a d e t_s\ u l u d i n a p r a ts j u j E sil 
LOG (lattice-best-path[5.5]:main():lattice-best-path.cc:99) For utterance UA027_8, best cost 154.806 + -138.209 = 16.5974 over 394 frames.
UA027_8 sil dZ a s t r a n d a S_j r O S_j i tS E l i k a s a t r m M n a r i E_~ ts_j m sil 
LOG (lattice-best-path[5.5]:main():lattice-best-path.cc:99) For utterance UA036_79, best cost 121.489 + -133.503 = -12.0142 over 394 frames.
UA036_79 sil p O n a s t a m a g r O rZ E n a j O p o r u S a n i ya sil 
LOG (lattice-best-path[5.5]:main():lattice-best-path.cc:99) For utterance UA047_74, best cost 133.152 + -122.643 = 10.5092 over 394 frames.
UA047_74 sil k a d o g u t_s\ e k o i tS u n d a r o b E d l E l d 1 sil 
LOG (lattice-best-path[5.5]:main():lattice-best-path.cc:99) For utterance UA047_86, best cost 133.476 + -127.482 = 5.99459 over 394 frames.
UA047_86 sil i i d a k i n dZ i n a m E z r o b a m o k o g l a z a t sil 
LOG (lattice-best-path[5.5]:main():lattice-best-path.cc:99) For utterance UA029_3, best cost 79.8833 + -116.718 = -36.835 over 400 frames.
UA029_3 sil a l E n a n ts i n e ts i k a o sil 
LOG (lattice-best-path[5.5]:main():lattice-best-path.cc:99) For utterance UA033_75, best cost 152.148 + -145.016 = 7.13148 over 400 frames.
UA033_75 sil t z a ts E m a j b u d i n sil i m s o S a x O v n a s t a m a n sil 
LOG (lattice-best-path[5.5]:main():lattice-best-path.cc:99) For utterance UA037_45, best cost 164.134 + -141.738 = 22.3952 over 400 frames.
UA037_45 sil e i S i n s i s t i l k r o k i v n a s k i k a v a n a v 1 l e d a j sil 
LOG (lattice-best-path[5.5]:main():lattice-best-path.cc:99) For utterance UA042_85, best cost 135.95 + -122.616 = 13.3338 over 400 frames.
UA042_85 sil v o d E Z d a r a ts i n a z b r a j ts E ts_j u r o b i t E sil 
LOG (lattice-best-path[5.5]:main():lattice-best-path.cc:99) For utterance UA047_3, best cost 151.416 + -143.256 = 8.16005 over 400 frames.
UA047_3 sil d e: b u d a d E S E z a x O l i ts a z a l e b O rZ 1 w a s 1 w a sil 
LOG (lattice-best-path[5.5]:main():lattice-best-path.cc:99) For utterance UA083_57, best cost 135.643 + -138.195 = -2.55197 over 400 frames.
UA083_57 sil p ts E p o t r b u j a z a s i i k a r i v n e s t r a m sil 
LOG (lattice-best-path[5.5]:main():lattice-best-path.cc:99) For utterance UA029_44, best cost 93.7955 + -129.625 = -35.8296 over 406 frames.
UA029_44 sil o d u n t E p o v s i t o i x a s sil 
LOG (lattice-best-path[5.5]:main():lattice-best-path.cc:99) For utterance UA034_61, best cost 189.438 + -151.027 = 38.4105 over 406 frames.
UA034_61 sil v e o t_s\ e p o k m a p r O x O d o s E d e tS E s p r m S_j i n i a p o b a tS u n sil 
LOG (lattice-best-path[5.5]:main():lattice-best-path.cc:99) For utterance UA045_9, best cost 133.235 + -136.429 = -3.19342 over 406 frames.
UA045_9 sil p sil t o: t r a J\ e dZ i n E d a u s i o n E k n a t E sil 
LOG (lattice-best-path[5.5]:main():lattice-best-path.cc:99) For utterance UA083_30, best cost 129.22 + -135.528 = -6.30753 over 406 frames.
UA083_30 sil k p O S_j i m O z a t a ts i l k i v 1 k a r E s p E t E sil 
LOG (lattice-best-path[5.5]:main():lattice-best-path.cc:99) For utterance UA036_30, best cost 125.008 + -134.417 = -9.40871 over 413 frames.
UA036_30 sil a l E S a n a m p O v i d a m l e t_s\ e l s t E Z i n sil 
LOG (lattice-best-path[5.5]:main():lattice-best-path.cc:99) For utterance UA039_26, best cost 173.971 + -152.673 = 21.2977 over 413 frames.
UA039_26 sil k e k a m i s i ts i v p i s E z a t r m E n i a v i m p r i f u s i z o sil 
LOG (lattice-best-path[5.5]:main():lattice-best-path.cc:99) For utterance UA039_88, best cost 168.404 + -153.074 = 15.3302 over 413 frames.
UA039_88 sil p l a tS a l e k a a r a j v i dZ u v n o t r S i s p r a x n E m a n i sil 
LOG (lattice-best-path[5.5]:main():lattice-best-path.cc:99) For utterance UA029_99, best cost 134.74 + -143.554 = -8.81459 over 419 frames.
UA029_99 sil v ts i tS E l a i k t E Z i k a m a n M l a s n d i t i n sil 
LOG (lattice-best-path[5.5]:main():lattice-best-path.cc:99) For utterance UA037_91, best cost 154.802 + -155.156 = -0.354218 over 419 frames.
UA037_91 sil p r a v o x r o n s i z n a S u j u x o o v a s n i o s E l E sil 
LOG (lattice-best-path[5.5]:main():lattice-best-path.cc:99) For utterance UA029_34, best cost 111.044 + -116.214 = -5.16933 over 425 frames.
UA029_34 sil n u x a 4 k i d u S a z 1 S_j i n s sil v 1 sil 
LOG (lattice-best-path[5.5]:main():lattice-best-path.cc:99) For utterance UA083_52, best cost 98.9744 + -121.018 = -22.0435 over 425 frames.
UA083_52 sil v s a b u n a b E S E z v E r n a n i a sil 
LOG (lattice-best-path[5.5]:main():lattice-best-path.cc:99) For utterance UA027_84, best cost 118.853 + -137.501 = -18.6473 over 431 frames.
UA027_84 sil tS a l E z o s i n E d a n a s t a l a s E n d i w a sil 
LOG (lattice-best-path[5.5]:main():lattice-best-path.cc:99) For utterance UA032_65, best cost 187.541 + -166.879 = 20.6617 over 431 frames.
UA032_65 sil p S E b Z i z r u z u m i t }: t r e b a s a m u d u z b a v a t O z n a t E sil 
LOG (lattice-best-path[5.5]:main():lattice-best-path.cc:99) For utterance UA036_18, best cost 138.792 + -146.76 = -7.96767 over 431 frames.
UA036_18 sil b i S a r o k o j o s E r E d O dz_j E i n a s u m S_j E_~ dz_j E sil 
LOG (lattice-best-path[5.5]:main():lattice-best-path.cc:99) For utterance UA083_22, best cost 132.078 + -136.897 = -4.81909 over 431 frames.
UA083_22 sil j a S E j e n a n i r dz_j i s n a S 9 z r O b u i t E sil 
LOG (lattice-best-path[5.5]:main():lattice-best-path.cc:99) For utterance UA083_95, best cost 123.733 + -131.093 = -7.35966 over 431 frames.
UA083_95 sil n a n t r a b a b i S E r a z m i t E ts 1 x i d e i sil 
LOG (lattice-best-path[5.5]:main():lattice-best-path.cc:99) For utterance UA027_49, best cost 137.418 + -135.379 = 2.03894 over 438 frames.
UA027_49 sil tS a l i k a d r a z a s u z a t r n o v O v d a n l i ts i sil 
LOG (lattice-best-path[5.5]:main():lattice-best-path.cc:99) For utterance UA029_94, best cost 119.458 + -137.898 = -18.4401 over 438 frames.
UA029_94 sil s E z b l a p s M l a u k r i: n s k a i n o k i sil 
LOG (lattice-best-path[5.5]:main():lattice-best-path.cc:99) For utterance UA047_35, best cost 136.172 + -134.536 = 1.63669 over 438 frames.
UA047_35 sil v a j a k a j o d u n k a ts E Z d a z u t_s\ e d O rZ 1 w a sil 
LOG (lattice-best-path[5.5]:main():lattice-best-path.cc:99) For utterance UA035_21, best cost 159.614 + -155.42 = 4.19388 over 444 frames.
UA035_21 sil t i n dZ e z d v a d n i sil t a z n o t r i x a d a m a n a s t E j a n sil 
LOG (lattice-best-path[5.5]:main():lattice-best-path.cc:99) For utterance UA039_37, best cost 175.09 + -162.413 = 12.6773 over 444 frames.
UA039_37 sil p i tS u r O b u t u v i n z a p a p o n o v E k u n a t E u k s a n d r u sil 
LOG (lattice-best-path[5.5]:main():lattice-best-path.cc:99) For utterance UA040_6, best cost 137.141 + -129.208 = 7.93315 over 444 frames.
UA040_6 sil j a z v a s t u m u z e b a a t { s` o: m i b u p r E d a t sil 
LOG (lattice-best-path[5.5]:main():lattice-best-path.cc:99) For utterance UA042_84, best cost 178.023 + -162.174 = 15.849 over 444 frames.
UA042_84 sil p sil t a k i m tS i n a m s e d a z 1 v a j p o tS a t k o t a r d o p O l a sil 
LOG (lattice-best-path[5.5]:main():lattice-best-path.cc:99) For utterance UA088_27, best cost 159.116 + -164.351 = -5.23567 over 444 frames.
UA088_27 sil 9 t a r a z a m z a l O v o j u p i p i S u j o d r u x a t u sil 
LOG (lattice-best-path[5.5]:main():lattice-best-path.cc:99) For utterance UA027_91, best cost 132.222 + -153.608 = -21.3856 over 450 frames.
UA027_91 sil s p t_s\ a t k u n E d u n i r u S E i n i p r a x r a n sil 
LOG (lattice-best-path[5.5]:main():lattice-best-path.cc:99) For utterance UA031_63, best cost 197.948 + -163.848 = 34.1004 over 450 frames.
UA031_63 sil k o tS O r a v r a n s E p r s u z b a u v a ts E k i s k o p a t r h a t o p e d a m a sil 
LOG (lattice-best-path[5.5]:main():lattice-best-path.cc:99) For utterance UA045_73, best cost 177.493 + -173.894 = 3.59897 over 450 frames.
UA045_73 sil p O v a n a p r a g n e 4 i z v a t E s E b E n M n O v O m i ts i r o b o t E sil 
LOG (lattice-best-path[5.5]:main():lattice-best-path.cc:99) For utterance UA083_26, best cost 143.523 + -152.791 = -9.26804 over 450 frames.
UA083_26 sil 9 t a k a s E t a ts e d u rZ E p a d o b e s E z a x a d u sil 
LOG (lattice-best-path[5.5]:main():lattice-best-path.cc:99) For utterance UA038_106, best cost 191.451 + -167.234 = 24.2168 over 463 frames.
UA038_106 sil J\ 9 z r u b u s p r s E p o o t i k r u k e k i p o v o d e: n b u z r o b i t a sil 
LOG (lattice-best-path[5.5]:main():lattice-best-path.cc:99) For utterance UA027_25, best cost 162.107 + -151.222 = 10.885 over 469 frames.
UA027_25 sil v 1 ts_j i n a dZ M n h a t E k a l j E z n a s E S_j i n a j v i z v E S_j i sil 
LOG (lattice-best-path[5.5]:main():lattice-best-path.cc:99) For utterance UA035_12, best cost 182.979 + -176.389 = 6.58974 over 469 frames.
UA035_12 sil p a s t a n 1 m E n a rZ n a n i s t E a g r m a ts k a r E n i z a ts j o b a s t i sil 
LOG (lattice-best-path[5.5]:main():lattice-best-path.cc:99) For utterance UA038_24, best cost 159.872 + -153.35 = 6.52209 over 469 frames.
UA038_24 sil p o s l i v a n u t_s\ e b i n M n o tS E k a S E n i d o b r e d o m a sil 
LOG (lattice-best-path[5.5]:main():lattice-best-path.cc:99) For utterance UA044_19, best cost 137.392 + -152.298 = -14.9061 over 469 frames.
UA044_19 sil p sil b u s r E d n 1 x i k r s p a n d E n t sil o E m sil 
LOG (lattice-best-path[5.5]:main():lattice-best-path.cc:99) For utterance UA088_37, best cost 155.316 + -168.693 = -13.3773 over 469 frames.
UA088_37 sil p s t o j a w a s a b i o s t r O dz_j E j e s e 4 i ts k a p o s t k a sil 
LOG (lattice-best-path[5.5]:main():lattice-best-path.cc:99) For utterance UA032_64, best cost 173.594 + -165.416 = 8.17784 over 475 frames.
UA032_64 sil v i m E t a O z n E g w a o d n a z m i S E t E n a s E w E u k r i m sil 
LOG (lattice-best-path[5.5]:main():lattice-best-path.cc:99) For utterance UA032_95, best cost 173.143 + -160.067 = 13.0762 over 475 frames.
UA032_95 sil t s t E o p a S z a s E t o m u tS E m a u t a k E sil t e 4 i n i ts t o sil 
LOG (lattice-best-path[5.5]:main():lattice-best-path.cc:99) For utterance UA088_1, best cost 199.51 + -182.156 = 17.3538 over 475 frames.
UA088_1 sil dZ i n g a s p r a n d E d a h a d a v a s a n E v i S E z a x O rZ 1 m u z d a s E i v a n sil 
LOG (lattice-best-path[5.5]:main():lattice-best-path.cc:99) For utterance UA045_61, best cost 184.048 + -181.093 = 2.95541 over 481 frames.
UA045_61 sil 9 n i n i b a Z e t_s\ e p r b a t E z a m E l d i l e n k u v t E S_j ts_j i m a l a sil 
LOG (lattice-best-path[5.5]:main():lattice-best-path.cc:99) For utterance UA032_71, best cost 212.164 + -178.965 = 33.1989 over 488 frames.
UA032_71 sil 9 z a x O i k a b r o t a s a z a p r a v a t i p r e n s E s m a l o b i n o s o s p i l u sil 
LOG (lattice-best-path[5.5]:main():lattice-best-path.cc:99) For utterance UA083_3, best cost 139.153 + -153.573 = -14.4199 over 488 frames.
UA083_3 sil t a i s t o j a s a m u j E v r u p E b l a p i n s u m sil 
LOG (lattice-best-path[5.5]:main():lattice-best-path.cc:99) For utterance UA083_81, best cost 139.465 + -161.767 = -22.3019 over 488 frames.
UA083_81 sil j a z n a j u v S_j i a m z a r a s t 9 z n a p r o s t a n sil 
LOG (lattice-best-path[5.5]:main():lattice-best-path.cc:99) For utterance UA088_81, best cost 160.748 + -169.171 = -8.4229 over 488 frames.
UA088_81 sil p r o j a k i s p o s u l i t a k o j v a d E z a h a l i n E d E t s a sil 
LOG (lattice-best-path[5.5]:main():lattice-best-path.cc:99) For utterance UA047_84, best cost 137.233 + -153.894 = -16.6617 over 500 frames.
UA047_84 sil t O m u n a r o d n 1 v i E d E Z a 4 m a b u d i k o m sil 
LOG (lattice-best-path[5.5]:main():lattice-best-path.cc:99) For utterance UA083_99, best cost 148.704 + -167.278 = -18.5736 over 500 frames.
UA083_99 sil z i S E o b o k u x i s n o j a p r o b l E m O v 1 b a r u sil 
LOG (lattice-best-path[5.5]:main():lattice-best-path.cc:99) For utterance UA036_20, best cost 197.372 + -202.95 = -5.57736 over 538 frames.
UA036_20 sil p E Z a d o n k a S O v E n a k o z a k r a m a O v O a s t a 4 a ts 1 x r E t k i u sil 
LOG (lattice-best-path[5.5]:main():lattice-best-path.cc:99) For utterance UA047_50, best cost 205.147 + -188.186 = 16.9608 over 544 frames.
UA047_50 sil v e s k y S E p i d E z 1 x i S a d e n o k u tS a k o l i t o m u p r i d e k i d e t sil 
LOG (lattice-best-path[5.5]:main():lattice-best-path.cc:99) For utterance UA083_90, best cost 160.97 + -185.081 = -24.1114 over 544 frames.
UA083_90 sil v p o k e m a m a j m a t a k i i m i tS i i n i ts i l k i i m i ts_j sil 
LOG (lattice-best-path[5.5]:main():lattice-best-path.cc:99) For utterance UA036_57, best cost 190.97 + -175.506 = 15.4635 over 556 frames.
UA036_57 sil v e: t o n a p r i S O v k y dZ o g a n a p o E s n 1 x n dZ a n a z a p O n o v sil 
LOG (lattice-best-path[5.5]:main():lattice-best-path.cc:99) For utterance UA083_15, best cost 186.526 + -194.975 = -8.44856 over 575 frames.
UA083_15 sil k p r t E k y n e s o b i r u s i d e d n e v i m o t E s e n a m o Z E m sil 
LOG (lattice-best-path[5.5]:main():lattice-best-path.cc:99) For utterance UA083_18, best cost 189.443 + -206.492 = -17.0481 over 588 frames.
UA083_18 sil v e n a s t a v e tS n a p i d i S e s t a n d a r ts j rZ 1 ts j a b u k r i n i m sil 
LOG (lattice-best-path[5.5]:main():lattice-best-path.cc:99) For utterance UA088_110, best cost 197.089 + -191.539 = 5.55 over 588 frames.
UA088_110 sil 9 tS i n a s i s o v\ i x a t o s t o p O l a b i d n E n k O z a d a n a dZ i tS E n a sil 
LOG (lattice-best-path[5.5]:main():lattice-best-path.cc:99) For utterance UA037_101, best cost 226.651 + -225.562 = 1.08858 over 638 frames.
UA037_101 sil t o m u t a t E z b r a j ts i t i p o r u S_j i d a tS E k a S k u o g o d E Z e n i s t r a j s E sil 
LOG (lattice-best-path[5.5]:main():lattice-best-path.cc:99) For utterance UA083_58, best cost 179.264 + -206.704 = -27.4408 over 638 frames.
UA083_58 sil e sil a l E ts j o S e m a j a k a dZ a t a k i d a n d e s i i s n o }: t sil 
LOG (lattice-best-path[5.5]:main():lattice-best-path.cc:124) Overall cost per frame is 0.0102886 = 0.345811 [graph] + -0.335522 [acoustic] over 77096 frames.
LOG (lattice-best-path[5.5]:main():lattice-best-path.cc:128) Done 217 lattices, failed for 0
# Accounting: time=3 threads=1
# Ended (code 0) at Mon Apr 20 21:16:46 BST 2020, elapsed time 3 seconds
