# lattice-scale --inv-acoustic-scale=17 "ark:gunzip -c /home/paul/UPM/pytorch-kaldi/exp/UPM_RNN_mfcc_base_4_layers/decode_UA_only_out_dnn2/lat.*.gz|" ark:- | lattice-add-penalty --word-ins-penalty=0.5 ark:- ark:- | lattice-best-path --word-symbol-table=/home/paul/upm_exp/baseline_mfcc/data/lang/words.txt ark:- ark,t:- | utils/int2sym.pl -f 2- /home/paul/upm_exp/baseline_mfcc/data/lang/words.txt | local/wer_hyp_filter > /home/paul/UPM/pytorch-kaldi/exp/UPM_RNN_mfcc_base_4_layers/decode_UA_only_out_dnn2/scoring_kaldi/penalty_0.5/17.txt 
# Started at Mon Apr 20 21:16:14 BST 2020
#
lattice-scale --inv-acoustic-scale=17 'ark:gunzip -c /home/paul/UPM/pytorch-kaldi/exp/UPM_RNN_mfcc_base_4_layers/decode_UA_only_out_dnn2/lat.*.gz|' ark:- 
lattice-best-path --word-symbol-table=/home/paul/upm_exp/baseline_mfcc/data/lang/words.txt ark:- ark,t:- 
lattice-add-penalty --word-ins-penalty=0.5 ark:- ark:- 
LOG (lattice-best-path[5.5]:main():lattice-best-path.cc:99) For utterance UA031_91, best cost 55.1904 + -44.6605 = 10.5299 over 181 frames.
UA031_91 sil k a n a s E t a p r o s t a sil 
LOG (lattice-best-path[5.5]:main():lattice-best-path.cc:99) For utterance UA038_7, best cost 46.9958 + -41.9334 = 5.06244 over 188 frames.
UA038_7 sil b i n u S E z a ts E sil 
LOG (lattice-best-path[5.5]:main():lattice-best-path.cc:99) For utterance UA044_67, best cost 53.7926 + -49.1454 = 4.64714 over 188 frames.
UA044_67 sil p a ts E rZ 1 v o n o m sil 
LOG (lattice-best-path[5.5]:main():lattice-best-path.cc:99) For utterance UA032_33, best cost 81.2832 + -52.7398 = 28.5433 over 206 frames.
UA032_33 sil d e: m O rZ O dz_j E m u b u l o p i t E sil 
LOG (lattice-best-path[5.5]:main():lattice-best-path.cc:99) For utterance UA040_101, best cost 67.2663 + -43.7834 = 23.4829 over 206 frames.
UA040_101 sil 9 j a dZ e b u S b u z n o sil 
LOG (lattice-best-path[5.5]:main():lattice-best-path.cc:99) For utterance UA034_94, best cost 68.5439 + -60.5672 = 7.97667 over 213 frames.
UA034_94 sil p t a b u j ts 1 x O r a z o sil 
LOG (lattice-best-path[5.5]:main():lattice-best-path.cc:99) For utterance UA032_49, best cost 73.8803 + -48.0856 = 25.7947 over 219 frames.
UA032_49 sil p r E z i 4 t a k i f i n a d a s sil 
LOG (lattice-best-path[5.5]:main():lattice-best-path.cc:99) For utterance UA038_6, best cost 75.108 + -62.7673 = 12.3406 over 219 frames.
UA038_6 sil p o d u rZ E d o b r n a z d i t E sil 
LOG (lattice-best-path[5.5]:main():lattice-best-path.cc:99) For utterance UA040_56, best cost 62.7593 + -50.0119 = 12.7474 over 219 frames.
UA040_56 sil p o n o s t a k i n a p r E tS E sil 
LOG (lattice-best-path[5.5]:main():lattice-best-path.cc:99) For utterance UA035_34, best cost 61.1417 + -56.6439 = 4.49782 over 225 frames.
UA035_34 sil p i u n a b o t r i n i n sil 
LOG (lattice-best-path[5.5]:main():lattice-best-path.cc:99) For utterance UA042_63, best cost 76.6777 + -66.4301 = 10.2476 over 238 frames.
UA042_63 sil p o d E r O S_j i t a m p o l a n E m a sil 
LOG (lattice-best-path[5.5]:main():lattice-best-path.cc:99) For utterance UA047_78, best cost 58.7339 + -49.6408 = 9.09307 over 238 frames.
UA047_78 sil t a s p r a w a n M dZ o m sil 
LOG (lattice-best-path[5.5]:main():lattice-best-path.cc:99) For utterance UA033_45, best cost 75.2232 + -61.6276 = 13.5956 over 244 frames.
UA033_45 sil p a 4 i ts i l k i v a t y j E v i sil 
LOG (lattice-best-path[5.5]:main():lattice-best-path.cc:99) For utterance UA036_23, best cost 64.1967 + -59.1116 = 5.08515 over 244 frames.
UA036_23 sil v e d o b r S E v i n i j a sil 
LOG (lattice-best-path[5.5]:main():lattice-best-path.cc:99) For utterance UA042_14, best cost 77.3928 + -57.6866 = 19.7062 over 244 frames.
UA042_14 sil k a k i p r O dz_j a m O S_j i o d n i ya sil 
LOG (lattice-best-path[5.5]:main():lattice-best-path.cc:99) For utterance UA047_48, best cost 80.5163 + -62.8164 = 17.6999 over 244 frames.
UA047_48 sil v e a p E s t a l d a t O v o d a m a sil 
LOG (lattice-best-path[5.5]:main():lattice-best-path.cc:99) For utterance UA034_97, best cost 83.9985 + -64.4557 = 19.5428 over 250 frames.
UA034_97 sil t a k a x a tS i n O d E n a t E s i tS E sil 
LOG (lattice-best-path[5.5]:main():lattice-best-path.cc:99) For utterance UA042_13, best cost 93.0285 + -71.2932 = 21.7353 over 250 frames.
UA042_13 sil k b i z a Z d i b u v t a n d a v a S k u sil 
LOG (lattice-best-path[5.5]:main():lattice-best-path.cc:99) For utterance UA031_72, best cost 99.2445 + -69.6551 = 29.5894 over 263 frames.
UA031_72 sil v e o l o g o s E d a k i z m i n a s t a w a s a sil 
LOG (lattice-best-path[5.5]:main():lattice-best-path.cc:99) For utterance UA041_69, best cost 66.9573 + -55.1361 = 11.8212 over 263 frames.
UA041_69 sil 9 t sil t a n i k a 4 d a s E sil 
LOG (lattice-best-path[5.5]:main():lattice-best-path.cc:99) For utterance UA045_12, best cost 56.3694 + -64.498 = -8.12862 over 263 frames.
UA045_12 sil p i s E ts E n E tS a s sil 
LOG (lattice-best-path[5.5]:main():lattice-best-path.cc:99) For utterance UA031_34, best cost 87.3349 + -71.4629 = 15.8721 over 269 frames.
UA031_34 sil 9 t a k o n o v a s m a j s t a w a s E sil 
LOG (lattice-best-path[5.5]:main():lattice-best-path.cc:99) For utterance UA031_8, best cost 84.637 + -75.5109 = 9.12614 over 269 frames.
UA031_8 sil k s a t a ts E z a r a s n a s k r a S E sil 
LOG (lattice-best-path[5.5]:main():lattice-best-path.cc:99) For utterance UA034_89, best cost 77.6456 + -60.2745 = 17.3711 over 269 frames.
UA034_89 sil s e S E v 1 b r n a p t_s\ e n i s E sil 
LOG (lattice-best-path[5.5]:main():lattice-best-path.cc:99) For utterance UA035_11, best cost 72.0545 + -64.3327 = 7.72183 over 269 frames.
UA035_11 sil v e a n a p { s` o: m i tS E t o t sil 
LOG (lattice-best-path[5.5]:main():lattice-best-path.cc:99) For utterance UA035_22, best cost 86.2461 + -68.2627 = 17.9834 over 269 frames.
UA035_22 sil d e: d a s E t o p r E ts_j v o j o m a t E sil 
LOG (lattice-best-path[5.5]:main():lattice-best-path.cc:99) For utterance UA038_101, best cost 87.9532 + -72.1853 = 15.7679 over 269 frames.
UA038_101 sil p o n a s t o p r o d n a j b u s E s u t sil 
LOG (lattice-best-path[5.5]:main():lattice-best-path.cc:99) For utterance UA040_84, best cost 91.6614 + -64.421 = 27.2404 over 269 frames.
UA040_84 sil v e a w S_j i k o n o l E d E d a s p r a l sil 
LOG (lattice-best-path[5.5]:main():lattice-best-path.cc:99) For utterance UA041_84, best cost 67.0735 + -54.8988 = 12.1747 over 269 frames.
UA041_84 sil o d y z b u j s t E u l v sil 
LOG (lattice-best-path[5.5]:main():lattice-best-path.cc:99) For utterance UA042_52, best cost 75.1968 + -64.9736 = 10.2232 over 269 frames.
UA042_52 sil v e b i n u r i s t a m a p r ts E sil 
LOG (lattice-best-path[5.5]:main():lattice-best-path.cc:99) For utterance UA044_73, best cost 87.5759 + -67.5881 = 19.9879 over 269 frames.
UA044_73 sil 9 s` O z n E b u d E d a l i n i z m a n sil 
LOG (lattice-best-path[5.5]:main():lattice-best-path.cc:99) For utterance UA028_37, best cost 68.9687 + -64.2978 = 4.67088 over 275 frames.
UA028_37 sil b a j a ts i k o d u r E z n a i sil 
LOG (lattice-best-path[5.5]:main():lattice-best-path.cc:99) For utterance UA037_49, best cost 86.3912 + -69.8562 = 16.535 over 275 frames.
UA037_49 sil v e d_z\ u r o k o t a S a m a s a t a ts i sil 
LOG (lattice-best-path[5.5]:main():lattice-best-path.cc:99) For utterance UA041_89, best cost 67.0601 + -55.7824 = 11.2777 over 275 frames.
UA041_89 sil n o s u j a k n a x o d i ts i sil 
LOG (lattice-best-path[5.5]:main():lattice-best-path.cc:99) For utterance UA088_6, best cost 66.4993 + -63.4468 = 3.05252 over 275 frames.
UA088_6 sil v p E t a j u h a l O v a n sil 
LOG (lattice-best-path[5.5]:main():lattice-best-path.cc:99) For utterance UA032_35, best cost 84.3469 + -60.9227 = 23.4242 over 281 frames.
UA032_35 sil p S E l s t i r u S E s E s t a u s a sil 
LOG (lattice-best-path[5.5]:main():lattice-best-path.cc:99) For utterance UA034_71, best cost 103.535 + -86.7244 = 16.8106 over 281 frames.
UA034_71 sil p s E v a S k O a l a ts E n a S E m e b u t n i sil 
LOG (lattice-best-path[5.5]:main():lattice-best-path.cc:99) For utterance UA036_83, best cost 89.046 + -78.5429 = 10.5031 over 281 frames.
UA036_83 sil t a s u t u z n o v O rZ 1 x n a v n 1 x sil 
LOG (lattice-best-path[5.5]:main():lattice-best-path.cc:99) For utterance UA037_6, best cost 95.6893 + -75.4699 = 20.2195 over 281 frames.
UA037_6 sil p t a k S_j i b u r C }: t a k a n a z n i k o sil 
LOG (lattice-best-path[5.5]:main():lattice-best-path.cc:99) For utterance UA033_99, best cost 86.1144 + -69.5609 = 16.5535 over 288 frames.
UA033_99 sil 9 n a S a s t E s i d i o S u t k u sil 
LOG (lattice-best-path[5.5]:main():lattice-best-path.cc:99) For utterance UA034_72, best cost 104.733 + -72.1028 = 32.6306 over 288 frames.
UA034_72 sil v e b a n a b u z a m i sil d r a S E p r dz_j E t a i sil 
LOG (lattice-best-path[5.5]:main():lattice-best-path.cc:99) For utterance UA034_8, best cost 94.6314 + -74.2008 = 20.4306 over 288 frames.
UA034_8 sil v e a dZ e n a j o tS a z e n u d r u z i sil 
LOG (lattice-best-path[5.5]:main():lattice-best-path.cc:99) For utterance UA035_105, best cost 93.9281 + -81.6229 = 12.3052 over 288 frames.
UA035_105 sil p i t a k i x l e d e s t E j e s e b i S E sil 
LOG (lattice-best-path[5.5]:main():lattice-best-path.cc:99) For utterance UA037_5, best cost 96.4956 + -73.6747 = 22.8209 over 288 frames.
UA037_5 sil d e: t i k a ts E m u t a k o S n E d a l O S_j i sil 
LOG (lattice-best-path[5.5]:main():lattice-best-path.cc:99) For utterance UA038_110, best cost 80.9994 + -65.0716 = 15.9278 over 288 frames.
UA038_110 sil v i s E ts E t r e b O v i Z u t a sil 
LOG (lattice-best-path[5.5]:main():lattice-best-path.cc:99) For utterance UA038_58, best cost 66.5052 + -65.0969 = 1.40832 over 288 frames.
UA038_58 sil p r o ts E p o k a m e d i ts E sil 
LOG (lattice-best-path[5.5]:main():lattice-best-path.cc:99) For utterance UA039_79, best cost 107.381 + -84.2867 = 23.0939 over 288 frames.
UA039_79 sil p s a b o n a t r E tS E d E n p i s E z n i k n i sil 
LOG (lattice-best-path[5.5]:main():lattice-best-path.cc:99) For utterance UA040_41, best cost 85.2085 + -67.3941 = 17.8144 over 288 frames.
UA040_41 sil v i v i n b u s o t y k a d O v p O k sil 
LOG (lattice-best-path[5.5]:main():lattice-best-path.cc:99) For utterance UA041_43, best cost 69.2547 + -60.7277 = 8.52702 over 288 frames.
UA041_43 sil t o m u j b u l u S l i d u sil 
LOG (lattice-best-path[5.5]:main():lattice-best-path.cc:99) For utterance UA042_3, best cost 86.8572 + -70.3518 = 16.5054 over 288 frames.
UA042_3 sil p sil o t i s k a t o r u v i t a m b u sil 
LOG (lattice-best-path[5.5]:main():lattice-best-path.cc:99) For utterance UA044_79, best cost 108.372 + -70.4234 = 37.9489 over 288 frames.
UA044_79 sil v s E z v i s t a p r b a z a ts i n E d l E f a d i sil 
LOG (lattice-best-path[5.5]:main():lattice-best-path.cc:99) For utterance UA044_90, best cost 87.608 + -72.4377 = 15.1702 over 288 frames.
UA044_90 sil v u m a j b u p i m a z a s l o m a o sil 
LOG (lattice-best-path[5.5]:main():lattice-best-path.cc:99) For utterance UA045_51, best cost 77.3565 + -74.907 = 2.44948 over 288 frames.
UA045_51 sil p a dz_j E v a n M S E Z u r a z a n sil 
LOG (lattice-best-path[5.5]:main():lattice-best-path.cc:99) For utterance UA088_18, best cost 74.24 + -70.5669 = 3.67305 over 288 frames.
UA088_18 sil k b u x j O z n a j a tS a m u sil 
LOG (lattice-best-path[5.5]:main():lattice-best-path.cc:99) For utterance UA027_37, best cost 55.0458 + -58.1071 = -3.06128 over 294 frames.
UA027_37 sil a l a ts E t a k dZ e m sil 
LOG (lattice-best-path[5.5]:main():lattice-best-path.cc:99) For utterance UA028_88, best cost 75.7193 + -71.5592 = 4.1601 over 294 frames.
UA028_88 sil n E r a b u tS a a s p o s E S_j ts_j a sil 
LOG (lattice-best-path[5.5]:main():lattice-best-path.cc:99) For utterance UA033_13, best cost 95.1913 + -70.0971 = 25.0942 over 294 frames.
UA033_13 sil 9 j o z n a g O rZ E n E t i k i v o k r i sil 
LOG (lattice-best-path[5.5]:main():lattice-best-path.cc:99) For utterance UA045_92, best cost 76.7111 + -67.2404 = 9.47066 over 294 frames.
UA045_92 sil a l a dZ a l e s e b u v 1 S_j E l a sil 
LOG (lattice-best-path[5.5]:main():lattice-best-path.cc:99) For utterance UA027_5, best cost 89.3061 + -74.1911 = 15.115 over 300 frames.
UA027_5 sil i s t o r i s E S_j i t E j u n a S k i ts i sil 
LOG (lattice-best-path[5.5]:main():lattice-best-path.cc:99) For utterance UA047_27, best cost 61.7606 + -71.1414 = -9.38085 over 300 frames.
UA047_27 sil z a S l o t a w 1 z a ts E sil 
LOG (lattice-best-path[5.5]:main():lattice-best-path.cc:99) For utterance UA028_35, best cost 78.3063 + -69.7839 = 8.52242 over 306 frames.
UA028_35 sil n i S i n a S E s E a w 1 b i S t sil 
LOG (lattice-best-path[5.5]:main():lattice-best-path.cc:99) For utterance UA028_9, best cost 103.653 + -83.6696 = 19.9838 over 306 frames.
UA028_9 sil s a m p o r m p r E ts_j O_~ d o l i t r E d i ts i n a sil 
LOG (lattice-best-path[5.5]:main():lattice-best-path.cc:99) For utterance UA028_97, best cost 50.052 + -64.7406 = -14.6886 over 306 frames.
UA028_97 sil S_j ts_j u m O rZ E j E sil 
LOG (lattice-best-path[5.5]:main():lattice-best-path.cc:99) For utterance UA029_52, best cost 80.2643 + -74.4594 = 5.80486 over 306 frames.
UA029_52 sil j o s n a t E v i n o l a p r o E n sil 
LOG (lattice-best-path[5.5]:main():lattice-best-path.cc:99) For utterance UA031_50, best cost 104.386 + -73.4881 = 30.898 over 306 frames.
UA031_50 sil t o m a s p r o v r Z b r a t E s e S E d E ts_j O_~ sil 
LOG (lattice-best-path[5.5]:main():lattice-best-path.cc:99) For utterance UA031_66, best cost 118.765 + -76.5582 = 42.207 over 306 frames.
UA031_66 sil t a b a s t a t E d O m t r E b a z a d E s p o i x a d E sil 
LOG (lattice-best-path[5.5]:main():lattice-best-path.cc:99) For utterance UA031_82, best cost 138.773 + -83.2226 = 55.5508 over 306 frames.
UA031_82 sil 9 r a l a k o s t i n a t a k i r o b o t E n a S a k t i n a p r b a S sil 
LOG (lattice-best-path[5.5]:main():lattice-best-path.cc:99) For utterance UA034_109, best cost 101.256 + -81.2069 = 20.0493 over 306 frames.
UA034_109 sil p sil m e b u tS E p r a ts i v a t E u tS E r n i sil 
LOG (lattice-best-path[5.5]:main():lattice-best-path.cc:99) For utterance UA035_76, best cost 84.4015 + -61.5302 = 22.8712 over 306 frames.
UA035_76 sil v a l E d a k o s p r a l n a s t E s n a sil 
LOG (lattice-best-path[5.5]:main():lattice-best-path.cc:99) For utterance UA036_108, best cost 106.971 + -85.5266 = 21.4442 over 306 frames.
UA036_108 sil k s r E p o s t r Z d a l a k n a d n a d a t i n a sil 
LOG (lattice-best-path[5.5]:main():lattice-best-path.cc:99) For utterance UA038_65, best cost 91.8929 + -68.0767 = 23.8162 over 306 frames.
UA038_65 sil v O d o g r a S e n i d E n E z e S w a sil 
LOG (lattice-best-path[5.5]:main():lattice-best-path.cc:99) For utterance UA038_98, best cost 107.55 + -87.7831 = 19.7673 over 306 frames.
UA038_98 sil p O z a r a d E n s k i tS E s i v t o d r u b u k u sil 
LOG (lattice-best-path[5.5]:main():lattice-best-path.cc:99) For utterance UA039_78, best cost 102.295 + -84.0056 = 18.2893 over 306 frames.
UA039_78 sil p t a j u rZ E d E l i z b r u j b u g i S E sil 
LOG (lattice-best-path[5.5]:main():lattice-best-path.cc:99) For utterance UA040_86, best cost 98.2148 + -75.0247 = 23.1902 over 306 frames.
UA040_86 sil v i s k o d u S u S E s t o d u p o t a ts_j v sil 
LOG (lattice-best-path[5.5]:main():lattice-best-path.cc:99) For utterance UA044_43, best cost 100.675 + -78.8162 = 21.859 over 306 frames.
UA044_43 sil p e a l E n a S a s l a z a r a z v i E_~ ts_j m a sil 
LOG (lattice-best-path[5.5]:main():lattice-best-path.cc:99) For utterance UA045_15, best cost 92.5593 + -73.3747 = 19.1846 over 306 frames.
UA045_15 sil t a j o d i p r a d u ts a r dz_j E m n o ya sil 
LOG (lattice-best-path[5.5]:main():lattice-best-path.cc:99) For utterance UA045_54, best cost 79.8002 + -74.5304 = 5.26978 over 306 frames.
UA045_54 sil v e i s p r a d i p i S 1 z i ts E sil 
LOG (lattice-best-path[5.5]:main():lattice-best-path.cc:99) For utterance UA031_15, best cost 111.956 + -71.7091 = 40.247 over 313 frames.
UA031_15 sil a w a p E S E k u k i n a tS E m O rZ a k u z r O b u n sil 
LOG (lattice-best-path[5.5]:main():lattice-best-path.cc:99) For utterance UA034_70, best cost 110.289 + -78.5818 = 31.7075 over 313 frames.
UA034_70 sil i: m a m O v a k o s t o ts E j o s b i n a k o r s t sil 
LOG (lattice-best-path[5.5]:main():lattice-best-path.cc:99) For utterance UA038_80, best cost 91.7293 + -71.8223 = 19.907 over 313 frames.
UA038_80 sil o l i n i ya t r u x u rZ E z a t r m a n o sil 
LOG (lattice-best-path[5.5]:main():lattice-best-path.cc:99) For utterance UA028_58, best cost 97.3107 + -77.9773 = 19.3334 over 319 frames.
UA028_58 sil ts E t r b a b o b a ts_j E n a l a s n i u tS i sil 
LOG (lattice-best-path[5.5]:main():lattice-best-path.cc:99) For utterance UA033_32, best cost 116.291 + -88.6798 = 27.6109 over 319 frames.
UA033_32 sil p o n a j a d O m a z a u S u j s E tS u i t i d i n a sil 
LOG (lattice-best-path[5.5]:main():lattice-best-path.cc:99) For utterance UA034_106, best cost 114.76 + -94.5557 = 20.2044 over 319 frames.
UA034_106 sil p a l a d a i p r O v a tS E n i a S E d u rZ E d a l a k o sil 
LOG (lattice-best-path[5.5]:main():lattice-best-path.cc:99) For utterance UA035_84, best cost 82.4758 + -73.4991 = 8.97665 over 319 frames.
UA035_84 sil n a S i k r i n i s E n e d b u s E sil 
LOG (lattice-best-path[5.5]:main():lattice-best-path.cc:99) For utterance UA036_26, best cost 101.547 + -90.2483 = 11.2988 over 319 frames.
UA036_26 sil b a t o p r a S a m O rZ n a l s p o j s t i S E sil 
LOG (lattice-best-path[5.5]:main():lattice-best-path.cc:99) For utterance UA041_46, best cost 96.1469 + -75.8175 = 20.3295 over 319 frames.
UA041_46 sil v e a ts E f O k p o d r b u d u s i tS E sil 
LOG (lattice-best-path[5.5]:main():lattice-best-path.cc:99) For utterance UA027_39, best cost 74.638 + -69.5873 = 5.05066 over 325 frames.
UA027_39 sil a t o s E s t E s u i s E s O_~ ts i sil 
LOG (lattice-best-path[5.5]:main():lattice-best-path.cc:99) For utterance UA033_39, best cost 113.181 + -87.5983 = 25.583 over 325 frames.
UA033_39 sil 9 n a s t o b n o n i a p r i x O v i x n a tS a n 1 sil 
LOG (lattice-best-path[5.5]:main():lattice-best-path.cc:99) For utterance UA037_105, best cost 94.8678 + -81.1368 = 13.731 over 325 frames.
UA037_105 sil n e t u s t E z a m i S m o m u p o s a l a sil 
LOG (lattice-best-path[5.5]:main():lattice-best-path.cc:99) For utterance UA038_19, best cost 92.9628 + -92.104 = 0.858757 over 325 frames.
UA038_19 sil p S u p o t i m i z n 1 x o s t E o d i n sil 
LOG (lattice-best-path[5.5]:main():lattice-best-path.cc:99) For utterance UA038_97, best cost 116.063 + -86.054 = 30.0087 over 325 frames.
UA038_97 sil t o d o r u k o b u d i n i s t o k o n u z a v a S E t E sil 
LOG (lattice-best-path[5.5]:main():lattice-best-path.cc:99) For utterance UA039_39, best cost 81.9923 + -78.5832 = 3.40911 over 325 frames.
UA039_39 sil v e u ts i s t o i b a t o tS E m u sil 
LOG (lattice-best-path[5.5]:main():lattice-best-path.cc:99) For utterance UA042_11, best cost 133.182 + -97.7749 = 35.4071 over 325 frames.
UA042_11 sil v e ts i k O m p a n i b u l o i s E m r m a l a d e dZ i n o k sil 
LOG (lattice-best-path[5.5]:main():lattice-best-path.cc:99) For utterance UA042_71, best cost 107.319 + -80.1127 = 27.2068 over 325 frames.
UA042_71 sil p o p t a l u d a n a z v a l E p O rZ E n a s l i t i sil 
LOG (lattice-best-path[5.5]:main():lattice-best-path.cc:99) For utterance UA044_33, best cost 91.1337 + -87.181 = 3.95267 over 325 frames.
UA044_33 sil k o i m O v s u v o l i i p r k a n a n i sil 
LOG (lattice-best-path[5.5]:main():lattice-best-path.cc:99) For utterance UA045_18, best cost 89.1733 + -83.1713 = 6.00199 over 325 frames.
UA045_18 sil p dZ e b i S E s t i ts E v 1 k i r O S_j i sil 
LOG (lattice-best-path[5.5]:main():lattice-best-path.cc:99) For utterance UA034_41, best cost 124.476 + -90.5073 = 33.9689 over 331 frames.
UA034_41 sil v o: m a n e d i n a s E s t r a j a k a m a S k a n a h a S_j i n i sil 
LOG (lattice-best-path[5.5]:main():lattice-best-path.cc:99) For utterance UA035_26, best cost 121.144 + -95.6162 = 25.5283 over 331 frames.
UA035_26 sil a tS E z p E n a dZ a s t a dZ e S a S_j i o d n a z a j a v a sil 
LOG (lattice-best-path[5.5]:main():lattice-best-path.cc:99) For utterance UA041_48, best cost 85.6155 + -71.3192 = 14.2963 over 331 frames.
UA041_48 sil p o g O S_j i o s i b r b E_~ d o d e k a sil 
LOG (lattice-best-path[5.5]:main():lattice-best-path.cc:99) For utterance UA028_79, best cost 93.3785 + -65.1572 = 28.2213 over 338 frames.
UA028_79 sil n a p a t i n a b o v\ i n a m i s p i p r a t sil 
LOG (lattice-best-path[5.5]:main():lattice-best-path.cc:99) For utterance UA032_99, best cost 104.921 + -90.4192 = 14.5016 over 338 frames.
UA032_99 sil p O dz_j i z i 4 t }: s ts E r n 1 x a ts i w a s E sil 
LOG (lattice-best-path[5.5]:main():lattice-best-path.cc:99) For utterance UA038_59, best cost 131.255 + -103.126 = 28.1293 over 338 frames.
UA038_59 sil p s t a v d a p o t a t a m tS E r k a s k e m i s k o j e 4 a d a sil 
LOG (lattice-best-path[5.5]:main():lattice-best-path.cc:99) For utterance UA041_32, best cost 106.524 + -85.3288 = 21.1948 over 338 frames.
UA041_32 sil t sil z a z a t o b i u rZ E p o r d u k r i n s E sil 
LOG (lattice-best-path[5.5]:main():lattice-best-path.cc:99) For utterance UA042_6, best cost 104.547 + -88.3485 = 16.1985 over 338 frames.
UA042_6 sil p o n a s u l i s n i r u k i b 1 S_j n i l u d i sil 
LOG (lattice-best-path[5.5]:main():lattice-best-path.cc:99) For utterance UA042_74, best cost 120.133 + -98.8253 = 21.3076 over 338 frames.
UA042_74 sil k tS o l i k i d r u rZ E n a p O v i n i b u t r a z a m sil 
LOG (lattice-best-path[5.5]:main():lattice-best-path.cc:99) For utterance UA045_107, best cost 97.9901 + -76.3364 = 21.6537 over 338 frames.
UA045_107 sil z a r a s t E t r i n a p r e t_s\ e u l v O dz_j E sil 
LOG (lattice-best-path[5.5]:main():lattice-best-path.cc:99) For utterance UA037_71, best cost 123.546 + -91.3325 = 32.2131 over 344 frames.
UA037_71 sil p i s i o p r a ts i b a b u s E s t a l a z n a tS n o l E x sil 
LOG (lattice-best-path[5.5]:main():lattice-best-path.cc:99) For utterance UA038_32, best cost 104.072 + -83.5364 = 20.5359 over 344 frames.
UA038_32 sil v E t i l k u S t i f u n a s n a ts E n a m o ya sil 
LOG (lattice-best-path[5.5]:main():lattice-best-path.cc:99) For utterance UA044_35, best cost 127.23 + -92.0313 = 35.1982 over 344 frames.
UA044_35 sil k a sil n a r o d n a dZ i m i t k r s a n a s t u v n o r O k u sil 
LOG (lattice-best-path[5.5]:main():lattice-best-path.cc:99) For utterance UA032_26, best cost 107.254 + -84.0848 = 23.1696 over 350 frames.
UA032_26 sil p r o t y s t o j u x u p O rZ E p O z d a m l o sil 
LOG (lattice-best-path[5.5]:main():lattice-best-path.cc:99) For utterance UA034_17, best cost 115.72 + -79.2782 = 36.4415 over 350 frames.
UA034_17 sil 9 J\: M S k a ts l a v E p o s t o n O rZ n a b E s a t i sil 
LOG (lattice-best-path[5.5]:main():lattice-best-path.cc:99) For utterance UA038_26, best cost 111.619 + -93.431 = 18.188 over 350 frames.
UA038_26 sil p sil z a r o d a k i d E t 1 m i E s u b i p S O v sil 
LOG (lattice-best-path[5.5]:main():lattice-best-path.cc:99) For utterance UA039_9, best cost 106.694 + -89.2575 = 17.4362 over 350 frames.
UA039_9 sil t o d i n i z n d 1 x i o n i d e n a u b r a tS E sil 
LOG (lattice-best-path[5.5]:main():lattice-best-path.cc:99) For utterance UA045_32, best cost 100.035 + -87.5356 = 12.4998 over 350 frames.
UA045_32 sil J\ e ts j o b r a l j a l u x i z l a d e n sil 
LOG (lattice-best-path[5.5]:main():lattice-best-path.cc:99) For utterance UA045_41, best cost 114.893 + -90.6738 = 24.2196 over 350 frames.
UA045_41 sil v i r a s t a S 1 v a n i S k i u j a k i s l e t_s\ e n i sil 
LOG (lattice-best-path[5.5]:main():lattice-best-path.cc:99) For utterance UA032_84, best cost 103.378 + -86.2331 = 17.1452 over 356 frames.
UA032_84 sil k a t a k }: C }: d e j u k r i n i m i l o n E sil 
LOG (lattice-best-path[5.5]:main():lattice-best-path.cc:99) For utterance UA035_51, best cost 134.124 + -99.5517 = 34.572 over 356 frames.
UA035_51 sil o x O tS a v p a S E l i k r o b u t E p r a t a k a n E d e ts E sil 
LOG (lattice-best-path[5.5]:main():lattice-best-path.cc:99) For utterance UA039_86, best cost 117.816 + -95.4151 = 22.4009 over 356 frames.
UA039_86 sil t o t o n a s e t a p r o s t u a l E v i n d e b u i ts E sil 
LOG (lattice-best-path[5.5]:main():lattice-best-path.cc:99) For utterance UA029_105, best cost 91.8115 + -92.7299 = -0.918381 over 363 frames.
UA029_105 sil j e k i u d i b u i t E p E u s i n E sil 
LOG (lattice-best-path[5.5]:main():lattice-best-path.cc:99) For utterance UA037_108, best cost 110.29 + -91.779 = 18.5106 over 363 frames.
UA037_108 sil a a l a j u i d e 4 i n i x t o n E p i t r m o sil 
LOG (lattice-best-path[5.5]:main():lattice-best-path.cc:99) For utterance UA039_56, best cost 132.385 + -107.466 = 24.9189 over 363 frames.
UA039_56 sil t a a w E p o tS a w 1 p r u tS E v a t E i s p r a v a p i S l a sil 
LOG (lattice-best-path[5.5]:main():lattice-best-path.cc:99) For utterance UA040_98, best cost 158.001 + -102.571 = 55.4303 over 363 frames.
UA040_98 sil p d u tS E ts_j v i o m u z a p o s u S_j i n S 1 x u tS a s n i k i v o r E v sil 
LOG (lattice-best-path[5.5]:main():lattice-best-path.cc:99) For utterance UA041_19, best cost 117.55 + -86.8265 = 30.7238 over 363 frames.
UA041_19 sil p O v o p l u d E j a k o t r e d i l a s e b 1 b a ts_j sil 
LOG (lattice-best-path[5.5]:main():lattice-best-path.cc:99) For utterance UA045_76, best cost 126.086 + -91.7609 = 34.325 over 363 frames.
UA045_76 sil p a dZ i u d a n a s i l i f a k t i tS E S_j ts_j O_~ g o Z E m u t sil 
LOG (lattice-best-path[5.5]:main():lattice-best-path.cc:99) For utterance UA047_15, best cost 91.3652 + -78.4515 = 12.9137 over 363 frames.
UA047_15 sil s o j d E m a d e b a i t E k a S E s t E sil 
LOG (lattice-best-path[5.5]:main():lattice-best-path.cc:99) For utterance UA083_109, best cost 106.451 + -94.9069 = 11.5444 over 363 frames.
UA083_109 sil n e ts E t a t 1 x r i n a x j a k n i m E tS E n a sil 
LOG (lattice-best-path[5.5]:main():lattice-best-path.cc:99) For utterance UA027_46, best cost 81.6889 + -82.8633 = -1.17443 over 369 frames.
UA027_46 sil n a s a n d a r E s a n f a t n i s E n sil 
LOG (lattice-best-path[5.5]:main():lattice-best-path.cc:99) For utterance UA029_96, best cost 77.5919 + -87.1689 = -9.57705 over 369 frames.
UA029_96 sil t a n 4 i tS i S E t i b u n a s sil 
LOG (lattice-best-path[5.5]:main():lattice-best-path.cc:99) For utterance UA032_92, best cost 115.257 + -94.9234 = 20.334 over 369 frames.
UA032_92 sil t p o s a d r a j o n O w i p i o t a t i z n i o sil 
LOG (lattice-best-path[5.5]:main():lattice-best-path.cc:99) For utterance UA036_46, best cost 113.467 + -97.8771 = 15.5901 over 369 frames.
UA036_46 sil j a b a t O v n a s a z a w E rZ E dz_j E d n a s a m a x sil 
LOG (lattice-best-path[5.5]:main():lattice-best-path.cc:99) For utterance UA039_6, best cost 128.181 + -104.714 = 23.4663 over 369 frames.
UA039_6 sil b e s i o g O k r i: n s k a d E rZ a v a n E v i b u d i ts E sil 
LOG (lattice-best-path[5.5]:main():lattice-best-path.cc:99) For utterance UA047_65, best cost 97.5601 + -85.9985 = 11.5616 over 369 frames.
UA047_65 sil j u S E g o s k a z a S 1 v i n d a p r o k u r sil 
LOG (lattice-best-path[5.5]:main():lattice-best-path.cc:99) For utterance UA032_98, best cost 122.542 + -102.213 = 20.3296 over 375 frames.
UA032_98 sil p a rZ E m y s i u r O m a dZ a n E d a S l u k r i m E sil 
LOG (lattice-best-path[5.5]:main():lattice-best-path.cc:99) For utterance UA034_30, best cost 135.849 + -95.6252 = 40.2243 over 375 frames.
UA034_30 sil p e d a z n a t E n O v i z a m O n i a p r a t 1 S_j n a m O rZ 1 w a sil 
LOG (lattice-best-path[5.5]:main():lattice-best-path.cc:99) For utterance UA035_47, best cost 139.054 + -107.108 = 31.9454 over 375 frames.
UA035_47 sil d e: m a z i t k i b r a t a k o S t a n d a b u tS a t u b i z n a s u sil 
LOG (lattice-best-path[5.5]:main():lattice-best-path.cc:99) For utterance UA038_51, best cost 110.102 + -88.5706 = 21.5315 over 375 frames.
UA038_51 sil v O rZ E t r i t i i k O v a n o p r a ts i v E t a l i sil 
LOG (lattice-best-path[5.5]:main():lattice-best-path.cc:99) For utterance UA042_9, best cost 137.598 + -104.236 = 33.3628 over 375 frames.
UA042_9 sil k e k a m i s i ts i v t a u i n t a t i p r i x v o g r j n o sil 
LOG (lattice-best-path[5.5]:main():lattice-best-path.cc:99) For utterance UA027_30, best cost 80.7796 + -76.7636 = 4.01604 over 381 frames.
UA027_30 sil d o v i S E s k a t E S_j ts_j E v g r i sil 
LOG (lattice-best-path[5.5]:main():lattice-best-path.cc:99) For utterance UA032_23, best cost 135.379 + -102.27 = 33.1085 over 381 frames.
UA032_23 sil p r i ts O m O rZ O_~ v a rZ a t j m u t_s\ e d u rZ E p o S a s t u sil 
LOG (lattice-best-path[5.5]:main():lattice-best-path.cc:99) For utterance UA033_11, best cost 108.703 + -92.4862 = 16.2168 over 381 frames.
UA033_11 sil i i p o t a v E m a S_j r a m o s o d n o b o d E sil 
LOG (lattice-best-path[5.5]:main():lattice-best-path.cc:99) For utterance UA033_83, best cost 142.718 + -112.109 = 30.6093 over 381 frames.
UA033_83 sil k ts_j O_~ p O tS a t E j i n a d u k u p a n a k o s t a n t E n a t r e b a sil 
LOG (lattice-best-path[5.5]:main():lattice-best-path.cc:99) For utterance UA035_4, best cost 139.325 + -103.354 = 35.9713 over 381 frames.
UA035_4 sil p sil s i s t E n a p s a l a t i s t a n a z n a j e d i n 1 m a t r i sil 
LOG (lattice-best-path[5.5]:main():lattice-best-path.cc:99) For utterance UA040_85, best cost 121.544 + -94.2672 = 27.2773 over 381 frames.
UA040_85 sil p r a ts i t O v a t_s\ e b a a t O h U n u t_s\ e d u rZ E m o sil 
LOG (lattice-best-path[5.5]:main():lattice-best-path.cc:99) For utterance UA041_99, best cost 137.8 + -95.9566 = 41.8431 over 381 frames.
UA041_99 sil v tS u l i k a t r v\ o d w a s p u l g O p o z b o n i v o l E sil 
LOG (lattice-best-path[5.5]:main():lattice-best-path.cc:99) For utterance UA083_105, best cost 75.7834 + -80.8793 = -5.09588 over 381 frames.
UA083_105 sil k a l E v i ts E l a z u b u j v sil 
LOG (lattice-best-path[5.5]:main():lattice-best-path.cc:99) For utterance UA083_51, best cost 82.736 + -91.2786 = -8.54261 over 381 frames.
UA083_51 sil p sil i ts E n a p r o s t a z a j a v E sil 
LOG (lattice-best-path[5.5]:main():lattice-best-path.cc:99) For utterance UA029_109, best cost 113.389 + -101.994 = 11.3941 over 388 frames.
UA029_109 sil b i S y d E p o tS E l a i z d E t E d o k r a i n i sil 
LOG (lattice-best-path[5.5]:main():lattice-best-path.cc:99) For utterance UA029_88, best cost 87.963 + -98.1055 = -10.1425 over 388 frames.
UA029_88 sil p r i tS u m s t o sil i b i S E r o t i sil 
LOG (lattice-best-path[5.5]:main():lattice-best-path.cc:99) For utterance UA039_91, best cost 106.47 + -97.2716 = 9.19801 over 388 frames.
UA039_91 sil t i b i S 1 j a k s u v a n a w a n d a t o m o d a sil 
LOG (lattice-best-path[5.5]:main():lattice-best-path.cc:99) For utterance UA042_66, best cost 146.994 + -111.841 = 35.1528 over 388 frames.
UA042_66 sil p t i n dZ a s u z b r 1 x t i n d a l o s a n E t a k u rZ E b a h a t a sil 
LOG (lattice-best-path[5.5]:main():lattice-best-path.cc:99) For utterance UA047_80, best cost 123.921 + -101.255 = 22.6657 over 388 frames.
UA047_80 sil v S u m O rZ O b u l a z r u b u d e: t E k i x u m o v sil 
LOG (lattice-best-path[5.5]:main():lattice-best-path.cc:99) For utterance UA083_1, best cost 109.045 + -103.979 = 5.06609 over 388 frames.
UA083_1 sil t n a p a s t a v a l E v a l i k o ts i n o n a h a s sil 
LOG (lattice-best-path[5.5]:main():lattice-best-path.cc:99) For utterance UA083_73, best cost 99.2315 + -106.252 = -7.02052 over 388 frames.
UA083_73 sil t a S k e n a s i x m o Z n a p a ts_j u t E sil 
LOG (lattice-best-path[5.5]:main():lattice-best-path.cc:99) For utterance UA088_95, best cost 109.124 + -99.6151 = 9.50858 over 388 frames.
UA088_95 sil v E t E z a r a d e t_s\ u l u d i n a p r a ts j u j E sil 
LOG (lattice-best-path[5.5]:main():lattice-best-path.cc:99) For utterance UA027_8, best cost 137.306 + -105.689 = 31.6171 over 394 frames.
UA027_8 sil dZ a s t r a n d a S_j r O S_j i tS E l i k a s a t r m M n a r i E_~ ts_j m sil 
LOG (lattice-best-path[5.5]:main():lattice-best-path.cc:99) For utterance UA036_79, best cost 106.989 + -102.091 = 4.89833 over 394 frames.
UA036_79 sil p O n a s t a m a g r O rZ E n a j O p o r u S a n i ya sil 
LOG (lattice-best-path[5.5]:main():lattice-best-path.cc:99) For utterance UA047_74, best cost 116.42 + -91.6318 = 24.7885 over 394 frames.
UA047_74 sil k a d o g u t_s\ e k o i tS u n d a r o b E d E l u d E sil 
LOG (lattice-best-path[5.5]:main():lattice-best-path.cc:99) For utterance UA047_86, best cost 118.476 + -97.4861 = 20.9903 over 394 frames.
UA047_86 sil i i d a k i n dZ i n a m E z r o b a m o k o g l a z a t sil 
LOG (lattice-best-path[5.5]:main():lattice-best-path.cc:99) For utterance UA029_3, best cost 71.0218 + -89.2866 = -18.2648 over 400 frames.
UA029_3 sil a l E n a n ts i n e ts i k a w a sil 
LOG (lattice-best-path[5.5]:main():lattice-best-path.cc:99) For utterance UA033_75, best cost 134.869 + -110.288 = 24.5816 over 400 frames.
UA033_75 sil t z a ts E m a j b u d e: n sil i m s o S a x O v n a s t a m a n sil 
LOG (lattice-best-path[5.5]:main():lattice-best-path.cc:99) For utterance UA037_45, best cost 142.577 + -105.95 = 36.627 over 400 frames.
UA037_45 sil e i z i n s i s t i l k r o k i v n a s k i k a v a n a v a l e d a j sil 
LOG (lattice-best-path[5.5]:main():lattice-best-path.cc:99) For utterance UA042_85, best cost 120.95 + -93.7654 = 27.1847 over 400 frames.
UA042_85 sil v o d E Z d a r a ts i n a z b r a j ts E ts_j u r o b i t E sil 
LOG (lattice-best-path[5.5]:main():lattice-best-path.cc:99) For utterance UA047_3, best cost 132.687 + -107.882 = 24.8041 over 400 frames.
UA047_3 sil d e: b u d a d E S E z a k u j e ts a z a l e b O rZ 1 w a s 1 w a sil 
LOG (lattice-best-path[5.5]:main():lattice-best-path.cc:99) For utterance UA083_57, best cost 119.57 + -104.833 = 14.7363 over 400 frames.
UA083_57 sil p ts E p o t r b u j a z a s i i k a r i v n e s t r a n sil 
LOG (lattice-best-path[5.5]:main():lattice-best-path.cc:99) For utterance UA029_44, best cost 84.2955 + -99.1251 = -14.8296 over 406 frames.
UA029_44 sil o d u n t E p o v s i t o i x a s sil 
LOG (lattice-best-path[5.5]:main():lattice-best-path.cc:99) For utterance UA034_61, best cost 168.194 + -114.754 = 53.44 over 406 frames.
UA034_61 sil v e u t_s\ e p o k m a p r O x O d o s E d e tS E s p r m S_j i n i a p o b a tS u n sil 
LOG (lattice-best-path[5.5]:main():lattice-best-path.cc:99) For utterance UA045_9, best cost 119.235 + -104.328 = 14.9074 over 406 frames.
UA045_9 sil p sil t o: t r a J\ e dZ i n E d a u s i o n E k n a t E sil 
LOG (lattice-best-path[5.5]:main():lattice-best-path.cc:99) For utterance UA083_30, best cost 112.125 + -101.223 = 10.9014 over 406 frames.
UA083_30 sil k p O S_j i m O z a t a ts i l k i v 1 k a r E s p E t sil 
LOG (lattice-best-path[5.5]:main():lattice-best-path.cc:99) For utterance UA036_30, best cost 111.008 + -102.79 = 8.21885 over 413 frames.
UA036_30 sil a l E S a n a m p O v i d a m l e t_s\ e l s t E Z i n sil 
LOG (lattice-best-path[5.5]:main():lattice-best-path.cc:99) For utterance UA039_26, best cost 154.544 + -116.348 = 38.1951 over 413 frames.
UA039_26 sil k e k a m i s i ts i v p i s E z a t r m E n i a l i m p r i f u s i z o sil 
LOG (lattice-best-path[5.5]:main():lattice-best-path.cc:99) For utterance UA039_88, best cost 149.367 + -116.625 = 32.7422 over 413 frames.
UA039_88 sil p l a tS a l e k a k a r a j v i dZ u v n o t r S i s p r a v n E m a n i sil 
LOG (lattice-best-path[5.5]:main():lattice-best-path.cc:99) For utterance UA029_99, best cost 118.785 + -109.039 = 9.7466 over 419 frames.
UA029_99 sil v s i tS E l a i k t E Z i k a m a n M l a s n d i t i n sil 
LOG (lattice-best-path[5.5]:main():lattice-best-path.cc:99) For utterance UA037_91, best cost 138.302 + -118.649 = 19.6531 over 419 frames.
UA037_91 sil p r a v o x r o n s i z n a S u j u x o o v a s n i o s E l E sil 
LOG (lattice-best-path[5.5]:main():lattice-best-path.cc:99) For utterance UA029_34, best cost 100.044 + -88.8693 = 11.1751 over 425 frames.
UA029_34 sil n u x a 4 k i d u S a z 1 S_j i n s sil v 1 sil 
LOG (lattice-best-path[5.5]:main():lattice-best-path.cc:99) For utterance UA083_52, best cost 87.9744 + -92.5431 = -4.56868 over 425 frames.
UA083_52 sil v s a b u n a b E S E z v E r n a n i a sil 
LOG (lattice-best-path[5.5]:main():lattice-best-path.cc:99) For utterance UA027_84, best cost 101.874 + -102.253 = -0.379814 over 431 frames.
UA027_84 sil t a l a z o s i n E d a n a s t a l a s E n d i w a sil 
LOG (lattice-best-path[5.5]:main():lattice-best-path.cc:99) For utterance UA032_65, best cost 163.585 + -124.076 = 39.5088 over 431 frames.
UA032_65 sil p S E b u Z i z r u z u m i t i: t r e b a s a m u d u z b a v a t a z n a t E sil 
LOG (lattice-best-path[5.5]:main():lattice-best-path.cc:99) For utterance UA036_18, best cost 123.792 + -112.228 = 11.5641 over 431 frames.
UA036_18 sil b i S a r o k o j o s E r E d O dz_j E i n a s u m S_j E_~ dz_j E sil 
LOG (lattice-best-path[5.5]:main():lattice-best-path.cc:99) For utterance UA083_22, best cost 118.078 + -104.686 = 13.392 over 431 frames.
UA083_22 sil j a S E j e n a n i r dz_j i s n a S 9 z r O b u i t E sil 
LOG (lattice-best-path[5.5]:main():lattice-best-path.cc:99) For utterance UA083_95, best cost 106.607 + -97.2362 = 9.37108 over 431 frames.
UA083_95 sil n a n t r b a b i S E r a z m i t a ts 1 x i d e i sil 
LOG (lattice-best-path[5.5]:main():lattice-best-path.cc:99) For utterance UA027_49, best cost 120.829 + -102.463 = 18.3655 over 438 frames.
UA027_49 sil tS a l i k a t r a z a s u z a t r n o v O v d a n l i ts i sil 
LOG (lattice-best-path[5.5]:main():lattice-best-path.cc:99) For utterance UA029_94, best cost 103.631 + -102.879 = 0.751373 over 438 frames.
UA029_94 sil s E z b l a p s l a u k r i: n s k a i n o k i sil 
LOG (lattice-best-path[5.5]:main():lattice-best-path.cc:99) For utterance UA047_35, best cost 121.172 + -102.88 = 18.2921 over 438 frames.
UA047_35 sil v a j a k a j o d u n k a ts E Z d a z u t_s\ e d O rZ 1 w a sil 
LOG (lattice-best-path[5.5]:main():lattice-best-path.cc:99) For utterance UA035_21, best cost 141.114 + -118.851 = 22.2634 over 444 frames.
UA035_21 sil t i n dZ e z d v a d n i sil t a z n o t r i x a d a m a n a s t E j a n sil 
LOG (lattice-best-path[5.5]:main():lattice-best-path.cc:99) For utterance UA039_37, best cost 155.065 + -123.792 = 31.273 over 444 frames.
UA039_37 sil p i tS u r O b u t o v i n z a p a p o n o v E k u n a t E u k s a n d r u sil 
LOG (lattice-best-path[5.5]:main():lattice-best-path.cc:99) For utterance UA040_6, best cost 121.641 + -98.8063 = 22.8351 over 444 frames.
UA040_6 sil j a z v a s t u m u z e b a a t { s` o: m i b u p r E d a t sil 
LOG (lattice-best-path[5.5]:main():lattice-best-path.cc:99) For utterance UA042_84, best cost 158.523 + -124.015 = 34.5075 over 444 frames.
UA042_84 sil p sil t a k i m tS i n a m s e d a z 1 v a j p o tS a t k o t a r d o p O l a sil 
LOG (lattice-best-path[5.5]:main():lattice-best-path.cc:99) For utterance UA088_27, best cost 142.616 + -125.68 = 16.9352 over 444 frames.
UA088_27 sil 9 t a r a z a m z a l O v o j u p i p i S u j o d r u x a t u sil 
LOG (lattice-best-path[5.5]:main():lattice-best-path.cc:99) For utterance UA027_91, best cost 114.464 + -114.483 = -0.0191498 over 450 frames.
UA027_91 sil s p t_s\ a t k u n E d u n i r u S_j i n i p r a x r a n sil 
LOG (lattice-best-path[5.5]:main():lattice-best-path.cc:99) For utterance UA031_63, best cost 172.45 + -122.37 = 50.0798 over 450 frames.
UA031_63 sil k o t o r a v r a n s E p r s u z b a u v a ts E k i s k o p a t r h a t o p e d a m a sil 
LOG (lattice-best-path[5.5]:main():lattice-best-path.cc:99) For utterance UA045_73, best cost 156.993 + -132.978 = 24.0152 over 450 frames.
UA045_73 sil p O v a n a p r a g n e 4 i z v a t E s E b E n M n O v O m i ts i r o b o t E sil 
LOG (lattice-best-path[5.5]:main():lattice-best-path.cc:99) For utterance UA083_26, best cost 127.686 + -116.865 = 10.8212 over 450 frames.
UA083_26 sil v e t a k a s E t a ts e d u rZ E p a d o b e s E z a x a d u sil 
LOG (lattice-best-path[5.5]:main():lattice-best-path.cc:99) For utterance UA038_106, best cost 169.104 + -126.766 = 42.3382 over 463 frames.
UA038_106 sil J\ 9 z r o b u s p r s E p o o t i k r u k e k i p O v o d e: n b u z r o b i t a sil 
LOG (lattice-best-path[5.5]:main():lattice-best-path.cc:99) For utterance UA027_25, best cost 140.663 + -112.972 = 27.6912 over 469 frames.
UA027_25 sil v 1 ts_j i n a dZ M n h a t E k a l j E z n a s E S_j i n a j v i z 1 S_j i sil 
LOG (lattice-best-path[5.5]:main():lattice-best-path.cc:99) For utterance UA035_12, best cost 162.81 + -136.23 = 26.5806 over 469 frames.
UA035_12 sil p a s t a n 1 m E n a rZ n a n i s t E a g r a m a ts k a r E n i z a ts j o b a s t i sil 
LOG (lattice-best-path[5.5]:main():lattice-best-path.cc:99) For utterance UA038_24, best cost 141.872 + -117.268 = 24.6045 over 469 frames.
UA038_24 sil p o s l i v a n u t_s\ e b i n M n o tS E k a S E n i d o b r e d o m a sil 
LOG (lattice-best-path[5.5]:main():lattice-best-path.cc:99) For utterance UA044_19, best cost 123.392 + -116.463 = 6.92871 over 469 frames.
UA044_19 sil p sil b u s r E d n 1 x i k r s p a n d E n t sil o E m sil 
LOG (lattice-best-path[5.5]:main():lattice-best-path.cc:99) For utterance UA088_37, best cost 137.316 + -129 = 8.3152 over 469 frames.
UA088_37 sil p s t o j a w a s a b i o s t r O dz_j E j e s e 4 i ts k a p o s t k a sil 
LOG (lattice-best-path[5.5]:main():lattice-best-path.cc:99) For utterance UA032_64, best cost 153.58 + -125.273 = 28.3064 over 475 frames.
UA032_64 sil v i m E t a O z n E g w a o d n a z m i S E t E n a s a w E u k r i m sil 
LOG (lattice-best-path[5.5]:main():lattice-best-path.cc:99) For utterance UA032_95, best cost 154.643 + -122.404 = 32.239 over 475 frames.
UA032_95 sil t s t E o p a S z a s E t o m u tS E m a u t a k E sil t e 4 i n i ts t o sil 
LOG (lattice-best-path[5.5]:main():lattice-best-path.cc:99) For utterance UA088_1, best cost 173.928 + -137.535 = 36.393 over 475 frames.
UA088_1 sil dZ i n d a s p r a n d E d a h a d a v a s a n E v i S E z a x O rZ 1 m u z d a s E i v a n sil 
LOG (lattice-best-path[5.5]:main():lattice-best-path.cc:99) For utterance UA045_61, best cost 162.797 + -137.759 = 25.0382 over 481 frames.
UA045_61 sil 9 n i n i b a Z e t_s\ e p r b a t E z a m E l d i l a n k u v t E S_j ts_j i m a l a sil 
LOG (lattice-best-path[5.5]:main():lattice-best-path.cc:99) For utterance UA032_71, best cost 186.983 + -135.723 = 51.26 over 488 frames.
UA032_71 sil 9 z a x O i k a b r o t a s a z a p r a v a t i p r e n s E s m a l o b i n o s o s p i l a sil 
LOG (lattice-best-path[5.5]:main():lattice-best-path.cc:99) For utterance UA083_3, best cost 124.153 + -117.438 = 6.71503 over 488 frames.
UA083_3 sil t a i s t o j a s a m u j E v r u p E b l a p i n s u m sil 
LOG (lattice-best-path[5.5]:main():lattice-best-path.cc:99) For utterance UA083_81, best cost 122.599 + -122.4 = 0.1987 over 488 frames.
UA083_81 sil j a z n a j u v S O m a z a r a s t 9 z n a p r o s t a n sil 
LOG (lattice-best-path[5.5]:main():lattice-best-path.cc:99) For utterance UA088_81, best cost 141.748 + -129.366 = 12.382 over 488 frames.
UA088_81 sil p r o j a k i s p o s u l i t a k o j v a d E z a h a l i n E d E t s a sil 
LOG (lattice-best-path[5.5]:main():lattice-best-path.cc:99) For utterance UA047_84, best cost 120.977 + -116.597 = 4.38016 over 500 frames.
UA047_84 sil t O m u n a r o d n 1 v i E d E rZ E l m a b u d i k o m sil 
LOG (lattice-best-path[5.5]:main():lattice-best-path.cc:99) For utterance UA083_99, best cost 129.822 + -125.565 = 4.25719 over 500 frames.
UA083_99 sil z i S E o b o k u v i s n o j a p r o b l E m O v 1 b a r u sil 
LOG (lattice-best-path[5.5]:main():lattice-best-path.cc:99) For utterance UA036_20, best cost 173.779 + -153.88 = 19.8987 over 538 frames.
UA036_20 sil p E Z a d o n k a S E v E n a k o z a k r a m a O v O a s t a 4 a ts 1 x r E t k i u sil 
LOG (lattice-best-path[5.5]:main():lattice-best-path.cc:99) For utterance UA047_50, best cost 182.647 + -143.907 = 38.7399 over 544 frames.
UA047_50 sil v e s k y S E p i d E z 1 x i S a d e n o k u tS a k o l i t o m u p r i d e k i d e t sil 
LOG (lattice-best-path[5.5]:main():lattice-best-path.cc:99) For utterance UA083_90, best cost 143.47 + -141.533 = 1.93707 over 544 frames.
UA083_90 sil v p o k e m a m a j m a t a k i i m i tS i i n i ts i l k i i m i ts_j sil 
LOG (lattice-best-path[5.5]:main():lattice-best-path.cc:99) For utterance UA036_57, best cost 165.207 + -129.847 = 35.3598 over 556 frames.
UA036_57 sil v i t o n a p r i S a v k e dZ a g a n a p o E s n 1 x n dZ a n a z a p O n o v sil 
LOG (lattice-best-path[5.5]:main():lattice-best-path.cc:99) For utterance UA083_15, best cost 167.026 + -149.098 = 17.9278 over 575 frames.
UA083_15 sil k p r t E k y n e s o b i r u s i d e d n e v i m o t E s e n a m o Z E m sil 
LOG (lattice-best-path[5.5]:main():lattice-best-path.cc:99) For utterance UA083_18, best cost 168.443 + -157.905 = 10.5381 over 588 frames.
UA083_18 sil v e n a s t a v e tS n a p i d i S e s t a n d a r ts j rZ 1 ts j a b u k r i n i m sil 
LOG (lattice-best-path[5.5]:main():lattice-best-path.cc:99) For utterance UA088_110, best cost 173.976 + -145.601 = 28.3743 over 588 frames.
UA088_110 sil 9 tS E n a s i s o v\ i x a t o s t o p O l a b i d n E n k O z a d a n a dZ i tS E n a sil 
LOG (lattice-best-path[5.5]:main():lattice-best-path.cc:99) For utterance UA037_101, best cost 199.744 + -170.755 = 28.9897 over 638 frames.
UA037_101 sil t o m u t a t E z b r a j ts i t i p o r u S_j i d a tS E k a s k u o g o d E Z e n i s t r a j s E sil 
LOG (lattice-best-path[5.5]:main():lattice-best-path.cc:99) For utterance UA083_58, best cost 160.425 + -157.757 = 2.66783 over 638 frames.
UA083_58 sil e sil a l E ts j o S e m a j a k a dZ a t a k i d a n d e s i i s n o U t sil 
ERROR: VectorFst::Read: Read failed: <unspecified>
WARNING (lattice-add-penalty[5.5]:ReadCompactLattice():kaldi-lattice.cc:345) Error reading compact lattice (after reading header).
WARNING (lattice-add-penalty[5.5]:Next():util/kaldi-table-inl.h:574) Object read failed, reading archive standard input
LOG (lattice-add-penalty[5.5]:main():lattice-add-penalty.cc:62) Done adding word insertion penalty to 217 lattices.
ERROR (lattice-add-penalty[5.5]:~SequentialTableReaderArchiveImpl():util/kaldi-table-inl.h:678) TableReader: error detected closing archive standard input

[ Stack-Trace: ]
/home/paul/kaldi/src/lib/libkaldi-base.so(kaldi::MessageLogger::LogMessage() const+0xb42) [0x7fe78a97c682]
lattice-add-penalty(kaldi::MessageLogger::LogAndThrow::operator=(kaldi::MessageLogger const&)+0x21) [0x56092e47063d]
lattice-add-penalty(kaldi::SequentialTableReaderArchiveImpl<kaldi::CompactLatticeHolder>::~SequentialTableReaderArchiveImpl()+0x179) [0x56092e473889]
lattice-add-penalty(kaldi::SequentialTableReaderArchiveImpl<kaldi::CompactLatticeHolder>::~SequentialTableReaderArchiveImpl()+0x9) [0x56092e473897]
lattice-add-penalty(kaldi::SequentialTableReader<kaldi::CompactLatticeHolder>::~SequentialTableReader()+0x12) [0x56092e473e10]
lattice-add-penalty(main+0x3f8) [0x56092e46f3e2]
/lib/x86_64-linux-gnu/libc.so.6(__libc_start_main+0xe7) [0x7fe78967cb97]
lattice-add-penalty(_start+0x2a) [0x56092e46ef0a]

terminate called after throwing an instance of 'kaldi::KaldiFatalError'
  what():  kaldi::KaldiFatalError
LOG (lattice-best-path[5.5]:main():lattice-best-path.cc:124) Overall cost per frame is 0.050736 = 0.30525 [graph] + -0.254514 [acoustic] over 77096 frames.
LOG (lattice-best-path[5.5]:main():lattice-best-path.cc:128) Done 217 lattices, failed for 0
# Accounting: time=4 threads=1
# Ended (code 0) at Mon Apr 20 21:16:18 BST 2020, elapsed time 4 seconds
