# lattice-scale --inv-acoustic-scale=13 "ark:gunzip -c /home/paul/UPM/pytorch-kaldi/exp/UPM_RNN_mfcc_base_4_layers/decode_UA_only_out_dnn2/lat.*.gz|" ark:- | lattice-add-penalty --word-ins-penalty=0.5 ark:- ark:- | lattice-best-path --word-symbol-table=/home/paul/upm_exp/baseline_mfcc/data/lang/words.txt ark:- ark,t:- | utils/int2sym.pl -f 2- /home/paul/upm_exp/baseline_mfcc/data/lang/words.txt | local/wer_hyp_filter > /home/paul/UPM/pytorch-kaldi/exp/UPM_RNN_mfcc_base_4_layers/decode_UA_only_out_dnn2/scoring_kaldi/penalty_0.5/13.txt 
# Started at Mon Apr 20 21:16:14 BST 2020
#
lattice-best-path --word-symbol-table=/home/paul/upm_exp/baseline_mfcc/data/lang/words.txt ark:- ark,t:- 
lattice-add-penalty --word-ins-penalty=0.5 ark:- ark:- 
lattice-scale --inv-acoustic-scale=13 'ark:gunzip -c /home/paul/UPM/pytorch-kaldi/exp/UPM_RNN_mfcc_base_4_layers/decode_UA_only_out_dnn2/lat.*.gz|' ark:- 
LOG (lattice-best-path[5.5]:main():lattice-best-path.cc:99) For utterance UA031_91, best cost 55.1904 + -58.4022 = -3.21178 over 181 frames.
UA031_91 sil k a n a s E t a p r o s t a sil 
LOG (lattice-best-path[5.5]:main():lattice-best-path.cc:99) For utterance UA038_7, best cost 46.9958 + -54.836 = -7.84015 over 188 frames.
UA038_7 sil b i n u S E z a ts E sil 
LOG (lattice-best-path[5.5]:main():lattice-best-path.cc:99) For utterance UA044_67, best cost 53.7926 + -64.2671 = -10.4745 over 188 frames.
UA044_67 sil p a ts E rZ 1 v o n o m sil 
LOG (lattice-best-path[5.5]:main():lattice-best-path.cc:99) For utterance UA032_33, best cost 82.8889 + -70.8963 = 11.9926 over 206 frames.
UA032_33 sil v e m O rZ O dz_j E m u b u l o p i t E sil 
LOG (lattice-best-path[5.5]:main():lattice-best-path.cc:99) For utterance UA040_101, best cost 68.1338 + -58.3512 = 9.78262 over 206 frames.
UA040_101 sil v e u dz_j E b u S b u z n o sil 
LOG (lattice-best-path[5.5]:main():lattice-best-path.cc:99) For utterance UA034_94, best cost 68.5439 + -79.2033 = -10.6594 over 213 frames.
UA034_94 sil p t a b u j ts 1 x O r a z o sil 
LOG (lattice-best-path[5.5]:main():lattice-best-path.cc:99) For utterance UA032_49, best cost 73.8803 + -62.8811 = 10.9991 over 219 frames.
UA032_49 sil p r E z i 4 t a k i f i n a d a s sil 
LOG (lattice-best-path[5.5]:main():lattice-best-path.cc:99) For utterance UA038_6, best cost 76.1909 + -83.2081 = -7.01718 over 219 frames.
UA038_6 sil p d u rZ E d o b r n a z d i t E sil 
LOG (lattice-best-path[5.5]:main():lattice-best-path.cc:99) For utterance UA040_56, best cost 64.0019 + -66.8816 = -2.8797 over 219 frames.
UA040_56 sil p o: n o s t a k i n a p r E tS E sil 
LOG (lattice-best-path[5.5]:main():lattice-best-path.cc:99) For utterance UA035_34, best cost 61.1417 + -74.0728 = -12.9311 over 225 frames.
UA035_34 sil p i u n a b o t r i n i n sil 
LOG (lattice-best-path[5.5]:main():lattice-best-path.cc:99) For utterance UA042_63, best cost 76.6777 + -86.8701 = -10.1924 over 238 frames.
UA042_63 sil p o d E r O S_j i t a m p o l a n E m a sil 
LOG (lattice-best-path[5.5]:main():lattice-best-path.cc:99) For utterance UA047_78, best cost 61.2565 + -67.4459 = -6.18942 over 238 frames.
UA047_78 sil t a s p r a w a n M dZ o m u sil 
LOG (lattice-best-path[5.5]:main():lattice-best-path.cc:99) For utterance UA033_45, best cost 80.2086 + -85.788 = -5.57932 over 244 frames.
UA033_45 sil p a 4 i n ts i l J\ e v a t y j i v i sil 
LOG (lattice-best-path[5.5]:main():lattice-best-path.cc:99) For utterance UA036_23, best cost 66.2455 + -79.8092 = -13.5637 over 244 frames.
UA036_23 sil v e d o b r E S E v i n i j a sil 
LOG (lattice-best-path[5.5]:main():lattice-best-path.cc:99) For utterance UA042_14, best cost 78.9807 + -77.4525 = 1.52819 over 244 frames.
UA042_14 sil k a k i p r u dz_j a m O S_j i o d n i a sil 
LOG (lattice-best-path[5.5]:main():lattice-best-path.cc:99) For utterance UA047_48, best cost 80.5163 + -82.1445 = -1.6282 over 244 frames.
UA047_48 sil v e a p E s t a l d a t O v o d a m a sil 
LOG (lattice-best-path[5.5]:main():lattice-best-path.cc:99) For utterance UA034_97, best cost 84.1479 + -84.4661 = -0.318207 over 250 frames.
UA034_97 sil t a k a x i tS i n O d E n a t E s i tS E sil 
LOG (lattice-best-path[5.5]:main():lattice-best-path.cc:99) For utterance UA042_13, best cost 93.0285 + -93.2296 = -0.201057 over 250 frames.
UA042_13 sil k b i z a Z d i b u v t a n d a v a S k u sil 
LOG (lattice-best-path[5.5]:main():lattice-best-path.cc:99) For utterance UA031_72, best cost 99.2445 + -91.0874 = 8.15708 over 263 frames.
UA031_72 sil v e o l o g o s E d a k i z m i n a s t a w a s a sil 
LOG (lattice-best-path[5.5]:main():lattice-best-path.cc:99) For utterance UA041_69, best cost 66.9573 + -72.1011 = -5.14381 over 263 frames.
UA041_69 sil 9 t sil t a n i k a 4 d a s E sil 
LOG (lattice-best-path[5.5]:main():lattice-best-path.cc:99) For utterance UA045_12, best cost 56.3694 + -84.3436 = -27.9742 over 263 frames.
UA045_12 sil p i s E ts E n E tS a s sil 
LOG (lattice-best-path[5.5]:main():lattice-best-path.cc:99) For utterance UA031_34, best cost 87.3349 + -93.4515 = -6.11652 over 269 frames.
UA031_34 sil 9 t a k o n o v a s m a j s t a w a s E sil 
LOG (lattice-best-path[5.5]:main():lattice-best-path.cc:99) For utterance UA031_8, best cost 87.6942 + -102.097 = -14.4029 over 269 frames.
UA031_8 sil k s a t a ts E z a r a s n a s k r a S 1 x sil 
LOG (lattice-best-path[5.5]:main():lattice-best-path.cc:99) For utterance UA034_89, best cost 78.363 + -79.6749 = -1.3119 over 269 frames.
UA034_89 sil s e S E v 1 b r n a p t_s\ e l i s E sil 
LOG (lattice-best-path[5.5]:main():lattice-best-path.cc:99) For utterance UA035_11, best cost 72.764 + -84.9755 = -12.2115 over 269 frames.
UA035_11 sil v e a n a p E S 1 m i tS E t o t sil 
LOG (lattice-best-path[5.5]:main():lattice-best-path.cc:99) For utterance UA035_22, best cost 89.7811 + -93.309 = -3.52789 over 269 frames.
UA035_22 sil v e d a s E t o p r e tS E v o j o m a t E sil 
LOG (lattice-best-path[5.5]:main():lattice-best-path.cc:99) For utterance UA038_101, best cost 92.0344 + -99.2506 = -7.21623 over 269 frames.
UA038_101 sil p o n a s t o p l o d n a g b u s E s u t sil 
LOG (lattice-best-path[5.5]:main():lattice-best-path.cc:99) For utterance UA040_84, best cost 91.6614 + -84.2429 = 7.41853 over 269 frames.
UA040_84 sil v e a w S_j i k o n o l E d E d a s p r a l sil 
LOG (lattice-best-path[5.5]:main():lattice-best-path.cc:99) For utterance UA041_84, best cost 67.0735 + -71.7908 = -4.71729 over 269 frames.
UA041_84 sil o d y z b u j s t E u l v sil 
LOG (lattice-best-path[5.5]:main():lattice-best-path.cc:99) For utterance UA042_52, best cost 75.9174 + -85.7846 = -9.86719 over 269 frames.
UA042_52 sil v e b i n u r i s t a m a p r a ts E sil 
LOG (lattice-best-path[5.5]:main():lattice-best-path.cc:99) For utterance UA044_73, best cost 88.6721 + -89.5617 = -0.889633 over 269 frames.
UA044_73 sil v e S E z n E b u d E d a l i n i z m a n sil 
LOG (lattice-best-path[5.5]:main():lattice-best-path.cc:99) For utterance UA028_37, best cost 69.4425 + -84.58 = -15.1375 over 275 frames.
UA028_37 sil b a j a ts i k o d u r E z n a j sil 
LOG (lattice-best-path[5.5]:main():lattice-best-path.cc:99) For utterance UA037_49, best cost 86.7967 + -91.823 = -5.02634 over 275 frames.
UA037_49 sil v e d_z\ u r o k u t a S a m a s a t a ts i sil 
LOG (lattice-best-path[5.5]:main():lattice-best-path.cc:99) For utterance UA041_89, best cost 67.0601 + -72.9463 = -5.88612 over 275 frames.
UA041_89 sil n o s u j a k n a x o d i ts i sil 
LOG (lattice-best-path[5.5]:main():lattice-best-path.cc:99) For utterance UA088_6, best cost 67.2214 + -83.7445 = -16.5231 over 275 frames.
UA088_6 sil v p E t a j O h a l O v a n sil 
LOG (lattice-best-path[5.5]:main():lattice-best-path.cc:99) For utterance UA032_35, best cost 92.6426 + -89.4355 = 3.2071 over 281 frames.
UA032_35 sil p S e 4 e s t i g r u S i s e s t a u s a sil 
LOG (lattice-best-path[5.5]:main():lattice-best-path.cc:99) For utterance UA034_71, best cost 107.016 + -116.93 = -9.91431 over 281 frames.
UA034_71 sil p s E v a S k O a l a ts E n a S E m e b u t n i E sil 
LOG (lattice-best-path[5.5]:main():lattice-best-path.cc:99) For utterance UA036_83, best cost 90.7385 + -104.42 = -13.6812 over 281 frames.
UA036_83 sil t a s u t u z n o v O rZ 1 k n a v n 1 x sil 
LOG (lattice-best-path[5.5]:main():lattice-best-path.cc:99) For utterance UA037_6, best cost 98.3779 + -101.92 = -3.54198 over 281 frames.
UA037_6 sil p t a k S_j i b u r C }: t a k a n M z n i k o sil 
LOG (lattice-best-path[5.5]:main():lattice-best-path.cc:99) For utterance UA033_99, best cost 86.1144 + -90.9643 = -4.84986 over 288 frames.
UA033_99 sil 9 n a S a s t E s i d i o S u t k u sil 
LOG (lattice-best-path[5.5]:main():lattice-best-path.cc:99) For utterance UA034_72, best cost 105.726 + -95.3689 = 10.357 over 288 frames.
UA034_72 sil v e b a n a b u z a m i sil d r a S E p r dz_j E t E i sil 
LOG (lattice-best-path[5.5]:main():lattice-best-path.cc:99) For utterance UA034_8, best cost 94.6314 + -97.0318 = -2.40042 over 288 frames.
UA034_8 sil v e a dZ e n a j o tS a z e n u d r u z i sil 
LOG (lattice-best-path[5.5]:main():lattice-best-path.cc:99) For utterance UA035_105, best cost 93.9281 + -106.738 = -12.8096 over 288 frames.
UA035_105 sil p i t a k i x l e d e s t E j e s e b i S E sil 
LOG (lattice-best-path[5.5]:main():lattice-best-path.cc:99) For utterance UA037_5, best cost 96.4956 + -96.3438 = 0.15181 over 288 frames.
UA037_5 sil d e: t i k a ts E m u t a k o S n E d a l O S_j i sil 
LOG (lattice-best-path[5.5]:main():lattice-best-path.cc:99) For utterance UA038_110, best cost 82.0977 + -86.4877 = -4.39005 over 288 frames.
UA038_110 sil v i s E ts E t r e b O v i rZ O t a sil 
LOG (lattice-best-path[5.5]:main():lattice-best-path.cc:99) For utterance UA038_58, best cost 66.5052 + -85.1267 = -18.6215 over 288 frames.
UA038_58 sil p r o ts E p o k a m e d i ts E sil 
LOG (lattice-best-path[5.5]:main():lattice-best-path.cc:99) For utterance UA039_79, best cost 107.381 + -110.221 = -2.84047 over 288 frames.
UA039_79 sil p s a b o n a t r E tS E d E n p i s E z n i k n i sil 
LOG (lattice-best-path[5.5]:main():lattice-best-path.cc:99) For utterance UA040_41, best cost 86.7874 + -89.741 = -2.95366 over 288 frames.
UA040_41 sil v i v i n b u s o t y k a d O v p O k a sil 
LOG (lattice-best-path[5.5]:main():lattice-best-path.cc:99) For utterance UA041_43, best cost 69.2547 + -79.4132 = -10.1584 over 288 frames.
UA041_43 sil t o m u j b u l u S l i d u sil 
LOG (lattice-best-path[5.5]:main():lattice-best-path.cc:99) For utterance UA042_3, best cost 86.8572 + -91.9985 = -5.1413 over 288 frames.
UA042_3 sil p sil o t i s k a t o r u v i t a m b u sil 
LOG (lattice-best-path[5.5]:main():lattice-best-path.cc:99) For utterance UA044_79, best cost 111.768 + -95.7751 = 15.9924 over 288 frames.
UA044_79 sil p s E z v i s t a p r b a z a ts i n E d l E v a l d E sil 
LOG (lattice-best-path[5.5]:main():lattice-best-path.cc:99) For utterance UA044_90, best cost 87.608 + -94.7263 = -7.11829 over 288 frames.
UA044_90 sil v u m a j b u p i m a z a s l o m a o sil 
LOG (lattice-best-path[5.5]:main():lattice-best-path.cc:99) For utterance UA045_51, best cost 77.3565 + -97.9554 = -20.5989 over 288 frames.
UA045_51 sil p a dz_j E v a n M S E Z u r a z a n sil 
LOG (lattice-best-path[5.5]:main():lattice-best-path.cc:99) For utterance UA088_18, best cost 74.6261 + -92.7534 = -18.1273 over 288 frames.
UA088_18 sil k b u x j O z n a j E tS a m u sil 
LOG (lattice-best-path[5.5]:main():lattice-best-path.cc:99) For utterance UA027_37, best cost 55.0458 + -75.9862 = -20.9404 over 294 frames.
UA027_37 sil a l a ts E t a k dZ e m sil 
LOG (lattice-best-path[5.5]:main():lattice-best-path.cc:99) For utterance UA028_88, best cost 76.996 + -94.8825 = -17.8865 over 294 frames.
UA028_88 sil n E r a b o tS a a s p o s E S_j ts_j a sil 
LOG (lattice-best-path[5.5]:main():lattice-best-path.cc:99) For utterance UA033_13, best cost 95.1913 + -91.6654 = 3.52583 over 294 frames.
UA033_13 sil 9 j o z n a g O rZ E n E t i k i v o k r i sil 
LOG (lattice-best-path[5.5]:main():lattice-best-path.cc:99) For utterance UA045_92, best cost 76.7111 + -87.9298 = -11.2187 over 294 frames.
UA045_92 sil a l a dZ a l e s e b u v 1 S_j E l a sil 
LOG (lattice-best-path[5.5]:main():lattice-best-path.cc:99) For utterance UA027_5, best cost 89.8677 + -97.6592 = -7.79147 over 300 frames.
UA027_5 sil i s t u r i s E S_j i t E j u n a S k i ts i sil 
LOG (lattice-best-path[5.5]:main():lattice-best-path.cc:99) For utterance UA047_27, best cost 61.7606 + -93.0311 = -31.2705 over 300 frames.
UA047_27 sil z a S l o t a w 1 z a ts E sil 
LOG (lattice-best-path[5.5]:main():lattice-best-path.cc:99) For utterance UA028_35, best cost 78.3063 + -91.2558 = -12.9495 over 306 frames.
UA028_35 sil n i S i n a S E s E a w 1 b i S t sil 
LOG (lattice-best-path[5.5]:main():lattice-best-path.cc:99) For utterance UA028_9, best cost 103.653 + -109.414 = -5.76069 over 306 frames.
UA028_9 sil s a m p o r m p r E ts_j O_~ d o l i t r E d i ts i n a sil 
LOG (lattice-best-path[5.5]:main():lattice-best-path.cc:99) For utterance UA028_97, best cost 51.5559 + -86.2749 = -34.719 over 306 frames.
UA028_97 sil S_j ts_j u m O rZ E i ya sil 
LOG (lattice-best-path[5.5]:main():lattice-best-path.cc:99) For utterance UA029_52, best cost 81.0044 + -98.3369 = -17.3325 over 306 frames.
UA029_52 sil j o s n a t E v i n o v\ a p r o E n sil 
LOG (lattice-best-path[5.5]:main():lattice-best-path.cc:99) For utterance UA031_50, best cost 104.386 + -96.0998 = 8.28631 over 306 frames.
UA031_50 sil t o m a s p r o v r Z b r a t E s e S E d E ts_j O_~ sil 
LOG (lattice-best-path[5.5]:main():lattice-best-path.cc:99) For utterance UA031_66, best cost 119.302 + -100.686 = 18.6161 over 306 frames.
UA031_66 sil t a b a s t a t E d O m t r e b a z a d E s p o i x a d E sil 
LOG (lattice-best-path[5.5]:main():lattice-best-path.cc:99) For utterance UA031_82, best cost 149.483 + -119.767 = 29.716 over 306 frames.
UA031_82 sil v e a l a k o S t E z n a t a k i r o b o t E n a S a k t i n a p r b a S a sil 
LOG (lattice-best-path[5.5]:main():lattice-best-path.cc:99) For utterance UA034_109, best cost 102.702 + -107.947 = -5.24521 over 306 frames.
UA034_109 sil p sil m e b u t_s\ e p r a ts i v a t E u tS E r n i sil 
LOG (lattice-best-path[5.5]:main():lattice-best-path.cc:99) For utterance UA035_76, best cost 88.331 + -84.9327 = 3.39833 over 306 frames.
UA035_76 sil v a l E d a k u z p r a l n a s n E s n a sil 
LOG (lattice-best-path[5.5]:main():lattice-best-path.cc:99) For utterance UA036_108, best cost 107.512 + -112.489 = -4.97701 over 306 frames.
UA036_108 sil k s r E p O s t r Z d a l a k n a d n a d a t i n a sil 
LOG (lattice-best-path[5.5]:main():lattice-best-path.cc:99) For utterance UA038_65, best cost 98.1513 + -96.1371 = 2.01425 over 306 frames.
UA038_65 sil v O d n o g r a S e n i d E n E z n E S w a sil 
LOG (lattice-best-path[5.5]:main():lattice-best-path.cc:99) For utterance UA038_98, best cost 107.55 + -114.793 = -7.24287 over 306 frames.
UA038_98 sil p O z a r a d E n s k i tS E s i v t o d r u b u k u sil 
LOG (lattice-best-path[5.5]:main():lattice-best-path.cc:99) For utterance UA039_78, best cost 102.874 + -110.515 = -7.64099 over 306 frames.
UA039_78 sil p t a j u rZ E d E l i z b r u j b u g i S 1 sil 
LOG (lattice-best-path[5.5]:main():lattice-best-path.cc:99) For utterance UA040_86, best cost 98.2148 + -98.1092 = 0.105652 over 306 frames.
UA040_86 sil v i s k o d u S u S E s t o d u p o t a ts_j v sil 
LOG (lattice-best-path[5.5]:main():lattice-best-path.cc:99) For utterance UA044_43, best cost 108.507 + -112.7 = -4.19373 over 306 frames.
UA044_43 sil p t a a l E n a S a s e l a z a r O z v i E_~ ts_j u m sil 
LOG (lattice-best-path[5.5]:main():lattice-best-path.cc:99) For utterance UA045_15, best cost 96.2251 + -99.982 = -3.75697 over 306 frames.
UA045_15 sil t a l E o d i p r a d u ts a r dz_j E m n o ya sil 
LOG (lattice-best-path[5.5]:main():lattice-best-path.cc:99) For utterance UA045_54, best cost 79.8002 + -97.4628 = -17.6627 over 306 frames.
UA045_54 sil v e i s p r a d i p i S 1 z i ts E sil 
LOG (lattice-best-path[5.5]:main():lattice-best-path.cc:99) For utterance UA031_15, best cost 115.016 + -97.6625 = 17.3531 over 313 frames.
UA031_15 sil a w a p E S E k u k i n a tS E m u S l a k u z r O b u n sil 
LOG (lattice-best-path[5.5]:main():lattice-best-path.cc:99) For utterance UA034_70, best cost 112.868 + -106.019 = 6.849 over 313 frames.
UA034_70 sil i: m a m O v a k o s t o ts i x O s u b i n a k o r s t sil 
LOG (lattice-best-path[5.5]:main():lattice-best-path.cc:99) For utterance UA038_80, best cost 94.1039 + -96.4485 = -2.3446 over 313 frames.
UA038_80 sil o l i n i ya t r u x u rZ E z a t r i m a n o sil 
LOG (lattice-best-path[5.5]:main():lattice-best-path.cc:99) For utterance UA028_58, best cost 100.307 + -105.145 = -4.83733 over 319 frames.
UA028_58 sil ts E t r b a b o b a ts_j dz_j E n a l a s n i u tS i sil 
LOG (lattice-best-path[5.5]:main():lattice-best-path.cc:99) For utterance UA033_32, best cost 118.259 + -118.336 = -0.0772476 over 319 frames.
UA033_32 sil p o n a j a d O m a z a u S u j s E tS O i t i d i n E sil 
LOG (lattice-best-path[5.5]:main():lattice-best-path.cc:99) For utterance UA034_106, best cost 114.76 + -123.65 = -8.8897 over 319 frames.
UA034_106 sil p a l a d a i p r O v a tS E n i a S E d u rZ E d a l a k o sil 
LOG (lattice-best-path[5.5]:main():lattice-best-path.cc:99) For utterance UA035_84, best cost 82.4758 + -96.1142 = -13.6385 over 319 frames.
UA035_84 sil n a S i k r i n i s E n e d b u s E sil 
LOG (lattice-best-path[5.5]:main():lattice-best-path.cc:99) For utterance UA036_26, best cost 103.293 + -119.768 = -16.4757 over 319 frames.
UA036_26 sil b a t o p r a S a m O rZ n a l s p o j s t 1 S_j E sil 
LOG (lattice-best-path[5.5]:main():lattice-best-path.cc:99) For utterance UA041_46, best cost 99.3734 + -102.412 = -3.03867 over 319 frames.
UA041_46 sil v e a ts E f O k p o d r u b u d u s i tS E sil 
LOG (lattice-best-path[5.5]:main():lattice-best-path.cc:99) For utterance UA027_39, best cost 77.2016 + -93.654 = -16.4524 over 325 frames.
UA027_39 sil n a t o s E s t E s u i s E s O_~ ts i sil 
LOG (lattice-best-path[5.5]:main():lattice-best-path.cc:99) For utterance UA033_39, best cost 115.701 + -117.117 = -1.41648 over 325 frames.
UA033_39 sil 9 n a s t o b n o n i a p r i x O v i x n a tS a n 1 x sil 
LOG (lattice-best-path[5.5]:main():lattice-best-path.cc:99) For utterance UA037_105, best cost 94.8678 + -106.102 = -11.2341 over 325 frames.
UA037_105 sil n e t u s t E z a m i S m o m u p o s a l a sil 
LOG (lattice-best-path[5.5]:main():lattice-best-path.cc:99) For utterance UA038_19, best cost 92.9628 + -120.444 = -27.481 over 325 frames.
UA038_19 sil p S u p o t i m i z n 1 x o s t E o d i n sil 
LOG (lattice-best-path[5.5]:main():lattice-best-path.cc:99) For utterance UA038_97, best cost 117.605 + -114.433 = 3.17198 over 325 frames.
UA038_97 sil t O d o r u k O b u d i n i s t o k o n u z a v a S E t E sil 
LOG (lattice-best-path[5.5]:main():lattice-best-path.cc:99) For utterance UA039_39, best cost 82.799 + -103.711 = -20.9115 over 325 frames.
UA039_39 sil v e u ts i s t u i b a t o tS E m u sil 
LOG (lattice-best-path[5.5]:main():lattice-best-path.cc:99) For utterance UA042_11, best cost 134.241 + -129.191 = 5.05002 over 325 frames.
UA042_11 sil v e ts i k O m p a n i b u l o i s E m r m a l a d y z i n o k sil 
LOG (lattice-best-path[5.5]:main():lattice-best-path.cc:99) For utterance UA042_71, best cost 107.645 + -105.122 = 2.52383 over 325 frames.
UA042_71 sil p o p t a l u d a n a z v a l E p O rZ E n a s l i t E sil 
LOG (lattice-best-path[5.5]:main():lattice-best-path.cc:99) For utterance UA044_33, best cost 91.1337 + -114.006 = -22.8722 over 325 frames.
UA044_33 sil k o i m O v s u v o l i i p r k a n a n i sil 
LOG (lattice-best-path[5.5]:main():lattice-best-path.cc:99) For utterance UA045_18, best cost 89.1733 + -108.762 = -19.5892 over 325 frames.
UA045_18 sil p dZ e b i S E s t i ts E v 1 k i r O S_j i sil 
LOG (lattice-best-path[5.5]:main():lattice-best-path.cc:99) For utterance UA034_41, best cost 124.476 + -118.356 = 6.12045 over 331 frames.
UA034_41 sil v o: m a n e d i n a s E s t r a j a k a m a S k a n a h a S_j i n i sil 
LOG (lattice-best-path[5.5]:main():lattice-best-path.cc:99) For utterance UA035_26, best cost 121.513 + -125.501 = -3.98831 over 331 frames.
UA035_26 sil a tS E z p E n a tS a s t a dZ e S a S_j i o d n a z a j a v a sil 
LOG (lattice-best-path[5.5]:main():lattice-best-path.cc:99) For utterance UA041_48, best cost 86.042 + -93.7658 = -7.72383 over 331 frames.
UA041_48 sil p o g O S_j i o s i b r b E_~ d o d E k a sil 
LOG (lattice-best-path[5.5]:main():lattice-best-path.cc:99) For utterance UA028_79, best cost 99.9484 + -92.0147 = 7.93372 over 338 frames.
UA028_79 sil n a p a t r i n a b o v\ i n a m i s p i p r a ts i sil 
LOG (lattice-best-path[5.5]:main():lattice-best-path.cc:99) For utterance UA032_99, best cost 110.266 + -123.933 = -13.6665 over 338 frames.
UA032_99 sil p O dz_j i i z i 4 t }: s ts E r n 1 x O dz_j i w a s E sil 
LOG (lattice-best-path[5.5]:main():lattice-best-path.cc:99) For utterance UA038_59, best cost 131.255 + -134.857 = -3.60176 over 338 frames.
UA038_59 sil p s t a v d a p o t a t a m tS E r k a s k e m i s k o j e 4 a d a sil 
LOG (lattice-best-path[5.5]:main():lattice-best-path.cc:99) For utterance UA041_32, best cost 109.839 + -115.169 = -5.32993 over 338 frames.
UA041_32 sil t sil z a z a t o b i l u rZ 1 b u r d u k r i n s E sil 
LOG (lattice-best-path[5.5]:main():lattice-best-path.cc:99) For utterance UA042_6, best cost 108.835 + -119.863 = -11.0283 over 338 frames.
UA042_6 sil p o n a s u l i s n i r u k i b u j S_j n i l u d i sil 
LOG (lattice-best-path[5.5]:main():lattice-best-path.cc:99) For utterance UA042_74, best cost 120.133 + -129.233 = -9.1002 over 338 frames.
UA042_74 sil k tS o l i k i d r u rZ E n a p O v i n i b u t r a z a m sil 
LOG (lattice-best-path[5.5]:main():lattice-best-path.cc:99) For utterance UA045_107, best cost 97.9901 + -99.8246 = -1.83447 over 338 frames.
UA045_107 sil z a r a s t E t r i n a p r e t_s\ e u l v O dz_j E sil 
LOG (lattice-best-path[5.5]:main():lattice-best-path.cc:99) For utterance UA037_71, best cost 123.546 + -119.435 = 4.11073 over 344 frames.
UA037_71 sil p i s i o p r a ts i b a b u s E s t a l a z n a tS n o l E x sil 
LOG (lattice-best-path[5.5]:main():lattice-best-path.cc:99) For utterance UA038_32, best cost 105.111 + -110.409 = -5.29779 over 344 frames.
UA038_32 sil v E t i l k u S t i f u n o s n a ts E n a m o ya sil 
LOG (lattice-best-path[5.5]:main():lattice-best-path.cc:99) For utterance UA044_35, best cost 129.623 + -123.001 = 6.62184 over 344 frames.
UA044_35 sil k a sil n a r u d n E dz_j i m i t k r s a n a s t u v n o r O k u sil 
LOG (lattice-best-path[5.5]:main():lattice-best-path.cc:99) For utterance UA032_26, best cost 115.121 + -119.141 = -4.02007 over 350 frames.
UA032_26 sil p r u tS i l s t o j u x u p O rZ E p O v i d a m l a w a sil 
LOG (lattice-best-path[5.5]:main():lattice-best-path.cc:99) For utterance UA034_17, best cost 118.668 + -107.317 = 11.3509 over 350 frames.
UA034_17 sil 9 J\: M S k a ts l a v E p r o s t o n O rZ n a b E s a t i sil 
LOG (lattice-best-path[5.5]:main():lattice-best-path.cc:99) For utterance UA038_26, best cost 115.815 + -127.261 = -11.4465 over 350 frames.
UA038_26 sil p sil z a r o d e k i d E t 1 m i j e s u b i p S O v sil 
LOG (lattice-best-path[5.5]:main():lattice-best-path.cc:99) For utterance UA039_9, best cost 107.856 + -118.083 = -10.227 over 350 frames.
UA039_9 sil t o d i n i z n d 1 x i o n i d e n a w b r a tS E sil 
LOG (lattice-best-path[5.5]:main():lattice-best-path.cc:99) For utterance UA045_32, best cost 100.035 + -114.47 = -14.4342 over 350 frames.
UA045_32 sil J\ e ts j o b r a l j a l u x i z l a d e n sil 
LOG (lattice-best-path[5.5]:main():lattice-best-path.cc:99) For utterance UA045_41, best cost 121.788 + -125.95 = -4.16219 over 350 frames.
UA045_41 sil v i r a s t a S 1 v a J a S k i u j a k i s n E S_j ts_j E n i sil 
LOG (lattice-best-path[5.5]:main():lattice-best-path.cc:99) For utterance UA032_84, best cost 104.685 + -114.198 = -9.51392 over 356 frames.
UA032_84 sil k a t a k }: C }: d e j u k r i n i m i l o n 1 sil 
LOG (lattice-best-path[5.5]:main():lattice-best-path.cc:99) For utterance UA035_51, best cost 134.124 + -130.183 = 3.94067 over 356 frames.
UA035_51 sil o x O tS a v p a S E l i k r o b u t E p r a t a k a n E d e ts E sil 
LOG (lattice-best-path[5.5]:main():lattice-best-path.cc:99) For utterance UA039_86, best cost 117.816 + -124.774 = -6.95765 over 356 frames.
UA039_86 sil t o t o n a s e t a p r o s t u a l E v i n d e b u i ts E sil 
LOG (lattice-best-path[5.5]:main():lattice-best-path.cc:99) For utterance UA029_105, best cost 91.8115 + -121.262 = -29.4507 over 363 frames.
UA029_105 sil j e k i u d i b u i t E p E u s i n E sil 
LOG (lattice-best-path[5.5]:main():lattice-best-path.cc:99) For utterance UA037_108, best cost 118.624 + -129.191 = -10.5672 over 363 frames.
UA037_108 sil a a l a j u i d i 4 M n i x t o n 1 p i t r i m O v sil 
LOG (lattice-best-path[5.5]:main():lattice-best-path.cc:99) For utterance UA039_56, best cost 132.385 + -140.532 = -8.14757 over 363 frames.
UA039_56 sil t a a w E p o tS a w 1 p r u tS E v a t E i s p r a v a p i S l a sil 
LOG (lattice-best-path[5.5]:main():lattice-best-path.cc:99) For utterance UA040_98, best cost 162.634 + -139.095 = 23.539 over 363 frames.
UA040_98 sil p d u tS E s t i v i o m u z a p o s u S_j i E_~ rZ 1 x u tS a s n i k i v o r i v sil 
LOG (lattice-best-path[5.5]:main():lattice-best-path.cc:99) For utterance UA041_19, best cost 117.55 + -113.542 = 4.00797 over 363 frames.
UA041_19 sil p O v o p l u d E j a k o t r e d i l a s e b 1 b a ts_j sil 
LOG (lattice-best-path[5.5]:main():lattice-best-path.cc:99) For utterance UA045_76, best cost 130.062 + -124.148 = 5.91413 over 363 frames.
UA045_76 sil p a dZ i j u d e: n a s i l i f a k t i tS E S_j ts_j O_~ g o Z E m u ts_j sil 
LOG (lattice-best-path[5.5]:main():lattice-best-path.cc:99) For utterance UA047_15, best cost 93.4251 + -105.193 = -11.7675 over 363 frames.
UA047_15 sil s u v o d i m a d e b a i t E k a S E s t E sil 
LOG (lattice-best-path[5.5]:main():lattice-best-path.cc:99) For utterance UA083_109, best cost 110.553 + -128.546 = -17.9929 over 363 frames.
UA083_109 sil n e ts E t a t i x r a i n a x j a k n i m E tS E n a sil 
LOG (lattice-best-path[5.5]:main():lattice-best-path.cc:99) For utterance UA027_46, best cost 83.3903 + -110.251 = -26.8607 over 369 frames.
UA027_46 sil n a s a n d a r e s a n f a t n i s E m sil 
LOG (lattice-best-path[5.5]:main():lattice-best-path.cc:99) For utterance UA029_96, best cost 84.0203 + -120.744 = -36.7234 over 369 frames.
UA029_96 sil t a n d e 4 i tS i dZ e t i z b u n a s sil 
LOG (lattice-best-path[5.5]:main():lattice-best-path.cc:99) For utterance UA032_92, best cost 117.842 + -127.123 = -9.28087 over 369 frames.
UA032_92 sil t p o s a d E r a j o n O w i p i o t a t i z n i o sil 
LOG (lattice-best-path[5.5]:main():lattice-best-path.cc:99) For utterance UA036_46, best cost 113.467 + -127.993 = -14.526 over 369 frames.
UA036_46 sil j a b a t O v n a s a z a w E rZ E dz_j E d n a s a m a x sil 
LOG (lattice-best-path[5.5]:main():lattice-best-path.cc:99) For utterance UA039_6, best cost 128.181 + -136.934 = -8.75351 over 369 frames.
UA039_6 sil b e s i o g O k r i: n s k a d E rZ a v a n E v i b u d i ts E sil 
LOG (lattice-best-path[5.5]:main():lattice-best-path.cc:99) For utterance UA047_65, best cost 97.5601 + -112.46 = -14.8995 over 369 frames.
UA047_65 sil j u S E g o s k a z a S 1 v i n d a p r o k u r sil 
LOG (lattice-best-path[5.5]:main():lattice-best-path.cc:99) For utterance UA032_98, best cost 129.141 + -141.125 = -11.9842 over 375 frames.
UA032_98 sil p a rZ E m u i s i u r O m a dZ a n E d a S u j u k r i m E sil 
LOG (lattice-best-path[5.5]:main():lattice-best-path.cc:99) For utterance UA034_30, best cost 139.61 + -128.845 = 10.7653 over 375 frames.
UA034_30 sil p e d a z n a t E n O v i z a m O n i a p r a k t 1 S_j n a m O rZ 1 w a sil 
LOG (lattice-best-path[5.5]:main():lattice-best-path.cc:99) For utterance UA035_47, best cost 143.889 + -145.453 = -1.56447 over 375 frames.
UA035_47 sil d e: m a z i t k i b r a t E k o S t a n d a b u tS a t k o b i z n a s u sil 
LOG (lattice-best-path[5.5]:main():lattice-best-path.cc:99) For utterance UA038_51, best cost 114.978 + -121.304 = -6.32662 over 375 frames.
UA038_51 sil v u rZ E t r i t i i k O v O n o p r E ts_j i v E t a l i sil 
LOG (lattice-best-path[5.5]:main():lattice-best-path.cc:99) For utterance UA042_9, best cost 137.598 + -136.308 = 1.29028 over 375 frames.
UA042_9 sil k e k a m i s i ts i v t a u i n t a t i p r i x v o g r j n o sil 
LOG (lattice-best-path[5.5]:main():lattice-best-path.cc:99) For utterance UA027_30, best cost 80.7796 + -100.383 = -19.6035 over 381 frames.
UA027_30 sil d o v i S E s k a t E S_j ts_j E v g r i sil 
LOG (lattice-best-path[5.5]:main():lattice-best-path.cc:99) For utterance UA032_23, best cost 141.477 + -140.808 = 0.66806 over 381 frames.
UA032_23 sil p r i ts O m O rZ n o v a rZ a t O dz_j E m u t_s\ e d u rZ E p o S a s t u sil 
LOG (lattice-best-path[5.5]:main():lattice-best-path.cc:99) For utterance UA033_11, best cost 110.297 + -122.89 = -12.5924 over 381 frames.
UA033_11 sil i i p o t a v\ e m a S_j r a m o s o d n o b o d E sil 
LOG (lattice-best-path[5.5]:main():lattice-best-path.cc:99) For utterance UA033_83, best cost 142.718 + -146.604 = -3.88585 over 381 frames.
UA033_83 sil k ts_j O_~ p O tS a t E j i n a d u k u p a n a k o s t a n t E n a t r e b a sil 
LOG (lattice-best-path[5.5]:main():lattice-best-path.cc:99) For utterance UA035_4, best cost 141.78 + -137.648 = 4.13234 over 381 frames.
UA035_4 sil p sil s i s t E n a p o s a l a t i s t a n a z n a j e d i n 1 m a t E l i sil 
LOG (lattice-best-path[5.5]:main():lattice-best-path.cc:99) For utterance UA040_85, best cost 123.612 + -125.753 = -2.14133 over 381 frames.
UA040_85 sil p r a ts i t O v a t_s\ e b a h a t O h U n u t_s\ e d u rZ E m o sil 
LOG (lattice-best-path[5.5]:main():lattice-best-path.cc:99) For utterance UA041_99, best cost 143.003 + -131.694 = 11.3091 over 381 frames.
UA041_99 sil v tS u l i k a t r v\ o d w a s p o l u g O p o z b O J a v o l E sil 
LOG (lattice-best-path[5.5]:main():lattice-best-path.cc:99) For utterance UA083_105, best cost 81.9742 + -112.419 = -30.4451 over 381 frames.
UA083_105 sil k a l E v i n s E l a z r o b u j v sil 
LOG (lattice-best-path[5.5]:main():lattice-best-path.cc:99) For utterance UA083_51, best cost 84.4842 + -121.449 = -36.9649 over 381 frames.
UA083_51 sil p sil i ts E n a b r o s t a z a j a v E sil 
LOG (lattice-best-path[5.5]:main():lattice-best-path.cc:99) For utterance UA029_109, best cost 113.821 + -133.897 = -20.0753 over 388 frames.
UA029_109 sil b i S y d e p o tS E l a i z d E t E d o k r a i n i sil 
LOG (lattice-best-path[5.5]:main():lattice-best-path.cc:99) For utterance UA029_88, best cost 87.963 + -128.292 = -40.3288 over 388 frames.
UA029_88 sil p r i tS u m s t o sil i b i S E r o t i sil 
LOG (lattice-best-path[5.5]:main():lattice-best-path.cc:99) For utterance UA039_91, best cost 109.189 + -130.39 = -21.2008 over 388 frames.
UA039_91 sil t i n b i S 1 j a k s u v a n a w a n d a t o m o d a sil 
LOG (lattice-best-path[5.5]:main():lattice-best-path.cc:99) For utterance UA042_66, best cost 149.403 + -149.186 = 0.216995 over 388 frames.
UA042_66 sil p t E m dZ a s u z b r E x t i n d a l o s a n E t a k u rZ E b a h a t a sil 
LOG (lattice-best-path[5.5]:main():lattice-best-path.cc:99) For utterance UA047_80, best cost 129.485 + -139.128 = -9.64308 over 388 frames.
UA047_80 sil v S u m O rZ O b u l o z r u b u d y t E k i x u m o v sil 
LOG (lattice-best-path[5.5]:main():lattice-best-path.cc:99) For utterance UA083_1, best cost 109.045 + -135.972 = -26.9274 over 388 frames.
UA083_1 sil t n a p a s t a v a l E v a l i k o ts i n o n a h a s sil 
LOG (lattice-best-path[5.5]:main():lattice-best-path.cc:99) For utterance UA083_73, best cost 101.787 + -142.097 = -40.3097 over 388 frames.
UA083_73 sil t a S k i a n a s i x m o Z n a p a ts_j u t E sil 
LOG (lattice-best-path[5.5]:main():lattice-best-path.cc:99) For utterance UA088_95, best cost 109.124 + -130.266 = -21.1422 over 388 frames.
UA088_95 sil v E t E z a r a d e t_s\ u l u d i n a p r a ts j u j E sil 
LOG (lattice-best-path[5.5]:main():lattice-best-path.cc:99) For utterance UA027_8, best cost 137.306 + -138.209 = -0.902634 over 394 frames.
UA027_8 sil dZ a s t r a n d a S_j r O S_j i tS E l i k a s a t r m M n a r i E_~ ts_j m sil 
LOG (lattice-best-path[5.5]:main():lattice-best-path.cc:99) For utterance UA036_79, best cost 106.989 + -133.503 = -26.5142 over 394 frames.
UA036_79 sil p O n a s t a m a g r O rZ E n a j O p o r u S a n i ya sil 
LOG (lattice-best-path[5.5]:main():lattice-best-path.cc:99) For utterance UA047_74, best cost 119.152 + -122.643 = -3.49082 over 394 frames.
UA047_74 sil k a d o g u t_s\ e k o i tS u n d a r o b E d l E l d 1 sil 
LOG (lattice-best-path[5.5]:main():lattice-best-path.cc:99) For utterance UA047_86, best cost 118.476 + -127.482 = -9.00541 over 394 frames.
UA047_86 sil i i d a k i n dZ i n a m E z r o b a m o k o g l a z a t sil 
LOG (lattice-best-path[5.5]:main():lattice-best-path.cc:99) For utterance UA029_3, best cost 71.9321 + -117.72 = -45.788 over 400 frames.
UA029_3 sil a l E n a n ts i n e ts i k a v a sil 
LOG (lattice-best-path[5.5]:main():lattice-best-path.cc:99) For utterance UA033_75, best cost 135.648 + -145.016 = -9.36853 over 400 frames.
UA033_75 sil t z a ts E m a j b u d i n sil i m s o S a x O v n a s t a m a n sil 
LOG (lattice-best-path[5.5]:main():lattice-best-path.cc:99) For utterance UA037_45, best cost 145.634 + -141.738 = 3.89519 over 400 frames.
UA037_45 sil e i S i n s i s t i l k r o k i v n a s k i k a v a n a v 1 l e d a j sil 
LOG (lattice-best-path[5.5]:main():lattice-best-path.cc:99) For utterance UA042_85, best cost 124.277 + -126.037 = -1.75979 over 400 frames.
UA042_85 sil v o d E Z d a r a ts i n d a z b r a j ts E ts_j u r o b i t E sil 
LOG (lattice-best-path[5.5]:main():lattice-best-path.cc:99) For utterance UA047_3, best cost 134.416 + -143.256 = -8.83994 over 400 frames.
UA047_3 sil d e: b u d a d E S E z a x O l i ts a z a l e b O rZ 1 w a s 1 w a sil 
LOG (lattice-best-path[5.5]:main():lattice-best-path.cc:99) For utterance UA083_57, best cost 120.643 + -138.195 = -17.552 over 400 frames.
UA083_57 sil p ts E p o t r b u j a z a s i i k a r i v n e s t r a m sil 
LOG (lattice-best-path[5.5]:main():lattice-best-path.cc:99) For utterance UA029_44, best cost 87.8844 + -133.458 = -45.5733 over 406 frames.
UA029_44 sil v o d u n t E p o v s i t o i x a s sil 
LOG (lattice-best-path[5.5]:main():lattice-best-path.cc:99) For utterance UA034_61, best cost 171.464 + -153.631 = 17.8328 over 406 frames.
UA034_61 sil v e o t_s\ e p o k m a p r O x O d o s E d e tS E s p r m i S_j i n i a p o b a tS u n sil 
LOG (lattice-best-path[5.5]:main():lattice-best-path.cc:99) For utterance UA045_9, best cost 122.396 + -140.015 = -17.6185 over 406 frames.
UA045_9 sil p sil t o: t r a J\ e dZ i n E d a z u s i o n E k n a t E sil 
LOG (lattice-best-path[5.5]:main():lattice-best-path.cc:99) For utterance UA083_30, best cost 114.72 + -135.528 = -20.8075 over 406 frames.
UA083_30 sil k p O S_j i m O z a t a ts i l k i v 1 k a r E s p E t E sil 
LOG (lattice-best-path[5.5]:main():lattice-best-path.cc:99) For utterance UA036_30, best cost 111.008 + -134.417 = -23.4087 over 413 frames.
UA036_30 sil a l E S a n a m p O v i d a m l e t_s\ e l s t E Z i n sil 
LOG (lattice-best-path[5.5]:main():lattice-best-path.cc:99) For utterance UA039_26, best cost 154.971 + -152.673 = 2.29776 over 413 frames.
UA039_26 sil k e k a m i s i ts i v p i s E z a t r m E n i a v i m p r i f u s i z o sil 
LOG (lattice-best-path[5.5]:main():lattice-best-path.cc:99) For utterance UA039_88, best cost 150.777 + -154.326 = -3.54871 over 413 frames.
UA039_88 sil p l a tS a l e k a k a r a j v i dZ u v n o t r S i s p r a x n E m a n i sil 
LOG (lattice-best-path[5.5]:main():lattice-best-path.cc:99) For utterance UA029_99, best cost 123.579 + -147.463 = -23.8838 over 419 frames.
UA029_99 sil v ts i tS E l a i k t E Z i n k a m a n M l a s n d i t i n sil 
LOG (lattice-best-path[5.5]:main():lattice-best-path.cc:99) For utterance UA037_91, best cost 138.302 + -155.156 = -16.8542 over 419 frames.
UA037_91 sil p r a v o x r o n s i z n a S u j u x o o v a s n i o s E l E sil 
LOG (lattice-best-path[5.5]:main():lattice-best-path.cc:99) For utterance UA029_34, best cost 106.42 + -123.038 = -16.6178 over 425 frames.
UA029_34 sil n u x a 4 k i d u S a z a m S_j i n E s sil v 1 sil 
LOG (lattice-best-path[5.5]:main():lattice-best-path.cc:99) For utterance UA083_52, best cost 87.9744 + -121.018 = -33.0435 over 425 frames.
UA083_52 sil v s a b u n a b E S E z v E r n a n i a sil 
LOG (lattice-best-path[5.5]:main():lattice-best-path.cc:99) For utterance UA027_84, best cost 104.853 + -137.501 = -32.6473 over 431 frames.
UA027_84 sil tS a l E z o s i n E d a n a s t a l a s E n d i w a sil 
LOG (lattice-best-path[5.5]:main():lattice-best-path.cc:99) For utterance UA032_65, best cost 169.58 + -169.193 = 0.38707 over 431 frames.
UA032_65 sil p S E b u Z i z r u z u m i t }: t r e b a s a m u d u rZ 1 b a v a t O z n a t E sil 
LOG (lattice-best-path[5.5]:main():lattice-best-path.cc:99) For utterance UA036_18, best cost 123.792 + -146.76 = -22.9677 over 431 frames.
UA036_18 sil b i S a r o k o j o s E r E d O dz_j E i n a s u m S_j E_~ dz_j E sil 
LOG (lattice-best-path[5.5]:main():lattice-best-path.cc:99) For utterance UA083_22, best cost 118.078 + -136.897 = -18.8191 over 431 frames.
UA083_22 sil j a S E j e n a n i r dz_j i s n a S 9 z r O b u i t E sil 
LOG (lattice-best-path[5.5]:main():lattice-best-path.cc:99) For utterance UA083_95, best cost 113.384 + -135.191 = -21.8077 over 431 frames.
UA083_95 sil n a n t r a b a b i S E r a z m i t E ts 1 x l e d e i sil 
LOG (lattice-best-path[5.5]:main():lattice-best-path.cc:99) For utterance UA027_49, best cost 121.918 + -135.379 = -13.4611 over 438 frames.
UA027_49 sil tS a l i k a d r a z a s u z a t r n o v O v d a n l i ts i sil 
LOG (lattice-best-path[5.5]:main():lattice-best-path.cc:99) For utterance UA029_94, best cost 109.525 + -141.433 = -31.9075 over 438 frames.
UA029_94 sil s E z b l a p s M l a u k r a i n s k a i n o k i sil 
LOG (lattice-best-path[5.5]:main():lattice-best-path.cc:99) For utterance UA047_35, best cost 121.172 + -134.536 = -13.3633 over 438 frames.
UA047_35 sil v a j a k a j o d u n k a ts E Z d a z u t_s\ e d O rZ 1 w a sil 
LOG (lattice-best-path[5.5]:main():lattice-best-path.cc:99) For utterance UA035_21, best cost 143.246 + -157.653 = -14.4075 over 444 frames.
UA035_21 sil t i n dZ e z d v a d n i sil t a z n o s t r i x a d a m a n a s t E j a n sil 
LOG (lattice-best-path[5.5]:main():lattice-best-path.cc:99) For utterance UA039_37, best cost 155.59 + -162.413 = -6.82268 over 444 frames.
UA039_37 sil p i tS u r O b u t u v i n z a p a p o n o v E k u n a t E u k s a n d r u sil 
LOG (lattice-best-path[5.5]:main():lattice-best-path.cc:99) For utterance UA040_6, best cost 123.699 + -131.403 = -7.7043 over 444 frames.
UA040_6 sil j a z v a s t u m u z e b a h a t { s` o: m i b u p r E d a t sil 
LOG (lattice-best-path[5.5]:main():lattice-best-path.cc:99) For utterance UA042_84, best cost 158.523 + -162.174 = -3.65102 over 444 frames.
UA042_84 sil p sil t a k i m tS i n a m s e d a z 1 v a j p o tS a t k o t a r d o p O l a sil 
LOG (lattice-best-path[5.5]:main():lattice-best-path.cc:99) For utterance UA088_27, best cost 142.616 + -164.351 = -21.7357 over 444 frames.
UA088_27 sil 9 t a r a z a m z a l O v o j u p i p i S u j o d r u x a t u sil 
LOG (lattice-best-path[5.5]:main():lattice-best-path.cc:99) For utterance UA027_91, best cost 119.418 + -155.668 = -36.2498 over 450 frames.
UA027_91 sil s p a tS a t k u n E d u n i r u S E i n i p r a x r a n sil 
LOG (lattice-best-path[5.5]:main():lattice-best-path.cc:99) For utterance UA031_63, best cost 175.448 + -163.848 = 11.6004 over 450 frames.
UA031_63 sil k o tS O r a v r a n s E p r s u z b a u v a ts E k i s k o p a t r h a t o p e d a m a sil 
LOG (lattice-best-path[5.5]:main():lattice-best-path.cc:99) For utterance UA045_73, best cost 156.993 + -173.894 = -16.901 over 450 frames.
UA045_73 sil p O v a n a p r a g n e 4 i z v a t E s E b E n M n O v O m i ts i r o b o t E sil 
LOG (lattice-best-path[5.5]:main():lattice-best-path.cc:99) For utterance UA083_26, best cost 129.585 + -155.2 = -25.6156 over 450 frames.
UA083_26 sil v e t a k a s E t a ts j e d u rZ E p a d o b e s E z a x a d u sil 
LOG (lattice-best-path[5.5]:main():lattice-best-path.cc:99) For utterance UA038_106, best cost 174.801 + -171.585 = 3.21655 over 463 frames.
UA038_106 sil e j a z r u b u s p r s E p o o t i k r u k e k i p o v o d e: n b u z r o b i t a sil 
LOG (lattice-best-path[5.5]:main():lattice-best-path.cc:99) For utterance UA027_25, best cost 143.607 + -151.222 = -7.61504 over 469 frames.
UA027_25 sil v 1 ts_j i n a dZ M n h a t E k a l j E z n a s E S_j i n a j v i z v E S_j i sil 
LOG (lattice-best-path[5.5]:main():lattice-best-path.cc:99) For utterance UA035_12, best cost 162.81 + -178.147 = -15.3363 over 469 frames.
UA035_12 sil p a s t a n 1 m E n a rZ n a n i s t E a g r a m a ts k a r E n i z a ts j o b a s t i sil 
LOG (lattice-best-path[5.5]:main():lattice-best-path.cc:99) For utterance UA038_24, best cost 141.872 + -153.35 = -11.4779 over 469 frames.
UA038_24 sil p o s l i v a n u t_s\ e b i n M n o tS E k a S E n i d o b r e d o m a sil 
LOG (lattice-best-path[5.5]:main():lattice-best-path.cc:99) For utterance UA044_19, best cost 123.392 + -152.298 = -28.9061 over 469 frames.
UA044_19 sil p sil b u s r E d n 1 x i k r s p a n d E n t sil o E m sil 
LOG (lattice-best-path[5.5]:main():lattice-best-path.cc:99) For utterance UA088_37, best cost 137.316 + -168.693 = -31.3772 over 469 frames.
UA088_37 sil p s t o j a w a s a b i o s t r O dz_j E j e s e 4 i ts k a p o s t k a sil 
LOG (lattice-best-path[5.5]:main():lattice-best-path.cc:99) For utterance UA032_64, best cost 155.094 + -165.416 = -10.3221 over 475 frames.
UA032_64 sil v i m E t a O z n E g w a o d n a z m i S E t E n a s E w E u k r i m sil 
LOG (lattice-best-path[5.5]:main():lattice-best-path.cc:99) For utterance UA032_95, best cost 154.643 + -160.067 = -5.4238 over 475 frames.
UA032_95 sil t s t E o p a S z a s E t o m u tS E m a u t a k E sil t e 4 i n i ts t o sil 
LOG (lattice-best-path[5.5]:main():lattice-best-path.cc:99) For utterance UA088_1, best cost 176.01 + -182.156 = -6.14621 over 475 frames.
UA088_1 sil dZ i n g a s p r a n d E d a h a d a v a s a n E v i S E z a x O rZ 1 m u z d a s E i v a n sil 
LOG (lattice-best-path[5.5]:main():lattice-best-path.cc:99) For utterance UA045_61, best cost 166.418 + -184.205 = -17.7872 over 481 frames.
UA045_61 sil 9 n i n i b a Z e t_s\ e p r b a t E z a m E l e dZ i l e n k u v t E S_j ts_j i m a l a sil 
LOG (lattice-best-path[5.5]:main():lattice-best-path.cc:99) For utterance UA032_71, best cost 188.164 + -178.965 = 9.19894 over 488 frames.
UA032_71 sil 9 z a x O i k a b r o t a s a z a p r a v a t i p r e n s E s m a l o b i n o s o s p i l u sil 
LOG (lattice-best-path[5.5]:main():lattice-best-path.cc:99) For utterance UA083_3, best cost 124.153 + -153.573 = -29.4199 over 488 frames.
UA083_3 sil t a i s t o j a s a m u j E v r u p E b l a p i n s u m sil 
LOG (lattice-best-path[5.5]:main():lattice-best-path.cc:99) For utterance UA083_81, best cost 126.103 + -164.025 = -37.922 over 488 frames.
UA083_81 sil j a z n a j u v S_j i o m a z a r a s t 9 z n a p r o s t a n sil 
LOG (lattice-best-path[5.5]:main():lattice-best-path.cc:99) For utterance UA088_81, best cost 141.748 + -169.171 = -27.4229 over 488 frames.
UA088_81 sil p r o j a k i s p o s u l i t a k o j v a d E z a h a l i n E d E t s a sil 
LOG (lattice-best-path[5.5]:main():lattice-best-path.cc:99) For utterance UA047_84, best cost 122.233 + -153.894 = -31.6617 over 500 frames.
UA047_84 sil t O m u n a r o d n 1 v i E d E Z a 4 m a b u d i k o m sil 
LOG (lattice-best-path[5.5]:main():lattice-best-path.cc:99) For utterance UA083_99, best cost 132.704 + -167.278 = -34.5736 over 500 frames.
UA083_99 sil z i S E o b o k u x i s n o j a p r o b l E m O v 1 b a r u sil 
LOG (lattice-best-path[5.5]:main():lattice-best-path.cc:99) For utterance UA036_20, best cost 175.372 + -202.95 = -27.5774 over 538 frames.
UA036_20 sil p E Z a d o n k a S O v E n a k o z a k r a m a O v O a s t a 4 a ts 1 x r E t k i u sil 
LOG (lattice-best-path[5.5]:main():lattice-best-path.cc:99) For utterance UA047_50, best cost 182.647 + -188.186 = -5.53915 over 544 frames.
UA047_50 sil v e s k y S E p i d E z 1 x i S a d e n o k u tS a k o l i t o m u p r i d e k i d e t sil 
LOG (lattice-best-path[5.5]:main():lattice-best-path.cc:99) For utterance UA083_90, best cost 143.47 + -185.081 = -41.6114 over 544 frames.
UA083_90 sil v p o k e m a m a j m a t a k i i m i tS i i n i ts i l k i i m i ts_j sil 
LOG (lattice-best-path[5.5]:main():lattice-best-path.cc:99) For utterance UA036_57, best cost 171.631 + -177.321 = -5.68973 over 556 frames.
UA036_57 sil v e: t o n a p r i S O v k i n dZ o g a n a p o j e s n 1 x n dZ a n a z a p O n o v sil 
LOG (lattice-best-path[5.5]:main():lattice-best-path.cc:99) For utterance UA083_15, best cost 167.026 + -194.975 = -27.9486 over 575 frames.
UA083_15 sil k p r t E k y n e s o b i r u s i d e d n e v i m o t E s e n a m o Z E m sil 
LOG (lattice-best-path[5.5]:main():lattice-best-path.cc:99) For utterance UA083_18, best cost 172.088 + -210.329 = -38.2413 over 588 frames.
UA083_18 sil v e n a s t a v e tS n a p i d v i S e s t a n d a r ts j rZ 1 ts j a b u k r i n i m sil 
LOG (lattice-best-path[5.5]:main():lattice-best-path.cc:99) For utterance UA088_110, best cost 182.259 + -199.201 = -16.9419 over 588 frames.
UA088_110 sil 9 tS i n a s i s l o v i x a t o s t o p o i l a b i d n E n k O z a d a n a dZ i tS E n a sil 
LOG (lattice-best-path[5.5]:main():lattice-best-path.cc:99) For utterance UA037_101, best cost 208.695 + -233.223 = -24.5277 over 638 frames.
UA037_101 sil t o m u k t a t r E z b r a j ts i t i p o r u S_j i d a tS E k a S k u o g o d E Z e n i s t r a j s E sil 
LOG (lattice-best-path[5.5]:main():lattice-best-path.cc:99) For utterance UA083_58, best cost 160.764 + -206.704 = -45.9408 over 638 frames.
UA083_58 sil e sil a l E ts j o S e m a j a k a dZ a t a k i d a n d e s i i s n o }: t sil 
# Accounting: time=3 threads=1
# Ended (code 0) at Mon Apr 20 21:16:17 BST 2020, elapsed time 3 seconds
