# lattice-scale --inv-acoustic-scale=17 "ark:gunzip -c /home/paul/UPM/pytorch-kaldi/exp/UPM_RNN_mfcc_base_3_layers/decode_PL_only_out_dnn2/lat.*.gz|" ark:- | lattice-add-penalty --word-ins-penalty=0.0 ark:- ark:- | lattice-best-path --word-symbol-table=/home/paul/upm_exp/baseline_mfcc/data/lang/words.txt ark:- ark,t:- | utils/int2sym.pl -f 2- /home/paul/upm_exp/baseline_mfcc/data/lang/words.txt | local/wer_hyp_filter > /home/paul/UPM/pytorch-kaldi/exp/UPM_RNN_mfcc_base_3_layers/decode_PL_only_out_dnn2/scoring_kaldi/penalty_0.0/17.txt 
# Started at Mon Apr 20 22:24:22 BST 2020
#
lattice-scale --inv-acoustic-scale=17 'ark:gunzip -c /home/paul/UPM/pytorch-kaldi/exp/UPM_RNN_mfcc_base_3_layers/decode_PL_only_out_dnn2/lat.*.gz|' ark:- 
lattice-best-path --word-symbol-table=/home/paul/upm_exp/baseline_mfcc/data/lang/words.txt ark:- ark,t:- 
lattice-add-penalty --word-ins-penalty=0.0 ark:- ark:- 
LOG (lattice-best-path[5.5]:main():lattice-best-path.cc:99) For utterance PL072_117, best cost 40.129 + -41.1864 = -1.05733 over 175 frames.
PL072_117 sil a t a z n O v E m i sil 
LOG (lattice-best-path[5.5]:main():lattice-best-path.cc:99) For utterance PL084_59, best cost 50.5067 + -60.282 = -9.77532 over 225 frames.
PL084_59 sil s w a b a t o r o g i k a sil 
LOG (lattice-best-path[5.5]:main():lattice-best-path.cc:99) For utterance PL038_90, best cost 54.2666 + -52.0011 = 2.26554 over 238 frames.
PL038_90 sil b E_~ ts O s a t a n k a m a t sil 
LOG (lattice-best-path[5.5]:main():lattice-best-path.cc:99) For utterance PL039_104, best cost 69.2321 + -65.0182 = 4.21396 over 250 frames.
PL039_104 sil m a v a k t o s l a i x n a z i s k a sil 
LOG (lattice-best-path[5.5]:main():lattice-best-path.cc:99) For utterance PL084_41, best cost 65.4016 + -66.6011 = -1.19947 over 263 frames.
PL084_41 sil p O z a s t a w a t E k O n t a r a s sil 
LOG (lattice-best-path[5.5]:main():lattice-best-path.cc:99) For utterance PL072_15, best cost 91.7766 + -67.4906 = 24.286 over 275 frames.
PL072_15 sil S E d i s p o n i z a p a tS E_~ ts_j O_~ S tS E s k r a m sil 
LOG (lattice-best-path[5.5]:main():lattice-best-path.cc:99) For utterance PL072_98, best cost 95.4593 + -78.1328 = 17.3264 over 275 frames.
PL072_98 sil tS E s k a z a S k a z e n a t O rZ E t a m O rZ E b 1 ts_j sil 
LOG (lattice-best-path[5.5]:main():lattice-best-path.cc:99) For utterance PL038_5, best cost 46.482 + -61.5976 = -15.1155 over 281 frames.
PL038_5 sil j a k p r a ts O v a ts_j sil 
LOG (lattice-best-path[5.5]:main():lattice-best-path.cc:99) For utterance PL036_69, best cost 76.9612 + -79.1146 = -2.15335 over 300 frames.
PL036_69 sil p o l i s u d O S_j E_~ p o s u j b a n d E sil 
LOG (lattice-best-path[5.5]:main():lattice-best-path.cc:99) For utterance PL036_95, best cost 77.4803 + -73.1738 = 4.30653 over 300 frames.
PL036_95 sil b a ts O v a rZ n a j s t a n a s l a k ts E sil 
LOG (lattice-best-path[5.5]:main():lattice-best-path.cc:99) For utterance PL036_91, best cost 85.9435 + -87.9306 = -1.98713 over 338 frames.
PL036_91 sil p o s k a n a p O n a n i s a n k a v o s p o k O n sil 
LOG (lattice-best-path[5.5]:main():lattice-best-path.cc:99) For utterance PL039_40, best cost 125.942 + -100.409 = 25.5328 over 356 frames.
PL039_40 sil tS E z i n s k o Z a f 9 r o r i k i n a S E p O v i S u r O S_j ts_j O_~ z a ts_j sil 
LOG (lattice-best-path[5.5]:main():lattice-best-path.cc:99) For utterance PL072_87, best cost 45.4377 + -51.6471 = -6.20932 over 225 frames.
PL072_87 sil s a b a t O l g i k a sil 
LOG (lattice-best-path[5.5]:main():lattice-best-path.cc:99) For utterance PL084_76, best cost 39.2995 + -44.5596 = -5.26011 over 225 frames.
PL084_76 sil tS i t a g rZ E m a sil 
LOG (lattice-best-path[5.5]:main():lattice-best-path.cc:99) For utterance PL039_82, best cost 68.9246 + -66.4811 = 2.4435 over 238 frames.
PL039_82 sil a k O S_j i S k i b u f i S p a n i sil 
LOG (lattice-best-path[5.5]:main():lattice-best-path.cc:99) For utterance PL039_52, best cost 59.2317 + -68.6446 = -9.41287 over 250 frames.
PL039_52 sil t a p o S 1 x n a s E v i S k a sil 
LOG (lattice-best-path[5.5]:main():lattice-best-path.cc:99) For utterance PL036_57, best cost 74.486 + -74.2617 = 0.224266 over 281 frames.
PL036_57 sil i tS 1 S_j i E s k a n s E f E n ts j a m i sil 
LOG (lattice-best-path[5.5]:main():lattice-best-path.cc:99) For utterance PL040_44, best cost 106.648 + -79.4979 = 27.1503 over 281 frames.
PL040_44 sil k a l i p i 4 e n E t f i r dz_j E v i s a f r O z u ts k i sil 
LOG (lattice-best-path[5.5]:main():lattice-best-path.cc:99) For utterance PL036_22, best cost 27.0048 + -35.8616 = -8.85677 over 169 frames.
PL036_22 sil n i z a S a sil 
LOG (lattice-best-path[5.5]:main():lattice-best-path.cc:99) For utterance PL036_40, best cost 88.1948 + -62.5341 = 25.6607 over 238 frames.
PL036_40 sil g a n a k s a tS m O v t o n a t v a p s a n a sil 
LOG (lattice-best-path[5.5]:main():lattice-best-path.cc:99) For utterance PL084_74, best cost 62.7628 + -65.0221 = -2.25932 over 244 frames.
PL084_74 sil S E s E p O v i n i z a r a b i tS i sil 
LOG (lattice-best-path[5.5]:main():lattice-best-path.cc:99) For utterance PL037_6, best cost 61.1317 + -72.6035 = -11.4718 over 275 frames.
PL037_6 sil a n E z m i E n s t 1 rZ 1 tS n a sil 
LOG (lattice-best-path[5.5]:main():lattice-best-path.cc:99) For utterance PL040_69, best cost 84.0203 + -69.3773 = 14.643 over 275 frames.
PL040_69 sil i k o b o s k a s k a 4 u S E n a b u Z u x a sil 
LOG (lattice-best-path[5.5]:main():lattice-best-path.cc:99) For utterance PL084_85, best cost 78.3898 + -75.6546 = 2.73521 over 275 frames.
PL084_85 sil t a r a s m O rZ n a d u rZ E z a r a b i tS i sil 
LOG (lattice-best-path[5.5]:main():lattice-best-path.cc:99) For utterance PL072_11, best cost 72.8749 + -67.6246 = 5.25038 over 281 frames.
PL072_11 sil t r a s E s a p r v a S a J u tS n a n a sil 
LOG (lattice-best-path[5.5]:main():lattice-best-path.cc:99) For utterance PL040_51, best cost 86.7861 + -76.7949 = 9.99117 over 288 frames.
PL040_51 sil m o g o t o tS 1 tS E d i n i p r o k r a t o S E sil 
LOG (lattice-best-path[5.5]:main():lattice-best-path.cc:99) For utterance PL084_6, best cost 83.769 + -87.3832 = -3.61417 over 288 frames.
PL084_6 sil b r t a l i z a ts j a s t a j S a f a k t E m sil 
LOG (lattice-best-path[5.5]:main():lattice-best-path.cc:99) For utterance PL038_54, best cost 55.6334 + -64.4676 = -8.8342 over 294 frames.
PL038_54 sil v S E s E o t E m e dZ a l sil 
LOG (lattice-best-path[5.5]:main():lattice-best-path.cc:99) For utterance PL036_37, best cost 104.535 + -84.6447 = 19.8905 over 306 frames.
PL036_37 sil p S a t k u z a s a dz_j E v i t n a s l E k i o k r i: N k a sil 
LOG (lattice-best-path[5.5]:main():lattice-best-path.cc:99) For utterance PL036_59, best cost 128.059 + -99.3792 = 28.6802 over 331 frames.
PL036_59 sil v ts O b E S E s a m a s o v n i j a k i x p O p S E n i p i k o n O v 1 sil 
LOG (lattice-best-path[5.5]:main():lattice-best-path.cc:99) For utterance PL037_60, best cost 120.305 + -91.7354 = 28.5694 over 331 frames.
PL037_60 sil s k m i n i u S t a m i t a n i l i tS n i t r u n t u z n a l i S 
LOG (lattice-best-path[5.5]:main():lattice-best-path.cc:99) For utterance PL040_71, best cost 103.66 + -232714 = -232610 over 338 frames.
PL040_71 sil t o tS a S E t r E S_j ts_j i t O v O v 1 v a S E d o tS E v i sil 
LOG (lattice-best-path[5.5]:main():lattice-best-path.cc:99) For utterance PL090_65, best cost 93.1662 + -93.5213 = -0.355103 over 350 frames.
PL090_65 sil o n i a s t a i p S E p O d O b n a m p r o b r a n sil 
LOG (lattice-best-path[5.5]:main():lattice-best-path.cc:99) For utterance PL039_50, best cost 123.96 + -109.037 = 14.9228 over 363 frames.
PL039_50 sil k a Z d O S_j r O d a k v a ts 1 m a S u i x p S E n a s u v tS u v sil 
LOG (lattice-best-path[5.5]:main():lattice-best-path.cc:99) For utterance PL041_87, best cost 141.504 + -114.028 = 27.4752 over 363 frames.
PL041_87 sil z a p E v n a b E n a n t a ts E k t u rZ E z a k s o b a d v a rZ E t E d a ts i z E sil 
LOG (lattice-best-path[5.5]:main():lattice-best-path.cc:99) For utterance PL084_98, best cost 97.9947 + -99.9123 = -1.91762 over 363 frames.
PL084_98 sil t a n s O_~ p i n i O_~ dz E b a z a n a p O t S a b n a sil 
LOG (lattice-best-path[5.5]:main():lattice-best-path.cc:99) For utterance PL012_7, best cost 96.9444 + -86.1352 = 10.8092 over 369 frames.
PL012_7 sil i n a k r a n b a z a d n i n i z a r a v a n O S_j v tS E sil 
LOG (lattice-best-path[5.5]:main():lattice-best-path.cc:99) For utterance PL038_7, best cost 58.9719 + -77.27 = -18.298 over 369 frames.
PL038_7 sil t o b E_~ dz_j E m a j p r a n t n a sil 
LOG (lattice-best-path[5.5]:main():lattice-best-path.cc:99) For utterance PL038_81, best cost 61.2151 + -78.6397 = -17.4246 over 375 frames.
PL038_81 sil b a d a n i s n i v E k a z a v a sil 
LOG (lattice-best-path[5.5]:main():lattice-best-path.cc:99) For utterance PL012_28, best cost 114.226 + -111.649 = 2.57745 over 381 frames.
PL012_28 sil v tS O r E s a m o b r O n o p o S u j E rZ 1 m i x a l s k i sil 
LOG (lattice-best-path[5.5]:main():lattice-best-path.cc:99) For utterance PL040_56, best cost 135.311 + -115.33 = 19.9809 over 413 frames.
PL040_56 sil a p o t u p S E s a v E l i n i k i n s p E ts i S E s a j O_~ ts O n a k t u r u sil 
LOG (lattice-best-path[5.5]:main():lattice-best-path.cc:99) For utterance PL041_16, best cost 170.868 + -127.334 = 43.5333 over 413 frames.
PL041_16 sil a b a s o v a t a u rZ O_~ d a j O_~ ts E g O d i t a m i s a z a r a z a p O t v i E z a n i x p r a k t s a sil 
LOG (lattice-best-path[5.5]:main():lattice-best-path.cc:99) For utterance PL030_48, best cost 87.902 + -107.002 = -19.0999 over 419 frames.
PL030_48 sil t o n i o t p O v i dZ a l E i n i ya t 1 tS n a sil 
LOG (lattice-best-path[5.5]:main():lattice-best-path.cc:99) For utterance PL077_28, best cost 164.28 + -117.198 = 47.0817 over 425 frames.
PL077_28 sil E k s E t i tS 1 s E k O k o d v i S 1 ts_j O_~ ts O s u s o s o: m o d O v a n h a b u z a b i n o sil 
LOG (lattice-best-path[5.5]:main():lattice-best-path.cc:99) For utterance PL072_26, best cost 131.12 + -105.418 = 25.7025 over 438 frames.
PL072_26 sil S_j i s p O d O v a m O S_j i m i S E m O rZ E g O p o s t a l s a ts a l s E z a sil 
LOG (lattice-best-path[5.5]:main():lattice-best-path.cc:99) For utterance PL090_51, best cost 121.263 + -127.792 = -6.52952 over 438 frames.
PL090_51 sil j a k i s p o s o k t f O r o n a j e s t o: n i a u r O p a i s k a sil 
LOG (lattice-best-path[5.5]:main():lattice-best-path.cc:99) For utterance PL012_9, best cost 133.004 + -125.065 = 7.9391 over 450 frames.
PL012_9 sil d n i t i r o g O z i n d O r a ts a p r a z a n t a v a d i m i r a p o t i n a sil 
LOG (lattice-best-path[5.5]:main():lattice-best-path.cc:99) For utterance PL039_42, best cost 144.654 + -129.524 = 15.1305 over 450 frames.
PL039_42 sil v r S t o n i tS O n a t u rZ E n O v E b o r i: s m i n s k o S E m a n a n E p S E sil 
LOG (lattice-best-path[5.5]:main():lattice-best-path.cc:99) For utterance PL036_4, best cost 131.331 + -125.702 = 5.62968 over 463 frames.
PL036_4 sil p O d a m s p o s t o m a tS i s t o t u S E f O v 1 s p o tS n i p o l i ts i sil 
LOG (lattice-best-path[5.5]:main():lattice-best-path.cc:99) For utterance PL041_100, best cost 149.877 + -130.375 = 19.5023 over 488 frames.
PL041_100 sil v n i o s a k t a b 7 r s E s o: m i n i b a p S 1 tS m o g A: t 1 m p a m i n t a ts_j sil 
LOG (lattice-best-path[5.5]:main():lattice-best-path.cc:99) For utterance PL072_44, best cost 137.264 + -127.759 = 9.50445 over 488 frames.
PL072_44 sil n a p i S E n i f r a n t u v a t o d_z\ u v i t o v a n o b i r O s u k i n t a sil 
LOG (lattice-best-path[5.5]:main():lattice-best-path.cc:99) For utterance PL038_66, best cost 135.654 + -135.932 = -0.278534 over 513 frames.
PL038_66 sil r O dz_j E n a i m a rZ a m O v i l a rZ E t r u n O S_j ts_j O_~ z n o d o g a b 1 ts_j sil 
LOG (lattice-best-path[5.5]:main():lattice-best-path.cc:99) For utterance PL040_85, best cost 207.69 + -148.331 = 59.3586 over 513 frames.
PL040_85 sil n a r a z b a k r a t r a p o tS i v a k s m O v a dZ o k i t f 9 r g a n o r o t k i z m a r u v 1 b i g u m i ts_j O_~ ts u sil 
LOG (lattice-best-path[5.5]:main():lattice-best-path.cc:99) For utterance PL038_63, best cost 127.331 + -129.122 = -1.79102 over 519 frames.
PL038_63 sil p O rZ E s p O v o d a m a rZ a k t o r u b i z a g a n d a d a k i l i S k a sil 
LOG (lattice-best-path[5.5]:main():lattice-best-path.cc:99) For utterance PL063_87, best cost 151.971 + -147.011 = 4.96045 over 519 frames.
PL063_87 sil d a S E l E l i s t i m a z m a l E S_j E_~ p r a z d a n t a l E x a n d a d u k a S E n k a sil 
LOG (lattice-best-path[5.5]:main():lattice-best-path.cc:99) For utterance PL036_38, best cost 77.8484 + -67.7061 = 10.1423 over 206 frames.
PL036_38 sil z a tS a j p S E S k i v a tS n i S k a n i sil 
LOG (lattice-best-path[5.5]:main():lattice-best-path.cc:99) For utterance PL072_89, best cost 83.273 + -59.0088 = 24.2642 over 213 frames.
PL072_89 sil rZ 1 ts_j rZ E t k u z a 4 a S a s t a m e d a a sil 
LOG (lattice-best-path[5.5]:main():lattice-best-path.cc:99) For utterance PL039_41, best cost 61.7977 + -63.1738 = -1.37611 over 219 frames.
PL039_41 sil t O v O_~ p i v E p o s t o l a t sil 
LOG (lattice-best-path[5.5]:main():lattice-best-path.cc:99) For utterance PL036_42, best cost 92.8326 + -66.7775 = 26.0551 over 225 frames.
PL036_42 sil j e d n a s k o l t r f r a v s o: f i n d v i S a sil 
LOG (lattice-best-path[5.5]:main():lattice-best-path.cc:99) For utterance PL072_69, best cost 59.9112 + -52.7261 = 7.18504 over 244 frames.
PL072_69 sil u z a s t a w a t E k a n t r E s sil 
LOG (lattice-best-path[5.5]:main():lattice-best-path.cc:99) For utterance PL030_28, best cost 54.8223 + -60.3253 = -5.50296 over 269 frames.
PL030_28 sil r a d E n i o t x O dz O_~ sil 
LOG (lattice-best-path[5.5]:main():lattice-best-path.cc:99) For utterance PL036_29, best cost 96.0065 + -81.2883 = 14.7182 over 275 frames.
PL036_29 sil t E m r a z a m tS E S k o r a j u sil p O ts j a n t a sil 
LOG (lattice-best-path[5.5]:main():lattice-best-path.cc:99) For utterance PL036_97, best cost 49.1842 + -40.7307 = 8.4535 over 175 frames.
PL036_97 sil o n S i s p r a v dz_j i sil 
LOG (lattice-best-path[5.5]:main():lattice-best-path.cc:99) For utterance PL072_24, best cost 68.3136 + -50.9453 = 17.3683 over 194 frames.
PL072_24 sil 9 z a b a n a t a S k O v r g O S_j ts_j sil 
LOG (lattice-best-path[5.5]:main():lattice-best-path.cc:99) For utterance PL041_7, best cost 78.3836 + -64.766 = 13.6176 over 219 frames.
PL041_7 sil p O s a v i s t v i S k a w O v a S a b 
LOG (lattice-best-path[5.5]:main():lattice-best-path.cc:99) For utterance PL072_102, best cost 62.9719 + -60.3569 = 2.61491 over 225 frames.
PL072_102 sil tS E s i p O v i n i z a r a m i ts_j sil 
LOG (lattice-best-path[5.5]:main():lattice-best-path.cc:99) For utterance PL036_56, best cost 57.0646 + -57.9824 = -0.917763 over 244 frames.
PL036_56 sil s u S 1 k o j d a b rZ 1 ts_j sil 
LOG (lattice-best-path[5.5]:main():lattice-best-path.cc:99) For utterance PL038_21, best cost 64.4715 + -70.9461 = -6.47463 over 256 frames.
PL038_21 sil p r a t o tS E dz_j E t y S 1 tS a w a sil 
LOG (lattice-best-path[5.5]:main():lattice-best-path.cc:99) For utterance PL039_105, best cost 88.1797 + -68.0255 = 20.1541 over 256 frames.
PL039_105 sil tS 1 v a r t o tS a s O_~ rZ E v a ts_j ts_j E r a S a sil 
LOG (lattice-best-path[5.5]:main():lattice-best-path.cc:99) For utterance PL039_38, best cost 64.2471 + -62.5625 = 1.68458 over 256 frames.
PL039_38 sil a l t o r t E t 1 S_j i E v a J u sil 
LOG (lattice-best-path[5.5]:main():lattice-best-path.cc:99) For utterance PL038_4, best cost 35.8801 + -60.4234 = -24.5433 over 294 frames.
PL038_4 sil j a k t u rZ 1 ts_j sil 
LOG (lattice-best-path[5.5]:main():lattice-best-path.cc:99) For utterance PL041_41, best cost 118.018 + -83.0624 = 34.9555 over 294 frames.
PL041_41 sil p S a S a j v r O v a s o: n i a t n i m i E s p S E s t a m s t a m sil 
LOG (lattice-best-path[5.5]:main():lattice-best-path.cc:99) For utterance PL072_126, best cost 101.211 + -86.7862 = 14.4244 over 294 frames.
PL072_126 sil p S E g a k i tS n a g a n i s t a n i p S E k a t m i r a k u sil 
LOG (lattice-best-path[5.5]:main():lattice-best-path.cc:99) For utterance PL046_93, best cost 80.7846 + -88.2957 = -7.51114 over 306 frames.
PL046_93 sil z d a n a n a t E n t E m a ts a m p O dz_j E l a n sil 
LOG (lattice-best-path[5.5]:main():lattice-best-path.cc:99) For utterance PL084_20, best cost 84.3206 + -85.7771 = -1.45648 over 306 frames.
PL084_20 sil r a f l a k s E p S 1 x O dz_j E p O v S E s k i sil 
LOG (lattice-best-path[5.5]:main():lattice-best-path.cc:99) For utterance PL040_73, best cost 109.513 + -97.9705 = 11.5426 over 325 frames.
PL040_73 sil k O b i t a n i z g i O S_j i n o p a r a ts i v a d r O v i tS E sil 
LOG (lattice-best-path[5.5]:main():lattice-best-path.cc:99) For utterance PL036_32, best cost 117.017 + -94.9025 = 22.1146 over 331 frames.
PL036_32 sil z a n g a rZ E v a n a p r E g a n u a n t a t a rZ O l s t o tS n o sil 
LOG (lattice-best-path[5.5]:main():lattice-best-path.cc:99) For utterance PL077_8, best cost 104.596 + -92.1983 = 12.3972 over 381 frames.
PL077_8 sil n a s n a rZ O_~ ts O n i p i n z b o t o n i s t r s M l i sil 
LOG (lattice-best-path[5.5]:main():lattice-best-path.cc:99) For utterance PL030_11, best cost 87.3835 + -100.438 = -13.0548 over 400 frames.
PL030_11 sil n a v E t 1 v r O dz_j i n a j u tS E p r E m i r a sil 
LOG (lattice-best-path[5.5]:main():lattice-best-path.cc:99) For utterance PL030_87, best cost 78.2381 + -88.1055 = -9.86742 over 400 frames.
PL030_87 sil t o n O v o k o n f i k t 1 x i r a dZ i sil 
LOG (lattice-best-path[5.5]:main():lattice-best-path.cc:99) For utterance PL084_70, best cost 103.415 + -108.275 = -4.85979 over 406 frames.
PL084_70 sil S E s k a z a S k a z E n a t O rZ E t a k m a rZ E b E ts_j sil 
LOG (lattice-best-path[5.5]:main():lattice-best-path.cc:99) For utterance PL036_18, best cost 130.626 + -126.742 = 3.88365 over 413 frames.
PL036_18 sil v l a n d a n a t O rZ E d O v a dz O_~ ts a ts O n i d a ts i n i v a k s a r O v sil 
LOG (lattice-best-path[5.5]:main():lattice-best-path.cc:99) For utterance PL039_107, best cost 136.991 + -120.475 = 16.5162 over 413 frames.
PL039_107 sil p S 1 tS E S_j E_~ dz_j E k a S t E z n a s u p o ya t a z a t o t u k e d E S_j r A: j u sil 
LOG (lattice-best-path[5.5]:main():lattice-best-path.cc:99) For utterance PL039_32, best cost 151.585 + -116.816 = 34.7692 over 413 frames.
PL039_32 sil v O S_j i E s t o s t i m i l u tS n i k t u rZ 1 v O v tS a s p O S_j E d a l j a t O r E t a t sil 
LOG (lattice-best-path[5.5]:main():lattice-best-path.cc:99) For utterance PL038_17, best cost 82.9227 + -101.293 = -18.3703 over 438 frames.
PL038_17 sil z a j o S E o d a m O v n o p r O b o t o sil 
LOG (lattice-best-path[5.5]:main():lattice-best-path.cc:99) For utterance PL040_65, best cost 140.694 + -128.901 = 11.7934 over 438 frames.
PL040_65 sil j E n a d a t 1 tS 1 S_j m e dZ i ts k a d u J\ e b E d u S t o ts E l a k a r s k i sil 
LOG (lattice-best-path[5.5]:main():lattice-best-path.cc:99) For utterance PL040_79, best cost 162.412 + -134.855 = 27.5571 over 444 frames.
PL040_79 sil i s t e: n a m a r t u rZ E v r S E m o g O m u v i z b E z o b a f O g O S_j v a k a p i s k a sil 
LOG (lattice-best-path[5.5]:main():lattice-best-path.cc:99) For utterance PL030_58, best cost 56.8771 + -96.3306 = -39.4535 over 463 frames.
PL030_58 sil s a k r a t a S O v r a ts a sil 
LOG (lattice-best-path[5.5]:main():lattice-best-path.cc:99) For utterance PL040_80, best cost 116.215 + -119.558 = -3.3429 over 463 frames.
PL040_80 sil i m O v i k a i z n a j a t a g o d o t u n o t k i S k i t a n i sil 
LOG (lattice-best-path[5.5]:main():lattice-best-path.cc:99) For utterance PL041_61, best cost 170.259 + -143.001 = 27.2583 over 475 frames.
PL041_61 sil p O k a z u rZ 1 ts i m a t r E u v O v i S E m a ts E n a rZ E z a ts_j v i 4 m i s u p r a m i: N A: m i sil 
LOG (lattice-best-path[5.5]:main():lattice-best-path.cc:99) For utterance PL090_47, best cost 100.369 + -125.524 = -25.1551 over 475 frames.
PL090_47 sil j a k i E s t O rZ O_~ dz O m a u n i a u r O p a i s k a sil 
LOG (lattice-best-path[5.5]:main():lattice-best-path.cc:99) For utterance PL097_20, best cost 117.33 + -107.503 = 9.82702 over 475 frames.
PL097_20 sil i s t a k e g O S_j i E s t a w a 9 z a b E_~ rZ O rZ E b i o n k i n sil 
LOG (lattice-best-path[5.5]:main():lattice-best-path.cc:99) For utterance PL040_87, best cost 79.6287 + -111.364 = -31.7351 over 488 frames.
PL040_87 sil b u b E t a k o r o n E d o v s p r a v i E sil 
LOG (lattice-best-path[5.5]:main():lattice-best-path.cc:99) For utterance PL046_35, best cost 60.5228 + -99.1429 = -38.6201 over 488 frames.
PL046_35 sil p a l E tS n a p r a z a d a n t a sil 
LOG (lattice-best-path[5.5]:main():lattice-best-path.cc:99) For utterance PL038_3, best cost 80.9195 + -111.459 = -30.5391 over 494 frames.
PL038_3 sil d a k a n s a rZ 1 tS a z a p o n o t E g O d a sil 
LOG (lattice-best-path[5.5]:main():lattice-best-path.cc:99) For utterance PL040_41, best cost 157.808 + -138.235 = 19.573 over 494 frames.
PL040_41 sil j rZ E i t E s p o s t a n O v i E rZ E n i b E n i S E n i m i k i r O v o p O rZ O_~ b a r t a sil 
LOG (lattice-best-path[5.5]:main():lattice-best-path.cc:99) For utterance PL041_27, best cost 226.915 + -155.433 = 71.4821 over 500 frames.
PL041_27 sil a ts a ts i a l a r m O v a l i b r a tS E rZ E n a l j S_j ts_j u m e S 1 m a v i r a l a k u p S E s a rZ a w a k r dz_j E S_j i u S E n i p O d a sil 
LOG (lattice-best-path[5.5]:main():lattice-best-path.cc:99) For utterance PL072_101, best cost 191.857 + -134.499 = 57.3581 over 506 frames.
PL072_101 sil v a k o b E_~ dz_j E w a ts i b u z a S tS E n i p O n i b i v i a k a k r E s i d u rZ 1 p o t E s a n i b a ts O g a t sil 
LOG (lattice-best-path[5.5]:main():lattice-best-path.cc:99) For utterance PL038_77, best cost 101.119 + -115.289 = -14.1696 over 513 frames.
PL038_77 sil m a w a j a k o S O p S E s i o n a p o tS E z d r o r a sil 
LOG (lattice-best-path[5.5]:main():lattice-best-path.cc:99) For utterance PL036_44, best cost 156.734 + -143.932 = 12.8012 over 519 frames.
PL036_44 sil v S tS E s u tS t r l a t i v O v k a s k i n a n a m i s E p O ts j a t a m i t_s\ e s t a v a sil 
LOG (lattice-best-path[5.5]:main():lattice-best-path.cc:99) For utterance PL041_88, best cost 206.145 + -168.625 = 37.5205 over 544 frames.
PL041_88 sil f E d a p O z a s t a n i i m i n d i d u w a n a d v a n i S a b a s a m O rZ a n a v a g O k O l a d i m a t v A: v tS a g a sil 
LOG (lattice-best-path[5.5]:main():lattice-best-path.cc:99) For utterance PL038_89, best cost 125.135 + -133.877 = -8.74206 over 550 frames.
PL038_89 sil j e t O r i a j s t a k a tS E s w a v a m i o p r o b l a m a s o b u sil 
LOG (lattice-best-path[5.5]:main():lattice-best-path.cc:99) For utterance PL039_92, best cost 200.734 + -155.088 = 45.6465 over 556 frames.
PL039_92 sil n a tS E_~ dz_j E S_j ts_j i S a n 1 x p r a v 1 dz_j E s t O S_j i t 1 ts_j O_~ ts 1 S_j p i n a r O d u j u S tS E_~ ts_j E p o s t a p O v a n i ya sil 
LOG (lattice-best-path[5.5]:main():lattice-best-path.cc:99) For utterance PL040_45, best cost 170.474 + -158.27 = 12.2037 over 563 frames.
PL040_45 sil a p i n s n O v a tS n a t u J\ e p o S E g O r O k u p a n O v a n a s u t r g o k u t O v a k a sil 
LOG (lattice-best-path[5.5]:main():lattice-best-path.cc:99) For utterance PL063_8, best cost 180.129 + -154.107 = 26.0216 over 569 frames.
PL063_8 sil s t r a k o j O r u j u v O S_j i z i k a rZ E v O b r o n i p r u r a l i z g o b a d e: r E t o n i tS n a sil 
LOG (lattice-best-path[5.5]:main():lattice-best-path.cc:99) For utterance PL084_34, best cost 181.15 + -168.491 = 12.6585 over 569 frames.
PL084_34 sil a b E n i g i n a l i k O l E n i p O l i ts j a n ts i k a n i tS n a j a s t i S tS E l a p S E r a s p O z n a n i sil 
LOG (lattice-best-path[5.5]:main():lattice-best-path.cc:99) For utterance PL084_27, best cost 192.502 + -170.768 = 21.7349 over 575 frames.
PL084_27 sil v s l a n i n a s m a d a r E n k i b u w a v t o r a n E v a rZ n E S E n t E m a t a n a g O v p O l i ts j a n t o sil 
LOG (lattice-best-path[5.5]:main():lattice-best-path.cc:99) For utterance PL041_67, best cost 200.812 + -175.424 = 25.3882 over 581 frames.
PL041_67 sil n a j O_~ ts E u r a z O v i O_~ rZ 1 ts_j O_~ ts O p O rZ E n a m i s p O v o d O v a n a m i n i o m e: n o t p a l a n i m p a t a t sil 
LOG (lattice-best-path[5.5]:main():lattice-best-path.cc:99) For utterance PL040_23, best cost 201.094 + -174.96 = 26.1347 over 594 frames.
PL040_23 sil p i z a S E s i k o n i k a t u v i k a j n d a tS n a p O p a r t i l a s p o n a n E g O k o t E x p S E z v i t O S_j ts_j sil 
LOG (lattice-best-path[5.5]:main():lattice-best-path.cc:99) For utterance PL072_79, best cost 196.824 + -168.65 = 28.1737 over 594 frames.
PL072_79 sil s a d i s k i p i E_~ dz 1 x n a s j O_~ t E rZ O r E z n a s l a n o s a m b i n a d a n E m i a k a j d o n a tS a v a sil 
LOG (lattice-best-path[5.5]:main():lattice-best-path.cc:99) For utterance PL084_22, best cost 178.383 + -168.252 = 10.1306 over 594 frames.
PL084_22 sil n a t a v n a p S E ts i ya t E S E p r u S a n i t E m t a S a s t a w a m u v i d a l u S rZ a x i k sil 
LOG (lattice-best-path[5.5]:main():lattice-best-path.cc:99) For utterance PL072_90, best cost 169.729 + -151.971 = 17.7579 over 600 frames.
PL072_90 sil p r m a t i ts i tS E tS a u rZ E p i b i tS E S_j ts_j O v a n M S E t i n i tS n i v a l a n i g o d n a m sil 
LOG (lattice-best-path[5.5]:main():lattice-best-path.cc:99) For utterance PL072_116, best cost 64.6152 + -51.5416 = 13.0737 over 175 frames.
PL072_116 sil t o s o n a k t a r E p i n i O_~ z a sil 
LOG (lattice-best-path[5.5]:main():lattice-best-path.cc:99) For utterance PL036_41, best cost 55.0707 + -54.8228 = 0.24791 over 200 frames.
PL036_41 sil z O rZ O d a t S E S a w a sil 
LOG (lattice-best-path[5.5]:main():lattice-best-path.cc:99) For utterance PL039_85, best cost 59.6628 + -52.7055 = 6.95726 over 206 frames.
PL039_85 sil n i m i a n s a t E v 1 b o r u sil 
LOG (lattice-best-path[5.5]:main():lattice-best-path.cc:99) For utterance PL039_56, best cost 72.6826 + -72.4025 = 0.280174 over 250 frames.
PL039_56 sil t E m h a n i S E z a S k u tS O p a n a sil 
LOG (lattice-best-path[5.5]:main():lattice-best-path.cc:99) For utterance PL072_124, best cost 94.9946 + -75.8929 = 19.1017 over 256 frames.
PL072_124 sil tS E rZ E j O_~ S_j i n i k i k O p a r a k i s p i x a tS E sil 
LOG (lattice-best-path[5.5]:main():lattice-best-path.cc:99) For utterance PL041_102, best cost 85.3809 + -76.9994 = 8.38155 over 269 frames.
PL041_102 sil p S E tS n i m a b i n a n i x n i g o s a v a ts i sil 
LOG (lattice-best-path[5.5]:main():lattice-best-path.cc:99) For utterance PL041_18, best cost 96.5278 + -79.7715 = 16.7563 over 281 frames.
PL041_18 sil n a b i S 1 tS a S e b a S E z i m i s p o t k a ts i sil 
LOG (lattice-best-path[5.5]:main():lattice-best-path.cc:99) For utterance PL084_11, best cost 81.369 + -79.721 = 1.64806 over 288 frames.
PL084_11 sil n i tS a S a s k a n s a n k v E n ts j a v i sil 
LOG (lattice-best-path[5.5]:main():lattice-best-path.cc:99) For utterance PL038_20, best cost 69.208 + -73.4174 = -4.20947 over 294 frames.
PL038_20 sil r a l e b o s k A: r a n a b o s k i x sil 
LOG (lattice-best-path[5.5]:main():lattice-best-path.cc:99) For utterance PL040_17, best cost 73.3205 + -76.4908 = -3.1703 over 300 frames.
PL040_17 sil p i o t r a n a p o: n i v E m o d i tS E sil 
LOG (lattice-best-path[5.5]:main():lattice-best-path.cc:99) For utterance PL038_62, best cost 84.6344 + -75.6983 = 8.9361 over 306 frames.
PL038_62 sil z a s a n a r a S E l a tS E g a t a z r O b i l a sil 
LOG (lattice-best-path[5.5]:main():lattice-best-path.cc:99) For utterance PL072_82, best cost 91.3193 + -82.4322 = 8.88708 over 313 frames.
PL072_82 sil a t E p r a t s p r O g r a s a m i r a k i tS E tS E sil 
LOG (lattice-best-path[5.5]:main():lattice-best-path.cc:99) For utterance PL084_37, best cost 72.4368 + -93.0194 = -20.5826 over 325 frames.
PL084_37 sil t a d a u S a ts E v i tS z b i s k a sil 
LOG (lattice-best-path[5.5]:main():lattice-best-path.cc:99) For utterance PL038_45, best cost 90.4622 + -83.1247 = 7.33745 over 331 frames.
PL038_45 sil n a m u j tS E k n a b rZ E k z b i S O l a sil 
LOG (lattice-best-path[5.5]:main():lattice-best-path.cc:99) For utterance PL038_52, best cost 80.4171 + -78.0449 = 2.37216 over 338 frames.
PL038_52 sil v E b a n i k n i o p O v i n a t a p E t a n i sil 
LOG (lattice-best-path[5.5]:main():lattice-best-path.cc:99) For utterance PL072_73, best cost 111.967 + -98.6638 = 13.3033 over 344 frames.
PL072_73 sil p O z a t E n t o s u j a i k a n a j a ts E v i d E g O m O k i m sil 
LOG (lattice-best-path[5.5]:main():lattice-best-path.cc:99) For utterance PL084_40, best cost 90.1136 + -93.0899 = -2.97631 over 350 frames.
PL084_40 sil t a r a s r a m a n t E z a z n i k n o S a n dZ a sil 
LOG (lattice-best-path[5.5]:main():lattice-best-path.cc:99) For utterance PL012_15, best cost 85.9149 + -88.1835 = -2.26866 over 356 frames.
PL012_15 sil n i m a k O n t r O l i n a t E k m i o s o: m a n sil 
LOG (lattice-best-path[5.5]:main():lattice-best-path.cc:99) For utterance PL036_30, best cost 105.69 + -84.4218 = 21.2679 over 356 frames.
PL036_30 sil i sil d a b a v E z i S E n i n t a k o tS E s a f u s n u sil 
LOG (lattice-best-path[5.5]:main():lattice-best-path.cc:99) For utterance PL039_19, best cost 124.087 + -103.661 = 20.4269 over 369 frames.
PL039_19 sil tS E S_j ts_j p o s u k O m i t E t O b a t a s k i g O z a p r a t o s t O v a sil 
LOG (lattice-best-path[5.5]:main():lattice-best-path.cc:99) For utterance PL039_87, best cost 124.582 + -96.8963 = 27.6852 over 369 frames.
PL039_87 sil d E n t E g O n i s r O b i x a b a p r a tS i l s k r a S b i n i b u sil 
LOG (lattice-best-path[5.5]:main():lattice-best-path.cc:99) For utterance PL072_8, best cost 159.589 + -117.05 = 42.5397 over 374 frames.
PL072_8 sil s o v a k O f a t O v a n i m a s p o n E g O z b i x t r a f i O rZ 1 S_j i a tS 1 z g O d u sil 
LOG (lattice-best-path[5.5]:main():lattice-best-path.cc:99) For utterance PL040_66, best cost 120.664 + -113.084 = 7.57996 over 375 frames.
PL040_66 sil v t a S E p r o d o l a k a z a s t o s O v a l t E s a s k i tS E_~ ts_j E sil 
LOG (lattice-best-path[5.5]:main():lattice-best-path.cc:99) For utterance PL072_13, best cost 150.528 + -108.989 = 41.5393 over 394 frames.
PL072_13 sil n a s t a k u m O rZ n a p o s t a ts_j d o p O rZ E g O dz_j E tS a n d u S t r a s o S E t a n a sil 
LOG (lattice-best-path[5.5]:main():lattice-best-path.cc:99) For utterance PL038_16, best cost 79.9613 + -85.9727 = -6.01144 over 406 frames.
PL038_16 sil z 1 x a l i z o tS O v r e n i E rZ E k i sil 
LOG (lattice-best-path[5.5]:main():lattice-best-path.cc:99) For utterance PL036_21, best cost 129.002 + -123.61 = 5.39139 over 419 frames.
PL036_21 sil s a v a m i tS E s a v s k i E rZ E tS i k a m a n t 1 x g o v n i p r i ts i sil 
LOG (lattice-best-path[5.5]:main():lattice-best-path.cc:99) For utterance PL038_49, best cost 92.8299 + -109.765 = -16.9348 over 419 frames.
PL038_49 sil p a n i m a r j a m a o tS 1 tS E v o n o d u w a s sil 
LOG (lattice-best-path[5.5]:main():lattice-best-path.cc:99) For utterance PL038_74, best cost 90.6848 + -100.422 = -9.73729 over 419 frames.
PL038_74 sil n i m o g w a z n a l E z n s p o n a n E_~ dz E k a sil 
LOG (lattice-best-path[5.5]:main():lattice-best-path.cc:99) For utterance PL084_97, best cost 112.878 + -118.128 = -5.24933 over 419 frames.
PL084_97 sil p S E g a p i S n a v k a n i s t a n i n i p S E g a p i r a k u sil 
LOG (lattice-best-path[5.5]:main():lattice-best-path.cc:99) For utterance PL084_1, best cost 127.162 + -125.461 = 1.7005 over 431 frames.
PL084_1 sil p S E S a k t i p O l i ts j a n t n i s t a n a v 1 ts_j O_~ t a m o g r o Z i sil 
LOG (lattice-best-path[5.5]:main():lattice-best-path.cc:99) For utterance PL038_80, best cost 54.7456 + -87.0663 = -32.3207 over 444 frames.
PL038_80 sil v 1 s v A: n d a l a k a rZ E sil 
LOG (lattice-best-path[5.5]:main():lattice-best-path.cc:99) For utterance PL038_43, best cost 108.167 + -107.882 = 0.285446 over 450 frames.
PL038_43 sil a l E z u s t E S a l k i p r E l j a g O S_j ts_j O_~ g r O tS w a sil 
LOG (lattice-best-path[5.5]:main():lattice-best-path.cc:99) For utterance PL072_112, best cost 163.851 + -127.474 = 36.3766 over 450 frames.
PL072_112 sil z a r a v E n i g o t a m tS E n a S t o n i E l E g a n s k o p a t a l o g A: r a tS E n i tS n a r m a sil 
LOG (lattice-best-path[5.5]:main():lattice-best-path.cc:99) For utterance PL072_113, best cost 144.896 + -107.78 = 37.1164 over 456 frames.
PL072_113 sil v a s u x a n i S O dz_j a z b r a k a k o s o: m i S E v i o t v a d E n t r E s i sil 
LOG (lattice-best-path[5.5]:main():lattice-best-path.cc:99) For utterance PL030_82, best cost 99.7581 + -113.398 = -13.6398 over 475 frames.
PL030_82 sil v s a v S 1 m i w 1 m E v i ts O v E p o b l o n d E sil 
LOG (lattice-best-path[5.5]:main():lattice-best-path.cc:99) For utterance PL040_78, best cost 150.014 + -138.401 = 11.6129 over 494 frames.
PL040_78 sil t o s o k p S E s t a j p r O k r a t a p r O v a z a n s p r O S_j v i tS n o r o t k O v sil 
LOG (lattice-best-path[5.5]:main():lattice-best-path.cc:99) For utterance PL038_31, best cost 84.3506 + -112.071 = -27.72 over 500 frames.
PL038_31 sil r a l e b o s k a sil t O ts O S_j i o r u S a sil 
LOG (lattice-best-path[5.5]:main():lattice-best-path.cc:99) For utterance PL038_48, best cost 39.0538 + -34.3841 = 4.66978 over 119 frames.
PL038_48 sil n i o d a w O S_j ts_j O_~ sil 
LOG (lattice-best-path[5.5]:main():lattice-best-path.cc:99) For utterance PL039_20, best cost 29.1448 + -36.6547 = -7.5099 over 156 frames.
PL039_20 sil z a tS a g O sil 
LOG (lattice-best-path[5.5]:main():lattice-best-path.cc:99) For utterance PL072_104, best cost 44.8989 + -44.5672 = 0.331669 over 188 frames.
PL072_104 sil v tS i t a g rZ E m E sil 
LOG (lattice-best-path[5.5]:main():lattice-best-path.cc:99) For utterance PL040_27, best cost 75.878 + -62.0316 = 13.8464 over 206 frames.
PL040_27 sil t a k v a s E z O f a n i n t E r a s u v sil 
LOG (lattice-best-path[5.5]:main():lattice-best-path.cc:99) For utterance PL041_63, best cost 70.9942 + -63.2776 = 7.71658 over 219 frames.
PL041_63 sil b a k a z b a dZ e t v a k i k a m i n t sil 
LOG (lattice-best-path[5.5]:main():lattice-best-path.cc:99) For utterance PL097_104, best cost 27.4249 + -45.9728 = -18.5479 over 231 frames.
PL097_104 sil i s t o p a sil 
LOG (lattice-best-path[5.5]:main():lattice-best-path.cc:99) For utterance PL039_66, best cost 74.1136 + -62.7289 = 11.3847 over 238 frames.
PL039_66 sil j e p a n o tS E n a p S e k u s t r a ts i sil 
LOG (lattice-best-path[5.5]:main():lattice-best-path.cc:99) For utterance PL072_127, best cost 87.533 + -66.3798 = 21.1532 over 238 frames.
PL072_127 sil t a n s o: m p i n i O_~ ts E b a z a n a p O p S E b i sil 
LOG (lattice-best-path[5.5]:main():lattice-best-path.cc:99) For utterance PL072_94, best cost 61.4229 + -55.5178 = 5.90511 over 238 frames.
PL072_94 sil r O k i k o t a m u s u n d a n a sil 
LOG (lattice-best-path[5.5]:main():lattice-best-path.cc:99) For utterance PL072_68, best cost 84.6047 + -79.1458 = 5.45888 over 275 frames.
PL072_68 sil t r a s r m a n t E z n i z n i k n O S_j E_~ ts_j E sil 
LOG (lattice-best-path[5.5]:main():lattice-best-path.cc:99) For utterance PL063_60, best cost 62.2282 + -77.8363 = -15.6081 over 281 frames.
PL063_60 sil t a k a b 1 w a i E g O f O l a sil 
LOG (lattice-best-path[5.5]:main():lattice-best-path.cc:99) For utterance PL036_36, best cost 91.2835 + -76.8456 = 14.4379 over 288 frames.
PL036_36 sil n i k i ya t r O i p O l s E tS E v a rZ 1 dz_j E v i sil 
LOG (lattice-best-path[5.5]:main():lattice-best-path.cc:99) For utterance PL039_106, best cost 38.6683 + -35.3606 = 3.30776 over 113 frames.
PL039_106 sil s p E v n O S_j ts_j O_~ sil 
LOG (lattice-best-path[5.5]:main():lattice-best-path.cc:99) For utterance PL039_28, best cost 19.2442 + -29.1954 = -9.95121 over 125 frames.
PL039_28 sil m a m a sil 
LOG (lattice-best-path[5.5]:main():lattice-best-path.cc:99) For utterance PL037_32, best cost 49.5812 + -43.1834 = 6.39777 over 169 frames.
PL037_32 sil a l i t r v\ i m S E s sil 
LOG (lattice-best-path[5.5]:main():lattice-best-path.cc:99) For utterance PL084_88, best cost 42.2155 + -50.2118 = -7.99627 over 194 frames.
PL084_88 sil a ts a z n O v E m i sil 
LOG (lattice-best-path[5.5]:main():lattice-best-path.cc:99) For utterance PL041_57, best cost 55.2795 + -45.706 = 9.57353 over 200 frames.
PL041_57 sil r u x m a m E n i d e: r k i sil 
LOG (lattice-best-path[5.5]:main():lattice-best-path.cc:99) For utterance PL041_98, best cost 74.4126 + -56.1656 = 18.247 over 206 frames.
PL041_98 sil k a 4 a p a n a S u j a n a t a b o r s a sil 
LOG (lattice-best-path[5.5]:main():lattice-best-path.cc:99) For utterance PL036_87, best cost 45.1151 + -51.1765 = -6.06144 over 225 frames.
PL036_87 sil tS E t a S E z m i o sil 
LOG (lattice-best-path[5.5]:main():lattice-best-path.cc:99) For utterance PL039_75, best cost 64.4218 + -63.9282 = 0.493519 over 238 frames.
PL039_75 sil p O tS 1 S_j ts_j E z a p o t E s k a n a n sil 
LOG (lattice-best-path[5.5]:main():lattice-best-path.cc:99) For utterance PL039_108, best cost 76.1862 + -72.6142 = 3.57201 over 250 frames.
PL039_108 sil p S E d a S E s k i m o r a n i a n i t o k a sil 
LOG (lattice-best-path[5.5]:main():lattice-best-path.cc:99) For utterance PL040_67, best cost 87.7769 + -80.7724 = 7.00445 over 269 frames.
PL040_67 sil p S o k a z i p S 1 tS e k O v i tS E l j i t a sil 
LOG (lattice-best-path[5.5]:main():lattice-best-path.cc:99) For utterance PL039_4, best cost 90.3113 + -85.2567 = 5.0546 over 275 frames.
PL039_4 sil p o r a ts_j i w a n d 1 s t o m p i o d O S_j ts_j O_~ d u sil 
LOG (lattice-best-path[5.5]:main():lattice-best-path.cc:99) For utterance PL041_34, best cost 102.977 + -79.9976 = 22.9792 over 275 frames.
PL041_34 sil i: s E S tS E r a m p r a b l a m t a s a p a tS i z a l a k i sil 
LOG (lattice-best-path[5.5]:main():lattice-best-path.cc:99) For utterance PL090_83, best cost 40.8824 + -61.463 = -20.5806 over 281 frames.
PL090_83 sil t a n i E p r a v a d a sil 
LOG (lattice-best-path[5.5]:main():lattice-best-path.cc:99) For utterance PL040_68, best cost 67.7259 + -68.9328 = -1.20689 over 288 frames.
PL040_68 sil s p r a v o n a j a v i n E S t a l sil 
LOG (lattice-best-path[5.5]:main():lattice-best-path.cc:99) For utterance PL084_12, best cost 76.3448 + -83.0949 = -6.75016 over 300 frames.
PL084_12 sil m a rZ O_~ i E_~ ts_j O_~ k a r i r b o s u v sil 
LOG (lattice-best-path[5.5]:main():lattice-best-path.cc:99) For utterance PL097_97, best cost 69.5908 + -78.2022 = -8.61144 over 313 frames.
PL097_97 sil i s t o p O b a j k O m a n d o j a n sil 
LOG (lattice-best-path[5.5]:main():lattice-best-path.cc:99) For utterance PL072_52, best cost 110.728 + -100.955 = 9.77356 over 319 frames.
PL072_52 sil p S t o k O v a n i v E s a k i z a b u d O v i s p r a k t 1 tS n a sil 
LOG (lattice-best-path[5.5]:main():lattice-best-path.cc:99) For utterance PL039_59, best cost 109.839 + -90.8596 = 18.9792 over 331 frames.
PL039_59 sil v O dz_j E ts_j O_~ p O z n a j O_~ z a tS n a j u s o: m i S a tS E s u sil 
LOG (lattice-best-path[5.5]:main():lattice-best-path.cc:99) For utterance PL084_7, best cost 89.6672 + -88.5549 = 1.11222 over 331 frames.
PL084_7 sil m i s t r a z b i t E k a n g o s E m u j a n O v a sil 
LOG (lattice-best-path[5.5]:main():lattice-best-path.cc:99) For utterance PL072_125, best cost 148.58 + -105.373 = 43.2068 over 336 frames.
PL072_125 sil f i v E n o t p O v a d a n a t E p E t a n i a rZ 1 b i n i p S 1 ts_j m o r p a S t v i sil 
LOG (lattice-best-path[5.5]:main():lattice-best-path.cc:99) For utterance PL039_45, best cost 110.287 + -94.8669 = 15.4201 over 344 frames.
PL039_45 sil v i s E S m a k r a i n k a p i t a l i s u p a n f O v a g o sil 
LOG (lattice-best-path[5.5]:main():lattice-best-path.cc:99) For utterance PL030_25, best cost 72.379 + -96.1995 = -23.8205 over 363 frames.
PL030_25 sil v s a rZ O_~ t u m i s k i m p a r t i sil 
LOG (lattice-best-path[5.5]:main():lattice-best-path.cc:99) For utterance PL039_57, best cost 16.3439 + -24.0712 = -7.72732 over 119 frames.
PL039_57 sil n i E sil 
LOG (lattice-best-path[5.5]:main():lattice-best-path.cc:99) For utterance PL072_114, best cost 74.798 + -59.3949 = 15.4032 over 188 frames.
PL072_114 sil t r a s n a tS n a d O rZ a z a r O v i ts_j sil 
LOG (lattice-best-path[5.5]:main():lattice-best-path.cc:99) For utterance PL039_83, best cost 58.4654 + -52.3899 = 6.07554 over 194 frames.
PL039_83 sil r s p r a v O d r O tS a n o sil 
LOG (lattice-best-path[5.5]:main():lattice-best-path.cc:99) For utterance PL072_103, best cost 77.6696 + -57.3213 = 20.3484 over 250 frames.
PL072_103 sil n a v i ts i tS i t u rZ E s o: m r k a n a n sil 
LOG (lattice-best-path[5.5]:main():lattice-best-path.cc:99) For utterance PL072_46, best cost 99.6773 + -74.9209 = 24.7564 over 281 frames.
PL072_46 sil a m i t v n i tS n i p S t o n a n i d a v n i r o d e: r E sil 
LOG (lattice-best-path[5.5]:main():lattice-best-path.cc:99) For utterance PL077_5, best cost 104.966 + -83.1911 = 21.7749 over 281 frames.
PL077_5 sil n i n s m a j o j a n E p E k a b a v O_~ ts O dz_j i z r O v sil 
LOG (lattice-best-path[5.5]:main():lattice-best-path.cc:99) For utterance PL038_82, best cost 76.6022 + -75.3789 = 1.22328 over 288 frames.
PL038_82 sil a l o n a d a l a j O ts E s p O m i n a w a sil 
LOG (lattice-best-path[5.5]:main():lattice-best-path.cc:99) For utterance PL072_37, best cost 87.8978 + -82.7142 = 5.18361 over 294 frames.
PL072_37 sil s a w S_j ts_j p S k r e d v o s p a d O v E d a x sil 
LOG (lattice-best-path[5.5]:main():lattice-best-path.cc:99) For utterance PL038_47, best cost 66.3103 + -76.4634 = -10.1531 over 300 frames.
PL038_47 sil p o b O v a l i x r a n i m O v a ts_j sil 
LOG (lattice-best-path[5.5]:main():lattice-best-path.cc:99) For utterance PL041_54, best cost 114.149 + -87.3626 = 26.7868 over 306 frames.
PL041_54 sil a s t E m e: n a rZ E z a p a l i tS l a n i S E p k O d a l i ts_j O_~ sil 
LOG (lattice-best-path[5.5]:main():lattice-best-path.cc:99) For utterance PL039_95, best cost 92.7965 + -90.4391 = 2.35738 over 313 frames.
PL039_95 sil n i s t a t E n i p S E g O t O v a n o i x a l E p i sil 
LOG (lattice-best-path[5.5]:main():lattice-best-path.cc:99) For utterance PL040_94, best cost 100.461 + -99.9059 = 0.554825 over 319 frames.
PL040_94 sil p O z a t E m sil 9 s` p a t a f i s a s k a k o j O_~ ts a sil 
LOG (lattice-best-path[5.5]:main():lattice-best-path.cc:99) For utterance PL040_72, best cost 114.89 + -91.3212 = 23.5686 over 331 frames.
PL040_72 sil d o s u d u z a p a n i k O n i S y z a b i k i r u 4 J\ y tS n a sil 
LOG (lattice-best-path[5.5]:main():lattice-best-path.cc:99) For utterance PL038_96, best cost 74.4093 + -85.4498 = -11.0404 over 381 frames.
PL038_96 sil n i n b u m a sil j O_~ s o j O p r a t sil 
LOG (lattice-best-path[5.5]:main():lattice-best-path.cc:99) For utterance PL090_16, best cost 32.585 + -70.2496 = -37.6645 over 388 frames.
PL090_16 sil l a tS a g o sil 
LOG (lattice-best-path[5.5]:main():lattice-best-path.cc:99) For utterance PL097_2, best cost 72.495 + -85.417 = -12.922 over 388 frames.
PL097_2 sil s t a 4 e t a t r n o v a n s a z o r E sil 
LOG (lattice-best-path[5.5]:main():lattice-best-path.cc:99) For utterance PL072_123, best cost 167.72 + -118.068 = 49.6515 over 400 frames.
PL072_123 sil i S E d n E f i m E g o d O v a n E d u rZ 1 m i S E tS E n i a m i z a x r a t E n t E g r 1 ts_j O_~ t sil 
LOG (lattice-best-path[5.5]:main():lattice-best-path.cc:99) For utterance PL030_17, best cost 86.3714 + -112.194 = -25.8225 over 413 frames.
PL030_17 sil p o s u x s E u n i v a rZ E j a z j a s t o sil 
LOG (lattice-best-path[5.5]:main():lattice-best-path.cc:99) For utterance PL039_14, best cost 144.291 + -113.289 = 31.0024 over 425 frames.
PL039_14 sil v S e m e a j s t o n o k a S E p S E S a b l a t v a t E rZ 1 p o s p o l i t E sil 
LOG (lattice-best-path[5.5]:main():lattice-best-path.cc:99) For utterance PL039_81, best cost 158.667 + -129.556 = 29.1117 over 425 frames.
PL039_81 sil k a l i S O S_j E tS u v O v tS a S m u S O S_j E_~ p O r o s m i s p a n a p r s E d E n t a sil 
LOG (lattice-best-path[5.5]:main():lattice-best-path.cc:99) For utterance PL084_10, best cost 108.982 + -110.661 = -1.67876 over 425 frames.
PL084_10 sil k ts O S E t k o i d a g rZ E tS t a j s t i x a t o s sil 
LOG (lattice-best-path[5.5]:main():lattice-best-path.cc:99) For utterance PL097_77, best cost 107.093 + -106.006 = 1.08694 over 425 frames.
PL097_77 sil t o i t a k S E d a t r u d o tS i n a k a u s p O k a j a n sil 
LOG (lattice-best-path[5.5]:main():lattice-best-path.cc:99) For utterance PL039_62, best cost 160.15 + -127.842 = 32.3082 over 450 frames.
PL039_62 sil v a tS E d a s a d a k a b a r t a b a j S_j i E s t r a S i s t E t o t o p a m i tS n a n a d O v E sil 
LOG (lattice-best-path[5.5]:main():lattice-best-path.cc:99) For utterance PL037_29, best cost 162.446 + -127.862 = 34.5833 over 456 frames.
PL037_29 sil tS n a m i s t r O k a l i s a ts i b r a n a m i s t o i d u b E n a n i d a l e k O m o s k f i sil 
LOG (lattice-best-path[5.5]:main():lattice-best-path.cc:99) For utterance PL041_29, best cost 165.039 + -143.598 = 21.4403 over 463 frames.
PL041_29 sil j e k i z a t E m i a b a b E ts E s k a p a ts i n d u v p E d a n a tS a n a i z b a t a k a r s k a sil 
LOG (lattice-best-path[5.5]:main():lattice-best-path.cc:99) For utterance PL077_18, best cost 154.723 + -125.427 = 29.2964 over 463 frames.
PL077_18 sil p r a z a s t a z a p r E z a t O v a n E p o b i tS n a m o b i O_~ ts E S E s M n a v o j u tS E t sil 
LOG (lattice-best-path[5.5]:main():lattice-best-path.cc:99) For utterance PL038_79, best cost 101.133 + -116.201 = -15.068 over 469 frames.
PL038_79 sil k a z a m i z a rZ 1 v a tS k r O p r o s p O k a j a n s a sil 
LOG (lattice-best-path[5.5]:main():lattice-best-path.cc:99) For utterance PL037_39, best cost 163.667 + -132.767 = 30.9 over 475 frames.
PL037_39 sil s v i n i E S a n a t a k i s i E_~ ts_j O_~ rZ 1 tS E v i s t i: v a k o n a s t m u v i r o: m a n u i t sil 
LOG (lattice-best-path[5.5]:main():lattice-best-path.cc:99) For utterance PL072_16, best cost 166.775 + -125.213 = 41.5621 over 475 frames.
PL072_16 sil s t a ts i z m i n i d a n a tS a rZ E l s a p r E k v a n i p S E z a m i S k a d E r n i k a b r a n sil 
LOG (lattice-best-path[5.5]:main():lattice-best-path.cc:99) For utterance PL012_39, best cost 150.132 + -130.812 = 19.319 over 481 frames.
PL012_39 sil p r a t f o: m O v a t r s k a p O n o s p a sil tS n i n a r a rZ E n e 4 i p S E s t r a t E sil 
LOG (lattice-best-path[5.5]:main():lattice-best-path.cc:99) For utterance PL038_25, best cost 97.3285 + -108.889 = -11.5602 over 481 frames.
PL038_25 sil v s a tS a S E u z a w rZ E t o j E m a k n i o m a sil 
LOG (lattice-best-path[5.5]:main():lattice-best-path.cc:99) For utterance PL072_4, best cost 149.597 + -135.092 = 14.5044 over 488 frames.
PL072_4 sil t r n a s k a p r a ts a n a s n a p S 1 S_j ts_j i n a t a n a m a S t a p i s p r d O r O b a k sil 
LOG (lattice-best-path[5.5]:main():lattice-best-path.cc:99) For utterance PL038_44, best cost 60.277 + -50.3272 = 9.94981 over 206 frames.
PL038_44 sil k O rZ E s k a t v o s a k O n d a sil 
LOG (lattice-best-path[5.5]:main():lattice-best-path.cc:99) For utterance PL036_74, best cost 57.9098 + -58.1377 = -0.227921 over 219 frames.
PL036_74 sil o d b i t a z a k o n i k u v sil 
LOG (lattice-best-path[5.5]:main():lattice-best-path.cc:99) For utterance PL036_58, best cost 64.5897 + -65.7805 = -1.19082 over 256 frames.
PL036_58 sil m a rZ O_~ S_j E_~ k a r i r b a s v sil 
LOG (lattice-best-path[5.5]:main():lattice-best-path.cc:99) For utterance PL072_91, best cost 96.3864 + -78.5771 = 17.8093 over 269 frames.
PL072_91 sil i b a m a r a ts j u tS E S t o m a u r m a n t 1 tS n a sil 
LOG (lattice-best-path[5.5]:main():lattice-best-path.cc:99) For utterance PL036_43, best cost 77.1036 + -70.6084 = 6.49529 over 275 frames.
PL036_43 sil p O l tS E_~ ts_j E d p O v i dZ i o g i m sil 
LOG (lattice-best-path[5.5]:main():lattice-best-path.cc:99) For utterance PL072_86, best cost 114.79 + -85.4028 = 29.3869 over 281 frames.
PL072_86 sil m a dZ e t a d O b r O b E t n i v a n i k p O v i z a n i k t u rZ E sil 
LOG (lattice-best-path[5.5]:main():lattice-best-path.cc:99) For utterance PL030_24, best cost 21.9501 + -54.2659 = -32.3158 over 288 frames.
PL030_24 sil s k i m sil 
LOG (lattice-best-path[5.5]:main():lattice-best-path.cc:99) For utterance PL036_90, best cost 109.772 + -92.3287 = 17.4436 over 300 frames.
PL036_90 sil b 1 ts_j m O rZ E k a m u S p r O v i o t o s a m a p O tS u tS E sil 
LOG (lattice-best-path[5.5]:main():lattice-best-path.cc:99) For utterance PL038_36, best cost 55.7244 + -71.322 = -15.5976 over 306 frames.
PL038_36 sil r a t o l i k u r a t o n k u sil 
LOG (lattice-best-path[5.5]:main():lattice-best-path.cc:99) For utterance PL040_42, best cost 94.0669 + -82.0244 = 12.0425 over 313 frames.
PL040_42 sil S E b a t a k o j a s n a k r O S_j i t f 9 z a m i a r sil 
LOG (lattice-best-path[5.5]:main():lattice-best-path.cc:99) For utterance PL039_3, best cost 99.5247 + -93.9865 = 5.53828 over 331 frames.
PL039_3 sil z a k o t n i tS O v a p o tS i tS m O tS k o d O v a n a sil 
LOG (lattice-best-path[5.5]:main():lattice-best-path.cc:99) For utterance PL097_98, best cost 83.4882 + -86.9833 = -3.49509 over 338 frames.
PL097_98 sil d r f O j a m a d a n a b i S E p u tS i z 1 sil 
LOG (lattice-best-path[5.5]:main():lattice-best-path.cc:99) For utterance PL038_32, best cost 48.0174 + -70.677 = -22.6596 over 350 frames.
PL038_32 sil p o d a S O_~ g l E rZ E sil 
LOG (lattice-best-path[5.5]:main():lattice-best-path.cc:99) For utterance PL097_16, best cost 77.8992 + -82.9552 = -5.05607 over 350 frames.
PL097_16 sil d a m O v E p r o d E g a r t i: s t 1 tS n a sil 
LOG (lattice-best-path[5.5]:main():lattice-best-path.cc:99) For utterance PL038_24, best cost 72.0816 + -81.2558 = -9.17426 over 356 frames.
PL038_24 sil j a t a tS n i m o g O v t o v E rZ 1 ts_j sil 
LOG (lattice-best-path[5.5]:main():lattice-best-path.cc:99) For utterance PL046_96, best cost 69.7282 + -81.0806 = -11.3524 over 356 frames.
PL046_96 sil j a d a b a dZ a s t E p S E p a t k u sil 
LOG (lattice-best-path[5.5]:main():lattice-best-path.cc:99) For utterance PL072_108, best cost 107.672 + -94.5809 = 13.0916 over 373 frames.
PL072_108 sil v i r a z i n i S m E g O p a n s t v i s t i n t o p i r a n sil 
LOG (lattice-best-path[5.5]:main():lattice-best-path.cc:99) For utterance PL084_63, best cost 108.978 + -102.46 = 6.5183 over 375 frames.
PL084_63 sil k a b a m a j a m r a ts j a tS E S t a m a u r a m a n t E tS n a sil 
LOG (lattice-best-path[5.5]:main():lattice-best-path.cc:99) For utterance PL097_88, best cost 82.6809 + -89.4885 = -6.80756 over 394 frames.
PL097_88 sil z m a dZ y z a d E d o s o v a n a m u j a n sil 
LOG (lattice-best-path[5.5]:main():lattice-best-path.cc:99) For utterance PL012_26, best cost 76.1085 + -92.6395 = -16.531 over 406 frames.
PL012_26 sil t z a n i n i p o d o n a s t a m p i sil t sil 
LOG (lattice-best-path[5.5]:main():lattice-best-path.cc:99) For utterance PL030_65, best cost 56.3764 + -92.7623 = -36.3859 over 413 frames.
PL030_65 sil t o o t k r i tS E k a r t sil 
LOG (lattice-best-path[5.5]:main():lattice-best-path.cc:99) For utterance PL036_93, best cost 129.381 + -114.797 = 14.5842 over 413 frames.
PL036_93 sil p S E d E v k a S t E p r a ts i E p o p i E_~ dz_j E ts_j O_~ t f u tS E n a rZ 1 S_j i sil 
LOG (lattice-best-path[5.5]:main():lattice-best-path.cc:99) For utterance PL030_49, best cost 95.8088 + -107.924 = -12.1147 over 419 frames.
PL030_49 sil p O v i n d u n i s t a v a tS E d o t r u g i t u r E sil 
LOG (lattice-best-path[5.5]:main():lattice-best-path.cc:99) For utterance PL046_11, best cost 100.39 + -109.397 = -9.007 over 419 frames.
PL046_11 sil a sil a n a l i z a r a p a r t o r a S t a r O v u j E sil 
LOG (lattice-best-path[5.5]:main():lattice-best-path.cc:99) For utterance PL097_41, best cost 95.9739 + -106.054 = -10.0802 over 431 frames.
PL097_41 sil z a n i m a w a b i O_~ z a v p E m i E_~ ts_j O_~ t o d a j E sil 
LOG (lattice-best-path[5.5]:main():lattice-best-path.cc:99) For utterance PL012_50, best cost 124.665 + -110.318 = 14.348 over 450 frames.
PL012_50 sil j o s O v a t o s u n i p o t a k t O v a n a r a rZ E p i E_~ ts_j p o s u v sil 
LOG (lattice-best-path[5.5]:main():lattice-best-path.cc:99) For utterance PL038_64, best cost 123.783 + -120.774 = 3.00848 over 450 frames.
PL038_64 sil s t E g O ts O v E m sil n a r O dz_j E n a tS E S k a n i a ts O l i tS 1 ts_j sil 
LOG (lattice-best-path[5.5]:main():lattice-best-path.cc:99) For utterance PL097_82, best cost 112.262 + -116.861 = -4.59937 over 450 frames.
PL097_82 sil l a v a ts a v t E u p S E tS k u j E x o g o v o d E j a n sil 
LOG (lattice-best-path[5.5]:main():lattice-best-path.cc:99) For utterance PL084_95, best cost 114.614 + -131.847 = -17.2328 over 456 frames.
PL084_95 sil tS E j u S rZ a j O_~ S_j i n i k i k O p a r E k i s p a h a tS E sil 
LOG (lattice-best-path[5.5]:main():lattice-best-path.cc:99) For utterance PL039_101, best cost 178.84 + -137.563 = 41.2766 over 463 frames.
PL039_101 sil p i n S 1 S_j ts_j i p S E p a t k u f i n a k o s E k v E n S u n a k a n a k i s k O n i v 1 ts_j O_~ d n i n t a sil 
LOG (lattice-best-path[5.5]:main():lattice-best-path.cc:99) For utterance PL072_97, best cost 141.169 + -124.952 = 16.217 over 469 frames.
PL072_97 sil v i S i t a m i S a p O v 1 ts_j O_~ n a t S t r t v E n a f a dZ a m r E k a n o v sil 
LOG (lattice-best-path[5.5]:main():lattice-best-path.cc:99) For utterance PL084_13, best cost 143.105 + -136.53 = 6.57495 over 475 frames.
PL084_13 sil v ts O b 1 s t a k s a m a s l a v n i a k i x p O p S E d n i O p i k o n a v E sil 
LOG (lattice-best-path[5.5]:main():lattice-best-path.cc:99) For utterance PL090_41, best cost 85.6212 + -115.96 = -30.3391 over 475 frames.
PL090_41 sil p S E n b a u z v i O_~ z a k s a v i E ts k i sil 
LOG (lattice-best-path[5.5]:main():lattice-best-path.cc:99) For utterance PL072_92, best cost 172.769 + -135.733 = 37.0366 over 481 frames.
PL072_92 sil p O b 1 b E n o r m a t E p i S E f a dZ i m a n o i r a k u tS n i d E g O n o g o s f i n i O_~ ts a sil 
LOG (lattice-best-path[5.5]:main():lattice-best-path.cc:99) For utterance PL037_10, best cost 174.322 + -141.529 = 32.7932 over 500 frames.
PL037_10 sil s u rZ O_~ d E s p o t n o r a d o i p O m a t u k a S t a m u t o s t v e v E r o: m i x i r n d E sil 
LOG (lattice-best-path[5.5]:main():lattice-best-path.cc:99) For utterance PL037_28, best cost 183.934 + -153.652 = 30.2825 over 500 frames.
PL037_28 sil s E rZ O_~ t f i r m E p o d o d a ts j o u r u x O m i n f t E n k r a j u f a p r k i s v i f 9 r u sil 
LOG (lattice-best-path[5.5]:main():lattice-best-path.cc:99) For utterance PL037_85, best cost 168.333 + -151.417 = 16.916 over 500 frames.
PL037_85 sil s O_~ t a l n i ya t o r O v a u s k O k i s a p O rZ a j O_~ ts k o t k O m p i r o t i p O v i S sil 
LOG (lattice-best-path[5.5]:main():lattice-best-path.cc:99) For utterance PL077_22, best cost 178.926 + -147.83 = 31.096 over 500 frames.
PL077_22 sil b u d O v a p O f O tS u k O p i E_~ ts_j u l a t p O x O n i tS E s a v S 1 dz_j E S_j i l j O_~ t o l a r O v sil 
LOG (lattice-best-path[5.5]:main():lattice-best-path.cc:99) For utterance PL090_73, best cost 124.842 + -140.782 = -15.9402 over 513 frames.
PL090_73 sil z v i E n S a S E k r a j u v k o r o p ts j a p S E n i k a z d o sil 
LOG (lattice-best-path[5.5]:main():lattice-best-path.cc:99) For utterance PL040_3, best cost 196.737 + -158.132 = 38.6044 over 525 frames.
PL040_3 sil j a p a b E n o d O p r O t a S a tS E n i a t o r s a m O rZ O_~ d O v ts E z u 4 u n a p o t o n k u S E g O r O k u sil 
LOG (lattice-best-path[5.5]:main():lattice-best-path.cc:99) For utterance PL041_11, best cost 154.292 + -151.985 = 2.30736 over 531 frames.
PL041_11 sil m O rZ 1 b 1 ts_j d a n a d r a k t o r d a n o t a b l a n d a s z v i l i d a ts j u S a sil 
LOG (lattice-best-path[5.5]:main():lattice-best-path.cc:99) For utterance PL030_47, best cost 81.2806 + -111.736 = -30.4556 over 538 frames.
PL030_47 sil j a k m O rZ n a z a k i n s o b u r s u v sil 
LOG (lattice-best-path[5.5]:main():lattice-best-path.cc:99) For utterance PL072_100, best cost 182.266 + -150.165 = 32.1003 over 544 frames.
PL072_100 sil p o d r b i v a n i S a t O v i p a n t E p S E s p e S 1 b u d O v o r O p E s a x O n i s t i m i m i s sil 
LOG (lattice-scale[5.5]:main():lattice-scale.cc:107) Done 259 lattices.
LOG (lattice-add-penalty[5.5]:main():lattice-add-penalty.cc:62) Done adding word insertion penalty to 259 lattices.
LOG (lattice-best-path[5.5]:main():lattice-best-path.cc:99) For utterance PL037_47, best cost 196.489 + -149.614 = 46.8746 over 550 frames.
PL037_47 sil t o g o n i z i n k i n i n k a Z i m E Z i l k t y z a s t o p o s k o d r n a n o b u s t a v i tS E n o r O v a n sil 
LOG (lattice-best-path[5.5]:main():lattice-best-path.cc:124) Overall cost per frame is -2.48534 = 0.285676 [graph] + -2.77102 [acoustic] over 92870 frames.
LOG (lattice-best-path[5.5]:main():lattice-best-path.cc:128) Done 259 lattices, failed for 0
# Accounting: time=3 threads=1
# Ended (code 0) at Mon Apr 20 22:24:25 BST 2020, elapsed time 3 seconds
