# lattice-scale --inv-acoustic-scale=7 "ark:gunzip -c /home/paul/UPM/pytorch-kaldi/exp/UPM_RNN_mfcc_base_3_layers/decode_PL_only_out_dnn2/lat.*.gz|" ark:- | lattice-add-penalty --word-ins-penalty=0.0 ark:- ark:- | lattice-best-path --word-symbol-table=/home/paul/upm_exp/baseline_mfcc/data/lang/words.txt ark:- ark,t:- | utils/int2sym.pl -f 2- /home/paul/upm_exp/baseline_mfcc/data/lang/words.txt | local/wer_hyp_filter > /home/paul/UPM/pytorch-kaldi/exp/UPM_RNN_mfcc_base_3_layers/decode_PL_only_out_dnn2/scoring_kaldi/penalty_0.0/7.txt 
# Started at Mon Apr 20 22:24:22 BST 2020
#
lattice-scale --inv-acoustic-scale=7 'ark:gunzip -c /home/paul/UPM/pytorch-kaldi/exp/UPM_RNN_mfcc_base_3_layers/decode_PL_only_out_dnn2/lat.*.gz|' ark:- 
lattice-add-penalty --word-ins-penalty=0.0 ark:- ark:- 
lattice-best-path --word-symbol-table=/home/paul/upm_exp/baseline_mfcc/data/lang/words.txt ark:- ark,t:- 
LOG (lattice-best-path[5.5]:main():lattice-best-path.cc:99) For utterance PL072_117, best cost 44.9297 + -106.061 = -61.1311 over 175 frames.
PL072_117 sil h a ts O z n O v E m i sil 
LOG (lattice-best-path[5.5]:main():lattice-best-path.cc:99) For utterance PL084_59, best cost 52.2644 + -148.712 = -96.4475 over 225 frames.
PL084_59 sil s w a b a t O r O g i k a sil 
LOG (lattice-best-path[5.5]:main():lattice-best-path.cc:99) For utterance PL038_90, best cost 65.0707 + -142.949 = -77.8784 over 238 frames.
PL038_90 sil v r E n ts O S_j l a p a n k a m a t sil 
LOG (lattice-best-path[5.5]:main():lattice-best-path.cc:99) For utterance PL039_104, best cost 81.881 + -177 = -95.1194 over 250 frames.
PL039_104 sil v m a v O k t o s l a i x n a z v i S k a sil 
LOG (lattice-best-path[5.5]:main():lattice-best-path.cc:99) For utterance PL084_41, best cost 70.6829 + -172.029 = -101.347 over 263 frames.
PL084_41 sil p O z a s t a w a t 1 k o j n t E r a s sil 
LOG (lattice-best-path[5.5]:main():lattice-best-path.cc:99) For utterance PL072_15, best cost 113.917 + -197.165 = -83.2475 over 275 frames.
PL072_15 sil p S a d i n d i s p O n i z a p a tS E_~ ts_j O_~ S E S tS E s k r a n 1 m sil 
LOG (lattice-best-path[5.5]:main():lattice-best-path.cc:99) For utterance PL072_98, best cost 102.621 + -202.572 = -99.9515 over 275 frames.
PL072_98 sil tS 1 s k O z a S k a z e n a t O rZ E t a t m O rZ E b 1 ts_j sil 
LOG (lattice-best-path[5.5]:main():lattice-best-path.cc:99) For utterance PL038_5, best cost 46.482 + -149.594 = -103.112 over 281 frames.
PL038_5 sil j a k p r a ts O v a ts_j sil 
LOG (lattice-best-path[5.5]:main():lattice-best-path.cc:99) For utterance PL036_69, best cost 95.8001 + -221.245 = -125.445 over 300 frames.
PL036_69 sil p o l i s j u d a w O S_j E m p o s O dz_j E b a n d E t sil 
LOG (lattice-best-path[5.5]:main():lattice-best-path.cc:99) For utterance PL036_95, best cost 92.9389 + -203.901 = -110.962 over 300 frames.
PL036_95 sil b a r dz O v a rZ n a j s t a n t n a s M n a k ts i ya sil 
LOG (lattice-best-path[5.5]:main():lattice-best-path.cc:99) For utterance PL036_91, best cost 101.497 + -239.992 = -138.495 over 338 frames.
PL036_91 sil p O l s k a n a p O d n o n i E s E n k a v O n s p o k O n sil 
LOG (lattice-best-path[5.5]:main():lattice-best-path.cc:99) For utterance PL039_40, best cost 142.369 + -269.892 = -127.523 over 356 frames.
PL039_40 sil tS 1 z j O_~ s k o Z a f 9 r u r i k i n a S E m p O v i S_j i o r O S_j i O_~ z a ts_j sil 
LOG (lattice-best-path[5.5]:main():lattice-best-path.cc:99) For utterance PL072_87, best cost 51.2034 + -135.566 = -84.3629 over 225 frames.
PL072_87 sil s v a b a t O l o g i k a sil 
LOG (lattice-best-path[5.5]:main():lattice-best-path.cc:99) For utterance PL084_76, best cost 45.2306 + -114.945 = -69.7148 over 225 frames.
PL084_76 sil tS e 4 i t a g rZ a n a sil 
LOG (lattice-best-path[5.5]:main():lattice-best-path.cc:99) For utterance PL039_82, best cost 74.0125 + -168.884 = -94.8718 over 238 frames.
PL039_82 sil a k f O S_j i S k i b u f i S p a n i sil 
LOG (lattice-best-path[5.5]:main():lattice-best-path.cc:99) For utterance PL039_52, best cost 63.2083 + -171.992 = -108.784 over 250 frames.
PL039_52 sil t O p o S 1 x n a s i E v i S k a sil 
LOG (lattice-best-path[5.5]:main():lattice-best-path.cc:99) For utterance PL036_57, best cost 80.3478 + -192.354 = -112.006 over 281 frames.
PL036_57 sil j y tS O S_j i E s k o n s E f E n ts j a m i sil 
LOG (lattice-best-path[5.5]:main():lattice-best-path.cc:99) For utterance PL040_44, best cost 124.393 + -219.725 = -95.3318 over 281 frames.
PL040_44 sil k a r a l i p e J\ e 4 e n E k t f i E r dz_j E v i E s a f r O z u ts k i sil 
LOG (lattice-best-path[5.5]:main():lattice-best-path.cc:99) For utterance PL036_22, best cost 31.0917 + -95.3935 = -64.3018 over 169 frames.
PL036_22 sil n i z a v S a sil 
LOG (lattice-best-path[5.5]:main():lattice-best-path.cc:99) For utterance PL036_40, best cost 101.736 + -174.21 = -72.4738 over 238 frames.
PL036_40 sil g a n a k s a r tS m O v d o n a l t v a p i s t a l a sil 
LOG (lattice-best-path[5.5]:main():lattice-best-path.cc:99) For utterance PL084_74, best cost 66.4885 + -163.099 = -96.611 over 244 frames.
PL084_74 sil v S E s E p O v i n i z a r a b i tS i sil 
LOG (lattice-best-path[5.5]:main():lattice-best-path.cc:99) For utterance PL037_6, best cost 63.365 + -178.967 = -115.603 over 275 frames.
PL037_6 sil k a n E z m i E n s t 1 rZ 1 tS n a sil 
LOG (lattice-best-path[5.5]:main():lattice-best-path.cc:99) For utterance PL040_69, best cost 101.513 + -197.651 = -96.1383 over 275 frames.
PL040_69 sil v e k u b O s k a s k a rZ O S_j i o n a b u b rZ u x a sil 
LOG (lattice-best-path[5.5]:main():lattice-best-path.cc:99) For utterance PL084_85, best cost 78.3898 + -183.733 = -105.343 over 275 frames.
PL084_85 sil t a r a s m O rZ n a d u rZ E z a r a b i tS i sil 
LOG (lattice-best-path[5.5]:main():lattice-best-path.cc:99) For utterance PL072_11, best cost 84.2704 + -184.872 = -100.602 over 281 frames.
PL072_11 sil t r a s E s o: m p r O v a S E n a n i u tS m a n a sil 
LOG (lattice-best-path[5.5]:main():lattice-best-path.cc:99) For utterance PL040_51, best cost 101.254 + -208.756 = -107.501 over 288 frames.
PL040_51 sil m o g o n t o 4 tS 1 i tS E d i n i p r o k u r a t o S E sil 
LOG (lattice-best-path[5.5]:main():lattice-best-path.cc:99) For utterance PL084_6, best cost 85.826 + -216.062 = -130.236 over 288 frames.
PL084_6 sil b r t a l i z a ts j a s t a j S_j ts_j O_~ f a k t E m sil 
LOG (lattice-best-path[5.5]:main():lattice-best-path.cc:99) For utterance PL038_54, best cost 60.8636 + -162.906 = -102.043 over 294 frames.
PL038_54 sil v S 1 s E O t E m l e dZ a l sil 
LOG (lattice-best-path[5.5]:main():lattice-best-path.cc:99) For utterance PL036_37, best cost 119.482 + -228.726 = -109.244 over 306 frames.
PL036_37 sil v S O t k u z a s a l j dz_j E v i t n a s l E k i o k r a i n k a sil 
LOG (lattice-best-path[5.5]:main():lattice-best-path.cc:99) For utterance PL036_59, best cost 142.532 + -269.246 = -126.714 over 331 frames.
PL036_59 sil v ts O_~ b E S E x s a m a s v a v n i j a k i x p O p S E n i a p i k o n O v 1 sil 
LOG (lattice-best-path[5.5]:main():lattice-best-path.cc:99) For utterance PL037_60, best cost 140.097 + -256.856 = -116.76 over 331 frames.
PL037_60 sil s k m i n i u S t i s a m i t a t n i l i tS n i i t r u n E n t u z n a l i S 
LOG (lattice-best-path[5.5]:main():lattice-best-path.cc:99) For utterance PL040_71, best cost 125.776 + -565200 = -565074 over 338 frames.
PL040_71 sil s t u tS a S e t t r E S_j ts_j i t O v O v E l E v a S_j i d o t S E v n i sil 
LOG (lattice-best-path[5.5]:main():lattice-best-path.cc:99) For utterance PL090_65, best cost 102.383 + -243.351 = -140.967 over 350 frames.
PL090_65 sil o n i a s t a i p S E d p O d O b n E m p r o b r a n a n sil 
LOG (lattice-best-path[5.5]:main():lattice-best-path.cc:99) For utterance PL039_50, best cost 136.118 + -285.246 = -149.128 over 363 frames.
PL039_50 sil k a Z d E O S_j r O d a k v a ts 1 m O S_j v o i x p S a n o s w O v tS u v sil 
LOG (lattice-best-path[5.5]:main():lattice-best-path.cc:99) For utterance PL041_87, best cost 147.86 + -290.068 = -142.209 over 363 frames.
PL041_87 sil z a p E v n a b E n d a n t a ts E k t u rZ 1 z a k s o b a d v a rZ E t e d a ts i z i ya sil 
LOG (lattice-best-path[5.5]:main():lattice-best-path.cc:99) For utterance PL084_98, best cost 105.524 + -254.68 = -149.155 over 363 frames.
PL084_98 sil t a m s O_~ p i n i O_~ dz E b a z O n a m p O t S a b n a sil 
LOG (lattice-best-path[5.5]:main():lattice-best-path.cc:99) For utterance PL012_7, best cost 137.07 + -262.468 = -125.398 over 369 frames.
PL012_7 sil j E n a k r a m b a r z O d n i E v n i z a r a g O v a v n O S_j v a t tS E n 1 sil 
LOG (lattice-best-path[5.5]:main():lattice-best-path.cc:99) For utterance PL038_7, best cost 61.1079 + -192.278 = -131.17 over 369 frames.
PL038_7 sil t O b E_~ dz_j E m a j p r a n k n a sil 
LOG (lattice-best-path[5.5]:main():lattice-best-path.cc:99) For utterance PL038_81, best cost 67.9338 + -200.802 = -132.868 over 375 frames.
PL038_81 sil b a d a n E n i s n i E v E k a z a v a sil 
LOG (lattice-best-path[5.5]:main():lattice-best-path.cc:99) For utterance PL012_28, best cost 118.525 + -278.184 = -159.659 over 381 frames.
PL012_28 sil v tS O r a j s a m o b r O n o p u S u j E rZ 1 m i x a l s k i sil 
LOG (lattice-best-path[5.5]:main():lattice-best-path.cc:99) For utterance PL040_56, best cost 157.491 + -318.485 = -160.994 over 413 frames.
PL040_56 sil v a p O t u r p S 1 s a v e l i n i k i n s p E k ts i i S E n s a j O_~ ts O l i k t u r o sil 
LOG (lattice-best-path[5.5]:main():lattice-best-path.cc:99) For utterance PL041_16, best cost 192.4 + -341.324 = -148.925 over 413 frames.
PL041_16 sil a b a s o v a t a u rZ O_~ d a j O_~ ts E g O d i ts a m i n i s t r a z a r a z a p O t f i r dz E n i E v p r a k t E ts a sil 
LOG (lattice-best-path[5.5]:main():lattice-best-path.cc:99) For utterance PL030_48, best cost 91.5357 + -265.447 = -173.911 over 419 frames.
PL030_48 sil t o n i o t p O v i dZ a l n E i n i ya t 1 tS n a sil 
LOG (lattice-best-path[5.5]:main():lattice-best-path.cc:99) For utterance PL077_28, best cost 186.143 + -321.688 = -135.545 over 425 frames.
PL077_28 sil f E k s E t 1 x tS 1 s E k O k O d v i S E t S_j E_~ ts O s u s o s o: m o r d O v a n h a b u z a g i n o sil 
LOG (lattice-best-path[5.5]:main():lattice-best-path.cc:99) For utterance PL072_26, best cost 151.265 + -289.201 = -137.936 over 438 frames.
PL072_26 sil i S_j i s p O d O v a m O S_j i m i E S_j ts_j E m O rZ E g O p O z a s t a l s n a ts a u s E z a n sil 
LOG (lattice-best-path[5.5]:main():lattice-best-path.cc:99) For utterance PL090_51, best cost 126.195 + -320.227 = -194.032 over 438 frames.
PL090_51 sil j a k i s p o s o p t f O rZ O n a j e s t o: n i a w O r O p a i s k a sil 
LOG (lattice-best-path[5.5]:main():lattice-best-path.cc:99) For utterance PL012_9, best cost 145.537 + -321.981 = -176.444 over 450 frames.
PL012_9 sil d i m i t r i r O g O z i n d O r a ts a p r a z d E n t a v o d i m i r a p o t i n a sil 
LOG (lattice-best-path[5.5]:main():lattice-best-path.cc:99) For utterance PL039_42, best cost 168.223 + -347.958 = -179.735 over 450 frames.
PL039_42 sil v s r a S t o n i l i tS O n a t u rZ E n O v E b o r i: s m i n i O_~ s k o t S E m u n a n E p S E sil 
LOG (lattice-best-path[5.5]:main():lattice-best-path.cc:99) For utterance PL036_4, best cost 135.779 + -314.389 = -178.61 over 463 frames.
PL036_4 sil p O d a m s p o s t u m a tS 1 s t o t u S E f O v 1 v s p o tS n i p o l i ts i sil 
LOG (lattice-best-path[5.5]:main():lattice-best-path.cc:99) For utterance PL041_100, best cost 173.721 + -357.568 = -183.847 over 488 frames.
PL041_100 sil v n i o s a k t a v a b 7 r ts 1 s o: m v i n i b a p S 1 tS E S m o g i o t 1 m p a m i E n t a ts_j sil 
LOG (lattice-best-path[5.5]:main():lattice-best-path.cc:99) For utterance PL072_44, best cost 157.923 + -340.532 = -182.61 over 488 frames.
PL072_44 sil n a p i S E i n i f r a n t u v O t o n dZ e u s E t o v a n o b i r O b s u k i E n t a sil 
LOG (lattice-best-path[5.5]:main():lattice-best-path.cc:99) For utterance PL038_66, best cost 145.829 + -348.235 = -202.406 over 513 frames.
PL038_66 sil r O dz_j E n a j e m a rZ a m O v i w a rZ E t r u d n O S_j ts_j O_~ z n i o d O g a b 1 ts_j sil 
LOG (lattice-best-path[5.5]:main():lattice-best-path.cc:99) For utterance PL040_85, best cost 237.369 + -412.422 = -175.052 over 513 frames.
PL040_85 sil n a r a dZ e b a k r a t o r a p o l i tS i v a k s u m O v a z v o k i tS v o r g a n o v 7 r o t k u z m a r u v 1 b u j E g u m i ts_j O_~ ts u sil 
LOG (lattice-best-path[5.5]:main():lattice-best-path.cc:99) For utterance PL038_63, best cost 149.645 + -343.892 = -194.247 over 519 frames.
PL038_63 sil v m O rZ E s p O v O d O m a rZ a k t u r 1 l u b i z a g o n d a z d a k i l i S k a sil 
LOG (lattice-best-path[5.5]:main():lattice-best-path.cc:99) For utterance PL063_87, best cost 157.401 + -365.995 = -208.594 over 519 frames.
PL063_87 sil d a S E l E l i s t 1 m a z m a l E S E m p r a z d E m p a l E x a n d a d u k a S a n k a sil 
LOG (lattice-best-path[5.5]:main():lattice-best-path.cc:99) For utterance PL036_38, best cost 84.2622 + -174.598 = -90.3354 over 206 frames.
PL036_38 sil z a tS a j p S E S k i v a ts_j m i S k a n i E sil 
LOG (lattice-best-path[5.5]:main():lattice-best-path.cc:99) For utterance PL072_89, best cost 88.2507 + -153.199 = -64.9487 over 213 frames.
PL072_89 sil rZ 1 ts_j rZ a t k u z d a 4 a S a s t a m e d a a sil 
LOG (lattice-best-path[5.5]:main():lattice-best-path.cc:99) For utterance PL039_41, best cost 66.2152 + -158.321 = -92.106 over 219 frames.
PL039_41 sil t O v O_~ t p i v 1 p o s t o l a t sil 
LOG (lattice-best-path[5.5]:main():lattice-best-path.cc:99) For utterance PL036_42, best cost 101.464 + -178.361 = -76.8975 over 225 frames.
PL036_42 sil j e d n a s k o l t r a f l a v s o: f i n d v i E S a 4 sil 
LOG (lattice-best-path[5.5]:main():lattice-best-path.cc:99) For utterance PL072_69, best cost 70.6761 + -147.629 = -76.953 over 244 frames.
PL072_69 sil k O z a s t a w 1 t y k O n t E r E s sil 
LOG (lattice-best-path[5.5]:main():lattice-best-path.cc:99) For utterance PL030_28, best cost 54.8223 + -146.504 = -91.6819 over 269 frames.
PL030_28 sil r a d E n i o t x O dz O_~ sil 
LOG (lattice-best-path[5.5]:main():lattice-best-path.cc:99) For utterance PL036_29, best cost 101.862 + -208.348 = -106.486 over 275 frames.
PL036_29 sil t E m r a z a m tS E S k o r a n i u sil p o j ts j a n t a sil 
LOG (lattice-best-path[5.5]:main():lattice-best-path.cc:99) For utterance PL036_97, best cost 54.8824 + -108.517 = -53.6342 over 175 frames.
PL036_97 sil o n S u i s p r a v dz_j i sil 
LOG (lattice-best-path[5.5]:main():lattice-best-path.cc:99) For utterance PL072_24, best cost 77.4323 + -138.065 = -60.6328 over 194 frames.
PL072_24 sil n M z a b a n a t a S O k O f r g O S_j ts_j sil 
LOG (lattice-best-path[5.5]:main():lattice-best-path.cc:99) For utterance PL041_7, best cost 91.6964 + -176.668 = -84.9718 over 219 frames.
PL041_7 sil p O s a w O v i n s t v i E S k a w O v a S a v i: 
LOG (lattice-best-path[5.5]:main():lattice-best-path.cc:99) For utterance PL072_102, best cost 65.4688 + -150.318 = -84.8494 over 225 frames.
PL072_102 sil tS E s t i p O v i m i z a r a m i ts_j sil 
LOG (lattice-best-path[5.5]:main():lattice-best-path.cc:99) For utterance PL036_56, best cost 70.5151 + -157.122 = -86.6068 over 244 frames.
PL036_56 sil s u S E p k o j d a b rZ E Z E ts_j sil 
LOG (lattice-best-path[5.5]:main():lattice-best-path.cc:99) For utterance PL038_21, best cost 68.2921 + -177.918 = -109.626 over 256 frames.
PL038_21 sil p r a t o tS E dz_j E tS i k S 1 tS a w a sil 
LOG (lattice-best-path[5.5]:main():lattice-best-path.cc:99) For utterance PL039_105, best cost 105.485 + -193.085 = -87.5999 over 256 frames.
PL039_105 sil v tS 1 v a r t o tS a s o: m rZ a v a dZ i S tS E r a S a x sil 
LOG (lattice-best-path[5.5]:main():lattice-best-path.cc:99) For utterance PL039_38, best cost 67.7076 + -157.545 = -89.8375 over 256 frames.
PL039_38 sil h a l t o r t E t 1 S_j i E v a n i o sil 
LOG (lattice-best-path[5.5]:main():lattice-best-path.cc:99) For utterance PL038_4, best cost 35.8801 + -146.743 = -110.862 over 294 frames.
PL038_4 sil j a k t u rZ 1 ts_j sil 
LOG (lattice-best-path[5.5]:main():lattice-best-path.cc:99) For utterance PL041_41, best cost 132.654 + -222.773 = -90.1191 over 294 frames.
PL041_41 sil s p S a S a j E v 7 r O v o s o m i r a t n i m i E s p S E s t a m s t v a m sil 
LOG (lattice-best-path[5.5]:main():lattice-best-path.cc:99) For utterance PL072_126, best cost 109.392 + -225.214 = -115.821 over 294 frames.
PL072_126 sil p S E g a p i S n a g a n i s t a m i p S E k a p m i r a k o sil 
LOG (lattice-best-path[5.5]:main():lattice-best-path.cc:99) For utterance PL046_93, best cost 84.3008 + -222.641 = -138.341 over 306 frames.
PL046_93 sil z d a n i a n a t E n t E m a ts a m p O dz_j E l a n sil 
LOG (lattice-best-path[5.5]:main():lattice-best-path.cc:99) For utterance PL084_20, best cost 95.8672 + -225.794 = -129.927 over 306 frames.
PL084_20 sil r a f l E k s j a p S 1 x O dz_j E p O v S E s t k i E sil 
LOG (lattice-best-path[5.5]:main():lattice-best-path.cc:99) For utterance PL040_73, best cost 120.079 + -257.672 = -137.594 over 325 frames.
PL040_73 sil k O b i t a n i z g o d i O S_j i n o p a r a ts j v a d u r O v i tS u sil 
LOG (lattice-best-path[5.5]:main():lattice-best-path.cc:99) For utterance PL036_32, best cost 123.017 + -240.387 = -117.37 over 331 frames.
PL036_32 sil z a n g a rZ 1 v a n a b r E g a d n u a n t a t a rZ O l s t o tS n o sil 
LOG (lattice-best-path[5.5]:main():lattice-best-path.cc:99) For utterance PL077_8, best cost 111.561 + -237.068 = -125.507 over 381 frames.
PL077_8 sil n a s n a rZ 1 ts O n i p r i E_~ dz 1 b o t o n i E s t r s M l i sil 
LOG (lattice-best-path[5.5]:main():lattice-best-path.cc:99) For utterance PL030_11, best cost 91.302 + -251.487 = -160.185 over 400 frames.
PL030_11 sil n a v E t 1 v r u dz_j i n a j u tS i p r E m i E r a sil 
LOG (lattice-best-path[5.5]:main():lattice-best-path.cc:99) For utterance PL030_87, best cost 93.0454 + -234.511 = -141.466 over 400 frames.
PL030_87 sil v t o n O v O k o n f l i k t 1 t f i r a dZ i sil 
LOG (lattice-best-path[5.5]:main():lattice-best-path.cc:99) For utterance PL084_70, best cost 109.771 + -274.438 = -164.667 over 406 frames.
PL084_70 sil p S E s t k O z a S k a z E n a t O rZ E t a k m a rZ E b E ts_j sil 
LOG (lattice-best-path[5.5]:main():lattice-best-path.cc:99) For utterance PL036_18, best cost 134.904 + -314.694 = -179.791 over 413 frames.
PL036_18 sil v l a n d a n a t O rZ E d O v a dz O_~ ts a ts O n i E d a ts i n i p r a k s a r u v sil 
LOG (lattice-best-path[5.5]:main():lattice-best-path.cc:99) For utterance PL039_107, best cost 149.052 + -313.452 = -164.4 over 413 frames.
PL039_107 sil p S E tS E S E n dZ e k a S t 1 z n a S u p o j a d a z a t o t u k e d E S_j r O b i o sil 
LOG (lattice-best-path[5.5]:main():lattice-best-path.cc:99) For utterance PL039_32, best cost 173.69 + -318.752 = -145.062 over 413 frames.
PL039_32 sil v s O S_j i E S t a u s t i m i l u tS n i k t u rZ 1 v u v tS a s p o S a d a l j a l t O r E t a r t sil 
LOG (lattice-best-path[5.5]:main():lattice-best-path.cc:99) For utterance PL038_17, best cost 92.0606 + -259.168 = -167.108 over 438 frames.
PL038_17 sil z a j a w a o S E o d O m O v n o p r O b o t o sil 
LOG (lattice-best-path[5.5]:main():lattice-best-path.cc:99) For utterance PL040_65, best cost 162.201 + -345.057 = -182.856 over 438 frames.
PL040_65 sil j e d n a d o t 1 tS 1 S_j m i 4 k i dz_j E ts k a d r u J\ e b E n d u S t u ts E l a k a r s k i sil 
LOG (lattice-best-path[5.5]:main():lattice-best-path.cc:99) For utterance PL040_79, best cost 177.577 + -353.589 = -176.011 over 444 frames.
PL040_79 sil i s t M n o m a r E t u rZ E v r a S tS E m o g O m u v 1 dz_j i b 1 z o b a f O g O S_j i w a k a p i s k a sil 
LOG (lattice-best-path[5.5]:main():lattice-best-path.cc:99) For utterance PL030_58, best cost 60.6283 + -238.63 = -178.001 over 463 frames.
PL030_58 sil s a k r E t a S p O v r a ts a sil 
LOG (lattice-best-path[5.5]:main():lattice-best-path.cc:99) For utterance PL040_80, best cost 133.191 + -317.575 = -184.385 over 463 frames.
PL040_80 sil i m O v i k a j y z n a j a t a g u 4 d O t r u n u ts k i S p i t a l i sil 
LOG (lattice-best-path[5.5]:main():lattice-best-path.cc:99) For utterance PL041_61, best cost 190.609 + -379.545 = -188.935 over 475 frames.
PL041_61 sil p O k a z u rZ 1 ts i m a t r e u v O v i n S E m a ts a n a l a rZ 1 z a r a ts_j v i r m i s u p r a v n i: N A: m i sil 
LOG (lattice-best-path[5.5]:main():lattice-best-path.cc:99) For utterance PL090_47, best cost 105.663 + -312.562 = -206.899 over 475 frames.
PL090_47 sil j a k i E s t u rZ O_~ dz O m a u n i a r a u r O p a i s k a sil 
LOG (lattice-best-path[5.5]:main():lattice-best-path.cc:99) For utterance PL097_20, best cost 146.059 + -302.299 = -156.24 over 475 frames.
PL097_20 sil v i s t a k e g O rZ O n a s t a w O n 9 z e d l E m p S a l Z E b i j O_~ t k i n sil 
LOG (lattice-best-path[5.5]:main():lattice-best-path.cc:99) For utterance PL040_87, best cost 84.1121 + -276.973 = -192.861 over 488 frames.
PL040_87 sil b 1 b E t o k O r o n E n d o v s p r a v i E sil 
LOG (lattice-best-path[5.5]:main():lattice-best-path.cc:99) For utterance PL046_35, best cost 65.6052 + -249.599 = -183.994 over 488 frames.
PL046_35 sil p a l E ts n a p r a z e d E n t a sil 
LOG (lattice-best-path[5.5]:main():lattice-best-path.cc:99) For utterance PL038_3, best cost 89.9969 + -289.455 = -199.458 over 494 frames.
PL038_3 sil d a k a n ts a rZ 1 tS a n a z a p o n o t E g O d n a sil 
LOG (lattice-best-path[5.5]:main():lattice-best-path.cc:99) For utterance PL040_41, best cost 170.23 + -353.14 = -182.91 over 494 frames.
PL040_41 sil j E Z a i t E S p o s t a n O v i E rZ E n i E b E n i E S_j i E n i m i k i r O v o p O rZ O_~ b a r t a sil 
LOG (lattice-best-path[5.5]:main():lattice-best-path.cc:99) For utterance PL041_27, best cost 245.543 + -408.58 = -163.038 over 500 frames.
PL041_27 sil r a ts a tS i a l a r m O v a l i b r a tS E rZ E n a l j S_j ts_j O m e S tS 1 m a v i r a l a k O v p S E s v a rZ a w O k r dz_j E S_j i u S E m i p O d a sil 
LOG (lattice-best-path[5.5]:main():lattice-best-path.cc:99) For utterance PL072_101, best cost 243.616 + -407.134 = -163.518 over 506 frames.
PL072_101 sil v i r a k o b E_~ dz_j i w a ts_j i b u z n i S tS E n i E n i p O v i n i b 1 dz_j E v i a k i a k r E j s n i d u rZ 1 p o t E n dZ a n i b a r dz 1 b o g a t sil 
LOG (lattice-best-path[5.5]:main():lattice-best-path.cc:99) For utterance PL038_77, best cost 112.075 + -297.509 = -185.435 over 513 frames.
PL038_77 sil m i a w a j a k o S O b s a s i o n a p o n tS E z d r o r a sil 
LOG (lattice-best-path[5.5]:main():lattice-best-path.cc:99) For utterance PL036_44, best cost 179.778 + -386.83 = -207.052 over 519 frames.
PL036_44 sil v S dZ a s t o tS t a rZ O l a t i v O v k a z k i n o n a m e s E p O j ts j a t a m i tS i n s t a v a sil 
LOG (lattice-best-path[5.5]:main():lattice-best-path.cc:99) For utterance PL041_88, best cost 221.152 + -433.58 = -212.429 over 544 frames.
PL041_88 sil f t E d a p O z a s t a n i i m i: n d i b i d u w a n a d v a n i S a b a s a m O rZ O n a v a g O k O l a g i m a t v A: v tS a g o sil 
LOG (lattice-best-path[5.5]:main():lattice-best-path.cc:99) For utterance PL038_89, best cost 142.578 + -349.887 = -207.31 over 550 frames.
PL038_89 sil j e t E O r i a j e s t a k a t S tS E s w a v A: m i o p r O b l a m E s o b o sil 
LOG (lattice-best-path[5.5]:main():lattice-best-path.cc:99) For utterance PL039_92, best cost 229.731 + -418.238 = -188.508 over 556 frames.
PL039_92 sil n a tS 1 dz_j E S_j ts_j i v i S a n 1 x s p r a d v O dz_j E s t O S_j i t n 1 ts_j O_~ d E S p i n a r j O d u j u S tS E_~ ts_j a p o s t E m p O v a n i ya sil 
LOG (lattice-best-path[5.5]:main():lattice-best-path.cc:99) For utterance PL040_45, best cost 194.451 + -421.074 = -226.622 over 563 frames.
PL040_45 sil a p i n s n O v a tS v a n t u J\ e p o v 1 S u g O r O k u p a n O v a n a s u n t r g o k a p i t O v E k a sil 
LOG (lattice-best-path[5.5]:main():lattice-best-path.cc:99) For utterance PL063_8, best cost 211.599 + -423.029 = -211.43 over 569 frames.
PL063_8 sil s t r a j k u j O r u j u v o S E Z i i k a rZ 1 v O b r o n i E p l u r O l i z b o b a d a x a l E t r u n i S n a sil 
LOG (lattice-best-path[5.5]:main():lattice-best-path.cc:99) For utterance PL084_34, best cost 192.701 + -429.013 = -236.312 over 569 frames.
PL084_34 sil a b E n i g i n a l i k O l E n i p O l i ts j a n dZ i k O n i E tS n a j E s t i E S tS E l a p S a r a s p O z n a n i E sil 
LOG (lattice-best-path[5.5]:main():lattice-best-path.cc:99) For utterance PL084_27, best cost 200.925 + -428.524 = -227.599 over 575 frames.
PL084_27 sil v s l a n i n a s m a d a r E n k i b u w a v tS O r a j n E v a rZ n E S E n t E m a t a l a g O v p O l i ts j a n t o sil 
LOG (lattice-best-path[5.5]:main():lattice-best-path.cc:99) For utterance PL041_67, best cost 215.385 + -447.718 = -232.333 over 581 frames.
PL041_67 sil n a j v i E_~ ts E u r a z O v i O_~ rZ 1 ts_j O_~ ts O p O rZ E n a m i s p O v O d O v a n E m i n i o m e: n o t p a l a n i m p a t a r t sil 
LOG (lattice-best-path[5.5]:main():lattice-best-path.cc:99) For utterance PL040_23, best cost 235.188 + -479.778 = -244.59 over 594 frames.
PL040_23 sil p i s E p S E s i k O m n i k a t u v i n i k a j d n d a tS n a p O p a r tS i l a v s p o n i a n E g O k o t E k s p S 1 z v a i t O S_j ts_j sil 
LOG (lattice-best-path[5.5]:main():lattice-best-path.cc:99) For utterance PL072_79, best cost 218.919 + -442.879 = -223.96 over 594 frames.
PL072_79 sil s o d i s k i p i n i E_~ dz 1 x i n a s j O_~ t E rZ O r E z n d a s v a n o s a m o m b i n a d E n E m i a l k a j d o n a tS a v a sil 
LOG (lattice-best-path[5.5]:main():lattice-best-path.cc:99) For utterance PL084_22, best cost 201.224 + -442.529 = -241.305 over 594 frames.
PL084_22 sil n a t a v n a v S E s ts j E s t E S_j l E p o r u S a n i t E m ts a S a s t a w a m u v i d a l j u S u rZ a x i k sil 
LOG (lattice-best-path[5.5]:main():lattice-best-path.cc:99) For utterance PL072_90, best cost 219.908 + -437.909 = -218.001 over 600 frames.
PL072_90 sil p r E d m a t E ts i tS i E tS n a u rZ E l E p i b i tS E S_j ts_j a w O v a l n 1 m i s i t i n i Z n i v O l a n 1 m i g o d n 1 m t sil 
LOG (lattice-best-path[5.5]:main():lattice-best-path.cc:99) For utterance PL072_116, best cost 71.053 + -138.236 = -67.183 over 175 frames.
PL072_116 sil t o s o j n a k s t a r E p i n i O_~ z a sil 
LOG (lattice-best-path[5.5]:main():lattice-best-path.cc:99) For utterance PL036_41, best cost 64.5508 + -148.842 = -84.2907 over 200 frames.
PL036_41 sil z d O rZ O d a t S E s t S a v a sil 
LOG (lattice-best-path[5.5]:main():lattice-best-path.cc:99) For utterance PL039_85, best cost 68.8003 + -137.796 = -68.9955 over 206 frames.
PL039_85 sil v n i m i a w a n s a t E v 1 b o r u sil 
LOG (lattice-best-path[5.5]:main():lattice-best-path.cc:99) For utterance PL039_56, best cost 81.554 + -187.347 = -105.793 over 250 frames.
PL039_56 sil t E m h a n i s l a z a S k O tS a w O p a n a sil 
LOG (lattice-best-path[5.5]:main():lattice-best-path.cc:99) For utterance PL072_124, best cost 114.101 + -206.162 = -92.0603 over 256 frames.
PL072_124 sil tS E Z g rZ E j O_~ S_j i n i k i u k O p a r E k i s p i x a tS E sil 
LOG (lattice-best-path[5.5]:main():lattice-best-path.cc:99) For utterance PL041_102, best cost 98.031 + -204.801 = -106.77 over 269 frames.
PL041_102 sil p S E tS i S n i m O b i l e n i x n i E g o s a v a ts i sil 
LOG (lattice-best-path[5.5]:main():lattice-best-path.cc:99) For utterance PL041_18, best cost 107.98 + -213.752 = -105.772 over 281 frames.
PL041_18 sil n a j b i S E m tS a S e n m a S E z i m i s p o t k a ts i sil 
LOG (lattice-best-path[5.5]:main():lattice-best-path.cc:99) For utterance PL084_11, best cost 93.4692 + -209.041 = -115.572 over 288 frames.
PL084_11 sil n i l i tS a S a s k a n s a n k v E n ts j a m i S i sil 
LOG (lattice-best-path[5.5]:main():lattice-best-path.cc:99) For utterance PL038_20, best cost 76.9971 + -189.39 = -112.393 over 294 frames.
PL038_20 sil r a l e b o s k i E r a n a n b o s k r x sil 
LOG (lattice-best-path[5.5]:main():lattice-best-path.cc:99) For utterance PL040_17, best cost 87.339 + -204.91 = -117.571 over 300 frames.
PL040_17 sil p i o t r a n a p o: d i o v\ e m o d i tS v i E sil 
LOG (lattice-best-path[5.5]:main():lattice-best-path.cc:99) For utterance PL038_62, best cost 84.6344 + -183.839 = -99.2044 over 306 frames.
PL038_62 sil z a s a n a r a S E l a tS E g a t a z r O b i l a sil 
LOG (lattice-best-path[5.5]:main():lattice-best-path.cc:99) For utterance PL072_82, best cost 110.424 + -225.883 = -115.459 over 313 frames.
PL072_82 sil a t E o p a r a ts i s p O r O v o g r a s a m i r a k i tS E tS E sil 
LOG (lattice-best-path[5.5]:main():lattice-best-path.cc:99) For utterance PL084_37, best cost 77.295 + -232.72 = -155.425 over 325 frames.
PL084_37 sil t a d E u S i a ts E v i tS z b i s k a sil 
LOG (lattice-best-path[5.5]:main():lattice-best-path.cc:99) For utterance PL038_45, best cost 104.511 + -221.848 = -117.338 over 331 frames.
PL038_45 sil n a m o j tS E k n a d rZ E k z b 1 l i S E l u l i E sil 
LOG (lattice-best-path[5.5]:main():lattice-best-path.cc:99) For utterance PL038_52, best cost 90.0058 + -205.143 = -115.138 over 338 frames.
PL038_52 sil v e b a n i k n i o d p o v\ e n a t a p E t a n i E sil 
LOG (lattice-best-path[5.5]:main():lattice-best-path.cc:99) For utterance PL072_73, best cost 122.264 + -254.268 = -132.003 over 344 frames.
PL072_73 sil p O z a t E n t u S u j a i k a n a g a ts E v i d E d i g O m O k i m sil 
LOG (lattice-best-path[5.5]:main():lattice-best-path.cc:99) For utterance PL084_40, best cost 96.1683 + -237.164 = -140.995 over 350 frames.
PL084_40 sil t a r a s r O m a n t 1 z a z n i k n o v S a n dZ a sil 
LOG (lattice-best-path[5.5]:main():lattice-best-path.cc:99) For utterance PL012_15, best cost 85.9149 + -214.16 = -128.245 over 356 frames.
PL012_15 sil n i m a k O n t r O l i n a t E k m i o s o: m a n sil 
LOG (lattice-best-path[5.5]:main():lattice-best-path.cc:99) For utterance PL036_30, best cost 125.789 + -235.325 = -109.536 over 356 frames.
PL036_30 sil p i sil d O b a v 1 z a j u S E n i E n t a l k o tS u s a f u s n M sil 
LOG (lattice-best-path[5.5]:main():lattice-best-path.cc:99) For utterance PL039_19, best cost 150.428 + -292.452 = -142.024 over 369 frames.
PL039_19 sil tS E S_j ts_j p O s u v k O m i t E t u O b u v a t a l s k i g O z a p r O t o s t O v a v a sil 
LOG (lattice-best-path[5.5]:main():lattice-best-path.cc:99) For utterance PL039_87, best cost 149.775 + -267.896 = -118.121 over 369 frames.
PL039_87 sil d E n t E g O n i s r O b i u x a b a p r a tS i v i l u s k r a tS i b i n i E b 1 u sil 
LOG (lattice-best-path[5.5]:main():lattice-best-path.cc:99) For utterance PL072_8, best cost 175.215 + -310.905 = -135.691 over 374 frames.
PL072_8 sil s o v O k O f 9 4 t a v a n i m a J s p o n E g O z b i x t r a n f 9 j O_~ rZ 1 S_j i E r a tS 1 z g O d u sil 
LOG (lattice-best-path[5.5]:main():lattice-best-path.cc:99) For utterance PL040_66, best cost 138.734 + -301.115 = -162.38 over 375 frames.
PL040_66 sil v tS a S E p O r o d o l E k a rZ 1 z a s t o s O v a l t 1 s a s k i tS i E_~ ts_j E sil 
LOG (lattice-best-path[5.5]:main():lattice-best-path.cc:99) For utterance PL072_13, best cost 167.114 + -292.131 = -125.016 over 394 frames.
PL072_13 sil n a s t O k u m O rZ n a p o s t a ts_j d o p O rZ n i g O dz_j E v 1 tS a n d u S t r a s O_~ S_j i t v a n a sil 
LOG (lattice-best-path[5.5]:main():lattice-best-path.cc:99) For utterance PL038_16, best cost 93.804 + -232.77 = -138.966 over 406 frames.
PL038_16 sil z n i x E l i n i z o tS o v r a j a n i E rZ E k i sil 
LOG (lattice-best-path[5.5]:main():lattice-best-path.cc:99) For utterance PL036_21, best cost 145.154 + -322.772 = -177.618 over 419 frames.
PL036_21 sil s a v O m i S_j ts_j i s O v s k i E rZ E tS i k k O m a n t 1 x g o v n i p O l i ts i sil 
LOG (lattice-best-path[5.5]:main():lattice-best-path.cc:99) For utterance PL038_49, best cost 100.756 + -282.076 = -181.319 over 419 frames.
PL038_49 sil p a n i m a r j a m a o tS 1 tS E r v o l a o d u w a s sil 
LOG (lattice-best-path[5.5]:main():lattice-best-path.cc:99) For utterance PL038_74, best cost 97.5915 + -254.803 = -157.211 over 419 frames.
PL038_74 sil n i m o g w a z m a l E z n i n s p o n a n b E_~ dz 1 k a sil 
LOG (lattice-best-path[5.5]:main():lattice-best-path.cc:99) For utterance PL084_97, best cost 130.362 + -312.638 = -182.276 over 419 frames.
PL084_97 sil p S E g a p i S m a a v k a n i s t a n t n i p S E g a p m i i r a k o sil 
LOG (lattice-best-path[5.5]:main():lattice-best-path.cc:99) For utterance PL084_1, best cost 137.844 + -320.369 = -182.525 over 431 frames.
PL084_1 sil p S tS a S a k t i p O l i ts j a n t n i z a s t a n a v E S_j ts_j O_~ t a m o g r o Z i sil 
LOG (lattice-best-path[5.5]:main():lattice-best-path.cc:99) For utterance PL038_80, best cost 57.6234 + -216.895 = -159.272 over 444 frames.
PL038_80 sil v 1 s v A: n d O l a k a rZ a sil 
LOG (lattice-best-path[5.5]:main():lattice-best-path.cc:99) For utterance PL038_43, best cost 118.684 + -278.691 = -160.008 over 450 frames.
PL038_43 sil v a l E z i o s t 1 S a l k i p r E l j a g a ts_j O_~ g r O tS O w a sil 
LOG (lattice-best-path[5.5]:main():lattice-best-path.cc:99) For utterance PL072_112, best cost 177.199 + -329.503 = -152.303 over 450 frames.
PL072_112 sil z a r a v i a n i E g o t a m tS E n a S_j ts_j O n i a l E g a n s k o p a t O l O g A: r a tS E n i S n o r m a sil 
LOG (lattice-best-path[5.5]:main():lattice-best-path.cc:99) For utterance PL072_113, best cost 183.183 + -320.706 = -137.523 over 456 frames.
PL072_113 sil f a s t v a h E: g i S v O dz_j O z b r a k r O k O rZ O s o: m i S E v i w O v f a 4 d E n t E r E s i sil 
LOG (lattice-best-path[5.5]:main():lattice-best-path.cc:99) For utterance PL030_82, best cost 107.646 + -288.006 = -180.36 over 475 frames.
PL030_82 sil v s a v S 1 m i a w 1 m l E g i ts O v E p o b l o n d E sil 
LOG (lattice-best-path[5.5]:main():lattice-best-path.cc:99) For utterance PL040_78, best cost 175.077 + -371.961 = -196.884 over 494 frames.
PL040_78 sil t o S O k p S E s t a j p r O k u r a t a p r O v a dz O_~ ts p r a v O S_j v i E tS i n a v o r O t k u v sil 
LOG (lattice-best-path[5.5]:main():lattice-best-path.cc:99) For utterance PL038_31, best cost 87.5885 + -279.811 = -192.222 over 500 frames.
PL038_31 sil r a l e b o s k i E sil t O ts O S_j i o r u S a sil 
LOG (lattice-best-path[5.5]:main():lattice-best-path.cc:99) For utterance PL038_48, best cost 39.0538 + -83.5042 = -44.4503 over 119 frames.
PL038_48 sil n i o d a w O S_j ts_j O_~ sil 
LOG (lattice-best-path[5.5]:main():lattice-best-path.cc:99) For utterance PL039_20, best cost 29.9392 + -90.4059 = -60.4666 over 156 frames.
PL039_20 sil z a tS a g o sil 
LOG (lattice-best-path[5.5]:main():lattice-best-path.cc:99) For utterance PL072_104, best cost 46.5089 + -111.414 = -64.9047 over 188 frames.
PL072_104 sil v tS i t a g rZ a m E sil 
LOG (lattice-best-path[5.5]:main():lattice-best-path.cc:99) For utterance PL040_27, best cost 77.6988 + -154.776 = -77.077 over 206 frames.
PL040_27 sil t a k f 9 s E z O f a n i n t E r a s u v sil 
LOG (lattice-best-path[5.5]:main():lattice-best-path.cc:99) For utterance PL041_63, best cost 75.1845 + -159.771 = -84.5862 over 219 frames.
PL041_63 sil b a k a z b a dZ i t v a k i l k a m i n t sil 
LOG (lattice-best-path[5.5]:main():lattice-best-path.cc:99) For utterance PL097_104, best cost 27.4249 + -111.648 = -84.2234 over 231 frames.
PL097_104 sil i s t o p a sil 
LOG (lattice-best-path[5.5]:main():lattice-best-path.cc:99) For utterance PL039_66, best cost 87.1268 + -175.245 = -88.1187 over 238 frames.
PL039_66 sil j e p a n O tS E n i a p S E l e k u s t r a p S i sil 
LOG (lattice-best-path[5.5]:main():lattice-best-path.cc:99) For utterance PL072_127, best cost 96.9288 + -174.253 = -77.3237 over 238 frames.
PL072_127 sil t a n s o: m p i n i O_~ dz E b a dz O n a m p O p S E b i sil 
LOG (lattice-best-path[5.5]:main():lattice-best-path.cc:99) For utterance PL072_94, best cost 68.7442 + -150.049 = -81.305 over 238 frames.
PL072_94 sil v a r O k i k o t a m u s o n d a n 1 sil 
LOG (lattice-best-path[5.5]:main():lattice-best-path.cc:99) For utterance PL072_68, best cost 94.2979 + -207.353 = -113.056 over 275 frames.
PL072_68 sil t r a s r a m a n t 1 z n i z m i k n o v S E_~ ts_j E sil 
LOG (lattice-best-path[5.5]:main():lattice-best-path.cc:99) For utterance PL063_60, best cost 62.2282 + -189.031 = -126.803 over 281 frames.
PL063_60 sil t a k a b 1 w a i E g O f O l a sil 
LOG (lattice-best-path[5.5]:main():lattice-best-path.cc:99) For utterance PL036_36, best cost 107.231 + -212.395 = -105.164 over 288 frames.
PL036_36 sil n i k i o t f 9 r o i p O l s E n dZ i v a rZ E l j dz_j E v i sil 
LOG (lattice-best-path[5.5]:main():lattice-best-path.cc:99) For utterance PL039_106, best cost 42.6181 + -90.0361 = -47.418 over 113 frames.
PL039_106 sil v s p E v n O S_j ts_j O_~ sil 
LOG (lattice-best-path[5.5]:main():lattice-best-path.cc:99) For utterance PL039_28, best cost 19.2442 + -70.9032 = -51.659 over 125 frames.
PL039_28 sil m a m a sil 
LOG (lattice-best-path[5.5]:main():lattice-best-path.cc:99) For utterance PL037_32, best cost 57.005 + -117.295 = -60.2895 over 169 frames.
PL037_32 sil a l E t a r O v 1 m t S 1 s sil 
LOG (lattice-best-path[5.5]:main():lattice-best-path.cc:99) For utterance PL084_88, best cost 42.2155 + -121.943 = -79.7274 over 194 frames.
PL084_88 sil a ts a z n O v E m i sil 
LOG (lattice-best-path[5.5]:main():lattice-best-path.cc:99) For utterance PL041_57, best cost 65.9017 + -124.232 = -58.33 over 200 frames.
PL041_57 sil v O r u x m a m E n i v i E l k i sil 
LOG (lattice-best-path[5.5]:main():lattice-best-path.cc:99) For utterance PL041_98, best cost 87.7886 + -158.133 = -70.3447 over 206 frames.
PL041_98 sil k a 4 a m p a n O rZ O_~ j E d n a k t a b o r s E sil 
LOG (lattice-best-path[5.5]:main():lattice-best-path.cc:99) For utterance PL036_87, best cost 51.836 + -136.043 = -84.2066 over 225 frames.
PL036_87 sil tS 1 ts O S_j E z m i j o sil 
LOG (lattice-best-path[5.5]:main():lattice-best-path.cc:99) For utterance PL039_75, best cost 80.267 + -178.557 = -98.2898 over 238 frames.
PL039_75 sil p O tS 1 v i S_j ts_j E z a p r o t E s k O n a l n sil 
LOG (lattice-best-path[5.5]:main():lattice-best-path.cc:99) For utterance PL039_108, best cost 91.9242 + -196.816 = -104.891 over 250 frames.
PL039_108 sil p S E d a S 1 s k i m o r a l n i a l i n i ya t a l k a sil 
LOG (lattice-best-path[5.5]:main():lattice-best-path.cc:99) For utterance PL040_67, best cost 94.5244 + -206.875 = -112.351 over 269 frames.
PL040_67 sil p S o k a z i p S 1 tS e k O b i tS E l j e 4 i t o sil 
LOG (lattice-best-path[5.5]:main():lattice-best-path.cc:99) For utterance PL039_4, best cost 96.2045 + -215.515 = -119.311 over 275 frames.
PL039_4 sil p O r a ts_j i w a n d 1 v 1 s t o m p i o d O S_j ts_j O_~ d u sil 
LOG (lattice-best-path[5.5]:main():lattice-best-path.cc:99) For utterance PL041_34, best cost 113.398 + -211.606 = -98.208 over 275 frames.
PL041_34 sil j s t E S tS E j e d a m p r o b l a m k t a s a p a tS i z a l a k i sil 
LOG (lattice-best-path[5.5]:main():lattice-best-path.cc:99) For utterance PL090_83, best cost 40.8824 + -149.267 = -108.385 over 281 frames.
PL090_83 sil t a n i E p r a v a d a sil 
LOG (lattice-best-path[5.5]:main():lattice-best-path.cc:99) For utterance PL040_68, best cost 82.628 + -191.791 = -109.163 over 288 frames.
PL040_68 sil s p r a v a S O n a j a v i n 1 S k t a l u sil 
LOG (lattice-best-path[5.5]:main():lattice-best-path.cc:99) For utterance PL084_12, best cost 79.9871 + -208.985 = -128.998 over 300 frames.
PL084_12 sil m a rZ O_~ i E_~ ts_j O_~ k a r i E r E b o s u v sil 
LOG (lattice-best-path[5.5]:main():lattice-best-path.cc:99) For utterance PL097_97, best cost 76.2708 + -200.358 = -124.087 over 313 frames.
PL097_97 sil i s t o p o p O b a j k O m a n d O j a n sil 
LOG (lattice-best-path[5.5]:main():lattice-best-path.cc:99) For utterance PL072_52, best cost 113.339 + -250.053 = -136.714 over 319 frames.
PL072_52 sil p S t o k O v a n i E v 1 s a k i z a b u d O v i s p r a k t 1 tS n a sil 
LOG (lattice-best-path[5.5]:main():lattice-best-path.cc:99) For utterance PL039_59, best cost 119.257 + -234.856 = -115.599 over 331 frames.
PL039_59 sil v O dz_j E ts_j O_~ p O z l a j O_~ z a tS n a j O_~ s o: m i S a t tS u s u sil 
LOG (lattice-best-path[5.5]:main():lattice-best-path.cc:99) For utterance PL084_7, best cost 106.496 + -240.567 = -134.071 over 331 frames.
PL084_7 sil m i s t E r O z b i t E l k a n g u v s E m u j a m n O v a sil 
LOG (lattice-best-path[5.5]:main():lattice-best-path.cc:99) For utterance PL072_125, best cost 161.082 + -274.973 = -113.891 over 336 frames.
PL072_125 sil f i v E n o t p O v a d O n a t E p E t a n i a rZ 1 b 1 n i p S 1 tS u m o r p a S t v O l sil 
LOG (lattice-best-path[5.5]:main():lattice-best-path.cc:99) For utterance PL039_45, best cost 121.186 + -246.704 = -125.517 over 344 frames.
PL039_45 sil v i s E S m a k r a j m k a p i t a l i s u p a j S_j v O v a g O m sil 
LOG (lattice-best-path[5.5]:main():lattice-best-path.cc:99) For utterance PL030_25, best cost 72.379 + -233.627 = -161.248 over 363 frames.
PL030_25 sil v s a rZ O_~ t u m i s k i m p a r t i sil 
LOG (lattice-best-path[5.5]:main():lattice-best-path.cc:99) For utterance PL039_57, best cost 16.5269 + -58.841 = -42.3141 over 119 frames.
PL039_57 sil n i ya sil 
LOG (lattice-best-path[5.5]:main():lattice-best-path.cc:99) For utterance PL072_114, best cost 79.2799 + -150.85 = -71.5704 over 188 frames.
PL072_114 sil t r a s n O rZ n a n d u rZ a z a r O v i ts_j sil 
LOG (lattice-best-path[5.5]:main():lattice-best-path.cc:99) For utterance PL039_83, best cost 64.421 + -135.081 = -70.6604 over 194 frames.
PL039_83 sil r o s p r a v a O d r O tS a n o sil 
LOG (lattice-best-path[5.5]:main():lattice-best-path.cc:99) For utterance PL072_103, best cost 98.6916 + -170.894 = -72.2023 over 250 frames.
PL072_103 sil n a j v i n s i tS i k t u rZ 1 s O_~ z a m r E k a n a j sil 
LOG (lattice-best-path[5.5]:main():lattice-best-path.cc:99) For utterance PL072_46, best cost 115.136 + -204.592 = -89.4557 over 281 frames.
PL072_46 sil a m i x t v n i tS i m i p S t o n a n i d a v n a i r u d E r 1 sil 
LOG (lattice-best-path[5.5]:main():lattice-best-path.cc:99) For utterance PL077_5, best cost 116.373 + -221.215 = -104.842 over 281 frames.
PL077_5 sil n i E m s m a j o j a n 1 p E k a b a f O_~ ts O dz_j i z r O v 1 sil 
LOG (lattice-best-path[5.5]:main():lattice-best-path.cc:99) For utterance PL038_82, best cost 80.6834 + -189.402 = -108.718 over 288 frames.
PL038_82 sil a l o n a d a l a j O ts E v s p O m i n a w a sil 
LOG (lattice-best-path[5.5]:main():lattice-best-path.cc:99) For utterance PL072_37, best cost 91.7578 + -207.452 = -115.694 over 294 frames.
PL072_37 sil s a w S_j ts_j p S 1 k r e d v o s p a d O v 1 d a x sil 
LOG (lattice-best-path[5.5]:main():lattice-best-path.cc:99) For utterance PL038_47, best cost 67.6007 + -187.864 = -120.264 over 300 frames.
PL038_47 sil p o b O v a l i: f r a n i m O v a ts_j sil 
LOG (lattice-best-path[5.5]:main():lattice-best-path.cc:99) For utterance PL041_54, best cost 128.826 + -233.729 = -104.903 over 306 frames.
PL041_54 sil a s t E m h e: n a rZ 1 z a p a l i tS l a n d i S E p k O d E d a l i ts_j O_~ sil 
LOG (lattice-best-path[5.5]:main():lattice-best-path.cc:99) For utterance PL039_95, best cost 104.888 + -238.241 = -133.353 over 313 frames.
PL039_95 sil v n i s t E t E n i E p S E g O t O v a n o i x a j l E p i sil 
LOG (lattice-best-path[5.5]:main():lattice-best-path.cc:99) For utterance PL040_94, best cost 104.742 + -251.607 = -146.865 over 319 frames.
PL040_94 sil p O z a t E m sil j u S p a t O f i s a s k a k o j O_~ ts a sil 
LOG (lattice-best-path[5.5]:main():lattice-best-path.cc:99) For utterance PL040_72, best cost 133.425 + -253.302 = -119.878 over 331 frames.
PL040_72 sil d o S u d u z a p a l a J e k O n i E S m y z a b i k i r u 4 J\ y tS n 1 sil 
LOG (lattice-best-path[5.5]:main():lattice-best-path.cc:99) For utterance PL038_96, best cost 86.892 + -227.771 = -140.879 over 381 frames.
PL038_96 sil n i n b o k u m A: sil j O_~ s v o j O p r a t sil 
LOG (lattice-best-path[5.5]:main():lattice-best-path.cc:99) For utterance PL090_16, best cost 41.0676 + -184.071 = -143.003 over 388 frames.
PL090_16 sil g l a tS a g a o sil 
LOG (lattice-best-path[5.5]:main():lattice-best-path.cc:99) For utterance PL097_2, best cost 77.7683 + -215.245 = -137.477 over 388 frames.
PL097_2 sil s t a r e t a t r b n o v a n s a z o r E sil 
LOG (lattice-best-path[5.5]:main():lattice-best-path.cc:99) For utterance PL072_123, best cost 188.727 + -323.785 = -135.058 over 400 frames.
PL072_123 sil m e S E t n E f i v E b u d O v a n E z d u rZ 1 m i n d u S E tS E n i a m i z E f r a t E n t E g r E S E n t sil 
LOG (lattice-best-path[5.5]:main():lattice-best-path.cc:99) For utterance PL030_17, best cost 90.2163 + -280.014 = -189.797 over 413 frames.
PL030_17 sil p o s u x s E u n i E v a rZ n i a z j a s t o sil 
LOG (lattice-best-path[5.5]:main():lattice-best-path.cc:99) For utterance PL039_14, best cost 169.722 + -315.965 = -146.243 over 425 frames.
PL039_14 sil v S 1 j e m e a j e s p O n o k r a S E p S E S_j ts_j a v a l a tS v a r t 1 rZ 1 x p o s p O l i t E sil 
LOG (lattice-best-path[5.5]:main():lattice-best-path.cc:99) For utterance PL039_81, best cost 177.606 + -344.798 = -167.192 over 425 frames.
PL039_81 sil k a l i S p O S_j l a tS u v O v tS a S m u S O S_j E_~ p O r O s m i tS p a n E m p r a s E d E n t e: n sil 
LOG (lattice-best-path[5.5]:main():lattice-best-path.cc:99) For utterance PL084_10, best cost 132.209 + -305.501 = -173.291 over 425 frames.
PL084_10 sil t k ts O S E p k O i d O b rZ E rZ E tS t t a j E s t i x a t O s sil 
LOG (lattice-best-path[5.5]:main():lattice-best-path.cc:99) For utterance PL097_77, best cost 121.074 + -276.93 = -155.857 over 425 frames.
PL097_77 sil t o j t a k S E d n o t r u d i o tS i n a k r u u s p O k a j a n sil 
LOG (lattice-best-path[5.5]:main():lattice-best-path.cc:99) For utterance PL039_62, best cost 179.888 + -343.915 = -164.027 over 450 frames.
PL039_62 sil v a tS 1 g a s a d a k a d v a r ts O b a v i E S_j i u s t r a S i s t E t o t o p a m i tS n a n o d O v a i sil 
LOG (lattice-best-path[5.5]:main():lattice-best-path.cc:99) For utterance PL037_29, best cost 194.773 + -358.448 = -163.675 over 456 frames.
PL037_29 sil S_j n a m i s t E l O k a l i s E ts i f i b r a n a m i s t a w i l d u b E n a n n i E d a l e k O m o s k f E t sil 
LOG (lattice-best-path[5.5]:main():lattice-best-path.cc:99) For utterance PL041_29, best cost 177.717 + -366.996 = -189.279 over 463 frames.
PL041_29 sil p j e k i z a t E m i a b a b E d s E s k l a p a ts i n d u v p E d a n a tS a n a i z b a t a k a r s k a sil 
LOG (lattice-best-path[5.5]:main():lattice-best-path.cc:99) For utterance PL077_18, best cost 183.439 + -346.016 = -162.576 over 463 frames.
PL077_18 sil p r a ts E z O s t O z a p r E z a t O v a n 1 p o b i tS n a b u m o g i o ts E S E s M n a v O j O r tS 1 s sil 
LOG (lattice-best-path[5.5]:main():lattice-best-path.cc:99) For utterance PL038_79, best cost 111.649 + -299.975 = -188.326 over 469 frames.
PL038_79 sil k a z a w a m i z a rZ 1 v a tS k r O p l a u s p O k a j a n s a sil 
LOG (lattice-best-path[5.5]:main():lattice-best-path.cc:99) For utterance PL037_39, best cost 183.466 + -353.387 = -169.921 over 475 frames.
PL037_39 sil s v i n i E S_j v a n E t a k i l s i n i S O rZ 1 k i v i s t i: v O k o n a s t m u v i r o: m a n o r u i t sil 
LOG (lattice-best-path[5.5]:main():lattice-best-path.cc:99) For utterance PL072_16, best cost 191.515 + -344.826 = -153.311 over 475 frames.
PL072_16 sil s t u a ts i z m i n i d o n a tS a rZ a l M s a p r E k t O v a n E p S 1 z a m i S k a j a d E r n E g a v r a n sil 
LOG (lattice-best-path[5.5]:main():lattice-best-path.cc:99) For utterance PL012_39, best cost 166.451 + -343.559 = -177.108 over 481 frames.
PL012_39 sil p r a t f o: m O v a t r s k a p O n i o s p a sil p S l a 4 i n a r a rZ E n E v i n p S E s t r a t 1 sil 
LOG (lattice-best-path[5.5]:main():lattice-best-path.cc:99) For utterance PL038_25, best cost 102.061 + -273.58 = -171.52 over 481 frames.
PL038_25 sil v ts O tS a S E u z a w rZ E t O j E m a k n i o m a sil 
LOG (lattice-best-path[5.5]:main():lattice-best-path.cc:99) For utterance PL072_4, best cost 170.523 + -357.971 = -187.448 over 488 frames.
PL072_4 sil t r n a s k a p r a ts a b n a S n i a p S 1 S_j ts_j u n a t a n a m a S t a p i n s p o r E d O r O b E k sil 
LOG (lattice-best-path[5.5]:main():lattice-best-path.cc:99) For utterance PL038_44, best cost 64.4012 + -130.049 = -65.6475 over 206 frames.
PL038_44 sil k O S 1 s k a t v O s E k O n d a sil 
LOG (lattice-best-path[5.5]:main():lattice-best-path.cc:99) For utterance PL036_74, best cost 66.9983 + -155.014 = -88.0152 over 219 frames.
PL036_74 sil o d b i t E r z a k o d n i k u v sil 
LOG (lattice-best-path[5.5]:main():lattice-best-path.cc:99) For utterance PL036_58, best cost 77.3431 + -179.007 = -101.664 over 256 frames.
PL036_58 sil v m a rZ O_~ S_j i E k a r i r E b o s u v sil 
LOG (lattice-best-path[5.5]:main():lattice-best-path.cc:99) For utterance PL072_91, best cost 105.65 + -204.907 = -99.257 over 269 frames.
PL072_91 sil v i b O m a r a ts j u tS a S t o m a w O r O m a n t 1 tS n a sil 
LOG (lattice-best-path[5.5]:main():lattice-best-path.cc:99) For utterance PL036_43, best cost 90.0826 + -188.74 = -98.6576 over 275 frames.
PL036_43 sil p O l ts E n dZ a d sil p O v i dZ i l i o g i m sil 
LOG (lattice-best-path[5.5]:main():lattice-best-path.cc:99) For utterance PL072_86, best cost 127.022 + -227.837 = -100.815 over 281 frames.
PL072_86 sil m a dZ i t a d O b r O b 1 t n i E v O n i k v p O v i z O n i k t u rZ 1 sil 
LOG (lattice-best-path[5.5]:main():lattice-best-path.cc:99) For utterance PL030_24, best cost 21.9501 + -131.789 = -109.838 over 288 frames.
PL030_24 sil s k i m sil 
LOG (lattice-best-path[5.5]:main():lattice-best-path.cc:99) For utterance PL036_90, best cost 117.532 + -236.23 = -118.698 over 300 frames.
PL036_90 sil b 1 tS m O rZ E k O m u S p O p r O v i o t o s a m a p O tS u tS E sil 
LOG (lattice-best-path[5.5]:main():lattice-best-path.cc:99) For utterance PL038_36, best cost 57.1233 + -176.088 = -118.965 over 306 frames.
PL038_36 sil r a t o l i k u r a t o n k o sil 
LOG (lattice-best-path[5.5]:main():lattice-best-path.cc:99) For utterance PL040_42, best cost 97.1541 + -205.197 = -108.043 over 313 frames.
PL040_42 sil S E b a t r k o j a s n a k r O S_j i s f 9 z a m i a r sil 
LOG (lattice-best-path[5.5]:main():lattice-best-path.cc:99) For utterance PL039_3, best cost 107.132 + -241.147 = -134.015 over 331 frames.
PL039_3 sil z a k o t n i S_j ts_j O v a p o tS i tS m o t S k O d O v a n a sil 
LOG (lattice-best-path[5.5]:main():lattice-best-path.cc:99) For utterance PL097_98, best cost 87.9935 + -221.216 = -133.222 over 338 frames.
PL097_98 sil d r E f O j a m a d o n a b i S E p u tS i z 1 sil 
LOG (lattice-best-path[5.5]:main():lattice-best-path.cc:99) For utterance PL038_32, best cost 50.5388 + -175.602 = -125.064 over 350 frames.
PL038_32 sil p o d a S O n b l E rZ E sil 
LOG (lattice-best-path[5.5]:main():lattice-best-path.cc:99) For utterance PL097_16, best cost 85.7739 + -214.483 = -128.709 over 350 frames.
PL097_16 sil d a m O v 1 p o r o d n g a r t i: s t 1 tS n 1 sil 
LOG (lattice-best-path[5.5]:main():lattice-best-path.cc:99) For utterance PL038_24, best cost 74.218 + -201.334 = -127.116 over 356 frames.
PL038_24 sil j a t a tS n i m o g O v t o v i E rZ 1 ts_j sil 
LOG (lattice-best-path[5.5]:main():lattice-best-path.cc:99) For utterance PL046_96, best cost 76.5813 + -210.196 = -133.615 over 356 frames.
PL046_96 sil j a d a b a dZ a f t E m p S E p a t k u sil 
LOG (lattice-best-path[5.5]:main():lattice-best-path.cc:99) For utterance PL072_108, best cost 124.713 + -264.002 = -139.289 over 373 frames.
PL072_108 sil v i r a z i n a i S m i a k O p a J s t v a J s t i n k t u p i r a n sil 
LOG (lattice-best-path[5.5]:main():lattice-best-path.cc:99) For utterance PL084_63, best cost 121.646 + -266.786 = -145.14 over 375 frames.
PL084_63 sil k a b a m a j a m r a ts j a x a tS a S t O m a w O r O m a n t E tS n a sil 
LOG (lattice-best-path[5.5]:main():lattice-best-path.cc:99) For utterance PL097_88, best cost 95.9324 + -238.264 = -142.331 over 394 frames.
PL097_88 sil z m a dZ y z a z a d E d o s w O v a n a m u v i j a n sil 
LOG (lattice-best-path[5.5]:main():lattice-best-path.cc:99) For utterance PL012_26, best cost 81.9489 + -233.566 = -151.617 over 406 frames.
PL012_26 sil t z a n i m i p o d o m a s t a m p n i sil t sil 
LOG (lattice-best-path[5.5]:main():lattice-best-path.cc:99) For utterance PL030_65, best cost 59.5162 + -228.75 = -169.234 over 413 frames.
PL030_65 sil t o o t k r i tS E k a r t o sil 
LOG (lattice-best-path[5.5]:main():lattice-best-path.cc:99) For utterance PL036_93, best cost 142.854 + -303.263 = -160.408 over 413 frames.
PL036_93 sil p S E d n i E v k a S t E m p r a ts l i p o p i E_~ dz_j E ts_j O_~ t f u tS E n a rZ 1 S E sil 
LOG (lattice-best-path[5.5]:main():lattice-best-path.cc:99) For utterance PL030_49, best cost 105.959 + -278.564 = -172.605 over 419 frames.
PL030_49 sil p O v i j u d u m i n s t a v a tS E d o d r u g i t u r 1 sil 
LOG (lattice-best-path[5.5]:main():lattice-best-path.cc:99) For utterance PL046_11, best cost 113.566 + -285.904 = -172.339 over 419 frames.
PL046_11 sil n a sil a n a l i z a r a p a r t o o r a S t a r O v z u j E n sil 
LOG (lattice-best-path[5.5]:main():lattice-best-path.cc:99) For utterance PL097_41, best cost 102.385 + -264.93 = -162.546 over 431 frames.
PL097_41 sil z a n i m a w E p i l O_~ z a v p E m i E_~ ts_j O_~ t o d a j E sil 
LOG (lattice-best-path[5.5]:main():lattice-best-path.cc:99) For utterance PL012_50, best cost 142.356 + -298.038 = -155.682 over 450 frames.
PL012_50 sil j o s v O v a t o s o g n i p O t a k t O v a l n a r a rZ 1 p i n dZ u p O s u v sil 
LOG (lattice-best-path[5.5]:main():lattice-best-path.cc:99) For utterance PL038_64, best cost 134.528 + -310.789 = -176.261 over 450 frames.
PL038_64 sil s t E g O ts O v i a m sil n a r O dz_j E n a n tS E S k a n i n i a ts O l i tS 1 ts_j sil 
LOG (lattice-best-path[5.5]:main():lattice-best-path.cc:99) For utterance PL097_82, best cost 127.222 + -308.642 = -181.42 over 450 frames.
PL097_82 sil v E l a b a ts a v a v t E u p S E tS 1 k u j E x o g o v o d E j a n sil 
LOG (lattice-best-path[5.5]:main():lattice-best-path.cc:99) For utterance PL084_95, best cost 125.028 + -332.787 = -207.759 over 456 frames.
PL084_95 sil v tS E j u S g rZ a j O_~ S_j i n i k i k O p a r E k i s p a h a tS 1 sil 
LOG (lattice-best-path[5.5]:main():lattice-best-path.cc:99) For utterance PL039_101, best cost 201.643 + -370.963 = -169.32 over 463 frames.
PL039_101 sil p i n S 1 S_j ts_j i p S 1 p a t k u f i E d n a k o S E k f E n S u n a g a n i n a k i s k O m i E v i ts_j O_~ d n i E n t o sil 
LOG (lattice-best-path[5.5]:main():lattice-best-path.cc:99) For utterance PL072_97, best cost 166.618 + -339.197 = -172.579 over 469 frames.
PL072_97 sil v i S i t a m i S a p O v i E dz_j E S_j i o n a ts_j i S t r 1 ts_j v E n O f a j tS a m r E k a n o v sil 
LOG (lattice-best-path[5.5]:main():lattice-best-path.cc:99) For utterance PL084_13, best cost 151.603 + -347.374 = -195.771 over 475 frames.
PL084_13 sil t k ts O b 1 tS t a k s a m a s l a v n i a k i x p O p S E d n i O p i k o n O v E sil 
LOG (lattice-best-path[5.5]:main():lattice-best-path.cc:99) For utterance PL090_41, best cost 87.8144 + -285.699 = -197.884 over 475 frames.
PL090_41 sil p S E m b e u z v i O_~ z a k s a v i E ts k i sil 
LOG (lattice-best-path[5.5]:main():lattice-best-path.cc:99) For utterance PL072_92, best cost 195.099 + -359.256 = -164.157 over 481 frames.
PL072_92 sil v O n b 1 b E n o v\ a r m a t E p i S E f a dZ i m a j n o i r a k u rZ n i d O d o n o g o s f i n i O_~ ts a t sil 
LOG (lattice-best-path[5.5]:main():lattice-best-path.cc:99) For utterance PL037_10, best cost 197.385 + -380.022 = -182.637 over 500 frames.
PL037_10 sil s u rZ O_~ b E s p o t n o r a d u i p O m o t u n k a S t E m u k t o s t o s u j u v E r o: m 1 x i r i n d v 1 sil 
LOG (lattice-best-path[5.5]:main():lattice-best-path.cc:99) For utterance PL037_28, best cost 201.434 + -401.043 = -199.61 over 500 frames.
PL037_28 sil s E rZ O_~ t f i r m E p o d u d E ts i z i o u r u x O m i n f t E n k r a j u f a p r E k i s v a i f 9 r O r sil 
LOG (lattice-best-path[5.5]:main():lattice-best-path.cc:99) For utterance PL037_85, best cost 187.181 + -396.457 = -209.276 over 500 frames.
PL037_85 sil s o: n t a l n i n i ya t o r O v E u s k O k i s a p O rZ a j O_~ ts E k O t k O m p i r f o t i p O v i E S k sil 
LOG (lattice-best-path[5.5]:main():lattice-best-path.cc:99) For utterance PL077_22, best cost 199.197 + -388.587 = -189.39 over 500 frames.
PL077_22 sil b u d O v a l a p O t f O tS u k O p i E_~ ts_j u l a t i p O x O n i tS E s v a v S 1 dz_j E S_j i l j O_~ v t o l a r u v sil 
LOG (lattice-best-path[5.5]:main():lattice-best-path.cc:99) For utterance PL090_73, best cost 133.077 + -356.05 = -222.973 over 513 frames.
PL090_73 sil v v i E n k S a S tS E k r a j u v k o r o p ts j a p S E n i k a z d o sil 
LOG (lattice-best-path[5.5]:main():lattice-best-path.cc:99) For utterance PL040_3, best cost 216.082 + -414.796 = -198.713 over 525 frames.
PL040_3 sil j a v n a b E n o d O p i r O t a S_j v a tS E n i a t u r s a m O rZ O_~ d O v ts 1 z u 4 u n a p o t o n k u S v a g O r O k u sil 
LOG (lattice-best-path[5.5]:main():lattice-best-path.cc:99) For utterance PL041_11, best cost 158.101 + -375.585 = -217.483 over 531 frames.
PL041_11 sil m O rZ 1 b a ts_j d o n a d r a k t O r d a n o t a b l a n d a s z v i l i d a ts j u S a sil 
LOG (lattice-best-path[5.5]:main():lattice-best-path.cc:99) For utterance PL030_47, best cost 89.643 + -285.571 = -195.928 over 538 frames.
PL030_47 sil j a k m O rZ n a z a k p i s o b u r O ts u v sil 
LOG (lattice-best-path[5.5]:main():lattice-best-path.cc:99) For utterance PL072_100, best cost 202.223 + -395.719 = -193.497 over 544 frames.
PL072_100 sil p o d r u b i v a n i S a t O v i p l a n t E m p S E s p e S u b u d O v a m o r O p i s a x O n i S t i m i E m i s sil 
LOG (lattice-scale[5.5]:main():lattice-scale.cc:107) Done 259 lattices.
LOG (lattice-add-penalty[5.5]:main():lattice-add-penalty.cc:62) Done adding word insertion penalty to 259 lattices.
LOG (lattice-best-path[5.5]:main():lattice-best-path.cc:99) For utterance PL037_47, best cost 240.547 + -434.421 = -193.874 over 550 frames.
PL037_47 sil t o g o v n i z i n k i n i m k a Z i m i E rZ 1 v i l k i k t u r i z a s t o p o s k o n d r n i a n o v b o s E s t a v i tS i o n u r O v a n sil 
LOG (lattice-best-path[5.5]:main():lattice-best-path.cc:124) Overall cost per frame is -6.46284 = 0.319007 [graph] + -6.78184 [acoustic] over 92870 frames.
LOG (lattice-best-path[5.5]:main():lattice-best-path.cc:128) Done 259 lattices, failed for 0
# Accounting: time=3 threads=1
# Ended (code 0) at Mon Apr 20 22:24:25 BST 2020, elapsed time 3 seconds
