# lattice-scale --inv-acoustic-scale=14 "ark:gunzip -c /home/paul/UPM/pytorch-kaldi/exp/UPM_RNN_mfcc_base_3_layers/decode_PL_only_out_dnn2/lat.*.gz|" ark:- | lattice-add-penalty --word-ins-penalty=0.0 ark:- ark:- | lattice-best-path --word-symbol-table=/home/paul/upm_exp/baseline_mfcc/data/lang/words.txt ark:- ark,t:- | utils/int2sym.pl -f 2- /home/paul/upm_exp/baseline_mfcc/data/lang/words.txt | local/wer_hyp_filter > /home/paul/UPM/pytorch-kaldi/exp/UPM_RNN_mfcc_base_3_layers/decode_PL_only_out_dnn2/scoring_kaldi/penalty_0.0/14.txt 
# Started at Mon Apr 20 22:24:22 BST 2020
#
lattice-best-path --word-symbol-table=/home/paul/upm_exp/baseline_mfcc/data/lang/words.txt ark:- ark,t:- 
lattice-scale --inv-acoustic-scale=14 'ark:gunzip -c /home/paul/UPM/pytorch-kaldi/exp/UPM_RNN_mfcc_base_3_layers/decode_PL_only_out_dnn2/lat.*.gz|' ark:- 
lattice-add-penalty --word-ins-penalty=0.0 ark:- ark:- 
LOG (lattice-best-path[5.5]:main():lattice-best-path.cc:99) For utterance PL072_117, best cost 40.129 + -50.012 = -9.88298 over 175 frames.
PL072_117 sil a t a z n O v E m i sil 
LOG (lattice-best-path[5.5]:main():lattice-best-path.cc:99) For utterance PL084_59, best cost 50.5067 + -73.1996 = -22.6929 over 225 frames.
PL084_59 sil s w a b a t o r o g i k a sil 
LOG (lattice-best-path[5.5]:main():lattice-best-path.cc:99) For utterance PL038_90, best cost 57.8834 + -67.0591 = -9.17569 over 238 frames.
PL038_90 sil v E n ts O s t a t a n k a m a t sil 
LOG (lattice-best-path[5.5]:main():lattice-best-path.cc:99) For utterance PL039_104, best cost 72.1813 + -82.0278 = -9.84653 over 250 frames.
PL039_104 sil m a v a k t o s l a i x n a z v i s k a sil 
LOG (lattice-best-path[5.5]:main():lattice-best-path.cc:99) For utterance PL084_41, best cost 65.4016 + -80.8728 = -15.4711 over 263 frames.
PL084_41 sil p O z a s t a w a t E k O n t a r a s sil 
LOG (lattice-best-path[5.5]:main():lattice-best-path.cc:99) For utterance PL072_15, best cost 91.7766 + -81.9529 = 9.82369 over 275 frames.
PL072_15 sil S E d i s p o n i z a p a tS E_~ ts_j O_~ S tS E s k r a m sil 
LOG (lattice-best-path[5.5]:main():lattice-best-path.cc:99) For utterance PL072_98, best cost 98.6828 + -98.3598 = 0.323051 over 275 frames.
PL072_98 sil tS E s k O z a S k a z e n a t O rZ E t r m O rZ E b 1 ts_j sil 
LOG (lattice-best-path[5.5]:main():lattice-best-path.cc:99) For utterance PL038_5, best cost 46.482 + -74.7971 = -28.315 over 281 frames.
PL038_5 sil j a k p r a ts O v a ts_j sil 
LOG (lattice-best-path[5.5]:main():lattice-best-path.cc:99) For utterance PL036_69, best cost 80.5622 + -99.9906 = -19.4284 over 300 frames.
PL036_69 sil p o l i s u d O S_j E_~ p o s u j b a n d E t sil 
LOG (lattice-best-path[5.5]:main():lattice-best-path.cc:99) For utterance PL036_95, best cost 83.0131 + -94.8363 = -11.8233 over 300 frames.
PL036_95 sil b a r dz O v a rZ n a j s t a n a s M n a k ts E sil 
LOG (lattice-best-path[5.5]:main():lattice-best-path.cc:99) For utterance PL036_91, best cost 85.9435 + -106.773 = -20.8294 over 338 frames.
PL036_91 sil p o s k a n a p O n a n i s a n k a v o s p o k O n sil 
LOG (lattice-best-path[5.5]:main():lattice-best-path.cc:99) For utterance PL039_40, best cost 130.877 + -127.446 = 3.43073 over 356 frames.
PL039_40 sil tS 1 z i n s k o Z a f 9 r o r i k i n a S E m p O v i S u r O S_j ts_j O_~ z a ts_j sil 
LOG (lattice-best-path[5.5]:main():lattice-best-path.cc:99) For utterance PL072_87, best cost 45.4377 + -62.7143 = -17.2766 over 225 frames.
PL072_87 sil s a b a t O l g i k a sil 
LOG (lattice-best-path[5.5]:main():lattice-best-path.cc:99) For utterance PL084_76, best cost 39.2995 + -54.1081 = -14.8086 over 225 frames.
PL084_76 sil tS i t a g rZ E m a sil 
LOG (lattice-best-path[5.5]:main():lattice-best-path.cc:99) For utterance PL039_82, best cost 68.9246 + -80.7271 = -11.8025 over 238 frames.
PL039_82 sil a k O S_j i S k i b u f i S p a n i sil 
LOG (lattice-best-path[5.5]:main():lattice-best-path.cc:99) For utterance PL039_52, best cost 59.2317 + -83.3541 = -24.1224 over 250 frames.
PL039_52 sil t a p o S 1 x n a s E v i S k a sil 
LOG (lattice-best-path[5.5]:main():lattice-best-path.cc:99) For utterance PL036_57, best cost 79.0657 + -95.3131 = -16.2475 over 281 frames.
PL036_57 sil j i tS O S_j i E s k o n s E f E n ts j a m i sil 
LOG (lattice-best-path[5.5]:main():lattice-best-path.cc:99) For utterance PL040_44, best cost 108.019 + -97.9855 = 10.0338 over 281 frames.
PL040_44 sil k a l i p i 4 e n E k f i r dz_j E v i s a f r O z u ts k i sil 
LOG (lattice-best-path[5.5]:main():lattice-best-path.cc:99) For utterance PL036_22, best cost 31.0917 + -47.6967 = -16.6051 over 169 frames.
PL036_22 sil n i z a v S a sil 
LOG (lattice-best-path[5.5]:main():lattice-best-path.cc:99) For utterance PL036_40, best cost 88.1948 + -75.9343 = 12.2606 over 238 frames.
PL036_40 sil g a n a k s a tS m O v t o n a t v a p s a n a sil 
LOG (lattice-best-path[5.5]:main():lattice-best-path.cc:99) For utterance PL084_74, best cost 62.7628 + -78.9554 = -16.1926 over 244 frames.
PL084_74 sil S E s E p O v i n i z a r a b i tS i sil 
LOG (lattice-best-path[5.5]:main():lattice-best-path.cc:99) For utterance PL037_6, best cost 61.1317 + -88.1614 = -27.0296 over 275 frames.
PL037_6 sil a n E z m i E n s t 1 rZ 1 tS n a sil 
LOG (lattice-best-path[5.5]:main():lattice-best-path.cc:99) For utterance PL040_69, best cost 89.1877 + -90.3418 = -1.15407 over 275 frames.
PL040_69 sil j e k o b o s k a s k a rZ O S_j i n a b r Z u x a sil 
LOG (lattice-best-path[5.5]:main():lattice-best-path.cc:99) For utterance PL084_85, best cost 78.3898 + -91.8663 = -13.4765 over 275 frames.
PL084_85 sil t a r a s m O rZ n a d u rZ E z a r a b i tS i sil 
LOG (lattice-best-path[5.5]:main():lattice-best-path.cc:99) For utterance PL072_11, best cost 76.0899 + -85.8393 = -9.74939 over 281 frames.
PL072_11 sil t r a s E s a p r O v a S E n a n i tS m a n a sil 
LOG (lattice-best-path[5.5]:main():lattice-best-path.cc:99) For utterance PL040_51, best cost 88.9444 + -95.7707 = -6.82632 over 288 frames.
PL040_51 sil m o g o t o tS 1 tS E d i n i p r o k u r a t o S E sil 
LOG (lattice-best-path[5.5]:main():lattice-best-path.cc:99) For utterance PL084_6, best cost 83.769 + -106.108 = -22.3391 over 288 frames.
PL084_6 sil b r t a l i z a ts j a s t a j S a f a k t E m sil 
LOG (lattice-best-path[5.5]:main():lattice-best-path.cc:99) For utterance PL038_54, best cost 55.6334 + -78.2821 = -22.6487 over 294 frames.
PL038_54 sil v S E s E o t E m e dZ a l sil 
LOG (lattice-best-path[5.5]:main():lattice-best-path.cc:99) For utterance PL036_37, best cost 110.665 + -109.087 = 1.57845 over 306 frames.
PL036_37 sil v S a t k u z a s a dz_j E v i t n a s l E k i o k r a i n k a sil 
LOG (lattice-best-path[5.5]:main():lattice-best-path.cc:99) For utterance PL036_59, best cost 134.207 + -127.507 = 6.69961 over 331 frames.
PL036_59 sil v ts O b E S E s a m a s v a v n i j a k i x p O p S E n i a p i k o n O v 1 sil 
LOG (lattice-best-path[5.5]:main():lattice-best-path.cc:99) For utterance PL037_60, best cost 124.396 + -115.655 = 8.74081 over 331 frames.
PL037_60 sil s k m i n i u S t a m i t a n i l i tS n i i t r u n t u z n a l i S 
LOG (lattice-best-path[5.5]:main():lattice-best-path.cc:99) For utterance PL040_71, best cost 109.269 + -282588 = -282478 over 338 frames.
PL040_71 sil s t u tS a S E t r E S_j ts_j i t O v O v 1 v a S E d o t S E v i sil 
LOG (lattice-best-path[5.5]:main():lattice-best-path.cc:99) For utterance PL090_65, best cost 93.1662 + -113.562 = -20.3954 over 350 frames.
PL090_65 sil o n i a s t a i p S E p O d O b n a m p r o b r a n sil 
LOG (lattice-best-path[5.5]:main():lattice-best-path.cc:99) For utterance PL039_50, best cost 127.015 + -135.743 = -8.72836 over 363 frames.
PL039_50 sil k a Z d O S_j r O d a k v a ts 1 m O S_j v o i x p S E n a s u v tS u v sil 
LOG (lattice-best-path[5.5]:main():lattice-best-path.cc:99) For utterance PL041_87, best cost 145.193 + -142.847 = 2.3461 over 363 frames.
PL041_87 sil z a p E v n a b E n d a n t a ts E k t u rZ E z a k s o b a d v a rZ E t e d a ts i z E sil 
LOG (lattice-best-path[5.5]:main():lattice-best-path.cc:99) For utterance PL084_98, best cost 99.4465 + -122.803 = -23.3568 over 363 frames.
PL084_98 sil t a m s O_~ p i n i O_~ dz E b a z a n a p O t S a b n a sil 
LOG (lattice-best-path[5.5]:main():lattice-best-path.cc:99) For utterance PL012_7, best cost 98.1401 + -105.83 = -7.68983 over 369 frames.
PL012_7 sil i n a k r a n b a z a d n i n i z a r a v a n O S_j v a tS E sil 
LOG (lattice-best-path[5.5]:main():lattice-best-path.cc:99) For utterance PL038_7, best cost 61.1079 + -96.139 = -35.0311 over 369 frames.
PL038_7 sil t O b E_~ dz_j E m a j p r a n k n a sil 
LOG (lattice-best-path[5.5]:main():lattice-best-path.cc:99) For utterance PL038_81, best cost 61.2151 + -95.491 = -34.276 over 375 frames.
PL038_81 sil b a d a n i s n i v E k a z a v a sil 
LOG (lattice-best-path[5.5]:main():lattice-best-path.cc:99) For utterance PL012_28, best cost 114.226 + -135.574 = -21.3474 over 381 frames.
PL012_28 sil v tS O r E s a m o b r O n o p o S u j E rZ 1 m i x a l s k i sil 
LOG (lattice-best-path[5.5]:main():lattice-best-path.cc:99) For utterance PL040_56, best cost 137.951 + -142.796 = -4.84494 over 413 frames.
PL040_56 sil a p o t u p S E s a v E l i n i k i n s p E ts i S E n s a j O_~ ts O n a k t u r u sil 
LOG (lattice-best-path[5.5]:main():lattice-best-path.cc:99) For utterance PL041_16, best cost 173.455 + -157.496 = 15.9597 over 413 frames.
PL041_16 sil a b a s o v a t a u rZ O_~ d a j O_~ ts E g O d i t a m i s a z a r a z a p O t v i E z a n i v p r a k t a ts E sil 
LOG (lattice-best-path[5.5]:main():lattice-best-path.cc:99) For utterance PL030_48, best cost 87.902 + -129.931 = -42.0289 over 419 frames.
PL030_48 sil t o n i o t p O v i dZ a l E i n i ya t 1 tS n a sil 
LOG (lattice-best-path[5.5]:main():lattice-best-path.cc:99) For utterance PL077_28, best cost 168.078 + -146.511 = 21.5672 over 425 frames.
PL077_28 sil f E k s E t i tS 1 s E k O k o d v i S 1 ts_j O_~ ts O s u s o s o: m o d O v a n h a b u z a g i n o sil 
LOG (lattice-best-path[5.5]:main():lattice-best-path.cc:99) For utterance PL072_26, best cost 132.957 + -130.181 = 2.77618 over 438 frames.
PL072_26 sil j S_j i s p O d O v a m O S_j i m i S E m O rZ E g O p o s t a l s a ts a l s E z a sil 
LOG (lattice-best-path[5.5]:main():lattice-best-path.cc:99) For utterance PL090_51, best cost 124.145 + -158.589 = -34.4437 over 438 frames.
PL090_51 sil j a k i s p o s o k t f O rZ O n a j e s t o: n i a w O r O p a i s k a sil 
LOG (lattice-best-path[5.5]:main():lattice-best-path.cc:99) For utterance PL012_9, best cost 135.172 + -154.409 = -19.237 over 450 frames.
PL012_9 sil d m i t i r o g O z i n d O r a ts a p r a z a n t a v a d i m i r a p o t i n a sil 
LOG (lattice-best-path[5.5]:main():lattice-best-path.cc:99) For utterance PL039_42, best cost 145.518 + -158.278 = -12.7602 over 450 frames.
PL039_42 sil v r a S t o n i tS O n a t u rZ E n O v E b o r i: s m i n s k o S E m a n a n E p S E sil 
LOG (lattice-best-path[5.5]:main():lattice-best-path.cc:99) For utterance PL036_4, best cost 135.23 + -156.776 = -21.5457 over 463 frames.
PL036_4 sil p O d a m s p o s t u m a tS i s t o t u S E f O v 1 v s p o tS n i p o l i ts i sil 
LOG (lattice-best-path[5.5]:main():lattice-best-path.cc:99) For utterance PL041_100, best cost 154.479 + -163.459 = -8.9807 over 488 frames.
PL041_100 sil v n i o s a k t a v a b a ts E s o: m i n i b a p S 1 tS m o g i o t E m p a m i n t a ts_j sil 
LOG (lattice-best-path[5.5]:main():lattice-best-path.cc:99) For utterance PL072_44, best cost 137.725 + -155.607 = -17.882 over 488 frames.
PL072_44 sil n a p i S E n i f r a n t u v a t o d_z\ u s E t o v a n o b i r O s u k i n t a sil 
LOG (lattice-best-path[5.5]:main():lattice-best-path.cc:99) For utterance PL038_66, best cost 136.449 + -165.886 = -29.4377 over 513 frames.
PL038_66 sil r O dz_j E n a i m a rZ a m O v i l a rZ E t r u n O S_j ts_j O_~ z n o d O g a b 1 ts_j sil 
LOG (lattice-best-path[5.5]:main():lattice-best-path.cc:99) For utterance PL040_85, best cost 215.211 + -188.389 = 26.8228 over 513 frames.
PL040_85 sil n a r a dZ e b a k r a t o r a p o tS i v a k s u m O v a dZ o k i t f 9 r g a n o r o t k i z m a r u v 1 b i g u m i ts_j O_~ ts u sil 
LOG (lattice-best-path[5.5]:main():lattice-best-path.cc:99) For utterance PL038_63, best cost 128.786 + -158.427 = -29.6411 over 519 frames.
PL038_63 sil p O rZ E s p O v o d O m a rZ a k t o r u b i z a g a n d a d a k i l i S k a sil 
LOG (lattice-best-path[5.5]:main():lattice-best-path.cc:99) For utterance PL063_87, best cost 151.971 + -178.513 = -26.5419 over 519 frames.
PL063_87 sil d a S E l E l i s t i m a z m a l E S_j E_~ p r a z d a n t a l E x a n d a d u k a S E n k a sil 
LOG (lattice-best-path[5.5]:main():lattice-best-path.cc:99) For utterance PL036_38, best cost 80.7926 + -85.1855 = -4.39283 over 206 frames.
PL036_38 sil z a tS a j p S E S k i v a tS n i S k a n i E sil 
LOG (lattice-best-path[5.5]:main():lattice-best-path.cc:99) For utterance PL072_89, best cost 84.5094 + -72.9882 = 11.5212 over 213 frames.
PL072_89 sil rZ 1 ts_j rZ a t k u z a 4 a S a s t a m e d a a sil 
LOG (lattice-best-path[5.5]:main():lattice-best-path.cc:99) For utterance PL039_41, best cost 61.7977 + -76.711 = -14.9133 over 219 frames.
PL039_41 sil t O v O_~ p i v E p o s t o l a t sil 
LOG (lattice-best-path[5.5]:main():lattice-best-path.cc:99) For utterance PL036_42, best cost 96.2214 + -84.8158 = 11.4056 over 225 frames.
PL036_42 sil j e d n a s k o l t r f l a v s o: f i n d v i E S a sil 
LOG (lattice-best-path[5.5]:main():lattice-best-path.cc:99) For utterance PL072_69, best cost 65.0347 + -69.5778 = -4.54308 over 244 frames.
PL072_69 sil k O z a s t a w a t y k o n t r E s sil 
LOG (lattice-best-path[5.5]:main():lattice-best-path.cc:99) For utterance PL030_28, best cost 54.8223 + -73.2521 = -18.4298 over 269 frames.
PL030_28 sil r a d E n i o t x O dz O_~ sil 
LOG (lattice-best-path[5.5]:main():lattice-best-path.cc:99) For utterance PL036_29, best cost 99.6547 + -102.444 = -2.78965 over 275 frames.
PL036_29 sil t E m r a z a m tS E S k o r a j u sil p o j ts j a n t a sil 
LOG (lattice-best-path[5.5]:main():lattice-best-path.cc:99) For utterance PL036_97, best cost 49.1842 + -49.4587 = -0.274502 over 175 frames.
PL036_97 sil o n S i s p r a v dz_j i sil 
LOG (lattice-best-path[5.5]:main():lattice-best-path.cc:99) For utterance PL072_24, best cost 69.3942 + -63.0765 = 6.3177 over 194 frames.
PL072_24 sil 9 z a b a n a t a S k O f r g O S_j ts_j sil 
LOG (lattice-best-path[5.5]:main():lattice-best-path.cc:99) For utterance PL041_7, best cost 80.7815 + -81.4501 = -0.668579 over 219 frames.
PL041_7 sil p O s a v i n s t v i S k a w O v a S a b 
LOG (lattice-best-path[5.5]:main():lattice-best-path.cc:99) For utterance PL072_102, best cost 62.9719 + -73.2906 = -10.3187 over 225 frames.
PL072_102 sil tS E s i p O v i n i z a r a m i ts_j sil 
LOG (lattice-best-path[5.5]:main():lattice-best-path.cc:99) For utterance PL036_56, best cost 57.0646 + -70.4072 = -13.3426 over 244 frames.
PL036_56 sil s u S 1 k o j d a b rZ 1 ts_j sil 
LOG (lattice-best-path[5.5]:main():lattice-best-path.cc:99) For utterance PL038_21, best cost 64.4715 + -86.1488 = -21.6774 over 256 frames.
PL038_21 sil p r a t o tS E dz_j E t y S 1 tS a w a sil 
LOG (lattice-best-path[5.5]:main():lattice-best-path.cc:99) For utterance PL039_105, best cost 89.8725 + -84.5761 = 5.29642 over 256 frames.
PL039_105 sil tS 1 v a r t o tS a s O_~ rZ a v a ts_j ts_j E r a S a sil 
LOG (lattice-best-path[5.5]:main():lattice-best-path.cc:99) For utterance PL039_38, best cost 65.0438 + -76.8795 = -11.8357 over 256 frames.
PL039_38 sil a l t o r t E t 1 S_j i E v a n i u sil 
LOG (lattice-best-path[5.5]:main():lattice-best-path.cc:99) For utterance PL038_4, best cost 35.8801 + -73.3713 = -37.4912 over 294 frames.
PL038_4 sil j a k t u rZ 1 ts_j sil 
LOG (lattice-best-path[5.5]:main():lattice-best-path.cc:99) For utterance PL041_41, best cost 118.018 + -100.862 = 17.1564 over 294 frames.
PL041_41 sil p S a S a j v r O v a s o: n i a t n i m i E s p S E s t a m s t a m sil 
LOG (lattice-best-path[5.5]:main():lattice-best-path.cc:99) For utterance PL072_126, best cost 102.165 + -106.465 = -4.30004 over 294 frames.
PL072_126 sil p S E g a k i tS n a g a n i s t a m i p S E k a t m i r a k u sil 
LOG (lattice-best-path[5.5]:main():lattice-best-path.cc:99) For utterance PL046_93, best cost 84.3008 + -111.321 = -27.02 over 306 frames.
PL046_93 sil z d a n i a n a t E n t E m a ts a m p O dz_j E l a n sil 
LOG (lattice-best-path[5.5]:main():lattice-best-path.cc:99) For utterance PL084_20, best cost 87.6311 + -108.058 = -20.427 over 306 frames.
PL084_20 sil r a f l a k s E p S 1 x O dz_j E p O v S E s t k i sil 
LOG (lattice-best-path[5.5]:main():lattice-best-path.cc:99) For utterance PL040_73, best cost 112.216 + -122.076 = -9.85954 over 325 frames.
PL040_73 sil k O b i t a n i z g i O S_j i n o p a r a ts i v a d u r O v i tS E sil 
LOG (lattice-best-path[5.5]:main():lattice-best-path.cc:99) For utterance PL036_32, best cost 118.756 + -117.341 = 1.41418 over 331 frames.
PL036_32 sil z a n g a rZ E v a n a b r E g a n u a n t a t a rZ O l s t o tS n o sil 
LOG (lattice-best-path[5.5]:main():lattice-best-path.cc:99) For utterance PL077_8, best cost 107.793 + -115.385 = -7.59212 over 381 frames.
PL077_8 sil n a s n a rZ 1 ts O n i p i E_~ dz 1 b o t o n i s t r s M l i sil 
LOG (lattice-best-path[5.5]:main():lattice-best-path.cc:99) For utterance PL030_11, best cost 88.5898 + -123.348 = -34.7579 over 400 frames.
PL030_11 sil n a v E t 1 v r O dz_j i n a j u tS i p r E m i r a sil 
LOG (lattice-best-path[5.5]:main():lattice-best-path.cc:99) For utterance PL030_87, best cost 79.1015 + -107.974 = -28.8723 over 400 frames.
PL030_87 sil t o n O v o k o n f i k t 1 t i r a dZ i sil 
LOG (lattice-best-path[5.5]:main():lattice-best-path.cc:99) For utterance PL084_70, best cost 104.552 + -132.75 = -28.1982 over 406 frames.
PL084_70 sil S E s k O z a S k a z E n a t O rZ E t a k m a rZ E b E ts_j sil 
LOG (lattice-best-path[5.5]:main():lattice-best-path.cc:99) For utterance PL036_18, best cost 131.866 + -155.372 = -23.5063 over 413 frames.
PL036_18 sil v l a n d a n a t O rZ E d O v a dz O_~ ts a ts O n i d a ts i n i p r a k s a r O v sil 
LOG (lattice-best-path[5.5]:main():lattice-best-path.cc:99) For utterance PL039_107, best cost 139.965 + -149.632 = -9.66628 over 413 frames.
PL039_107 sil p S 1 tS E S E n dZ e k a S t E z n a s u p o ya t a z a t o t u k e d E S_j r A: j u sil 
LOG (lattice-best-path[5.5]:main():lattice-best-path.cc:99) For utterance PL039_32, best cost 154.713 + -145.416 = 9.29672 over 413 frames.
PL039_32 sil v S 1 ts_j O_~ s t o s t i m i l u tS n i k t u rZ 1 v O v tS a s p O S_j E d a l j a t O r E t a t sil 
LOG (lattice-best-path[5.5]:main():lattice-best-path.cc:99) For utterance PL038_17, best cost 84.365 + -124.724 = -40.3586 over 438 frames.
PL038_17 sil z a j o S E o d O m O v n o p r O b o t o sil 
LOG (lattice-best-path[5.5]:main():lattice-best-path.cc:99) For utterance PL040_65, best cost 142.776 + -158.659 = -15.8835 over 438 frames.
PL040_65 sil j E n a d a t 1 tS 1 S_j m i 4 J\ e ts k a d u J\ e b E d u S t o ts E l a k a r s k i sil 
LOG (lattice-best-path[5.5]:main():lattice-best-path.cc:99) For utterance PL040_79, best cost 166.295 + -167.847 = -1.55142 over 444 frames.
PL040_79 sil i s t e: n a m a r t u rZ E v r a S tS E m o g O m u v i z b E z o b a f O g O S_j v a k a p i s k a sil 
LOG (lattice-best-path[5.5]:main():lattice-best-path.cc:99) For utterance PL030_58, best cost 56.8771 + -116.973 = -60.0957 over 463 frames.
PL030_58 sil s a k r a t a S O v r a ts a sil 
LOG (lattice-best-path[5.5]:main():lattice-best-path.cc:99) For utterance PL040_80, best cost 118.839 + -148.001 = -29.1628 over 463 frames.
PL040_80 sil i m O v i k a j y z n a j a t a g o d o t u n o t k i S k i t a n i sil 
LOG (lattice-best-path[5.5]:main():lattice-best-path.cc:99) For utterance PL041_61, best cost 171.078 + -174.61 = -3.53178 over 475 frames.
PL041_61 sil p O k a z u rZ 1 ts i m a t r E u v O v i S E m a ts E n a rZ E z a ts_j v i r m i s u p r a m i: N A: m i sil 
LOG (lattice-best-path[5.5]:main():lattice-best-path.cc:99) For utterance PL090_47, best cost 100.369 + -152.422 = -52.0531 over 475 frames.
PL090_47 sil j a k i E s t O rZ O_~ dz O m a u n i a u r O p a i s k a sil 
LOG (lattice-best-path[5.5]:main():lattice-best-path.cc:99) For utterance PL097_20, best cost 118.207 + -131.474 = -13.2671 over 475 frames.
PL097_20 sil i s t a k e g O S_j i E s t a w a 9 z a b E_~ rZ a rZ E b i o n k i n sil 
LOG (lattice-best-path[5.5]:main():lattice-best-path.cc:99) For utterance PL040_87, best cost 79.6287 + -135.228 = -55.5988 over 488 frames.
PL040_87 sil b u b E t a k o r o n E d o v s p r a v i E sil 
LOG (lattice-best-path[5.5]:main():lattice-best-path.cc:99) For utterance PL046_35, best cost 63.0983 + -123.039 = -59.9406 over 488 frames.
PL046_35 sil p a l E ts n a p r a z a d a n t a sil 
LOG (lattice-best-path[5.5]:main():lattice-best-path.cc:99) For utterance PL038_3, best cost 84.0239 + -138.973 = -54.9489 over 494 frames.
PL038_3 sil d a k a n s a rZ 1 tS a z a p o n o t E g O d n a sil 
LOG (lattice-best-path[5.5]:main():lattice-best-path.cc:99) For utterance PL040_41, best cost 160.553 + -170.607 = -10.0541 over 494 frames.
PL040_41 sil j e dZ a i t a S p o s t a n O v i E rZ E n i b E n i S E n i m i k i r O v o p O rZ O_~ b a r t a sil 
LOG (lattice-best-path[5.5]:main():lattice-best-path.cc:99) For utterance PL041_27, best cost 235.234 + -197.674 = 37.5601 over 500 frames.
PL041_27 sil a ts a tS i a l a r m O v a l i b r a tS E rZ E n a l j S_j ts_j u m e S tS E m a v i r a l a k O v p S E s a rZ a w a k r dz_j E S_j i u S E m i p O d a sil 
LOG (lattice-best-path[5.5]:main():lattice-best-path.cc:99) For utterance PL072_101, best cost 197.205 + -169.096 = 28.1096 over 506 frames.
PL072_101 sil v a k o b E_~ dz_j E w a ts i b u z a S tS E n i p O n i b i v i a k i a k r E s i d u rZ 1 p o t E S a n i b a ts O g a t sil 
LOG (lattice-best-path[5.5]:main():lattice-best-path.cc:99) For utterance PL038_77, best cost 103.741 + -142.782 = -39.0414 over 513 frames.
PL038_77 sil m a w a j a k o S O b s a s i o n a p o tS E z d r o r a sil 
LOG (lattice-best-path[5.5]:main():lattice-best-path.cc:99) For utterance PL036_44, best cost 160.137 + -178.863 = -18.726 over 519 frames.
PL036_44 sil v S tS E s u tS t r l a t i v O v k a s k i n o n a m i s E p O ts j a t a m i tS i n s t a v a sil 
LOG (lattice-best-path[5.5]:main():lattice-best-path.cc:99) For utterance PL041_88, best cost 208.648 + -207.273 = 1.37561 over 544 frames.
PL041_88 sil f E d a p O z a s t a n i i m i n d i d u w a n a d v a n i S a b a s a m O rZ O n a v a g O k O l a g i m a t v A: v tS a g a sil 
LOG (lattice-best-path[5.5]:main():lattice-best-path.cc:99) For utterance PL038_89, best cost 125.135 + -162.565 = -37.4301 over 550 frames.
PL038_89 sil j e t O r i a j s t a k a tS E s w a v a m i o p r o b l a m a s o b u sil 
LOG (lattice-best-path[5.5]:main():lattice-best-path.cc:99) For utterance PL039_92, best cost 200.734 + -188.321 = 12.4134 over 556 frames.
PL039_92 sil n a tS E_~ dz_j E S_j ts_j i S a n 1 x p r a v 1 dz_j E s t O S_j i t 1 ts_j O_~ ts 1 S_j p i n a r O d u j u S tS E_~ ts_j E p o s t a p O v a n i ya sil 
LOG (lattice-best-path[5.5]:main():lattice-best-path.cc:99) For utterance PL040_45, best cost 172.804 + -194.881 = -22.0768 over 563 frames.
PL040_45 sil a p i n s n O v a tS v a t u J\ e p o S E g O r O k u p a n O v a n a s u t r g o k u t O v a k a sil 
LOG (lattice-best-path[5.5]:main():lattice-best-path.cc:99) For utterance PL063_8, best cost 183.252 + -190.718 = -7.46678 over 569 frames.
PL063_8 sil s t r a k o j O r u j u v o S E Z i k a rZ E v O b r o n i p r u r a l i z b o b a d e: r E t o n i tS n a sil 
LOG (lattice-best-path[5.5]:main():lattice-best-path.cc:99) For utterance PL084_34, best cost 182.8 + -206.356 = -23.5563 over 569 frames.
PL084_34 sil a b E n i g i n a l i k O l E n i p O l i ts j a n ts i k O n i tS n a j a s t i S tS E l a p S E r a s p O z n a n i sil 
LOG (lattice-best-path[5.5]:main():lattice-best-path.cc:99) For utterance PL084_27, best cost 192.502 + -207.361 = -14.8581 over 575 frames.
PL084_27 sil v s l a n i n a s m a d a r E n k i b u w a v t o r a n E v a rZ n E S E n t E m a t a n a g O v p O l i ts j a n t o sil 
LOG (lattice-best-path[5.5]:main():lattice-best-path.cc:99) For utterance PL041_67, best cost 200.812 + -213.014 = -12.2026 over 581 frames.
PL041_67 sil n a j O_~ ts E u r a z O v i O_~ rZ 1 ts_j O_~ ts O p O rZ E n a m i s p O v o d O v a n a m i n i o m e: n o t p a l a n i m p a t a t sil 
LOG (lattice-best-path[5.5]:main():lattice-best-path.cc:99) For utterance PL040_23, best cost 208.653 + -220.408 = -11.755 over 594 frames.
PL040_23 sil p i s E p S E s i k o n i k a t u v i n i k a j n d a tS n a p O p a r t i l a s p o n a n E g O k o t E x p S E z v i t O S_j ts_j sil 
LOG (lattice-best-path[5.5]:main():lattice-best-path.cc:99) For utterance PL072_79, best cost 201.019 + -209.509 = -8.48958 over 594 frames.
PL072_79 sil s a d i s k i p i E_~ dz 1 x n a s j O_~ t E rZ O r E z n d a s v a n o s a m b i n a d E n E m i a k a j d o n a tS a v a sil 
LOG (lattice-best-path[5.5]:main():lattice-best-path.cc:99) For utterance PL084_22, best cost 183.53 + -209.758 = -26.2282 over 594 frames.
PL084_22 sil n a t a v n a p S E ts i ya t E S E p o r u S a n i t E m t a S a s t a w a m u v i d a l u S u Z a x i k sil 
LOG (lattice-best-path[5.5]:main():lattice-best-path.cc:99) For utterance PL072_90, best cost 169.729 + -184.536 = -14.8072 over 600 frames.
PL072_90 sil p r m a t i ts i tS E tS a u rZ E p i b i tS E S_j ts_j O v a n M S E t i n i tS n i v a l a n i g o d n a m sil 
LOG (lattice-best-path[5.5]:main():lattice-best-path.cc:99) For utterance PL072_116, best cost 67.0704 + -65.2117 = 1.85871 over 175 frames.
PL072_116 sil t o s o n a k s t a r E p i n i O_~ z a sil 
LOG (lattice-best-path[5.5]:main():lattice-best-path.cc:99) For utterance PL036_41, best cost 55.9572 + -67.4638 = -11.5066 over 200 frames.
PL036_41 sil z O rZ O d a t S E S a v a sil 
LOG (lattice-best-path[5.5]:main():lattice-best-path.cc:99) For utterance PL039_85, best cost 59.6628 + -63.9996 = -4.33679 over 206 frames.
PL039_85 sil n i m i a n s a t E v 1 b o r u sil 
LOG (lattice-best-path[5.5]:main():lattice-best-path.cc:99) For utterance PL039_56, best cost 73.976 + -89.4748 = -15.4988 over 250 frames.
PL039_56 sil t E m h a n i S E z a S k O tS O p a n a sil 
LOG (lattice-best-path[5.5]:main():lattice-best-path.cc:99) For utterance PL072_124, best cost 96.2795 + -93.5311 = 2.74844 over 256 frames.
PL072_124 sil tS E rZ E j O_~ S_j i n i k i k O p a r E k i s p i x a tS E sil 
LOG (lattice-best-path[5.5]:main():lattice-best-path.cc:99) For utterance PL041_102, best cost 86.6977 + -94.9229 = -8.2252 over 269 frames.
PL041_102 sil p S E tS n i m O b i n a n i x n i g o s a v a ts i sil 
LOG (lattice-best-path[5.5]:main():lattice-best-path.cc:99) For utterance PL041_18, best cost 99.5175 + -100.066 = -0.5485 over 281 frames.
PL041_18 sil n a b i S 1 tS a S e n m a S E z i m i s p o t k a ts i sil 
LOG (lattice-best-path[5.5]:main():lattice-best-path.cc:99) For utterance PL084_11, best cost 81.369 + -96.8041 = -15.435 over 288 frames.
PL084_11 sil n i tS a S a s k a n s a n k v E n ts j a v i sil 
LOG (lattice-best-path[5.5]:main():lattice-best-path.cc:99) For utterance PL038_20, best cost 69.208 + -89.1497 = -19.9418 over 294 frames.
PL038_20 sil r a l e b o s k A: r a n a b o s k i x sil 
LOG (lattice-best-path[5.5]:main():lattice-best-path.cc:99) For utterance PL040_17, best cost 74.3812 + -93.9981 = -19.6168 over 300 frames.
PL040_17 sil p i o t r a n a p o: g A: v E m o d i tS E sil 
LOG (lattice-best-path[5.5]:main():lattice-best-path.cc:99) For utterance PL038_62, best cost 84.6344 + -91.9194 = -7.28499 over 306 frames.
PL038_62 sil z a s a n a r a S E l a tS E g a t a z r O b i l a sil 
LOG (lattice-best-path[5.5]:main():lattice-best-path.cc:99) For utterance PL072_82, best cost 91.3193 + -100.096 = -8.77696 over 313 frames.
PL072_82 sil a t E p r a t s p r O g r a s a m i r a k i tS E tS E sil 
LOG (lattice-best-path[5.5]:main():lattice-best-path.cc:99) For utterance PL084_37, best cost 72.4368 + -112.952 = -40.5154 over 325 frames.
PL084_37 sil t a d a u S a ts E v i tS z b i s k a sil 
LOG (lattice-best-path[5.5]:main():lattice-best-path.cc:99) For utterance PL038_45, best cost 90.7228 + -101.231 = -10.5087 over 331 frames.
PL038_45 sil n a m o j tS E k n a b rZ E k z b i S O l a sil 
LOG (lattice-best-path[5.5]:main():lattice-best-path.cc:99) For utterance PL038_52, best cost 80.4171 + -94.7688 = -14.3517 over 338 frames.
PL038_52 sil v E b a n i k n i o p O v i n a t a p E t a n i sil 
LOG (lattice-best-path[5.5]:main():lattice-best-path.cc:99) For utterance PL072_73, best cost 113.006 + -120.99 = -7.98447 over 344 frames.
PL072_73 sil p O z a t E n t o s u j a i k a n a g a ts E v i d E g O m O k i m sil 
LOG (lattice-best-path[5.5]:main():lattice-best-path.cc:99) For utterance PL084_40, best cost 93.3896 + -116.674 = -23.2842 over 350 frames.
PL084_40 sil t a r a s r a m a n t E z a z n i k n o v S a n dZ a sil 
LOG (lattice-best-path[5.5]:main():lattice-best-path.cc:99) For utterance PL012_15, best cost 85.9149 + -107.08 = -21.1652 over 356 frames.
PL012_15 sil n i m a k O n t r O l i n a t E k m i o s o: m a n sil 
LOG (lattice-best-path[5.5]:main():lattice-best-path.cc:99) For utterance PL036_30, best cost 107.536 + -104.499 = 3.03699 over 356 frames.
PL036_30 sil i sil d O b a v 1 z i S E n i n t a k o tS E s a f u s n u sil 
LOG (lattice-best-path[5.5]:main():lattice-best-path.cc:99) For utterance PL039_19, best cost 124.699 + -126.587 = -1.88741 over 369 frames.
PL039_19 sil tS E S_j ts_j p O s u k O m i t E t O b a t a s k i g O z a p r a t o s t O v a sil 
LOG (lattice-best-path[5.5]:main():lattice-best-path.cc:99) For utterance PL039_87, best cost 126.945 + -120.193 = 6.75259 over 369 frames.
PL039_87 sil d E n t E g O n i s r O b i x a b a p r a tS i l s k r a tS i b i n i b u sil 
LOG (lattice-best-path[5.5]:main():lattice-best-path.cc:99) For utterance PL072_8, best cost 164.166 + -147.069 = 17.0975 over 374 frames.
PL072_8 sil s o v a k O f 9 4 t a v a n i m a n s p o n E g O z b i x t r a f i O rZ 1 S_j i a tS 1 z g O d u sil 
LOG (lattice-best-path[5.5]:main():lattice-best-path.cc:99) For utterance PL040_66, best cost 123.5 + -140.455 = -16.9546 over 375 frames.
PL040_66 sil v tS a S E p r o d o l E k a z a s t o s O v a l t E s a s k i tS E_~ ts_j E sil 
LOG (lattice-best-path[5.5]:main():lattice-best-path.cc:99) For utterance PL072_13, best cost 154.725 + -137.026 = 17.6992 over 394 frames.
PL072_13 sil n a s t a k u m O rZ n a p o s t a ts_j d o p O rZ E g O dz_j E tS a n d u S t r a s O_~ S_j i t v a n a sil 
LOG (lattice-best-path[5.5]:main():lattice-best-path.cc:99) For utterance PL038_16, best cost 82.3196 + -107.047 = -24.7274 over 406 frames.
PL038_16 sil z n i x a l i z o tS O v r e n i E rZ E k i sil 
LOG (lattice-best-path[5.5]:main():lattice-best-path.cc:99) For utterance PL036_21, best cost 129.824 + -150.959 = -21.1351 over 419 frames.
PL036_21 sil s a v a m i tS E s O v s k i E rZ E tS i k a m a n t 1 x g o v n i p r i ts i sil 
LOG (lattice-best-path[5.5]:main():lattice-best-path.cc:99) For utterance PL038_49, best cost 96.2198 + -137.05 = -40.8298 over 419 frames.
PL038_49 sil p a n i m a r j a m a o tS 1 tS E v o n a o d u w a s sil 
LOG (lattice-best-path[5.5]:main():lattice-best-path.cc:99) For utterance PL038_74, best cost 90.6848 + -121.941 = -31.2563 over 419 frames.
PL038_74 sil n i m o g w a z n a l E z n s p o n a n E_~ dz E k a sil 
LOG (lattice-best-path[5.5]:main():lattice-best-path.cc:99) For utterance PL084_97, best cost 112.878 + -143.441 = -30.5624 over 419 frames.
PL084_97 sil p S E g a p i S n a v k a n i s t a n i n i p S E g a p i r a k u sil 
LOG (lattice-best-path[5.5]:main():lattice-best-path.cc:99) For utterance PL084_1, best cost 127.868 + -153.06 = -25.1915 over 431 frames.
PL084_1 sil p S E S a k t i p O l i ts j a n t n i s t a n a v E ts_j O_~ t a m o g r o Z i sil 
LOG (lattice-best-path[5.5]:main():lattice-best-path.cc:99) For utterance PL038_80, best cost 56.0038 + -107.182 = -51.1783 over 444 frames.
PL038_80 sil v 1 s v A: n d o l a k a rZ E sil 
LOG (lattice-best-path[5.5]:main():lattice-best-path.cc:99) For utterance PL038_43, best cost 110.872 + -133.888 = -23.0153 over 450 frames.
PL038_43 sil v a l E z u s t E S a l k i p r E l j a g O S_j ts_j O_~ g r O tS w a sil 
LOG (lattice-best-path[5.5]:main():lattice-best-path.cc:99) For utterance PL072_112, best cost 163.851 + -154.79 = 9.06071 over 450 frames.
PL072_112 sil z a r a v E n i g o t a m tS E n a S t o n i E l E g a n s k o p a t a l o g A: r a tS E n i tS n a r m a sil 
LOG (lattice-best-path[5.5]:main():lattice-best-path.cc:99) For utterance PL072_113, best cost 147.737 + -134.098 = 13.6383 over 456 frames.
PL072_113 sil v a s u x a n i S O dz_j a z b r a k a k o s o: m i S E v i o t f a d E n t E r E s i sil 
LOG (lattice-best-path[5.5]:main():lattice-best-path.cc:99) For utterance PL030_82, best cost 99.7581 + -137.697 = -37.9393 over 475 frames.
PL030_82 sil v s a v S 1 m i w 1 m E v i ts O v E p o b l o n d E sil 
LOG (lattice-best-path[5.5]:main():lattice-best-path.cc:99) For utterance PL040_78, best cost 153.339 + -171.516 = -18.1769 over 494 frames.
PL040_78 sil t o s o k p S E s t a j p r O k r a t a p r O v a dz O_~ ts p r O S_j v i tS n o r o t k u v sil 
LOG (lattice-best-path[5.5]:main():lattice-best-path.cc:99) For utterance PL038_31, best cost 87.5885 + -139.905 = -52.3168 over 500 frames.
PL038_31 sil r a l e b o s k i E sil t O ts O S_j i o r u S a sil 
LOG (lattice-best-path[5.5]:main():lattice-best-path.cc:99) For utterance PL038_48, best cost 39.0538 + -41.7521 = -2.69824 over 119 frames.
PL038_48 sil n i o d a w O S_j ts_j O_~ sil 
LOG (lattice-best-path[5.5]:main():lattice-best-path.cc:99) For utterance PL039_20, best cost 29.1448 + -44.5093 = -15.3645 over 156 frames.
PL039_20 sil z a tS a g O sil 
LOG (lattice-best-path[5.5]:main():lattice-best-path.cc:99) For utterance PL072_104, best cost 44.8989 + -54.1174 = -9.21845 over 188 frames.
PL072_104 sil v tS i t a g rZ E m E sil 
LOG (lattice-best-path[5.5]:main():lattice-best-path.cc:99) For utterance PL040_27, best cost 77.6988 + -77.3879 = 0.31089 over 206 frames.
PL040_27 sil t a k f 9 s E z O f a n i n t E r a s u v sil 
LOG (lattice-best-path[5.5]:main():lattice-best-path.cc:99) For utterance PL041_63, best cost 70.9942 + -76.8372 = -5.84292 over 219 frames.
PL041_63 sil b a k a z b a dZ e t v a k i k a m i n t sil 
LOG (lattice-best-path[5.5]:main():lattice-best-path.cc:99) For utterance PL097_104, best cost 27.4249 + -55.8242 = -28.3993 over 231 frames.
PL097_104 sil i s t o p a sil 
LOG (lattice-best-path[5.5]:main():lattice-best-path.cc:99) For utterance PL039_66, best cost 77.6092 + -79.7736 = -2.16438 over 238 frames.
PL039_66 sil j e p a n o tS E n i a p S e k u s t r a ts i sil 
LOG (lattice-best-path[5.5]:main():lattice-best-path.cc:99) For utterance PL072_127, best cost 87.533 + -80.604 = 6.92894 over 238 frames.
PL072_127 sil t a n s o: m p i n i O_~ ts E b a z a n a p O p S E b i sil 
LOG (lattice-best-path[5.5]:main():lattice-best-path.cc:99) For utterance PL072_94, best cost 67.5018 + -73.9106 = -6.40878 over 238 frames.
PL072_94 sil v a r O k i k o t a m u s o n d a n E sil 
LOG (lattice-best-path[5.5]:main():lattice-best-path.cc:99) For utterance PL072_68, best cost 89.1313 + -100.859 = -11.7276 over 275 frames.
PL072_68 sil t r a s r m a n t 1 z n i z n i k n o S E_~ ts_j E sil 
LOG (lattice-best-path[5.5]:main():lattice-best-path.cc:99) For utterance PL063_60, best cost 62.2282 + -94.5156 = -32.2874 over 281 frames.
PL063_60 sil t a k a b 1 w a i E g O f O l a sil 
LOG (lattice-best-path[5.5]:main():lattice-best-path.cc:99) For utterance PL036_36, best cost 98.3297 + -100.815 = -2.48549 over 288 frames.
PL036_36 sil n i k i ya t f 9 r o i p O l s E n dZ i v a rZ 1 dz_j E v i sil 
LOG (lattice-best-path[5.5]:main():lattice-best-path.cc:99) For utterance PL039_106, best cost 38.6683 + -42.9379 = -4.26952 over 113 frames.
PL039_106 sil s p E v n O S_j ts_j O_~ sil 
LOG (lattice-best-path[5.5]:main():lattice-best-path.cc:99) For utterance PL039_28, best cost 19.2442 + -35.4516 = -16.2074 over 125 frames.
PL039_28 sil m a m a sil 
LOG (lattice-best-path[5.5]:main():lattice-best-path.cc:99) For utterance PL037_32, best cost 52.6731 + -55.8264 = -3.15335 over 169 frames.
PL037_32 sil a l E t a r O v 1 m S E s sil 
LOG (lattice-best-path[5.5]:main():lattice-best-path.cc:99) For utterance PL084_88, best cost 42.2155 + -60.9715 = -18.7559 over 194 frames.
PL084_88 sil a ts a z n O v E m i sil 
LOG (lattice-best-path[5.5]:main():lattice-best-path.cc:99) For utterance PL041_57, best cost 55.2795 + -55.5001 = -0.220604 over 200 frames.
PL041_57 sil r u x m a m E n i d e: r k i sil 
LOG (lattice-best-path[5.5]:main():lattice-best-path.cc:99) For utterance PL041_98, best cost 74.4126 + -68.2011 = 6.21152 over 206 frames.
PL041_98 sil k a 4 a p a n a S u j a n a t a b o r s a sil 
LOG (lattice-best-path[5.5]:main():lattice-best-path.cc:99) For utterance PL036_87, best cost 47.588 + -65.01 = -17.4219 over 225 frames.
PL036_87 sil tS 1 ts E S E z m i o sil 
LOG (lattice-best-path[5.5]:main():lattice-best-path.cc:99) For utterance PL039_75, best cost 66.9469 + -80.4695 = -13.5226 over 238 frames.
PL039_75 sil p O tS 1 S_j ts_j E z a p r o t E s k a n a n sil 
LOG (lattice-best-path[5.5]:main():lattice-best-path.cc:99) For utterance PL039_108, best cost 79.3691 + -91.3756 = -12.0065 over 250 frames.
PL039_108 sil p S E d a S E s k i m o r a n i a n i t a l k a sil 
LOG (lattice-best-path[5.5]:main():lattice-best-path.cc:99) For utterance PL040_67, best cost 87.7769 + -98.0808 = -10.3039 over 269 frames.
PL040_67 sil p S o k a z i p S 1 tS e k O v i tS E l j i t a sil 
LOG (lattice-best-path[5.5]:main():lattice-best-path.cc:99) For utterance PL039_4, best cost 90.5899 + -103.855 = -13.2647 over 275 frames.
PL039_4 sil p O r a ts_j i w a n d 1 s t o m p i o d O S_j ts_j O_~ d u sil 
LOG (lattice-best-path[5.5]:main():lattice-best-path.cc:99) For utterance PL041_34, best cost 104.223 + -98.4193 = 5.8035 over 275 frames.
PL041_34 sil i: s E S tS e d a m p r a b l a m t a s a p a tS i z a l a k i sil 
LOG (lattice-best-path[5.5]:main():lattice-best-path.cc:99) For utterance PL090_83, best cost 40.8824 + -74.6337 = -33.7513 over 281 frames.
PL090_83 sil t a n i E p r a v a d a sil 
LOG (lattice-best-path[5.5]:main():lattice-best-path.cc:99) For utterance PL040_68, best cost 69.5278 + -85.63 = -16.1021 over 288 frames.
PL040_68 sil s p r a v o n a j a v i n M S t a l u sil 
LOG (lattice-best-path[5.5]:main():lattice-best-path.cc:99) For utterance PL084_12, best cost 77.8721 + -102.755 = -24.8832 over 300 frames.
PL084_12 sil m a rZ O_~ i E_~ ts_j O_~ k a r i E r b o s u v sil 
LOG (lattice-best-path[5.5]:main():lattice-best-path.cc:99) For utterance PL097_97, best cost 69.5908 + -94.9599 = -25.3691 over 313 frames.
PL097_97 sil i s t o p O b a j k O m a n d o j a n sil 
LOG (lattice-best-path[5.5]:main():lattice-best-path.cc:99) For utterance PL072_52, best cost 112.487 + -124.467 = -11.9809 over 319 frames.
PL072_52 sil p S t o k O v a n i E v E s a k i z a b u d O v i s p r a k t 1 tS n a sil 
LOG (lattice-best-path[5.5]:main():lattice-best-path.cc:99) For utterance PL039_59, best cost 111.024 + -111.656 = -0.631981 over 331 frames.
PL039_59 sil v O dz_j E ts_j O_~ p O z l a j O_~ z a tS n a j u s o: m i S a tS E s u sil 
LOG (lattice-best-path[5.5]:main():lattice-best-path.cc:99) For utterance PL084_7, best cost 92.5013 + -110.624 = -18.1223 over 331 frames.
PL084_7 sil m i s t E r a z b i t E k a n g O s E m u j a n O v a sil 
LOG (lattice-best-path[5.5]:main():lattice-best-path.cc:99) For utterance PL072_125, best cost 149.247 + -128.757 = 20.4896 over 336 frames.
PL072_125 sil f i v E n o t p O v a d a n a t E p E t a n i a rZ 1 b E n i p S 1 ts_j m o r p a S t v i sil 
LOG (lattice-best-path[5.5]:main():lattice-best-path.cc:99) For utterance PL039_45, best cost 110.955 + -115.954 = -4.99887 over 344 frames.
PL039_45 sil v i s E S m a k r a j n k a p i t a l i s u p a n f O v a g o sil 
LOG (lattice-best-path[5.5]:main():lattice-best-path.cc:99) For utterance PL030_25, best cost 72.379 + -116.814 = -44.4347 over 363 frames.
PL030_25 sil v s a rZ O_~ t u m i s k i m p a r t i sil 
LOG (lattice-best-path[5.5]:main():lattice-best-path.cc:99) For utterance PL039_57, best cost 16.5269 + -29.4205 = -12.8936 over 119 frames.
PL039_57 sil n i ya sil 
LOG (lattice-best-path[5.5]:main():lattice-best-path.cc:99) For utterance PL072_114, best cost 75.5732 + -73.0391 = 2.53413 over 188 frames.
PL072_114 sil t r a s n a tS n a d u rZ a z a r O v i ts_j sil 
LOG (lattice-best-path[5.5]:main():lattice-best-path.cc:99) For utterance PL039_83, best cost 58.4654 + -63.6163 = -5.15085 over 194 frames.
PL039_83 sil r s p r a v O d r O tS a n o sil 
LOG (lattice-best-path[5.5]:main():lattice-best-path.cc:99) For utterance PL072_103, best cost 80.9699 + -73.4198 = 7.55003 over 250 frames.
PL072_103 sil n a v i ts i tS i k t u rZ E s o: m r k a n a n sil 
LOG (lattice-best-path[5.5]:main():lattice-best-path.cc:99) For utterance PL072_46, best cost 100.701 + -92.2143 = 8.48624 over 281 frames.
PL072_46 sil a m i x v n i tS n i p S t o n a n i d a v n i r o d e: r E sil 
LOG (lattice-best-path[5.5]:main():lattice-best-path.cc:99) For utterance PL077_5, best cost 106.325 + -102.382 = 3.94317 over 281 frames.
PL077_5 sil n i n s m a j o j a n E p E k a b a f O ts O dz_j i z r O v sil 
LOG (lattice-best-path[5.5]:main():lattice-best-path.cc:99) For utterance PL038_82, best cost 76.6022 + -91.5316 = -14.9294 over 288 frames.
PL038_82 sil a l o n a d a l a j O ts E s p O m i n a w a sil 
LOG (lattice-best-path[5.5]:main():lattice-best-path.cc:99) For utterance PL072_37, best cost 89.9347 + -102.703 = -12.7685 over 294 frames.
PL072_37 sil s a w S_j ts_j p S E k r e d v o s p a d O v E d a x sil 
LOG (lattice-best-path[5.5]:main():lattice-best-path.cc:99) For utterance PL038_47, best cost 66.3103 + -92.8484 = -26.5381 over 300 frames.
PL038_47 sil p o b O v a l i x r a n i m O v a ts_j sil 
LOG (lattice-best-path[5.5]:main():lattice-best-path.cc:99) For utterance PL041_54, best cost 114.149 + -106.083 = 8.06628 over 306 frames.
PL041_54 sil a s t E m e: n a rZ E z a p a l i tS l a n i S E p k O d a l i ts_j O_~ sil 
LOG (lattice-best-path[5.5]:main():lattice-best-path.cc:99) For utterance PL039_95, best cost 92.7965 + -109.819 = -17.0224 over 313 frames.
PL039_95 sil n i s t a t E n i p S E g O t O v a n o i x a l E p i sil 
LOG (lattice-best-path[5.5]:main():lattice-best-path.cc:99) For utterance PL040_94, best cost 103.523 + -124.898 = -21.3745 over 319 frames.
PL040_94 sil p O z a t E m sil j u S p a t a f i s a s k a k o j O_~ ts a sil 
LOG (lattice-best-path[5.5]:main():lattice-best-path.cc:99) For utterance PL040_72, best cost 121.064 + -117.484 = 3.58019 over 331 frames.
PL040_72 sil d o s u d u z a p a J e k O n i S m y z a b i k i r u 4 J\ y tS n a sil 
LOG (lattice-best-path[5.5]:main():lattice-best-path.cc:99) For utterance PL038_96, best cost 74.4093 + -103.76 = -29.3511 over 381 frames.
PL038_96 sil n i n b u m a sil j O_~ s o j O p r a t sil 
LOG (lattice-best-path[5.5]:main():lattice-best-path.cc:99) For utterance PL090_16, best cost 32.585 + -85.3031 = -52.718 over 388 frames.
PL090_16 sil l a tS a g o sil 
LOG (lattice-best-path[5.5]:main():lattice-best-path.cc:99) For utterance PL097_2, best cost 72.495 + -103.721 = -31.2256 over 388 frames.
PL097_2 sil s t a 4 e t a t r n o v a n s a z o r E sil 
LOG (lattice-best-path[5.5]:main():lattice-best-path.cc:99) For utterance PL072_123, best cost 175.102 + -151.492 = 23.6102 over 400 frames.
PL072_123 sil m e S E t n E f i m E b u d O v a n E d u rZ 1 m i S E tS E n i a m i z E f r a t E n t E g r 1 ts_j O_~ t sil 
LOG (lattice-best-path[5.5]:main():lattice-best-path.cc:99) For utterance PL030_17, best cost 88.1675 + -138.054 = -49.8866 over 413 frames.
PL030_17 sil p o s u x s E u n i E v a rZ E j a z j a s t o sil 
LOG (lattice-best-path[5.5]:main():lattice-best-path.cc:99) For utterance PL039_14, best cost 150.024 + -143.946 = 6.07719 over 425 frames.
PL039_14 sil v S e m e a j s t o n o k r a S E p S 1 S_j ts_j a b l a t v a t E rZ 1 p o s p o l i t E sil 
LOG (lattice-best-path[5.5]:main():lattice-best-path.cc:99) For utterance PL039_81, best cost 161.315 + -160.266 = 1.04916 over 425 frames.
PL039_81 sil k a l i S O S_j l a tS u v O v tS a S m u S O S_j E_~ p O r o s m i s p a n a p r s E d E n t a sil 
LOG (lattice-best-path[5.5]:main():lattice-best-path.cc:99) For utterance PL084_10, best cost 114.942 + -141.506 = -26.5634 over 425 frames.
PL084_10 sil k ts O S E t k O i d O rZ E rZ E tS t o j E s t i x a t o s sil 
LOG (lattice-best-path[5.5]:main():lattice-best-path.cc:99) For utterance PL097_77, best cost 107.093 + -128.722 = -21.6287 over 425 frames.
PL097_77 sil t o i t a k S E d a t r u d o tS i n a k a u s p O k a j a n sil 
LOG (lattice-best-path[5.5]:main():lattice-best-path.cc:99) For utterance PL039_62, best cost 166.931 + -162.527 = 4.40421 over 450 frames.
PL039_62 sil v a tS E g a s a d a k a d v a r t a b a j E S_j i E s t r a S i s t E t o t o p a m i tS n a n o d O v E sil 
LOG (lattice-best-path[5.5]:main():lattice-best-path.cc:99) For utterance PL037_29, best cost 170.744 + -164.047 = 6.6971 over 456 frames.
PL037_29 sil S_j n a m i s t r O k a l i s E ts i b r a n a m i s t a w i d u b E n a n i d a l e k O m o s k f E sil 
LOG (lattice-best-path[5.5]:main():lattice-best-path.cc:99) For utterance PL041_29, best cost 168.763 + -178.545 = -9.78258 over 463 frames.
PL041_29 sil j e k i z a t E m i a b a b E ts E s k l a p a ts i n d u v p E d a n a tS a n a i z b a t a k a r s k a sil 
LOG (lattice-best-path[5.5]:main():lattice-best-path.cc:99) For utterance PL077_18, best cost 156.04 + -153.632 = 2.40718 over 463 frames.
PL077_18 sil p r a z a s t a z a p r E z a t O v a n E p o b i tS n a m o b i o ts E S E s M n a v o j u tS E t sil 
LOG (lattice-best-path[5.5]:main():lattice-best-path.cc:99) For utterance PL038_79, best cost 101.133 + -141.102 = -39.9683 over 469 frames.
PL038_79 sil k a z a m i z a rZ 1 v a tS k r O p r o s p O k a j a n s a sil 
LOG (lattice-best-path[5.5]:main():lattice-best-path.cc:99) For utterance PL037_39, best cost 165.739 + -163.439 = 2.29909 over 475 frames.
PL037_39 sil s v i n i E S a n E t a k i z n i S E rZ 1 tS E v i s t i: v a k o n a s t m u v i r o: m a n u i t sil 
LOG (lattice-best-path[5.5]:main():lattice-best-path.cc:99) For utterance PL072_16, best cost 169.226 + -154.834 = 14.392 over 475 frames.
PL072_16 sil s t a ts i z m i n i d a n a tS a rZ E l s a p r E k v a n i p S E z a m i S k a d E r n E g a v r a n sil 
LOG (lattice-best-path[5.5]:main():lattice-best-path.cc:99) For utterance PL012_39, best cost 150.132 + -158.844 = -8.7122 over 481 frames.
PL012_39 sil p r a t f o: m O v a t r s k a p O n o s p a sil tS n i n a r a rZ E n e 4 i p S E s t r a t E sil 
LOG (lattice-best-path[5.5]:main():lattice-best-path.cc:99) For utterance PL038_25, best cost 100.55 + -135.827 = -35.2768 over 481 frames.
PL038_25 sil v ts O tS a S E u z a w rZ E t o j E m a k n i o m a sil 
LOG (lattice-best-path[5.5]:main():lattice-best-path.cc:99) For utterance PL072_4, best cost 153.003 + -167.918 = -14.9147 over 488 frames.
PL072_4 sil t r n a s k a p r a ts a n a s n a p S 1 S_j ts_j u n a t a n a m a S t a p i s p r E d O r O b a k sil 
LOG (lattice-best-path[5.5]:main():lattice-best-path.cc:99) For utterance PL038_44, best cost 63.1553 + -64.2556 = -1.1003 over 206 frames.
PL038_44 sil k O S E s k a t f O s E k O n d a sil 
LOG (lattice-best-path[5.5]:main():lattice-best-path.cc:99) For utterance PL036_74, best cost 61.2473 + -74.1981 = -12.9507 over 219 frames.
PL036_74 sil o d b i t a z a k o d n i k u v sil 
LOG (lattice-best-path[5.5]:main():lattice-best-path.cc:99) For utterance PL036_58, best cost 66.1488 + -81.5844 = -15.4356 over 256 frames.
PL036_58 sil m a rZ O_~ S_j i E k a r i r b a s v sil 
LOG (lattice-best-path[5.5]:main():lattice-best-path.cc:99) For utterance PL072_91, best cost 99.0201 + -98.1914 = 0.828705 over 269 frames.
PL072_91 sil v i b a m a r a ts j u tS E S t o m a u r m a n t 1 tS n a sil 
LOG (lattice-best-path[5.5]:main():lattice-best-path.cc:99) For utterance PL036_43, best cost 77.1036 + -85.7387 = -8.63508 over 275 frames.
PL036_43 sil p O l tS E_~ ts_j E d p O v i dZ i o g i m sil 
LOG (lattice-best-path[5.5]:main():lattice-best-path.cc:99) For utterance PL072_86, best cost 118.448 + -107.418 = 11.0296 over 281 frames.
PL072_86 sil m a dZ e t a d O b r O b E t n i v a n i k v p O v i z a n i k t u rZ E sil 
LOG (lattice-best-path[5.5]:main():lattice-best-path.cc:99) For utterance PL030_24, best cost 21.9501 + -65.8943 = -43.9442 over 288 frames.
PL030_24 sil s k i m sil 
LOG (lattice-best-path[5.5]:main():lattice-best-path.cc:99) For utterance PL036_90, best cost 109.772 + -112.113 = -2.34109 over 300 frames.
PL036_90 sil b 1 ts_j m O rZ E k a m u S p r O v i o t o s a m a p O tS u tS E sil 
LOG (lattice-best-path[5.5]:main():lattice-best-path.cc:99) For utterance PL038_36, best cost 57.1233 + -88.0439 = -30.9207 over 306 frames.
PL038_36 sil r a t o l i k u r a t o n k o sil 
LOG (lattice-best-path[5.5]:main():lattice-best-path.cc:99) For utterance PL040_42, best cost 94.0669 + -99.601 = -5.53411 over 313 frames.
PL040_42 sil S E b a t a k o j a s n a k r O S_j i t f 9 z a m i a r sil 
LOG (lattice-best-path[5.5]:main():lattice-best-path.cc:99) For utterance PL039_3, best cost 100.846 + -115.599 = -14.7538 over 331 frames.
PL039_3 sil z a k o t n i ts_j O_~ v a p o tS i tS m O tS k o d O v a n a sil 
LOG (lattice-best-path[5.5]:main():lattice-best-path.cc:99) For utterance PL097_98, best cost 87.9935 + -110.608 = -22.6143 over 338 frames.
PL097_98 sil d r E f O j a m a d o n a b i S E p u tS i z 1 sil 
LOG (lattice-best-path[5.5]:main():lattice-best-path.cc:99) For utterance PL038_32, best cost 48.0174 + -85.822 = -37.8046 over 350 frames.
PL038_32 sil p o d a S O_~ g l E rZ E sil 
LOG (lattice-best-path[5.5]:main():lattice-best-path.cc:99) For utterance PL097_16, best cost 79.638 + -102.554 = -22.9158 over 350 frames.
PL097_16 sil d a m O v E p r o d n g a r t i: s t 1 tS n a sil 
LOG (lattice-best-path[5.5]:main():lattice-best-path.cc:99) For utterance PL038_24, best cost 72.0816 + -98.6678 = -26.5862 over 356 frames.
PL038_24 sil j a t a tS n i m o g O v t o v E rZ 1 ts_j sil 
LOG (lattice-best-path[5.5]:main():lattice-best-path.cc:99) For utterance PL046_96, best cost 69.7282 + -98.455 = -28.7268 over 356 frames.
PL046_96 sil j a d a b a dZ a s t E p S E p a t k u sil 
LOG (lattice-best-path[5.5]:main():lattice-best-path.cc:99) For utterance PL072_108, best cost 121.391 + -129.16 = -7.7687 over 373 frames.
PL072_108 sil v i r a z i n a i S m E g O p a J s t v a J s t i n k t o p i r a n sil 
LOG (lattice-best-path[5.5]:main():lattice-best-path.cc:99) For utterance PL084_63, best cost 110.208 + -125.718 = -15.5109 over 375 frames.
PL084_63 sil k a b a m a j a m r a ts j a tS E S t a m a u r O m a n t E tS n a sil 
LOG (lattice-best-path[5.5]:main():lattice-best-path.cc:99) For utterance PL097_88, best cost 82.6809 + -108.665 = -25.9837 over 394 frames.
PL097_88 sil z m a dZ y z a d E d o s o v a n a m u j a n sil 
LOG (lattice-best-path[5.5]:main():lattice-best-path.cc:99) For utterance PL012_26, best cost 76.1085 + -112.491 = -36.3824 over 406 frames.
PL012_26 sil t z a n i n i p o d o n a s t a m p i sil t sil 
LOG (lattice-best-path[5.5]:main():lattice-best-path.cc:99) For utterance PL030_65, best cost 56.3764 + -112.64 = -56.2635 over 413 frames.
PL030_65 sil t o o t k r i tS E k a r t sil 
LOG (lattice-best-path[5.5]:main():lattice-best-path.cc:99) For utterance PL036_93, best cost 129.381 + -139.397 = -10.0152 over 413 frames.
PL036_93 sil p S E d E v k a S t E p r a ts i E p o p i E_~ dz_j E ts_j O_~ t f u tS E n a rZ 1 S_j i sil 
LOG (lattice-best-path[5.5]:main():lattice-best-path.cc:99) For utterance PL030_49, best cost 99.9289 + -135.682 = -35.7531 over 419 frames.
PL030_49 sil p O v i l d u m i s t a v a tS E d o t r u g i t u r 1 sil 
LOG (lattice-best-path[5.5]:main():lattice-best-path.cc:99) For utterance PL046_11, best cost 103.347 + -136.344 = -32.9974 over 419 frames.
PL046_11 sil a sil a n a l i z a r a p a r t o r a S t a r O v u j E n sil 
LOG (lattice-best-path[5.5]:main():lattice-best-path.cc:99) For utterance PL097_41, best cost 95.9739 + -128.78 = -32.8061 over 431 frames.
PL097_41 sil z a n i m a w a b i O_~ z a v p E m i E_~ ts_j O_~ t o d a j E sil 
LOG (lattice-best-path[5.5]:main():lattice-best-path.cc:99) For utterance PL012_50, best cost 129.125 + -138.712 = -9.58656 over 450 frames.
PL012_50 sil j o s O v a t o s o n i p o t a k t O v a n a r a rZ E p i n dZ u p O s u v sil 
LOG (lattice-best-path[5.5]:main():lattice-best-path.cc:99) For utterance PL038_64, best cost 126.958 + -150.023 = -23.0654 over 450 frames.
PL038_64 sil s t E g O ts O v i a m sil n a r O dz_j E n a tS E S k a n i a ts O l i tS 1 ts_j sil 
LOG (lattice-best-path[5.5]:main():lattice-best-path.cc:99) For utterance PL097_82, best cost 115.774 + -145.962 = -30.1879 over 450 frames.
PL097_82 sil l a b a ts a v t E u p S E tS 1 k u j E x o g o v o d E j a n sil 
LOG (lattice-best-path[5.5]:main():lattice-best-path.cc:99) For utterance PL084_95, best cost 114.614 + -160.099 = -45.4857 over 456 frames.
PL084_95 sil tS E j u S rZ a j O_~ S_j i n i k i k O p a r E k i s p a h a tS E sil 
LOG (lattice-best-path[5.5]:main():lattice-best-path.cc:99) For utterance PL039_101, best cost 181.209 + -169.877 = 11.3323 over 463 frames.
PL039_101 sil p i n S 1 S_j ts_j i p S E p a t k u f i n a k o s E k v E n S u n a k a n a k i s k O m i E v 1 ts_j O_~ d n i n t a sil 
LOG (lattice-best-path[5.5]:main():lattice-best-path.cc:99) For utterance PL072_97, best cost 143.827 + -154.693 = -10.8661 over 469 frames.
PL072_97 sil v i S i t a m i S a p O v 1 ts_j O_~ n a ts_j t r t v E n O f a dZ a m r E k a n o v sil 
LOG (lattice-best-path[5.5]:main():lattice-best-path.cc:99) For utterance PL084_13, best cost 147.748 + -171.111 = -23.3631 over 475 frames.
PL084_13 sil v ts O b 1 tS t a k s a m a s l a v n i a k i x p O p S E d n i O p i k o n O v E sil 
LOG (lattice-best-path[5.5]:main():lattice-best-path.cc:99) For utterance PL090_41, best cost 85.6212 + -140.809 = -55.1878 over 475 frames.
PL090_41 sil p S E n b a u z v i O_~ z a k s a v i E ts k i sil 
LOG (lattice-best-path[5.5]:main():lattice-best-path.cc:99) For utterance PL072_92, best cost 172.769 + -164.818 = 7.95103 over 481 frames.
PL072_92 sil p O b 1 b E n o r m a t E p i S E f a dZ i m a n o i r a k u tS n i d E g O n o g o s f i n i O_~ ts a sil 
LOG (lattice-best-path[5.5]:main():lattice-best-path.cc:99) For utterance PL037_10, best cost 179.439 + -177.703 = 1.73605 over 500 frames.
PL037_10 sil s u rZ O_~ d E s p o t n o r a d o i p O m o t u k a S t E m u k t o s t v e v E r o: m i x i r n d E sil 
LOG (lattice-best-path[5.5]:main():lattice-best-path.cc:99) For utterance PL037_28, best cost 187.149 + -189.999 = -2.85027 over 500 frames.
PL037_28 sil s E rZ O_~ t f i r m E p o d u d E ts j o u r u x O m i n f t E n k r a j u f a p r k i s v i f 9 r o sil 
LOG (lattice-best-path[5.5]:main():lattice-best-path.cc:99) For utterance PL037_85, best cost 169.316 + -184.957 = -15.6408 over 500 frames.
PL037_85 sil s o: n t a l n i ya t o r O v a u s k O k i s a p O rZ a j O_~ ts k o t k O m p i r o t i p O v i S sil 
LOG (lattice-best-path[5.5]:main():lattice-best-path.cc:99) For utterance PL077_22, best cost 181.982 + -182.755 = -0.773712 over 500 frames.
PL077_22 sil b u d O v a p O t f O tS u k O p i E_~ ts_j u l a t p O x O n i tS E s a v S 1 dz_j E S_j i l j O_~ t o l a r O v sil 
LOG (lattice-best-path[5.5]:main():lattice-best-path.cc:99) For utterance PL090_73, best cost 124.842 + -170.95 = -46.1078 over 513 frames.
PL090_73 sil z v i E n S a S E k r a j u v k o r o p ts j a p S E n i k a z d o sil 
LOG (lattice-best-path[5.5]:main():lattice-best-path.cc:99) For utterance PL040_3, best cost 199.583 + -195.122 = 4.4608 over 525 frames.
PL040_3 sil j a v n a b E n o d O p r O t a S a tS E n i a t o r s a m O rZ O_~ d O v ts E z u 4 u n a p o t o n k u S E g O r O k u sil 
LOG (lattice-best-path[5.5]:main():lattice-best-path.cc:99) For utterance PL041_11, best cost 156.039 + -186.447 = -30.4072 over 531 frames.
PL041_11 sil m O rZ 1 b 1 ts_j d o n a d r a k t o r d a n o t a b l a n d a s z v i l i d a ts j u S a sil 
LOG (lattice-best-path[5.5]:main():lattice-best-path.cc:99) For utterance PL030_47, best cost 84.9387 + -139.645 = -54.7063 over 538 frames.
PL030_47 sil j a k m O rZ n a z a k p i s o b u r s u v sil 
LOG (lattice-best-path[5.5]:main():lattice-best-path.cc:99) For utterance PL072_100, best cost 187.602 + -187.937 = -0.334763 over 544 frames.
PL072_100 sil p o d r b i v a n i S a t O v i p r a n t E p S E s p e S u b u d O v o r O p i s a x O n i s t i m i E m i s sil 
LOG (lattice-scale[5.5]:main():lattice-scale.cc:107) Done 259 lattices.
LOG (lattice-add-penalty[5.5]:main():lattice-add-penalty.cc:62) Done adding word insertion penalty to 259 lattices.
LOG (lattice-best-path[5.5]:main():lattice-best-path.cc:99) For utterance PL037_47, best cost 206.03 + -192.043 = 13.9864 over 550 frames.
PL037_47 sil t o g o n i z i n k i n i n k a Z i m i E Z i l k t r i z a s t o p o s k o n dZ M n i a n o b u s t a v i tS E n o r O v a n sil 
LOG (lattice-best-path[5.5]:main():lattice-best-path.cc:124) Overall cost per frame is -3.07965 = 0.291074 [graph] + -3.37072 [acoustic] over 92870 frames.
LOG (lattice-best-path[5.5]:main():lattice-best-path.cc:128) Done 259 lattices, failed for 0
# Accounting: time=2 threads=1
# Ended (code 0) at Mon Apr 20 22:24:24 BST 2020, elapsed time 2 seconds
