# cat /home/paul/UPM/pytorch-kaldi/exp/UPM_RNN_mfcc_base_5_layers/decode_BG_only_out_dnn2/scoring_kaldi/penalty_0.0/9.txt | align-text --special-symbol='***' ark:/home/paul/UPM/pytorch-kaldi/exp/UPM_RNN_mfcc_base_5_layers/decode_BG_only_out_dnn2/scoring_kaldi/test_filt.txt ark:- ark,t:- | utils/scoring/wer_per_utt_details.pl --special-symbol '***' | tee /home/paul/UPM/pytorch-kaldi/exp/UPM_RNN_mfcc_base_5_layers/decode_BG_only_out_dnn2/scoring_kaldi/wer_details/per_utt | utils/scoring/wer_per_spk_details.pl /home/paul/upm_exp/baseline_mfcc/data/val_BG/utt2spk > /home/paul/UPM/pytorch-kaldi/exp/UPM_RNN_mfcc_base_5_layers/decode_BG_only_out_dnn2/scoring_kaldi/wer_details/per_spk 
# Started at Tue Apr 21 12:12:34 BST 2020
#
align-text '--special-symbol=***' ark:/home/paul/UPM/pytorch-kaldi/exp/UPM_RNN_mfcc_base_5_layers/decode_BG_only_out_dnn2/scoring_kaldi/test_filt.txt ark:- ark,t:- 
WARNING (align-text[5.5]:main():align-text.cc:88) Key BG051_20 is in ark:/home/paul/UPM/pytorch-kaldi/exp/UPM_RNN_mfcc_base_5_layers/decode_BG_only_out_dnn2/scoring_kaldi/test_filt.txt, but not in ark:-
WARNING (align-text[5.5]:main():align-text.cc:88) Key BG051_32 is in ark:/home/paul/UPM/pytorch-kaldi/exp/UPM_RNN_mfcc_base_5_layers/decode_BG_only_out_dnn2/scoring_kaldi/test_filt.txt, but not in ark:-
WARNING (align-text[5.5]:main():align-text.cc:88) Key BG052_50 is in ark:/home/paul/UPM/pytorch-kaldi/exp/UPM_RNN_mfcc_base_5_layers/decode_BG_only_out_dnn2/scoring_kaldi/test_filt.txt, but not in ark:-
WARNING (align-text[5.5]:main():align-text.cc:88) Key BG053_83 is in ark:/home/paul/UPM/pytorch-kaldi/exp/UPM_RNN_mfcc_base_5_layers/decode_BG_only_out_dnn2/scoring_kaldi/test_filt.txt, but not in ark:-
utils/scoring/wer_per_spk_details.pl: Note: handling as utf-8 text
WARNING (align-text[5.5]:main():align-text.cc:88) Key BG055_46 is in ark:/home/paul/UPM/pytorch-kaldi/exp/UPM_RNN_mfcc_base_5_layers/decode_BG_only_out_dnn2/scoring_kaldi/test_filt.txt, but not in ark:-
WARNING (align-text[5.5]:main():align-text.cc:88) Key BG058_27 is in ark:/home/paul/UPM/pytorch-kaldi/exp/UPM_RNN_mfcc_base_5_layers/decode_BG_only_out_dnn2/scoring_kaldi/test_filt.txt, but not in ark:-
WARNING (align-text[5.5]:main():align-text.cc:88) Key BG058_92 is in ark:/home/paul/UPM/pytorch-kaldi/exp/UPM_RNN_mfcc_base_5_layers/decode_BG_only_out_dnn2/scoring_kaldi/test_filt.txt, but not in ark:-
WARNING (align-text[5.5]:main():align-text.cc:88) Key BG090_110 is in ark:/home/paul/UPM/pytorch-kaldi/exp/UPM_RNN_mfcc_base_5_layers/decode_BG_only_out_dnn2/scoring_kaldi/test_filt.txt, but not in ark:-
WARNING (align-text[5.5]:main():align-text.cc:88) Key BG090_35 is in ark:/home/paul/UPM/pytorch-kaldi/exp/UPM_RNN_mfcc_base_5_layers/decode_BG_only_out_dnn2/scoring_kaldi/test_filt.txt, but not in ark:-
WARNING (align-text[5.5]:main():align-text.cc:88) Key BG090_39 is in ark:/home/paul/UPM/pytorch-kaldi/exp/UPM_RNN_mfcc_base_5_layers/decode_BG_only_out_dnn2/scoring_kaldi/test_filt.txt, but not in ark:-
WARNING (align-text[5.5]:main():align-text.cc:88) Key BG090_52 is in ark:/home/paul/UPM/pytorch-kaldi/exp/UPM_RNN_mfcc_base_5_layers/decode_BG_only_out_dnn2/scoring_kaldi/test_filt.txt, but not in ark:-
LOG (align-text[5.5]:main():align-text.cc:135) Done 1060 sentences, failed for 11
utils/scoring/wer_per_utt_details.pl: Note: handling as utf-8 text
utils/scoring/wer_per_spk_details.pl: Note: handling as utf-8 text
# Accounting: time=0 threads=1
# Ended (code 0) at Tue Apr 21 12:12:34 BST 2020, elapsed time 0 seconds
